[0.397s] Invoking command in '/home/lawnbot/ROS2/lawnbot/build/main_controller_interfaces': CMAKE_PREFIX_PATH=${CMAKE_PREFIX_PATH}:/home/lawnbot/ROS2/install/lawnbot_ros2:/home/lawnbot/ROS2/lawnbot/install/main_logic_controller:/home/lawnbot/ROS2/lawnbot/install/custom_explorer:/home/lawnbot/ROS2/src/lawnbot_ros2/install/lawnbot_ros2:/opt/ros/jazzy DEBUGINFOD_URLS=https://debuginfod.ubuntu.com /usr/bin/cmake --build /home/lawnbot/ROS2/lawnbot/build/main_controller_interfaces -- -j4 -l4
[0.579s] [  2%] Built target main_controller_interfaces__rosidl_generator_type_description
[0.605s] [  2%] Built target ament_cmake_python_symlink_main_controller_interfaces
[0.682s] [ 20%] Built target main_controller_interfaces__rosidl_generator_c
[0.690s] [ 22%] Built target main_controller_interfaces__cpp
[0.824s] [ 31%] Built target main_controller_interfaces__rosidl_typesupport_introspection_c
[0.847s] [ 40%] Built target main_controller_interfaces__rosidl_typesupport_fastrtps_c
[0.894s] [ 50%] Built target main_controller_interfaces__rosidl_typesupport_c
[1.018s] [ 59%] Built target main_controller_interfaces__rosidl_typesupport_fastrtps_cpp
[1.036s] [ 68%] Built target main_controller_interfaces__rosidl_typesupport_introspection_cpp
[1.046s] [ 77%] Built target main_controller_interfaces__rosidl_typesupport_cpp
[1.136s] [ 77%] Built target main_controller_interfaces
[1.225s] running egg_info
[1.237s] [ 79%] Built target main_controller_interfaces__py
[1.265s] writing main_controller_interfaces.egg-info/PKG-INFO
[1.267s] writing dependency_links to main_controller_interfaces.egg-info/dependency_links.txt
[1.268s] writing top-level names to main_controller_interfaces.egg-info/top_level.txt
[1.331s] [ 86%] Built target main_controller_interfaces__rosidl_generator_py
[1.393s] reading manifest file 'main_controller_interfaces.egg-info/SOURCES.txt'
[1.395s] writing manifest file 'main_controller_interfaces.egg-info/SOURCES.txt'
[1.469s] [ 90%] Built target main_controller_interfaces_s__rosidl_typesupport_fastrtps_c
[1.486s] [ 95%] Built target main_controller_interfaces_s__rosidl_typesupport_introspection_c
[1.489s] [100%] Built target main_controller_interfaces_s__rosidl_typesupport_c
[1.541s] [100%] Built target ament_cmake_python_build_main_controller_interfaces_egg
[1.574s] Invoked command in '/home/lawnbot/ROS2/lawnbot/build/main_controller_interfaces' returned '0': CMAKE_PREFIX_PATH=${CMAKE_PREFIX_PATH}:/home/lawnbot/ROS2/install/lawnbot_ros2:/home/lawnbot/ROS2/lawnbot/install/main_logic_controller:/home/lawnbot/ROS2/lawnbot/install/custom_explorer:/home/lawnbot/ROS2/src/lawnbot_ros2/install/lawnbot_ros2:/opt/ros/jazzy DEBUGINFOD_URLS=https://debuginfod.ubuntu.com /usr/bin/cmake --build /home/lawnbot/ROS2/lawnbot/build/main_controller_interfaces -- -j4 -l4
[1.598s] Invoking command in '/home/lawnbot/ROS2/lawnbot/build/main_controller_interfaces': CMAKE_PREFIX_PATH=${CMAKE_PREFIX_PATH}:/home/lawnbot/ROS2/install/lawnbot_ros2:/home/lawnbot/ROS2/lawnbot/install/main_logic_controller:/home/lawnbot/ROS2/lawnbot/install/custom_explorer:/home/lawnbot/ROS2/src/lawnbot_ros2/install/lawnbot_ros2:/opt/ros/jazzy DEBUGINFOD_URLS=https://debuginfod.ubuntu.com /usr/bin/cmake --install /home/lawnbot/ROS2/lawnbot/build/main_controller_interfaces
[1.618s] -- Install configuration: ""
[1.619s] -- Execute custom install script
[1.620s] -- Up-to-date symlink: /home/lawnbot/ROS2/lawnbot/install/main_controller_interfaces/share/ament_index/resource_index/rosidl_interfaces/main_controller_interfaces
[1.620s] -- Up-to-date symlink: /home/lawnbot/ROS2/lawnbot/install/main_controller_interfaces/share/main_controller_interfaces/msg/MotorData.json
[1.620s] -- Up-to-date symlink: /home/lawnbot/ROS2/lawnbot/install/main_controller_interfaces/share/main_controller_interfaces/msg/BoundingBox.json
[1.621s] -- Up-to-date symlink: /home/lawnbot/ROS2/lawnbot/install/main_controller_interfaces/include/main_controller_interfaces/main_controller_interfaces/msg/bounding_box.h
[1.621s] -- Up-to-date symlink: /home/lawnbot/ROS2/lawnbot/install/main_controller_interfaces/include/main_controller_interfaces/main_controller_interfaces/msg/detail/bounding_box__functions.h
[1.621s] -- Up-to-date symlink: /home/lawnbot/ROS2/lawnbot/install/main_controller_interfaces/include/main_controller_interfaces/main_controller_interfaces/msg/detail/bounding_box__struct.h
[1.621s] -- Up-to-date symlink: /home/lawnbot/ROS2/lawnbot/install/main_controller_interfaces/include/main_controller_interfaces/main_controller_interfaces/msg/detail/bounding_box__type_support.h
[1.622s] -- Up-to-date symlink: /home/lawnbot/ROS2/lawnbot/install/main_controller_interfaces/include/main_controller_interfaces/main_controller_interfaces/msg/detail/motor_data__functions.h
[1.622s] -- Up-to-date symlink: /home/lawnbot/ROS2/lawnbot/install/main_controller_interfaces/include/main_controller_interfaces/main_controller_interfaces/msg/detail/motor_data__struct.h
[1.622s] -- Up-to-date symlink: /home/lawnbot/ROS2/lawnbot/install/main_controller_interfaces/include/main_controller_interfaces/main_controller_interfaces/msg/detail/motor_data__type_support.h
[1.622s] -- Up-to-date symlink: /home/lawnbot/ROS2/lawnbot/install/main_controller_interfaces/include/main_controller_interfaces/main_controller_interfaces/msg/motor_data.h
[1.622s] -- Up-to-date symlink: /home/lawnbot/ROS2/lawnbot/install/main_controller_interfaces/include/main_controller_interfaces/main_controller_interfaces/msg/rosidl_generator_c__visibility_control.h
[1.622s] -- Up-to-date symlink: /home/lawnbot/ROS2/lawnbot/install/main_controller_interfaces/share/main_controller_interfaces/environment/library_path.sh
[1.623s] -- Up-to-date symlink: /home/lawnbot/ROS2/lawnbot/install/main_controller_interfaces/share/main_controller_interfaces/environment/library_path.dsv
[1.623s] -- Up-to-date symlink: /home/lawnbot/ROS2/lawnbot/install/main_controller_interfaces/include/main_controller_interfaces/main_controller_interfaces/msg/detail/bounding_box__rosidl_typesupport_fastrtps_c.h
[1.624s] -- Up-to-date symlink: /home/lawnbot/ROS2/lawnbot/install/main_controller_interfaces/include/main_controller_interfaces/main_controller_interfaces/msg/detail/motor_data__rosidl_typesupport_fastrtps_c.h
[1.624s] -- Up-to-date symlink: /home/lawnbot/ROS2/lawnbot/install/main_controller_interfaces/include/main_controller_interfaces/main_controller_interfaces/msg/rosidl_typesupport_fastrtps_c__visibility_control.h
[1.624s] -- Up-to-date symlink: /home/lawnbot/ROS2/lawnbot/install/main_controller_interfaces/include/main_controller_interfaces/main_controller_interfaces/msg/detail/bounding_box__rosidl_typesupport_introspection_c.h
[1.624s] -- Up-to-date symlink: /home/lawnbot/ROS2/lawnbot/install/main_controller_interfaces/include/main_controller_interfaces/main_controller_interfaces/msg/detail/motor_data__rosidl_typesupport_introspection_c.h
[1.625s] -- Up-to-date symlink: /home/lawnbot/ROS2/lawnbot/install/main_controller_interfaces/include/main_controller_interfaces/main_controller_interfaces/msg/rosidl_typesupport_introspection_c__visibility_control.h
[1.625s] -- Up-to-date symlink: /home/lawnbot/ROS2/lawnbot/install/main_controller_interfaces/include/main_controller_interfaces/main_controller_interfaces/msg/bounding_box.hpp
[1.626s] -- Up-to-date symlink: /home/lawnbot/ROS2/lawnbot/install/main_controller_interfaces/include/main_controller_interfaces/main_controller_interfaces/msg/detail/bounding_box__builder.hpp
[1.626s] -- Up-to-date symlink: /home/lawnbot/ROS2/lawnbot/install/main_controller_interfaces/include/main_controller_interfaces/main_controller_interfaces/msg/detail/bounding_box__struct.hpp
[1.626s] -- Up-to-date symlink: /home/lawnbot/ROS2/lawnbot/install/main_controller_interfaces/include/main_controller_interfaces/main_controller_interfaces/msg/detail/bounding_box__traits.hpp
[1.626s] -- Up-to-date symlink: /home/lawnbot/ROS2/lawnbot/install/main_controller_interfaces/include/main_controller_interfaces/main_controller_interfaces/msg/detail/bounding_box__type_support.hpp
[1.626s] -- Up-to-date symlink: /home/lawnbot/ROS2/lawnbot/install/main_controller_interfaces/include/main_controller_interfaces/main_controller_interfaces/msg/detail/motor_data__builder.hpp
[1.627s] -- Up-to-date symlink: /home/lawnbot/ROS2/lawnbot/install/main_controller_interfaces/include/main_controller_interfaces/main_controller_interfaces/msg/detail/motor_data__struct.hpp
[1.627s] -- Up-to-date symlink: /home/lawnbot/ROS2/lawnbot/install/main_controller_interfaces/include/main_controller_interfaces/main_controller_interfaces/msg/detail/motor_data__traits.hpp
[1.627s] -- Up-to-date symlink: /home/lawnbot/ROS2/lawnbot/install/main_controller_interfaces/include/main_controller_interfaces/main_controller_interfaces/msg/detail/motor_data__type_support.hpp
[1.627s] -- Up-to-date symlink: /home/lawnbot/ROS2/lawnbot/install/main_controller_interfaces/include/main_controller_interfaces/main_controller_interfaces/msg/motor_data.hpp
[1.627s] -- Up-to-date symlink: /home/lawnbot/ROS2/lawnbot/install/main_controller_interfaces/include/main_controller_interfaces/main_controller_interfaces/msg/rosidl_generator_cpp__visibility_control.hpp
[1.628s] -- Up-to-date symlink: /home/lawnbot/ROS2/lawnbot/install/main_controller_interfaces/include/main_controller_interfaces/main_controller_interfaces/msg/detail/bounding_box__rosidl_typesupport_fastrtps_cpp.hpp
[1.628s] -- Up-to-date symlink: /home/lawnbot/ROS2/lawnbot/install/main_controller_interfaces/include/main_controller_interfaces/main_controller_interfaces/msg/detail/motor_data__rosidl_typesupport_fastrtps_cpp.hpp
[1.629s] -- Up-to-date symlink: /home/lawnbot/ROS2/lawnbot/install/main_controller_interfaces/include/main_controller_interfaces/main_controller_interfaces/msg/rosidl_typesupport_fastrtps_cpp__visibility_control.h
[1.629s] -- Up-to-date symlink: /home/lawnbot/ROS2/lawnbot/install/main_controller_interfaces/include/main_controller_interfaces/main_controller_interfaces/msg/detail/bounding_box__rosidl_typesupport_introspection_cpp.hpp
[1.629s] -- Up-to-date symlink: /home/lawnbot/ROS2/lawnbot/install/main_controller_interfaces/include/main_controller_interfaces/main_controller_interfaces/msg/detail/motor_data__rosidl_typesupport_introspection_cpp.hpp
[1.630s] -- Up-to-date symlink: /home/lawnbot/ROS2/lawnbot/install/main_controller_interfaces/share/main_controller_interfaces/environment/pythonpath.sh
[1.630s] -- Up-to-date symlink: /home/lawnbot/ROS2/lawnbot/install/main_controller_interfaces/share/main_controller_interfaces/environment/pythonpath.dsv
[1.631s] -- Up-to-date symlink: /home/lawnbot/ROS2/lawnbot/install/main_controller_interfaces/lib/python3.12/site-packages/main_controller_interfaces-0.0.0-py3.12.egg-info/PKG-INFO
[1.631s] -- Up-to-date symlink: /home/lawnbot/ROS2/lawnbot/install/main_controller_interfaces/lib/python3.12/site-packages/main_controller_interfaces-0.0.0-py3.12.egg-info/SOURCES.txt
[1.631s] -- Up-to-date symlink: /home/lawnbot/ROS2/lawnbot/install/main_controller_interfaces/lib/python3.12/site-packages/main_controller_interfaces-0.0.0-py3.12.egg-info/dependency_links.txt
[1.631s] -- Up-to-date symlink: /home/lawnbot/ROS2/lawnbot/install/main_controller_interfaces/lib/python3.12/site-packages/main_controller_interfaces-0.0.0-py3.12.egg-info/top_level.txt
[1.632s] -- Up-to-date symlink: /home/lawnbot/ROS2/lawnbot/install/main_controller_interfaces/lib/python3.12/site-packages/main_controller_interfaces/__init__.py
[1.632s] -- Up-to-date symlink: /home/lawnbot/ROS2/lawnbot/install/main_controller_interfaces/lib/python3.12/site-packages/main_controller_interfaces/_main_controller_interfaces_s.ep.rosidl_typesupport_c.c
[1.633s] -- Up-to-date symlink: /home/lawnbot/ROS2/lawnbot/install/main_controller_interfaces/lib/python3.12/site-packages/main_controller_interfaces/_main_controller_interfaces_s.ep.rosidl_typesupport_fastrtps_c.c
[1.633s] -- Up-to-date symlink: /home/lawnbot/ROS2/lawnbot/install/main_controller_interfaces/lib/python3.12/site-packages/main_controller_interfaces/_main_controller_interfaces_s.ep.rosidl_typesupport_introspection_c.c
[1.633s] -- Up-to-date symlink: /home/lawnbot/ROS2/lawnbot/install/main_controller_interfaces/lib/python3.12/site-packages/main_controller_interfaces/main_controller_interfaces_s__rosidl_typesupport_c.so
[1.633s] -- Up-to-date symlink: /home/lawnbot/ROS2/lawnbot/install/main_controller_interfaces/lib/python3.12/site-packages/main_controller_interfaces/main_controller_interfaces_s__rosidl_typesupport_fastrtps_c.so
[1.633s] -- Up-to-date symlink: /home/lawnbot/ROS2/lawnbot/install/main_controller_interfaces/lib/python3.12/site-packages/main_controller_interfaces/main_controller_interfaces_s__rosidl_typesupport_introspection_c.so
[1.633s] -- Up-to-date symlink: /home/lawnbot/ROS2/lawnbot/install/main_controller_interfaces/lib/python3.12/site-packages/main_controller_interfaces/msg/__init__.py
[1.634s] -- Up-to-date symlink: /home/lawnbot/ROS2/lawnbot/install/main_controller_interfaces/lib/python3.12/site-packages/main_controller_interfaces/msg/_bounding_box.py
[1.634s] -- Up-to-date symlink: /home/lawnbot/ROS2/lawnbot/install/main_controller_interfaces/lib/python3.12/site-packages/main_controller_interfaces/msg/_bounding_box_s.c
[1.634s] -- Up-to-date symlink: /home/lawnbot/ROS2/lawnbot/install/main_controller_interfaces/lib/python3.12/site-packages/main_controller_interfaces/msg/_motor_data.py
[1.634s] -- Up-to-date symlink: /home/lawnbot/ROS2/lawnbot/install/main_controller_interfaces/lib/python3.12/site-packages/main_controller_interfaces/msg/_motor_data_s.c
[1.635s] -- Up-to-date symlink: /home/lawnbot/ROS2/lawnbot/install/main_controller_interfaces/lib/python3.12/site-packages/main_controller_interfaces/main_controller_interfaces_s__rosidl_typesupport_fastrtps_c.so
[1.635s] -- Up-to-date symlink: /home/lawnbot/ROS2/lawnbot/install/main_controller_interfaces/lib/python3.12/site-packages/main_controller_interfaces/main_controller_interfaces_s__rosidl_typesupport_introspection_c.so
[1.636s] -- Up-to-date symlink: /home/lawnbot/ROS2/lawnbot/install/main_controller_interfaces/lib/python3.12/site-packages/main_controller_interfaces/main_controller_interfaces_s__rosidl_typesupport_c.so
[1.636s] -- Up-to-date symlink: /home/lawnbot/ROS2/lawnbot/install/main_controller_interfaces/share/main_controller_interfaces/msg/MotorData.idl
[1.636s] -- Up-to-date symlink: /home/lawnbot/ROS2/lawnbot/install/main_controller_interfaces/share/main_controller_interfaces/msg/BoundingBox.idl
[1.636s] -- Up-to-date symlink: /home/lawnbot/ROS2/lawnbot/install/main_controller_interfaces/share/main_controller_interfaces/msg/MotorData.msg
[1.637s] -- Up-to-date symlink: /home/lawnbot/ROS2/lawnbot/install/main_controller_interfaces/share/main_controller_interfaces/msg/BoundingBox.msg
[1.637s] -- Up-to-date symlink: /home/lawnbot/ROS2/lawnbot/install/main_controller_interfaces/share/ament_index/resource_index/package_run_dependencies/main_controller_interfaces
[1.637s] -- Up-to-date symlink: /home/lawnbot/ROS2/lawnbot/install/main_controller_interfaces/share/ament_index/resource_index/parent_prefix_path/main_controller_interfaces
[1.637s] -- Up-to-date symlink: /home/lawnbot/ROS2/lawnbot/install/main_controller_interfaces/share/main_controller_interfaces/environment/ament_prefix_path.sh
[1.638s] -- Up-to-date symlink: /home/lawnbot/ROS2/lawnbot/install/main_controller_interfaces/share/main_controller_interfaces/environment/ament_prefix_path.dsv
[1.638s] -- Up-to-date symlink: /home/lawnbot/ROS2/lawnbot/install/main_controller_interfaces/share/main_controller_interfaces/environment/path.sh
[1.638s] -- Up-to-date symlink: /home/lawnbot/ROS2/lawnbot/install/main_controller_interfaces/share/main_controller_interfaces/environment/path.dsv
[1.638s] -- Up-to-date symlink: /home/lawnbot/ROS2/lawnbot/install/main_controller_interfaces/share/main_controller_interfaces/local_setup.bash
[1.639s] -- Up-to-date symlink: /home/lawnbot/ROS2/lawnbot/install/main_controller_interfaces/share/main_controller_interfaces/local_setup.sh
[1.639s] -- Up-to-date symlink: /home/lawnbot/ROS2/lawnbot/install/main_controller_interfaces/share/main_controller_interfaces/local_setup.zsh
[1.639s] -- Up-to-date symlink: /home/lawnbot/ROS2/lawnbot/install/main_controller_interfaces/share/main_controller_interfaces/local_setup.dsv
[1.639s] -- Symlinking: /home/lawnbot/ROS2/lawnbot/install/main_controller_interfaces/share/main_controller_interfaces/package.dsv
[1.666s] -- Up-to-date symlink: /home/lawnbot/ROS2/lawnbot/install/main_controller_interfaces/share/ament_index/resource_index/packages/main_controller_interfaces
[1.667s] -- Up-to-date symlink: /home/lawnbot/ROS2/lawnbot/install/main_controller_interfaces/share/main_controller_interfaces/cmake/rosidl_cmake-extras.cmake
[1.668s] -- Up-to-date symlink: /home/lawnbot/ROS2/lawnbot/install/main_controller_interfaces/share/main_controller_interfaces/cmake/ament_cmake_export_include_directories-extras.cmake
[1.669s] -- Up-to-date symlink: /home/lawnbot/ROS2/lawnbot/install/main_controller_interfaces/share/main_controller_interfaces/cmake/ament_cmake_export_libraries-extras.cmake
[1.669s] -- Up-to-date symlink: /home/lawnbot/ROS2/lawnbot/install/main_controller_interfaces/share/main_controller_interfaces/cmake/ament_cmake_export_targets-extras.cmake
[1.669s] -- Up-to-date symlink: /home/lawnbot/ROS2/lawnbot/install/main_controller_interfaces/share/main_controller_interfaces/cmake/rosidl_cmake_export_typesupport_targets-extras.cmake
[1.669s] -- Up-to-date symlink: /home/lawnbot/ROS2/lawnbot/install/main_controller_interfaces/share/main_controller_interfaces/cmake/ament_cmake_export_dependencies-extras.cmake
[1.669s] -- Up-to-date symlink: /home/lawnbot/ROS2/lawnbot/install/main_controller_interfaces/share/main_controller_interfaces/cmake/rosidl_cmake_export_typesupport_libraries-extras.cmake
[1.670s] -- Up-to-date symlink: /home/lawnbot/ROS2/lawnbot/install/main_controller_interfaces/share/main_controller_interfaces/cmake/main_controller_interfacesConfig.cmake
[1.670s] -- Up-to-date symlink: /home/lawnbot/ROS2/lawnbot/install/main_controller_interfaces/share/main_controller_interfaces/cmake/main_controller_interfacesConfig-version.cmake
[1.670s] -- Up-to-date symlink: /home/lawnbot/ROS2/lawnbot/install/main_controller_interfaces/share/main_controller_interfaces/package.xml
[1.670s] -- Up-to-date: /home/lawnbot/ROS2/lawnbot/install/main_controller_interfaces/lib/libmain_controller_interfaces__rosidl_generator_c.so
[1.670s] -- Up-to-date: /home/lawnbot/ROS2/lawnbot/install/main_controller_interfaces/lib/libmain_controller_interfaces__rosidl_typesupport_fastrtps_c.so
[1.671s] -- Up-to-date: /home/lawnbot/ROS2/lawnbot/install/main_controller_interfaces/lib/libmain_controller_interfaces__rosidl_typesupport_introspection_c.so
[1.671s] -- Up-to-date: /home/lawnbot/ROS2/lawnbot/install/main_controller_interfaces/lib/libmain_controller_interfaces__rosidl_typesupport_c.so
[1.672s] -- Up-to-date: /home/lawnbot/ROS2/lawnbot/install/main_controller_interfaces/lib/libmain_controller_interfaces__rosidl_typesupport_fastrtps_cpp.so
[1.672s] -- Up-to-date: /home/lawnbot/ROS2/lawnbot/install/main_controller_interfaces/lib/libmain_controller_interfaces__rosidl_typesupport_introspection_cpp.so
[1.673s] -- Up-to-date: /home/lawnbot/ROS2/lawnbot/install/main_controller_interfaces/lib/libmain_controller_interfaces__rosidl_typesupport_cpp.so
[1.748s] Listing '/home/lawnbot/ROS2/lawnbot/install/main_controller_interfaces/lib/python3.12/site-packages/main_controller_interfaces'...
[1.748s] Listing '/home/lawnbot/ROS2/lawnbot/install/main_controller_interfaces/lib/python3.12/site-packages/main_controller_interfaces/msg'...
[1.771s] -- Up-to-date: /home/lawnbot/ROS2/lawnbot/install/main_controller_interfaces/lib/libmain_controller_interfaces__rosidl_generator_py.so
[1.771s] -- Up-to-date: /home/lawnbot/ROS2/lawnbot/install/main_controller_interfaces/share/main_controller_interfaces/cmake/export_main_controller_interfaces__rosidl_generator_cExport.cmake
[1.772s] -- Up-to-date: /home/lawnbot/ROS2/lawnbot/install/main_controller_interfaces/share/main_controller_interfaces/cmake/export_main_controller_interfaces__rosidl_generator_cExport-noconfig.cmake
[1.772s] -- Up-to-date: /home/lawnbot/ROS2/lawnbot/install/main_controller_interfaces/share/main_controller_interfaces/cmake/export_main_controller_interfaces__rosidl_typesupport_fastrtps_cExport.cmake
[1.772s] -- Up-to-date: /home/lawnbot/ROS2/lawnbot/install/main_controller_interfaces/share/main_controller_interfaces/cmake/export_main_controller_interfaces__rosidl_typesupport_fastrtps_cExport-noconfig.cmake
[1.772s] -- Up-to-date: /home/lawnbot/ROS2/lawnbot/install/main_controller_interfaces/share/main_controller_interfaces/cmake/main_controller_interfaces__rosidl_typesupport_introspection_cExport.cmake
[1.772s] -- Up-to-date: /home/lawnbot/ROS2/lawnbot/install/main_controller_interfaces/share/main_controller_interfaces/cmake/main_controller_interfaces__rosidl_typesupport_introspection_cExport-noconfig.cmake
[1.772s] -- Up-to-date: /home/lawnbot/ROS2/lawnbot/install/main_controller_interfaces/share/main_controller_interfaces/cmake/main_controller_interfaces__rosidl_typesupport_cExport.cmake
[1.773s] -- Up-to-date: /home/lawnbot/ROS2/lawnbot/install/main_controller_interfaces/share/main_controller_interfaces/cmake/main_controller_interfaces__rosidl_typesupport_cExport-noconfig.cmake
[1.773s] -- Up-to-date: /home/lawnbot/ROS2/lawnbot/install/main_controller_interfaces/share/main_controller_interfaces/cmake/export_main_controller_interfaces__rosidl_generator_cppExport.cmake
[1.774s] -- Up-to-date: /home/lawnbot/ROS2/lawnbot/install/main_controller_interfaces/share/main_controller_interfaces/cmake/export_main_controller_interfaces__rosidl_typesupport_fastrtps_cppExport.cmake
[1.774s] -- Up-to-date: /home/lawnbot/ROS2/lawnbot/install/main_controller_interfaces/share/main_controller_interfaces/cmake/export_main_controller_interfaces__rosidl_typesupport_fastrtps_cppExport-noconfig.cmake
[1.775s] -- Up-to-date: /home/lawnbot/ROS2/lawnbot/install/main_controller_interfaces/share/main_controller_interfaces/cmake/main_controller_interfaces__rosidl_typesupport_introspection_cppExport.cmake
[1.776s] -- Up-to-date: /home/lawnbot/ROS2/lawnbot/install/main_controller_interfaces/share/main_controller_interfaces/cmake/main_controller_interfaces__rosidl_typesupport_introspection_cppExport-noconfig.cmake
[1.776s] -- Up-to-date: /home/lawnbot/ROS2/lawnbot/install/main_controller_interfaces/share/main_controller_interfaces/cmake/main_controller_interfaces__rosidl_typesupport_cppExport.cmake
[1.777s] -- Up-to-date: /home/lawnbot/ROS2/lawnbot/install/main_controller_interfaces/share/main_controller_interfaces/cmake/main_controller_interfaces__rosidl_typesupport_cppExport-noconfig.cmake
[1.777s] -- Up-to-date: /home/lawnbot/ROS2/lawnbot/install/main_controller_interfaces/share/main_controller_interfaces/cmake/export_main_controller_interfaces__rosidl_generator_pyExport.cmake
[1.777s] -- Up-to-date: /home/lawnbot/ROS2/lawnbot/install/main_controller_interfaces/share/main_controller_interfaces/cmake/export_main_controller_interfaces__rosidl_generator_pyExport-noconfig.cmake
[1.783s] Invoked command in '/home/lawnbot/ROS2/lawnbot/build/main_controller_interfaces' returned '0': CMAKE_PREFIX_PATH=${CMAKE_PREFIX_PATH}:/home/lawnbot/ROS2/install/lawnbot_ros2:/home/lawnbot/ROS2/lawnbot/install/main_logic_controller:/home/lawnbot/ROS2/lawnbot/install/custom_explorer:/home/lawnbot/ROS2/src/lawnbot_ros2/install/lawnbot_ros2:/opt/ros/jazzy DEBUGINFOD_URLS=https://debuginfod.ubuntu.com /usr/bin/cmake --install /home/lawnbot/ROS2/lawnbot/build/main_controller_interfaces
