[0.268s] DEBUG:colcon:Command line arguments: ['/usr/bin/colcon', 'build', '--symlink-install']
[0.268s] DEBUG:colcon:Parsed command line arguments: Namespace(log_base=None, log_level=None, verb_name='build', build_base='build', install_base='install', merge_install=False, symlink_install=True, test_result_base=None, continue_on_error=False, executor='parallel', parallel_workers=16, event_handlers=None, ignore_user_meta=False, metas=['./colcon.meta'], base_paths=['.'], packages_ignore=None, packages_ignore_regex=None, paths=None, packages_up_to=None, packages_up_to_regex=None, packages_above=None, packages_above_and_dependencies=None, packages_above_depth=None, packages_select_by_dep=None, packages_skip_by_dep=None, packages_skip_up_to=None, packages_select_build_failed=False, packages_skip_build_finished=False, packages_select_test_failures=False, packages_skip_test_passed=False, packages_select=None, packages_skip=None, packages_select_regex=None, packages_skip_regex=None, packages_start=None, packages_end=None, allow_overriding=[], cmake_args=None, cmake_target=None, cmake_target_skip_unavailable=False, cmake_clean_cache=False, cmake_clean_first=False, cmake_force_configure=False, ament_cmake_args=None, catkin_cmake_args=None, catkin_skip_building_tests=False, verb_parser=<colcon_defaults.argument_parser.defaults.DefaultArgumentsDecorator object at 0x7f45cbab4a30>, verb_extension=<colcon_core.verb.build.BuildVerb object at 0x7f45cbc45e70>, main=<bound method BuildVerb.main of <colcon_core.verb.build.BuildVerb object at 0x7f45cbc45e70>>)
[0.429s] Level 1:colcon.colcon_core.package_discovery:discover_packages(colcon_meta) check parameters
[0.429s] Level 1:colcon.colcon_core.package_discovery:discover_packages(recursive) check parameters
[0.429s] Level 1:colcon.colcon_core.package_discovery:discover_packages(ignore) check parameters
[0.429s] Level 1:colcon.colcon_core.package_discovery:discover_packages(path) check parameters
[0.429s] Level 1:colcon.colcon_core.package_discovery:discover_packages(colcon_meta) discover
[0.429s] Level 1:colcon.colcon_core.package_discovery:discover_packages(recursive) discover
[0.429s] INFO:colcon.colcon_core.package_discovery:Crawling recursively for packages in '/home/ramy_abdulwahed/41xx'
[0.429s] Level 1:colcon.colcon_core.package_identification:_identify(.) by extensions ['ignore', 'ignore_ament_install']
[0.429s] Level 1:colcon.colcon_core.package_identification:_identify(.) by extension 'ignore'
[0.429s] Level 1:colcon.colcon_core.package_identification:_identify(.) by extension 'ignore_ament_install'
[0.429s] Level 1:colcon.colcon_core.package_identification:_identify(.) by extensions ['colcon_pkg']
[0.429s] Level 1:colcon.colcon_core.package_identification:_identify(.) by extension 'colcon_pkg'
[0.429s] Level 1:colcon.colcon_core.package_identification:_identify(.) by extensions ['colcon_meta']
[0.430s] Level 1:colcon.colcon_core.package_identification:_identify(.) by extension 'colcon_meta'
[0.430s] Level 1:colcon.colcon_core.package_identification:_identify(.) by extensions ['ros']
[0.430s] Level 1:colcon.colcon_core.package_identification:_identify(.) by extension 'ros'
[0.440s] Level 1:colcon.colcon_core.package_identification:_identify(.) by extensions ['cmake', 'python']
[0.440s] Level 1:colcon.colcon_core.package_identification:_identify(.) by extension 'cmake'
[0.440s] Level 1:colcon.colcon_core.package_identification:_identify(.) by extension 'python'
[0.440s] Level 1:colcon.colcon_core.package_identification:_identify(.) by extensions ['python_setup_py']
[0.440s] Level 1:colcon.colcon_core.package_identification:_identify(.) by extension 'python_setup_py'
[0.440s] Level 1:colcon.colcon_core.package_identification:_identify(build) by extensions ['ignore', 'ignore_ament_install']
[0.440s] Level 1:colcon.colcon_core.package_identification:_identify(build) by extension 'ignore'
[0.440s] Level 1:colcon.colcon_core.package_identification:_identify(build) ignored
[0.441s] Level 1:colcon.colcon_core.package_identification:_identify(install) by extensions ['ignore', 'ignore_ament_install']
[0.441s] Level 1:colcon.colcon_core.package_identification:_identify(install) by extension 'ignore'
[0.441s] Level 1:colcon.colcon_core.package_identification:_identify(install) ignored
[0.441s] Level 1:colcon.colcon_core.package_identification:_identify(log) by extensions ['ignore', 'ignore_ament_install']
[0.441s] Level 1:colcon.colcon_core.package_identification:_identify(log) by extension 'ignore'
[0.441s] Level 1:colcon.colcon_core.package_identification:_identify(log) ignored
[0.441s] Level 1:colcon.colcon_core.package_identification:_identify(src) by extensions ['ignore', 'ignore_ament_install']
[0.441s] Level 1:colcon.colcon_core.package_identification:_identify(src) by extension 'ignore'
[0.441s] Level 1:colcon.colcon_core.package_identification:_identify(src) by extension 'ignore_ament_install'
[0.441s] Level 1:colcon.colcon_core.package_identification:_identify(src) by extensions ['colcon_pkg']
[0.441s] Level 1:colcon.colcon_core.package_identification:_identify(src) by extension 'colcon_pkg'
[0.441s] Level 1:colcon.colcon_core.package_identification:_identify(src) by extensions ['colcon_meta']
[0.441s] Level 1:colcon.colcon_core.package_identification:_identify(src) by extension 'colcon_meta'
[0.441s] Level 1:colcon.colcon_core.package_identification:_identify(src) by extensions ['ros']
[0.441s] Level 1:colcon.colcon_core.package_identification:_identify(src) by extension 'ros'
[0.441s] Level 1:colcon.colcon_core.package_identification:_identify(src) by extensions ['cmake', 'python']
[0.441s] Level 1:colcon.colcon_core.package_identification:_identify(src) by extension 'cmake'
[0.442s] Level 1:colcon.colcon_core.package_identification:_identify(src) by extension 'python'
[0.442s] Level 1:colcon.colcon_core.package_identification:_identify(src) by extensions ['python_setup_py']
[0.442s] Level 1:colcon.colcon_core.package_identification:_identify(src) by extension 'python_setup_py'
[0.442s] Level 1:colcon.colcon_core.package_identification:_identify(src/build) by extensions ['ignore', 'ignore_ament_install']
[0.442s] Level 1:colcon.colcon_core.package_identification:_identify(src/build) by extension 'ignore'
[0.442s] Level 1:colcon.colcon_core.package_identification:_identify(src/build) ignored
[0.442s] Level 1:colcon.colcon_core.package_identification:_identify(src/install) by extensions ['ignore', 'ignore_ament_install']
[0.442s] Level 1:colcon.colcon_core.package_identification:_identify(src/install) by extension 'ignore'
[0.442s] Level 1:colcon.colcon_core.package_identification:_identify(src/install) ignored
[0.442s] Level 1:colcon.colcon_core.package_identification:_identify(src/log) by extensions ['ignore', 'ignore_ament_install']
[0.442s] Level 1:colcon.colcon_core.package_identification:_identify(src/log) by extension 'ignore'
[0.442s] Level 1:colcon.colcon_core.package_identification:_identify(src/log) ignored
[0.442s] Level 1:colcon.colcon_core.package_identification:_identify(src/main_controller_interfaces) by extensions ['ignore', 'ignore_ament_install']
[0.442s] Level 1:colcon.colcon_core.package_identification:_identify(src/main_controller_interfaces) by extension 'ignore'
[0.442s] Level 1:colcon.colcon_core.package_identification:_identify(src/main_controller_interfaces) by extension 'ignore_ament_install'
[0.442s] Level 1:colcon.colcon_core.package_identification:_identify(src/main_controller_interfaces) by extensions ['colcon_pkg']
[0.442s] Level 1:colcon.colcon_core.package_identification:_identify(src/main_controller_interfaces) by extension 'colcon_pkg'
[0.442s] Level 1:colcon.colcon_core.package_identification:_identify(src/main_controller_interfaces) by extensions ['colcon_meta']
[0.442s] Level 1:colcon.colcon_core.package_identification:_identify(src/main_controller_interfaces) by extension 'colcon_meta'
[0.442s] Level 1:colcon.colcon_core.package_identification:_identify(src/main_controller_interfaces) by extensions ['ros']
[0.442s] Level 1:colcon.colcon_core.package_identification:_identify(src/main_controller_interfaces) by extension 'ros'
[0.445s] DEBUG:colcon.colcon_core.package_identification:Package 'src/main_controller_interfaces' with type 'ros.ament_cmake' and name 'main_controller_interfaces'
[0.445s] Level 1:colcon.colcon_core.package_identification:_identify(src/main_logic_controller) by extensions ['ignore', 'ignore_ament_install']
[0.445s] Level 1:colcon.colcon_core.package_identification:_identify(src/main_logic_controller) by extension 'ignore'
[0.446s] Level 1:colcon.colcon_core.package_identification:_identify(src/main_logic_controller) by extension 'ignore_ament_install'
[0.446s] Level 1:colcon.colcon_core.package_identification:_identify(src/main_logic_controller) by extensions ['colcon_pkg']
[0.446s] Level 1:colcon.colcon_core.package_identification:_identify(src/main_logic_controller) by extension 'colcon_pkg'
[0.446s] Level 1:colcon.colcon_core.package_identification:_identify(src/main_logic_controller) by extensions ['colcon_meta']
[0.446s] Level 1:colcon.colcon_core.package_identification:_identify(src/main_logic_controller) by extension 'colcon_meta'
[0.446s] Level 1:colcon.colcon_core.package_identification:_identify(src/main_logic_controller) by extensions ['ros']
[0.446s] Level 1:colcon.colcon_core.package_identification:_identify(src/main_logic_controller) by extension 'ros'
[0.447s] DEBUG:colcon.colcon_core.package_identification:Package 'src/main_logic_controller' with type 'ros.ament_python' and name 'main_logic_controller'
[0.447s] Level 1:colcon.colcon_core.package_identification:_identify(src/main_logic_controller_interfaces) by extensions ['ignore', 'ignore_ament_install']
[0.447s] Level 1:colcon.colcon_core.package_identification:_identify(src/main_logic_controller_interfaces) by extension 'ignore'
[0.448s] Level 1:colcon.colcon_core.package_identification:_identify(src/main_logic_controller_interfaces) by extension 'ignore_ament_install'
[0.448s] Level 1:colcon.colcon_core.package_identification:_identify(src/main_logic_controller_interfaces) by extensions ['colcon_pkg']
[0.448s] Level 1:colcon.colcon_core.package_identification:_identify(src/main_logic_controller_interfaces) by extension 'colcon_pkg'
[0.448s] Level 1:colcon.colcon_core.package_identification:_identify(src/main_logic_controller_interfaces) by extensions ['colcon_meta']
[0.448s] Level 1:colcon.colcon_core.package_identification:_identify(src/main_logic_controller_interfaces) by extension 'colcon_meta'
[0.448s] Level 1:colcon.colcon_core.package_identification:_identify(src/main_logic_controller_interfaces) by extensions ['ros']
[0.448s] Level 1:colcon.colcon_core.package_identification:_identify(src/main_logic_controller_interfaces) by extension 'ros'
[0.448s] Level 1:colcon.colcon_core.package_identification:_identify(src/main_logic_controller_interfaces) by extensions ['cmake', 'python']
[0.448s] Level 1:colcon.colcon_core.package_identification:_identify(src/main_logic_controller_interfaces) by extension 'cmake'
[0.448s] Level 1:colcon.colcon_core.package_identification:_identify(src/main_logic_controller_interfaces) by extension 'python'
[0.448s] Level 1:colcon.colcon_core.package_identification:_identify(src/main_logic_controller_interfaces) by extensions ['python_setup_py']
[0.448s] Level 1:colcon.colcon_core.package_identification:_identify(src/main_logic_controller_interfaces) by extension 'python_setup_py'
[0.448s] Level 1:colcon.colcon_core.package_discovery:discover_packages(recursive) using defaults
[0.448s] Level 1:colcon.colcon_core.package_discovery:discover_packages(ignore) discover
[0.448s] Level 1:colcon.colcon_core.package_discovery:discover_packages(ignore) using defaults
[0.448s] Level 1:colcon.colcon_core.package_discovery:discover_packages(path) discover
[0.448s] Level 1:colcon.colcon_core.package_discovery:discover_packages(path) using defaults
[0.510s] Level 1:colcon.colcon_core.package_discovery:discover_packages(prefix_path) check parameters
[0.510s] Level 1:colcon.colcon_core.package_discovery:discover_packages(prefix_path) discover
[0.514s] DEBUG:colcon.colcon_installed_package_information.package_discovery:Found 2 installed packages in /home/ramy_abdulwahed/best_roswc/install
[0.515s] DEBUG:colcon.colcon_installed_package_information.package_discovery:Found 0 installed packages in /home/ramy_abdulwahed/best_roswc/src/install
[0.517s] DEBUG:colcon.colcon_installed_package_information.package_discovery:Found 400 installed packages in /opt/ros/humble
[0.520s] Level 1:colcon.colcon_core.package_discovery:discover_packages(prefix_path) using defaults
[0.564s] Level 5:colcon.colcon_core.verb:set package 'main_controller_interfaces' build argument 'cmake_args' from command line to 'None'
[0.565s] Level 5:colcon.colcon_core.verb:set package 'main_controller_interfaces' build argument 'cmake_target' from command line to 'None'
[0.565s] Level 5:colcon.colcon_core.verb:set package 'main_controller_interfaces' build argument 'cmake_target_skip_unavailable' from command line to 'False'
[0.565s] Level 5:colcon.colcon_core.verb:set package 'main_controller_interfaces' build argument 'cmake_clean_cache' from command line to 'False'
[0.565s] Level 5:colcon.colcon_core.verb:set package 'main_controller_interfaces' build argument 'cmake_clean_first' from command line to 'False'
[0.565s] Level 5:colcon.colcon_core.verb:set package 'main_controller_interfaces' build argument 'cmake_force_configure' from command line to 'False'
[0.565s] Level 5:colcon.colcon_core.verb:set package 'main_controller_interfaces' build argument 'ament_cmake_args' from command line to 'None'
[0.565s] Level 5:colcon.colcon_core.verb:set package 'main_controller_interfaces' build argument 'catkin_cmake_args' from command line to 'None'
[0.565s] Level 5:colcon.colcon_core.verb:set package 'main_controller_interfaces' build argument 'catkin_skip_building_tests' from command line to 'False'
[0.565s] DEBUG:colcon.colcon_core.verb:Building package 'main_controller_interfaces' with the following arguments: {'ament_cmake_args': None, 'build_base': '/home/ramy_abdulwahed/41xx/build/main_controller_interfaces', 'catkin_cmake_args': None, 'catkin_skip_building_tests': False, 'cmake_args': None, 'cmake_clean_cache': False, 'cmake_clean_first': False, 'cmake_force_configure': False, 'cmake_target': None, 'cmake_target_skip_unavailable': False, 'install_base': '/home/ramy_abdulwahed/41xx/install/main_controller_interfaces', 'merge_install': False, 'path': '/home/ramy_abdulwahed/41xx/src/main_controller_interfaces', 'symlink_install': True, 'test_result_base': None}
[0.565s] Level 5:colcon.colcon_core.verb:set package 'main_logic_controller' build argument 'cmake_args' from command line to 'None'
[0.565s] Level 5:colcon.colcon_core.verb:set package 'main_logic_controller' build argument 'cmake_target' from command line to 'None'
[0.565s] Level 5:colcon.colcon_core.verb:set package 'main_logic_controller' build argument 'cmake_target_skip_unavailable' from command line to 'False'
[0.565s] Level 5:colcon.colcon_core.verb:set package 'main_logic_controller' build argument 'cmake_clean_cache' from command line to 'False'
[0.565s] Level 5:colcon.colcon_core.verb:set package 'main_logic_controller' build argument 'cmake_clean_first' from command line to 'False'
[0.565s] Level 5:colcon.colcon_core.verb:set package 'main_logic_controller' build argument 'cmake_force_configure' from command line to 'False'
[0.565s] Level 5:colcon.colcon_core.verb:set package 'main_logic_controller' build argument 'ament_cmake_args' from command line to 'None'
[0.565s] Level 5:colcon.colcon_core.verb:set package 'main_logic_controller' build argument 'catkin_cmake_args' from command line to 'None'
[0.565s] Level 5:colcon.colcon_core.verb:set package 'main_logic_controller' build argument 'catkin_skip_building_tests' from command line to 'False'
[0.565s] DEBUG:colcon.colcon_core.verb:Building package 'main_logic_controller' with the following arguments: {'ament_cmake_args': None, 'build_base': '/home/ramy_abdulwahed/41xx/build/main_logic_controller', 'catkin_cmake_args': None, 'catkin_skip_building_tests': False, 'cmake_args': None, 'cmake_clean_cache': False, 'cmake_clean_first': False, 'cmake_force_configure': False, 'cmake_target': None, 'cmake_target_skip_unavailable': False, 'install_base': '/home/ramy_abdulwahed/41xx/install/main_logic_controller', 'merge_install': False, 'path': '/home/ramy_abdulwahed/41xx/src/main_logic_controller', 'symlink_install': True, 'test_result_base': None}
[0.565s] INFO:colcon.colcon_core.executor:Executing jobs using 'parallel' executor
[0.566s] DEBUG:colcon.colcon_parallel_executor.executor.parallel:run_until_complete
[0.567s] INFO:colcon.colcon_ros.task.ament_cmake.build:Building ROS package in '/home/ramy_abdulwahed/41xx/src/main_controller_interfaces' with build type 'ament_cmake'
[0.567s] INFO:colcon.colcon_cmake.task.cmake.build:Building CMake package in '/home/ramy_abdulwahed/41xx/src/main_controller_interfaces'
[0.569s] INFO:colcon.colcon_core.plugin_system:Skipping extension 'colcon_core.shell.bat': Not used on non-Windows systems
[0.570s] INFO:colcon.colcon_core.shell:Skip shell extension 'powershell' for command environment: Not usable outside of PowerShell
[0.570s] DEBUG:colcon.colcon_core.shell:Skip shell extension 'dsv' for command environment
[0.574s] INFO:colcon.colcon_ros.task.ament_python.build:Building ROS package in '/home/ramy_abdulwahed/41xx/src/main_logic_controller' with build type 'ament_python'
[0.574s] Level 1:colcon.colcon_core.shell:create_environment_hook('main_logic_controller', 'ament_prefix_path')
[0.575s] INFO:colcon.colcon_core.shell:Creating environment hook '/home/ramy_abdulwahed/41xx/install/main_logic_controller/share/main_logic_controller/hook/ament_prefix_path.ps1'
[0.577s] INFO:colcon.colcon_core.shell:Creating environment descriptor '/home/ramy_abdulwahed/41xx/install/main_logic_controller/share/main_logic_controller/hook/ament_prefix_path.dsv'
[0.578s] INFO:colcon.colcon_core.shell:Creating environment hook '/home/ramy_abdulwahed/41xx/install/main_logic_controller/share/main_logic_controller/hook/ament_prefix_path.sh'
[0.579s] INFO:colcon.colcon_core.shell:Skip shell extension 'powershell' for command environment: Not usable outside of PowerShell
[0.579s] DEBUG:colcon.colcon_core.shell:Skip shell extension 'dsv' for command environment
[0.599s] DEBUG:colcon.colcon_core.event_handler.log_command:Invoking command in '/home/ramy_abdulwahed/41xx/build/main_controller_interfaces': CMAKE_PREFIX_PATH=${CMAKE_PREFIX_PATH}:/home/ramy_abdulwahed/best_roswc/install/my_robot_controller:/opt/ros/humble /usr/bin/cmake --build /home/ramy_abdulwahed/41xx/build/main_controller_interfaces -- -j16 -l16
[0.866s] INFO:colcon.colcon_core.task.python.build:Building Python package in '/home/ramy_abdulwahed/41xx/src/main_logic_controller'
[0.866s] INFO:colcon.colcon_core.shell:Skip shell extension 'powershell' for command environment: Not usable outside of PowerShell
[0.867s] DEBUG:colcon.colcon_core.shell:Skip shell extension 'dsv' for command environment
[0.940s] DEBUG:colcon.colcon_core.event_handler.log_command:Invoked command in '/home/ramy_abdulwahed/41xx/build/main_controller_interfaces' returned '0': CMAKE_PREFIX_PATH=${CMAKE_PREFIX_PATH}:/home/ramy_abdulwahed/best_roswc/install/my_robot_controller:/opt/ros/humble /usr/bin/cmake --build /home/ramy_abdulwahed/41xx/build/main_controller_interfaces -- -j16 -l16
[0.950s] DEBUG:colcon.colcon_core.event_handler.log_command:Invoking command in '/home/ramy_abdulwahed/41xx/build/main_controller_interfaces': CMAKE_PREFIX_PATH=${CMAKE_PREFIX_PATH}:/home/ramy_abdulwahed/best_roswc/install/my_robot_controller:/opt/ros/humble /usr/bin/cmake --install /home/ramy_abdulwahed/41xx/build/main_controller_interfaces
[1.023s] Level 1:colcon.colcon_core.environment:create_environment_scripts_only(main_controller_interfaces)
[1.024s] DEBUG:colcon.colcon_core.event_handler.log_command:Invoked command in '/home/ramy_abdulwahed/41xx/build/main_controller_interfaces' returned '0': CMAKE_PREFIX_PATH=${CMAKE_PREFIX_PATH}:/home/ramy_abdulwahed/best_roswc/install/my_robot_controller:/opt/ros/humble /usr/bin/cmake --install /home/ramy_abdulwahed/41xx/build/main_controller_interfaces
[1.028s] Level 1:colcon.colcon_core.environment:checking '/home/ramy_abdulwahed/41xx/install/main_controller_interfaces' for CMake module files
[1.028s] Level 1:colcon.colcon_core.environment:checking '/home/ramy_abdulwahed/41xx/install/main_controller_interfaces' for CMake config files
[1.029s] Level 1:colcon.colcon_core.shell:create_environment_hook('main_controller_interfaces', 'cmake_prefix_path')
[1.029s] INFO:colcon.colcon_core.shell:Creating environment hook '/home/ramy_abdulwahed/41xx/install/main_controller_interfaces/share/main_controller_interfaces/hook/cmake_prefix_path.ps1'
[1.030s] INFO:colcon.colcon_core.shell:Creating environment descriptor '/home/ramy_abdulwahed/41xx/install/main_controller_interfaces/share/main_controller_interfaces/hook/cmake_prefix_path.dsv'
[1.030s] INFO:colcon.colcon_core.shell:Creating environment hook '/home/ramy_abdulwahed/41xx/install/main_controller_interfaces/share/main_controller_interfaces/hook/cmake_prefix_path.sh'
[1.031s] Level 1:colcon.colcon_core.environment:checking '/home/ramy_abdulwahed/41xx/install/main_controller_interfaces/lib'
[1.031s] Level 1:colcon.colcon_core.shell:create_environment_hook('main_controller_interfaces', 'ld_library_path_lib')
[1.031s] INFO:colcon.colcon_core.shell:Creating environment hook '/home/ramy_abdulwahed/41xx/install/main_controller_interfaces/share/main_controller_interfaces/hook/ld_library_path_lib.ps1'
[1.031s] INFO:colcon.colcon_core.shell:Creating environment descriptor '/home/ramy_abdulwahed/41xx/install/main_controller_interfaces/share/main_controller_interfaces/hook/ld_library_path_lib.dsv'
[1.032s] INFO:colcon.colcon_core.shell:Creating environment hook '/home/ramy_abdulwahed/41xx/install/main_controller_interfaces/share/main_controller_interfaces/hook/ld_library_path_lib.sh'
[1.032s] Level 1:colcon.colcon_core.environment:checking '/home/ramy_abdulwahed/41xx/install/main_controller_interfaces/bin'
[1.032s] Level 1:colcon.colcon_core.environment:checking '/home/ramy_abdulwahed/41xx/install/main_controller_interfaces/lib/pkgconfig/main_controller_interfaces.pc'
[1.032s] Level 1:colcon.colcon_core.environment:checking '/home/ramy_abdulwahed/41xx/install/main_controller_interfaces/lib/python3.10/site-packages'
[1.032s] Level 1:colcon.colcon_core.environment:checking '/home/ramy_abdulwahed/41xx/install/main_controller_interfaces/bin'
[1.033s] INFO:colcon.colcon_core.shell:Creating package script '/home/ramy_abdulwahed/41xx/install/main_controller_interfaces/share/main_controller_interfaces/package.ps1'
[1.034s] INFO:colcon.colcon_core.shell:Creating package descriptor '/home/ramy_abdulwahed/41xx/install/main_controller_interfaces/share/main_controller_interfaces/package.dsv'
[1.036s] INFO:colcon.colcon_core.shell:Creating package script '/home/ramy_abdulwahed/41xx/install/main_controller_interfaces/share/main_controller_interfaces/package.sh'
[1.037s] INFO:colcon.colcon_core.shell:Creating package script '/home/ramy_abdulwahed/41xx/install/main_controller_interfaces/share/main_controller_interfaces/package.bash'
[1.038s] INFO:colcon.colcon_core.shell:Creating package script '/home/ramy_abdulwahed/41xx/install/main_controller_interfaces/share/main_controller_interfaces/package.zsh'
[1.038s] Level 1:colcon.colcon_core.environment:create_file_with_runtime_dependencies(/home/ramy_abdulwahed/41xx/install/main_controller_interfaces/share/colcon-core/packages/main_controller_interfaces)
[1.039s] Level 1:colcon.colcon_core.environment:create_environment_scripts_only(main_controller_interfaces)
[1.039s] Level 1:colcon.colcon_core.environment:checking '/home/ramy_abdulwahed/41xx/install/main_controller_interfaces' for CMake module files
[1.040s] Level 1:colcon.colcon_core.environment:checking '/home/ramy_abdulwahed/41xx/install/main_controller_interfaces' for CMake config files
[1.040s] Level 1:colcon.colcon_core.shell:create_environment_hook('main_controller_interfaces', 'cmake_prefix_path')
[1.040s] INFO:colcon.colcon_core.shell:Creating environment hook '/home/ramy_abdulwahed/41xx/install/main_controller_interfaces/share/main_controller_interfaces/hook/cmake_prefix_path.ps1'
[1.041s] INFO:colcon.colcon_core.shell:Creating environment descriptor '/home/ramy_abdulwahed/41xx/install/main_controller_interfaces/share/main_controller_interfaces/hook/cmake_prefix_path.dsv'
[1.041s] INFO:colcon.colcon_core.shell:Creating environment hook '/home/ramy_abdulwahed/41xx/install/main_controller_interfaces/share/main_controller_interfaces/hook/cmake_prefix_path.sh'
[1.041s] Level 1:colcon.colcon_core.environment:checking '/home/ramy_abdulwahed/41xx/install/main_controller_interfaces/lib'
[1.041s] Level 1:colcon.colcon_core.shell:create_environment_hook('main_controller_interfaces', 'ld_library_path_lib')
[1.042s] INFO:colcon.colcon_core.shell:Creating environment hook '/home/ramy_abdulwahed/41xx/install/main_controller_interfaces/share/main_controller_interfaces/hook/ld_library_path_lib.ps1'
[1.042s] INFO:colcon.colcon_core.shell:Creating environment descriptor '/home/ramy_abdulwahed/41xx/install/main_controller_interfaces/share/main_controller_interfaces/hook/ld_library_path_lib.dsv'
[1.042s] INFO:colcon.colcon_core.shell:Creating environment hook '/home/ramy_abdulwahed/41xx/install/main_controller_interfaces/share/main_controller_interfaces/hook/ld_library_path_lib.sh'
[1.043s] Level 1:colcon.colcon_core.environment:checking '/home/ramy_abdulwahed/41xx/install/main_controller_interfaces/bin'
[1.043s] Level 1:colcon.colcon_core.environment:checking '/home/ramy_abdulwahed/41xx/install/main_controller_interfaces/lib/pkgconfig/main_controller_interfaces.pc'
[1.043s] Level 1:colcon.colcon_core.environment:checking '/home/ramy_abdulwahed/41xx/install/main_controller_interfaces/lib/python3.10/site-packages'
[1.043s] Level 1:colcon.colcon_core.environment:checking '/home/ramy_abdulwahed/41xx/install/main_controller_interfaces/bin'
[1.044s] INFO:colcon.colcon_core.shell:Creating package script '/home/ramy_abdulwahed/41xx/install/main_controller_interfaces/share/main_controller_interfaces/package.ps1'
[1.044s] INFO:colcon.colcon_core.shell:Creating package descriptor '/home/ramy_abdulwahed/41xx/install/main_controller_interfaces/share/main_controller_interfaces/package.dsv'
[1.045s] INFO:colcon.colcon_core.shell:Creating package script '/home/ramy_abdulwahed/41xx/install/main_controller_interfaces/share/main_controller_interfaces/package.sh'
[1.045s] INFO:colcon.colcon_core.shell:Creating package script '/home/ramy_abdulwahed/41xx/install/main_controller_interfaces/share/main_controller_interfaces/package.bash'
[1.046s] INFO:colcon.colcon_core.shell:Creating package script '/home/ramy_abdulwahed/41xx/install/main_controller_interfaces/share/main_controller_interfaces/package.zsh'
[1.047s] Level 1:colcon.colcon_core.environment:create_file_with_runtime_dependencies(/home/ramy_abdulwahed/41xx/install/main_controller_interfaces/share/colcon-core/packages/main_controller_interfaces)
[1.276s] DEBUG:colcon.colcon_core.event_handler.log_command:Invoking command in '/home/ramy_abdulwahed/41xx/build/main_logic_controller': PYTHONPATH=/home/ramy_abdulwahed/41xx/build/main_logic_controller/prefix_override:/usr/lib/python3/dist-packages/colcon_core/task/python/colcon_distutils_commands:/home/ramy_abdulwahed/41xx/install/main_logic_controller/lib/python3.10/site-packages:${PYTHONPATH} /usr/bin/python3 -W ignore:setup.py install is deprecated -W ignore:easy_install command is deprecated setup.py develop --editable --build-directory /home/ramy_abdulwahed/41xx/build/main_logic_controller/build --no-deps symlink_data
[1.682s] Level 1:colcon.colcon_core.shell:create_environment_hook('main_logic_controller', 'pythonpath_develop')
[1.683s] INFO:colcon.colcon_core.shell:Creating environment hook '/home/ramy_abdulwahed/41xx/build/main_logic_controller/share/main_logic_controller/hook/pythonpath_develop.ps1'
[1.684s] DEBUG:colcon.colcon_core.event_handler.log_command:Invoked command in '/home/ramy_abdulwahed/41xx/build/main_logic_controller' returned '0': PYTHONPATH=/home/ramy_abdulwahed/41xx/build/main_logic_controller/prefix_override:/usr/lib/python3/dist-packages/colcon_core/task/python/colcon_distutils_commands:/home/ramy_abdulwahed/41xx/install/main_logic_controller/lib/python3.10/site-packages:${PYTHONPATH} /usr/bin/python3 -W ignore:setup.py install is deprecated -W ignore:easy_install command is deprecated setup.py develop --editable --build-directory /home/ramy_abdulwahed/41xx/build/main_logic_controller/build --no-deps symlink_data
[1.684s] INFO:colcon.colcon_core.shell:Creating environment descriptor '/home/ramy_abdulwahed/41xx/build/main_logic_controller/share/main_logic_controller/hook/pythonpath_develop.dsv'
[1.685s] INFO:colcon.colcon_core.shell:Creating environment hook '/home/ramy_abdulwahed/41xx/build/main_logic_controller/share/main_logic_controller/hook/pythonpath_develop.sh'
[1.685s] Level 1:colcon.colcon_core.environment:checking '/home/ramy_abdulwahed/41xx/install/main_logic_controller' for CMake module files
[1.685s] Level 1:colcon.colcon_core.environment:checking '/home/ramy_abdulwahed/41xx/install/main_logic_controller' for CMake config files
[1.686s] Level 1:colcon.colcon_core.environment:checking '/home/ramy_abdulwahed/41xx/install/main_logic_controller/lib'
[1.686s] Level 1:colcon.colcon_core.environment:checking '/home/ramy_abdulwahed/41xx/install/main_logic_controller/bin'
[1.686s] Level 1:colcon.colcon_core.environment:checking '/home/ramy_abdulwahed/41xx/install/main_logic_controller/lib/pkgconfig/main_logic_controller.pc'
[1.686s] Level 1:colcon.colcon_core.environment:checking '/home/ramy_abdulwahed/41xx/install/main_logic_controller/lib/python3.10/site-packages'
[1.686s] Level 1:colcon.colcon_core.shell:create_environment_hook('main_logic_controller', 'pythonpath')
[1.686s] INFO:colcon.colcon_core.shell:Creating environment hook '/home/ramy_abdulwahed/41xx/install/main_logic_controller/share/main_logic_controller/hook/pythonpath.ps1'
[1.687s] INFO:colcon.colcon_core.shell:Creating environment descriptor '/home/ramy_abdulwahed/41xx/install/main_logic_controller/share/main_logic_controller/hook/pythonpath.dsv'
[1.687s] INFO:colcon.colcon_core.shell:Creating environment hook '/home/ramy_abdulwahed/41xx/install/main_logic_controller/share/main_logic_controller/hook/pythonpath.sh'
[1.688s] Level 1:colcon.colcon_core.environment:checking '/home/ramy_abdulwahed/41xx/install/main_logic_controller/bin'
[1.688s] Level 1:colcon.colcon_core.environment:create_environment_scripts_only(main_logic_controller)
[1.688s] INFO:colcon.colcon_core.shell:Creating package script '/home/ramy_abdulwahed/41xx/install/main_logic_controller/share/main_logic_controller/package.ps1'
[1.689s] INFO:colcon.colcon_core.shell:Creating package descriptor '/home/ramy_abdulwahed/41xx/install/main_logic_controller/share/main_logic_controller/package.dsv'
[1.689s] INFO:colcon.colcon_core.shell:Creating package script '/home/ramy_abdulwahed/41xx/install/main_logic_controller/share/main_logic_controller/package.sh'
[1.690s] INFO:colcon.colcon_core.shell:Creating package script '/home/ramy_abdulwahed/41xx/install/main_logic_controller/share/main_logic_controller/package.bash'
[1.690s] INFO:colcon.colcon_core.shell:Creating package script '/home/ramy_abdulwahed/41xx/install/main_logic_controller/share/main_logic_controller/package.zsh'
[1.690s] Level 1:colcon.colcon_core.environment:create_file_with_runtime_dependencies(/home/ramy_abdulwahed/41xx/install/main_logic_controller/share/colcon-core/packages/main_logic_controller)
[1.691s] DEBUG:colcon.colcon_parallel_executor.executor.parallel:closing loop
[1.692s] DEBUG:colcon.colcon_parallel_executor.executor.parallel:loop closed
[1.692s] DEBUG:colcon.colcon_parallel_executor.executor.parallel:run_until_complete finished with '0'
[1.692s] DEBUG:colcon.colcon_core.event_reactor:joining thread
[1.809s] INFO:colcon.colcon_core.plugin_system:Skipping extension 'colcon_notification.desktop_notification.notify_send': Could not find 'notify-send'
[1.809s] INFO:colcon.colcon_core.plugin_system:Skipping extension 'colcon_notification.desktop_notification.terminal_notifier': Not used on non-Darwin systems
[1.809s] INFO:colcon.colcon_core.plugin_system:Skipping extension 'colcon_notification.desktop_notification.win32': Not used on non-Windows systems
[1.809s] INFO:colcon.colcon_notification.desktop_notification:Sending desktop notification using 'notify2'
[1.811s] DEBUG:colcon.colcon_notification.desktop_notification.notify2:Failed to initialize notify2: org.freedesktop.DBus.Error.ServiceUnknown: The name org.freedesktop.Notifications was not provided by any .service files
[1.812s] DEBUG:colcon.colcon_core.event_reactor:joined thread
[1.812s] INFO:colcon.colcon_core.shell:Creating prefix script '/home/ramy_abdulwahed/41xx/install/local_setup.ps1'
[1.813s] INFO:colcon.colcon_core.shell:Creating prefix util module '/home/ramy_abdulwahed/41xx/install/_local_setup_util_ps1.py'
[1.814s] INFO:colcon.colcon_core.shell:Creating prefix chain script '/home/ramy_abdulwahed/41xx/install/setup.ps1'
[1.815s] INFO:colcon.colcon_core.shell:Creating prefix script '/home/ramy_abdulwahed/41xx/install/local_setup.sh'
[1.815s] INFO:colcon.colcon_core.shell:Creating prefix util module '/home/ramy_abdulwahed/41xx/install/_local_setup_util_sh.py'
[1.816s] INFO:colcon.colcon_core.shell:Creating prefix chain script '/home/ramy_abdulwahed/41xx/install/setup.sh'
[1.817s] INFO:colcon.colcon_core.shell:Creating prefix script '/home/ramy_abdulwahed/41xx/install/local_setup.bash'
[1.817s] INFO:colcon.colcon_core.shell:Creating prefix chain script '/home/ramy_abdulwahed/41xx/install/setup.bash'
[1.818s] INFO:colcon.colcon_core.shell:Creating prefix script '/home/ramy_abdulwahed/41xx/install/local_setup.zsh'
[1.819s] INFO:colcon.colcon_core.shell:Creating prefix chain script '/home/ramy_abdulwahed/41xx/install/setup.zsh'
