[0.559s] DEBUG:colcon:Command line arguments: ['/usr/bin/colcon', 'build', '--symlink-install']
[0.559s] DEBUG:colcon:Parsed command line arguments: Namespace(log_base=None, log_level=None, verb_name='build', build_base='build', install_base='install', merge_install=False, symlink_install=True, test_result_base=None, continue_on_error=False, executor='parallel', parallel_workers=16, event_handlers=None, ignore_user_meta=False, metas=['./colcon.meta'], base_paths=['.'], packages_ignore=None, packages_ignore_regex=None, paths=None, packages_up_to=None, packages_up_to_regex=None, packages_above=None, packages_above_and_dependencies=None, packages_above_depth=None, packages_select_by_dep=None, packages_skip_by_dep=None, packages_skip_up_to=None, packages_select_build_failed=False, packages_skip_build_finished=False, packages_select_test_failures=False, packages_skip_test_passed=False, packages_select=None, packages_skip=None, packages_select_regex=None, packages_skip_regex=None, packages_start=None, packages_end=None, allow_overriding=[], cmake_args=None, cmake_target=None, cmake_target_skip_unavailable=False, cmake_clean_cache=False, cmake_clean_first=False, cmake_force_configure=False, ament_cmake_args=None, catkin_cmake_args=None, catkin_skip_building_tests=False, verb_parser=<colcon_defaults.argument_parser.defaults.DefaultArgumentsDecorator object at 0x7cf42966d8d0>, verb_extension=<colcon_core.verb.build.BuildVerb object at 0x7cf429762d40>, main=<bound method BuildVerb.main of <colcon_core.verb.build.BuildVerb object at 0x7cf429762d40>>)
[1.996s] Level 1:colcon.colcon_core.package_discovery:discover_packages(colcon_meta) check parameters
[1.996s] Level 1:colcon.colcon_core.package_discovery:discover_packages(recursive) check parameters
[1.996s] Level 1:colcon.colcon_core.package_discovery:discover_packages(ignore) check parameters
[1.996s] Level 1:colcon.colcon_core.package_discovery:discover_packages(path) check parameters
[1.996s] Level 1:colcon.colcon_core.package_discovery:discover_packages(colcon_meta) discover
[1.996s] Level 1:colcon.colcon_core.package_discovery:discover_packages(recursive) discover
[1.996s] INFO:colcon.colcon_core.package_discovery:Crawling recursively for packages in '/home/ramy_abdulwahed/41xx'
[1.997s] Level 1:colcon.colcon_core.package_identification:_identify(.) by extensions ['ignore', 'ignore_ament_install']
[1.997s] Level 1:colcon.colcon_core.package_identification:_identify(.) by extension 'ignore'
[1.997s] Level 1:colcon.colcon_core.package_identification:_identify(.) by extension 'ignore_ament_install'
[1.997s] Level 1:colcon.colcon_core.package_identification:_identify(.) by extensions ['colcon_pkg']
[1.997s] Level 1:colcon.colcon_core.package_identification:_identify(.) by extension 'colcon_pkg'
[1.997s] Level 1:colcon.colcon_core.package_identification:_identify(.) by extensions ['colcon_meta']
[1.997s] Level 1:colcon.colcon_core.package_identification:_identify(.) by extension 'colcon_meta'
[1.997s] Level 1:colcon.colcon_core.package_identification:_identify(.) by extensions ['ros']
[1.997s] Level 1:colcon.colcon_core.package_identification:_identify(.) by extension 'ros'
[2.010s] Level 1:colcon.colcon_core.package_identification:_identify(.) by extensions ['cmake', 'python']
[2.010s] Level 1:colcon.colcon_core.package_identification:_identify(.) by extension 'cmake'
[2.010s] Level 1:colcon.colcon_core.package_identification:_identify(.) by extension 'python'
[2.010s] Level 1:colcon.colcon_core.package_identification:_identify(.) by extensions ['python_setup_py']
[2.011s] Level 1:colcon.colcon_core.package_identification:_identify(.) by extension 'python_setup_py'
[2.012s] Level 1:colcon.colcon_core.package_identification:_identify(build) by extensions ['ignore', 'ignore_ament_install']
[2.012s] Level 1:colcon.colcon_core.package_identification:_identify(build) by extension 'ignore'
[2.012s] Level 1:colcon.colcon_core.package_identification:_identify(build) ignored
[2.013s] Level 1:colcon.colcon_core.package_identification:_identify(install) by extensions ['ignore', 'ignore_ament_install']
[2.013s] Level 1:colcon.colcon_core.package_identification:_identify(install) by extension 'ignore'
[2.013s] Level 1:colcon.colcon_core.package_identification:_identify(install) ignored
[2.013s] Level 1:colcon.colcon_core.package_identification:_identify(log) by extensions ['ignore', 'ignore_ament_install']
[2.013s] Level 1:colcon.colcon_core.package_identification:_identify(log) by extension 'ignore'
[2.013s] Level 1:colcon.colcon_core.package_identification:_identify(log) ignored
[2.014s] Level 1:colcon.colcon_core.package_identification:_identify(src) by extensions ['ignore', 'ignore_ament_install']
[2.014s] Level 1:colcon.colcon_core.package_identification:_identify(src) by extension 'ignore'
[2.014s] Level 1:colcon.colcon_core.package_identification:_identify(src) by extension 'ignore_ament_install'
[2.014s] Level 1:colcon.colcon_core.package_identification:_identify(src) by extensions ['colcon_pkg']
[2.014s] Level 1:colcon.colcon_core.package_identification:_identify(src) by extension 'colcon_pkg'
[2.014s] Level 1:colcon.colcon_core.package_identification:_identify(src) by extensions ['colcon_meta']
[2.014s] Level 1:colcon.colcon_core.package_identification:_identify(src) by extension 'colcon_meta'
[2.014s] Level 1:colcon.colcon_core.package_identification:_identify(src) by extensions ['ros']
[2.014s] Level 1:colcon.colcon_core.package_identification:_identify(src) by extension 'ros'
[2.014s] Level 1:colcon.colcon_core.package_identification:_identify(src) by extensions ['cmake', 'python']
[2.014s] Level 1:colcon.colcon_core.package_identification:_identify(src) by extension 'cmake'
[2.014s] Level 1:colcon.colcon_core.package_identification:_identify(src) by extension 'python'
[2.014s] Level 1:colcon.colcon_core.package_identification:_identify(src) by extensions ['python_setup_py']
[2.014s] Level 1:colcon.colcon_core.package_identification:_identify(src) by extension 'python_setup_py'
[2.015s] Level 1:colcon.colcon_core.package_identification:_identify(src/build) by extensions ['ignore', 'ignore_ament_install']
[2.015s] Level 1:colcon.colcon_core.package_identification:_identify(src/build) by extension 'ignore'
[2.015s] Level 1:colcon.colcon_core.package_identification:_identify(src/build) ignored
[2.016s] Level 1:colcon.colcon_core.package_identification:_identify(src/install) by extensions ['ignore', 'ignore_ament_install']
[2.016s] Level 1:colcon.colcon_core.package_identification:_identify(src/install) by extension 'ignore'
[2.016s] Level 1:colcon.colcon_core.package_identification:_identify(src/install) ignored
[2.017s] Level 1:colcon.colcon_core.package_identification:_identify(src/log) by extensions ['ignore', 'ignore_ament_install']
[2.017s] Level 1:colcon.colcon_core.package_identification:_identify(src/log) by extension 'ignore'
[2.017s] Level 1:colcon.colcon_core.package_identification:_identify(src/log) ignored
[2.018s] Level 1:colcon.colcon_core.package_identification:_identify(src/main_controller_interfaces) by extensions ['ignore', 'ignore_ament_install']
[2.019s] Level 1:colcon.colcon_core.package_identification:_identify(src/main_controller_interfaces) by extension 'ignore'
[2.019s] Level 1:colcon.colcon_core.package_identification:_identify(src/main_controller_interfaces) by extension 'ignore_ament_install'
[2.019s] Level 1:colcon.colcon_core.package_identification:_identify(src/main_controller_interfaces) by extensions ['colcon_pkg']
[2.019s] Level 1:colcon.colcon_core.package_identification:_identify(src/main_controller_interfaces) by extension 'colcon_pkg'
[2.019s] Level 1:colcon.colcon_core.package_identification:_identify(src/main_controller_interfaces) by extensions ['colcon_meta']
[2.019s] Level 1:colcon.colcon_core.package_identification:_identify(src/main_controller_interfaces) by extension 'colcon_meta'
[2.019s] Level 1:colcon.colcon_core.package_identification:_identify(src/main_controller_interfaces) by extensions ['ros']
[2.019s] Level 1:colcon.colcon_core.package_identification:_identify(src/main_controller_interfaces) by extension 'ros'
[2.021s] DEBUG:colcon.colcon_core.package_identification:Package 'src/main_controller_interfaces' with type 'ros.ament_cmake' and name 'main_controller_interfaces'
[2.022s] Level 1:colcon.colcon_core.package_identification:_identify(src/main_logic_controller) by extensions ['ignore', 'ignore_ament_install']
[2.022s] Level 1:colcon.colcon_core.package_identification:_identify(src/main_logic_controller) by extension 'ignore'
[2.022s] Level 1:colcon.colcon_core.package_identification:_identify(src/main_logic_controller) by extension 'ignore_ament_install'
[2.022s] Level 1:colcon.colcon_core.package_identification:_identify(src/main_logic_controller) by extensions ['colcon_pkg']
[2.022s] Level 1:colcon.colcon_core.package_identification:_identify(src/main_logic_controller) by extension 'colcon_pkg'
[2.022s] Level 1:colcon.colcon_core.package_identification:_identify(src/main_logic_controller) by extensions ['colcon_meta']
[2.022s] Level 1:colcon.colcon_core.package_identification:_identify(src/main_logic_controller) by extension 'colcon_meta'
[2.022s] Level 1:colcon.colcon_core.package_identification:_identify(src/main_logic_controller) by extensions ['ros']
[2.022s] Level 1:colcon.colcon_core.package_identification:_identify(src/main_logic_controller) by extension 'ros'
[2.022s] DEBUG:colcon.colcon_core.package_identification:Package 'src/main_logic_controller' with type 'ros.ament_python' and name 'main_logic_controller'
[2.023s] Level 1:colcon.colcon_core.package_identification:_identify(src/main_logic_controller_interfaces) by extensions ['ignore', 'ignore_ament_install']
[2.023s] Level 1:colcon.colcon_core.package_identification:_identify(src/main_logic_controller_interfaces) by extension 'ignore'
[2.023s] Level 1:colcon.colcon_core.package_identification:_identify(src/main_logic_controller_interfaces) by extension 'ignore_ament_install'
[2.023s] Level 1:colcon.colcon_core.package_identification:_identify(src/main_logic_controller_interfaces) by extensions ['colcon_pkg']
[2.023s] Level 1:colcon.colcon_core.package_identification:_identify(src/main_logic_controller_interfaces) by extension 'colcon_pkg'
[2.023s] Level 1:colcon.colcon_core.package_identification:_identify(src/main_logic_controller_interfaces) by extensions ['colcon_meta']
[2.023s] Level 1:colcon.colcon_core.package_identification:_identify(src/main_logic_controller_interfaces) by extension 'colcon_meta'
[2.023s] Level 1:colcon.colcon_core.package_identification:_identify(src/main_logic_controller_interfaces) by extensions ['ros']
[2.023s] Level 1:colcon.colcon_core.package_identification:_identify(src/main_logic_controller_interfaces) by extension 'ros'
[2.023s] Level 1:colcon.colcon_core.package_identification:_identify(src/main_logic_controller_interfaces) by extensions ['cmake', 'python']
[2.024s] Level 1:colcon.colcon_core.package_identification:_identify(src/main_logic_controller_interfaces) by extension 'cmake'
[2.024s] Level 1:colcon.colcon_core.package_identification:_identify(src/main_logic_controller_interfaces) by extension 'python'
[2.024s] Level 1:colcon.colcon_core.package_identification:_identify(src/main_logic_controller_interfaces) by extensions ['python_setup_py']
[2.024s] Level 1:colcon.colcon_core.package_identification:_identify(src/main_logic_controller_interfaces) by extension 'python_setup_py'
[2.024s] Level 1:colcon.colcon_core.package_discovery:discover_packages(recursive) using defaults
[2.024s] Level 1:colcon.colcon_core.package_discovery:discover_packages(ignore) discover
[2.024s] Level 1:colcon.colcon_core.package_discovery:discover_packages(ignore) using defaults
[2.024s] Level 1:colcon.colcon_core.package_discovery:discover_packages(path) discover
[2.024s] Level 1:colcon.colcon_core.package_discovery:discover_packages(path) using defaults
[2.082s] Level 1:colcon.colcon_core.package_discovery:discover_packages(prefix_path) check parameters
[2.082s] Level 1:colcon.colcon_core.package_discovery:discover_packages(prefix_path) discover
[2.094s] DEBUG:colcon.colcon_installed_package_information.package_discovery:Found 2 installed packages in /home/ramy_abdulwahed/41xx/install
[2.096s] DEBUG:colcon.colcon_installed_package_information.package_discovery:Found 2 installed packages in /home/ramy_abdulwahed/best_roswc/install
[2.098s] DEBUG:colcon.colcon_installed_package_information.package_discovery:Found 0 installed packages in /home/ramy_abdulwahed/best_roswc/src/install
[2.100s] DEBUG:colcon.colcon_installed_package_information.package_discovery:Found 400 installed packages in /opt/ros/humble
[2.102s] Level 1:colcon.colcon_core.package_discovery:discover_packages(prefix_path) using defaults
[2.375s] Level 5:colcon.colcon_core.verb:set package 'main_controller_interfaces' build argument 'cmake_args' from command line to 'None'
[2.375s] Level 5:colcon.colcon_core.verb:set package 'main_controller_interfaces' build argument 'cmake_target' from command line to 'None'
[2.375s] Level 5:colcon.colcon_core.verb:set package 'main_controller_interfaces' build argument 'cmake_target_skip_unavailable' from command line to 'False'
[2.376s] Level 5:colcon.colcon_core.verb:set package 'main_controller_interfaces' build argument 'cmake_clean_cache' from command line to 'False'
[2.376s] Level 5:colcon.colcon_core.verb:set package 'main_controller_interfaces' build argument 'cmake_clean_first' from command line to 'False'
[2.376s] Level 5:colcon.colcon_core.verb:set package 'main_controller_interfaces' build argument 'cmake_force_configure' from command line to 'False'
[2.376s] Level 5:colcon.colcon_core.verb:set package 'main_controller_interfaces' build argument 'ament_cmake_args' from command line to 'None'
[2.376s] Level 5:colcon.colcon_core.verb:set package 'main_controller_interfaces' build argument 'catkin_cmake_args' from command line to 'None'
[2.376s] Level 5:colcon.colcon_core.verb:set package 'main_controller_interfaces' build argument 'catkin_skip_building_tests' from command line to 'False'
[2.376s] DEBUG:colcon.colcon_core.verb:Building package 'main_controller_interfaces' with the following arguments: {'ament_cmake_args': None, 'build_base': '/home/ramy_abdulwahed/41xx/build/main_controller_interfaces', 'catkin_cmake_args': None, 'catkin_skip_building_tests': False, 'cmake_args': None, 'cmake_clean_cache': False, 'cmake_clean_first': False, 'cmake_force_configure': False, 'cmake_target': None, 'cmake_target_skip_unavailable': False, 'install_base': '/home/ramy_abdulwahed/41xx/install/main_controller_interfaces', 'merge_install': False, 'path': '/home/ramy_abdulwahed/41xx/src/main_controller_interfaces', 'symlink_install': True, 'test_result_base': None}
[2.376s] Level 5:colcon.colcon_core.verb:set package 'main_logic_controller' build argument 'cmake_args' from command line to 'None'
[2.376s] Level 5:colcon.colcon_core.verb:set package 'main_logic_controller' build argument 'cmake_target' from command line to 'None'
[2.376s] Level 5:colcon.colcon_core.verb:set package 'main_logic_controller' build argument 'cmake_target_skip_unavailable' from command line to 'False'
[2.376s] Level 5:colcon.colcon_core.verb:set package 'main_logic_controller' build argument 'cmake_clean_cache' from command line to 'False'
[2.376s] Level 5:colcon.colcon_core.verb:set package 'main_logic_controller' build argument 'cmake_clean_first' from command line to 'False'
[2.376s] Level 5:colcon.colcon_core.verb:set package 'main_logic_controller' build argument 'cmake_force_configure' from command line to 'False'
[2.376s] Level 5:colcon.colcon_core.verb:set package 'main_logic_controller' build argument 'ament_cmake_args' from command line to 'None'
[2.376s] Level 5:colcon.colcon_core.verb:set package 'main_logic_controller' build argument 'catkin_cmake_args' from command line to 'None'
[2.376s] Level 5:colcon.colcon_core.verb:set package 'main_logic_controller' build argument 'catkin_skip_building_tests' from command line to 'False'
[2.376s] DEBUG:colcon.colcon_core.verb:Building package 'main_logic_controller' with the following arguments: {'ament_cmake_args': None, 'build_base': '/home/ramy_abdulwahed/41xx/build/main_logic_controller', 'catkin_cmake_args': None, 'catkin_skip_building_tests': False, 'cmake_args': None, 'cmake_clean_cache': False, 'cmake_clean_first': False, 'cmake_force_configure': False, 'cmake_target': None, 'cmake_target_skip_unavailable': False, 'install_base': '/home/ramy_abdulwahed/41xx/install/main_logic_controller', 'merge_install': False, 'path': '/home/ramy_abdulwahed/41xx/src/main_logic_controller', 'symlink_install': True, 'test_result_base': None}
[2.376s] INFO:colcon.colcon_core.executor:Executing jobs using 'parallel' executor
[2.377s] DEBUG:colcon.colcon_parallel_executor.executor.parallel:run_until_complete
[2.377s] INFO:colcon.colcon_ros.task.ament_cmake.build:Building ROS package in '/home/ramy_abdulwahed/41xx/src/main_controller_interfaces' with build type 'ament_cmake'
[2.377s] INFO:colcon.colcon_cmake.task.cmake.build:Building CMake package in '/home/ramy_abdulwahed/41xx/src/main_controller_interfaces'
[2.387s] INFO:colcon.colcon_core.plugin_system:Skipping extension 'colcon_core.shell.bat': Not used on non-Windows systems
[2.387s] INFO:colcon.colcon_core.shell:Skip shell extension 'powershell' for command environment: Not usable outside of PowerShell
[2.387s] DEBUG:colcon.colcon_core.shell:Skip shell extension 'dsv' for command environment
[2.392s] INFO:colcon.colcon_ros.task.ament_python.build:Building ROS package in '/home/ramy_abdulwahed/41xx/src/main_logic_controller' with build type 'ament_python'
[2.392s] Level 1:colcon.colcon_core.shell:create_environment_hook('main_logic_controller', 'ament_prefix_path')
[2.393s] INFO:colcon.colcon_core.shell:Creating environment hook '/home/ramy_abdulwahed/41xx/install/main_logic_controller/share/main_logic_controller/hook/ament_prefix_path.ps1'
[2.395s] INFO:colcon.colcon_core.shell:Creating environment descriptor '/home/ramy_abdulwahed/41xx/install/main_logic_controller/share/main_logic_controller/hook/ament_prefix_path.dsv'
[2.396s] INFO:colcon.colcon_core.shell:Creating environment hook '/home/ramy_abdulwahed/41xx/install/main_logic_controller/share/main_logic_controller/hook/ament_prefix_path.sh'
[2.397s] INFO:colcon.colcon_core.shell:Skip shell extension 'powershell' for command environment: Not usable outside of PowerShell
[2.397s] DEBUG:colcon.colcon_core.shell:Skip shell extension 'dsv' for command environment
[2.411s] DEBUG:colcon.colcon_core.event_handler.log_command:Invoking command in '/home/ramy_abdulwahed/41xx/build/main_controller_interfaces': CMAKE_PREFIX_PATH=${CMAKE_PREFIX_PATH}:/home/ramy_abdulwahed/41xx/install/main_logic_controller:/home/ramy_abdulwahed/best_roswc/install/my_robot_controller:/opt/ros/humble /usr/bin/cmake --build /home/ramy_abdulwahed/41xx/build/main_controller_interfaces -- -j16 -l16
[2.661s] INFO:colcon.colcon_core.task.python.build:Building Python package in '/home/ramy_abdulwahed/41xx/src/main_logic_controller'
[2.661s] INFO:colcon.colcon_core.shell:Skip shell extension 'powershell' for command environment: Not usable outside of PowerShell
[2.661s] DEBUG:colcon.colcon_core.shell:Skip shell extension 'dsv' for command environment
[2.802s] DEBUG:colcon.colcon_core.event_handler.log_command:Invoked command in '/home/ramy_abdulwahed/41xx/build/main_controller_interfaces' returned '0': CMAKE_PREFIX_PATH=${CMAKE_PREFIX_PATH}:/home/ramy_abdulwahed/41xx/install/main_logic_controller:/home/ramy_abdulwahed/best_roswc/install/my_robot_controller:/opt/ros/humble /usr/bin/cmake --build /home/ramy_abdulwahed/41xx/build/main_controller_interfaces -- -j16 -l16
[2.812s] DEBUG:colcon.colcon_core.event_handler.log_command:Invoking command in '/home/ramy_abdulwahed/41xx/build/main_controller_interfaces': CMAKE_PREFIX_PATH=${CMAKE_PREFIX_PATH}:/home/ramy_abdulwahed/41xx/install/main_logic_controller:/home/ramy_abdulwahed/best_roswc/install/my_robot_controller:/opt/ros/humble /usr/bin/cmake --install /home/ramy_abdulwahed/41xx/build/main_controller_interfaces
[2.933s] Level 1:colcon.colcon_core.environment:create_environment_scripts_only(main_controller_interfaces)
[2.933s] DEBUG:colcon.colcon_core.event_handler.log_command:Invoked command in '/home/ramy_abdulwahed/41xx/build/main_controller_interfaces' returned '0': CMAKE_PREFIX_PATH=${CMAKE_PREFIX_PATH}:/home/ramy_abdulwahed/41xx/install/main_logic_controller:/home/ramy_abdulwahed/best_roswc/install/my_robot_controller:/opt/ros/humble /usr/bin/cmake --install /home/ramy_abdulwahed/41xx/build/main_controller_interfaces
[2.940s] Level 1:colcon.colcon_core.environment:checking '/home/ramy_abdulwahed/41xx/install/main_controller_interfaces' for CMake module files
[2.941s] Level 1:colcon.colcon_core.environment:checking '/home/ramy_abdulwahed/41xx/install/main_controller_interfaces' for CMake config files
[2.944s] Level 1:colcon.colcon_core.shell:create_environment_hook('main_controller_interfaces', 'cmake_prefix_path')
[2.944s] INFO:colcon.colcon_core.shell:Creating environment hook '/home/ramy_abdulwahed/41xx/install/main_controller_interfaces/share/main_controller_interfaces/hook/cmake_prefix_path.ps1'
[2.944s] INFO:colcon.colcon_core.shell:Creating environment descriptor '/home/ramy_abdulwahed/41xx/install/main_controller_interfaces/share/main_controller_interfaces/hook/cmake_prefix_path.dsv'
[2.945s] INFO:colcon.colcon_core.shell:Creating environment hook '/home/ramy_abdulwahed/41xx/install/main_controller_interfaces/share/main_controller_interfaces/hook/cmake_prefix_path.sh'
[2.945s] Level 1:colcon.colcon_core.environment:checking '/home/ramy_abdulwahed/41xx/install/main_controller_interfaces/lib'
[2.945s] Level 1:colcon.colcon_core.shell:create_environment_hook('main_controller_interfaces', 'ld_library_path_lib')
[2.945s] INFO:colcon.colcon_core.shell:Creating environment hook '/home/ramy_abdulwahed/41xx/install/main_controller_interfaces/share/main_controller_interfaces/hook/ld_library_path_lib.ps1'
[2.946s] INFO:colcon.colcon_core.shell:Creating environment descriptor '/home/ramy_abdulwahed/41xx/install/main_controller_interfaces/share/main_controller_interfaces/hook/ld_library_path_lib.dsv'
[2.946s] INFO:colcon.colcon_core.shell:Creating environment hook '/home/ramy_abdulwahed/41xx/install/main_controller_interfaces/share/main_controller_interfaces/hook/ld_library_path_lib.sh'
[2.946s] Level 1:colcon.colcon_core.environment:checking '/home/ramy_abdulwahed/41xx/install/main_controller_interfaces/bin'
[2.946s] Level 1:colcon.colcon_core.environment:checking '/home/ramy_abdulwahed/41xx/install/main_controller_interfaces/lib/pkgconfig/main_controller_interfaces.pc'
[2.947s] Level 1:colcon.colcon_core.environment:checking '/home/ramy_abdulwahed/41xx/install/main_controller_interfaces/lib/python3.10/site-packages'
[2.947s] Level 1:colcon.colcon_core.environment:checking '/home/ramy_abdulwahed/41xx/install/main_controller_interfaces/bin'
[2.947s] INFO:colcon.colcon_core.shell:Creating package script '/home/ramy_abdulwahed/41xx/install/main_controller_interfaces/share/main_controller_interfaces/package.ps1'
[2.948s] INFO:colcon.colcon_core.shell:Creating package descriptor '/home/ramy_abdulwahed/41xx/install/main_controller_interfaces/share/main_controller_interfaces/package.dsv'
[2.949s] INFO:colcon.colcon_core.shell:Creating package script '/home/ramy_abdulwahed/41xx/install/main_controller_interfaces/share/main_controller_interfaces/package.sh'
[2.950s] INFO:colcon.colcon_core.shell:Creating package script '/home/ramy_abdulwahed/41xx/install/main_controller_interfaces/share/main_controller_interfaces/package.bash'
[2.951s] INFO:colcon.colcon_core.shell:Creating package script '/home/ramy_abdulwahed/41xx/install/main_controller_interfaces/share/main_controller_interfaces/package.zsh'
[2.951s] Level 1:colcon.colcon_core.environment:create_file_with_runtime_dependencies(/home/ramy_abdulwahed/41xx/install/main_controller_interfaces/share/colcon-core/packages/main_controller_interfaces)
[2.952s] Level 1:colcon.colcon_core.environment:create_environment_scripts_only(main_controller_interfaces)
[2.952s] Level 1:colcon.colcon_core.environment:checking '/home/ramy_abdulwahed/41xx/install/main_controller_interfaces' for CMake module files
[2.952s] Level 1:colcon.colcon_core.environment:checking '/home/ramy_abdulwahed/41xx/install/main_controller_interfaces' for CMake config files
[2.953s] Level 1:colcon.colcon_core.shell:create_environment_hook('main_controller_interfaces', 'cmake_prefix_path')
[2.953s] INFO:colcon.colcon_core.shell:Creating environment hook '/home/ramy_abdulwahed/41xx/install/main_controller_interfaces/share/main_controller_interfaces/hook/cmake_prefix_path.ps1'
[2.953s] INFO:colcon.colcon_core.shell:Creating environment descriptor '/home/ramy_abdulwahed/41xx/install/main_controller_interfaces/share/main_controller_interfaces/hook/cmake_prefix_path.dsv'
[2.954s] INFO:colcon.colcon_core.shell:Creating environment hook '/home/ramy_abdulwahed/41xx/install/main_controller_interfaces/share/main_controller_interfaces/hook/cmake_prefix_path.sh'
[2.954s] Level 1:colcon.colcon_core.environment:checking '/home/ramy_abdulwahed/41xx/install/main_controller_interfaces/lib'
[2.954s] Level 1:colcon.colcon_core.shell:create_environment_hook('main_controller_interfaces', 'ld_library_path_lib')
[2.954s] INFO:colcon.colcon_core.shell:Creating environment hook '/home/ramy_abdulwahed/41xx/install/main_controller_interfaces/share/main_controller_interfaces/hook/ld_library_path_lib.ps1'
[2.954s] INFO:colcon.colcon_core.shell:Creating environment descriptor '/home/ramy_abdulwahed/41xx/install/main_controller_interfaces/share/main_controller_interfaces/hook/ld_library_path_lib.dsv'
[2.955s] INFO:colcon.colcon_core.shell:Creating environment hook '/home/ramy_abdulwahed/41xx/install/main_controller_interfaces/share/main_controller_interfaces/hook/ld_library_path_lib.sh'
[2.955s] Level 1:colcon.colcon_core.environment:checking '/home/ramy_abdulwahed/41xx/install/main_controller_interfaces/bin'
[2.955s] Level 1:colcon.colcon_core.environment:checking '/home/ramy_abdulwahed/41xx/install/main_controller_interfaces/lib/pkgconfig/main_controller_interfaces.pc'
[2.955s] Level 1:colcon.colcon_core.environment:checking '/home/ramy_abdulwahed/41xx/install/main_controller_interfaces/lib/python3.10/site-packages'
[2.955s] Level 1:colcon.colcon_core.environment:checking '/home/ramy_abdulwahed/41xx/install/main_controller_interfaces/bin'
[2.956s] INFO:colcon.colcon_core.shell:Creating package script '/home/ramy_abdulwahed/41xx/install/main_controller_interfaces/share/main_controller_interfaces/package.ps1'
[2.956s] INFO:colcon.colcon_core.shell:Creating package descriptor '/home/ramy_abdulwahed/41xx/install/main_controller_interfaces/share/main_controller_interfaces/package.dsv'
[2.956s] INFO:colcon.colcon_core.shell:Creating package script '/home/ramy_abdulwahed/41xx/install/main_controller_interfaces/share/main_controller_interfaces/package.sh'
[2.957s] INFO:colcon.colcon_core.shell:Creating package script '/home/ramy_abdulwahed/41xx/install/main_controller_interfaces/share/main_controller_interfaces/package.bash'
[2.957s] INFO:colcon.colcon_core.shell:Creating package script '/home/ramy_abdulwahed/41xx/install/main_controller_interfaces/share/main_controller_interfaces/package.zsh'
[2.957s] Level 1:colcon.colcon_core.environment:create_file_with_runtime_dependencies(/home/ramy_abdulwahed/41xx/install/main_controller_interfaces/share/colcon-core/packages/main_controller_interfaces)
[3.447s] DEBUG:colcon.colcon_core.event_handler.log_command:Invoking command in '/home/ramy_abdulwahed/41xx/build/main_logic_controller': PYTHONPATH=/home/ramy_abdulwahed/41xx/build/main_logic_controller/prefix_override:/usr/lib/python3/dist-packages/colcon_core/task/python/colcon_distutils_commands:/home/ramy_abdulwahed/41xx/install/main_logic_controller/lib/python3.10/site-packages:${PYTHONPATH} /usr/bin/python3 -W ignore:setup.py install is deprecated -W ignore:easy_install command is deprecated setup.py develop --editable --build-directory /home/ramy_abdulwahed/41xx/build/main_logic_controller/build --no-deps symlink_data
[3.827s] Level 1:colcon.colcon_core.shell:create_environment_hook('main_logic_controller', 'pythonpath_develop')
[3.828s] DEBUG:colcon.colcon_core.event_handler.log_command:Invoked command in '/home/ramy_abdulwahed/41xx/build/main_logic_controller' returned '0': PYTHONPATH=/home/ramy_abdulwahed/41xx/build/main_logic_controller/prefix_override:/usr/lib/python3/dist-packages/colcon_core/task/python/colcon_distutils_commands:/home/ramy_abdulwahed/41xx/install/main_logic_controller/lib/python3.10/site-packages:${PYTHONPATH} /usr/bin/python3 -W ignore:setup.py install is deprecated -W ignore:easy_install command is deprecated setup.py develop --editable --build-directory /home/ramy_abdulwahed/41xx/build/main_logic_controller/build --no-deps symlink_data
[3.828s] INFO:colcon.colcon_core.shell:Creating environment hook '/home/ramy_abdulwahed/41xx/build/main_logic_controller/share/main_logic_controller/hook/pythonpath_develop.ps1'
[3.829s] INFO:colcon.colcon_core.shell:Creating environment descriptor '/home/ramy_abdulwahed/41xx/build/main_logic_controller/share/main_logic_controller/hook/pythonpath_develop.dsv'
[3.829s] INFO:colcon.colcon_core.shell:Creating environment hook '/home/ramy_abdulwahed/41xx/build/main_logic_controller/share/main_logic_controller/hook/pythonpath_develop.sh'
[3.830s] Level 1:colcon.colcon_core.environment:checking '/home/ramy_abdulwahed/41xx/install/main_logic_controller' for CMake module files
[3.830s] Level 1:colcon.colcon_core.environment:checking '/home/ramy_abdulwahed/41xx/install/main_logic_controller' for CMake config files
[3.835s] Level 1:colcon.colcon_core.environment:checking '/home/ramy_abdulwahed/41xx/install/main_logic_controller/lib'
[3.836s] Level 1:colcon.colcon_core.environment:checking '/home/ramy_abdulwahed/41xx/install/main_logic_controller/bin'
[3.836s] Level 1:colcon.colcon_core.environment:checking '/home/ramy_abdulwahed/41xx/install/main_logic_controller/lib/pkgconfig/main_logic_controller.pc'
[3.836s] Level 1:colcon.colcon_core.environment:checking '/home/ramy_abdulwahed/41xx/install/main_logic_controller/lib/python3.10/site-packages'
[3.836s] Level 1:colcon.colcon_core.shell:create_environment_hook('main_logic_controller', 'pythonpath')
[3.836s] INFO:colcon.colcon_core.shell:Creating environment hook '/home/ramy_abdulwahed/41xx/install/main_logic_controller/share/main_logic_controller/hook/pythonpath.ps1'
[3.836s] INFO:colcon.colcon_core.shell:Creating environment descriptor '/home/ramy_abdulwahed/41xx/install/main_logic_controller/share/main_logic_controller/hook/pythonpath.dsv'
[3.837s] INFO:colcon.colcon_core.shell:Creating environment hook '/home/ramy_abdulwahed/41xx/install/main_logic_controller/share/main_logic_controller/hook/pythonpath.sh'
[3.837s] Level 1:colcon.colcon_core.environment:checking '/home/ramy_abdulwahed/41xx/install/main_logic_controller/bin'
[3.837s] Level 1:colcon.colcon_core.environment:create_environment_scripts_only(main_logic_controller)
[3.837s] INFO:colcon.colcon_core.shell:Creating package script '/home/ramy_abdulwahed/41xx/install/main_logic_controller/share/main_logic_controller/package.ps1'
[3.838s] INFO:colcon.colcon_core.shell:Creating package descriptor '/home/ramy_abdulwahed/41xx/install/main_logic_controller/share/main_logic_controller/package.dsv'
[3.838s] INFO:colcon.colcon_core.shell:Creating package script '/home/ramy_abdulwahed/41xx/install/main_logic_controller/share/main_logic_controller/package.sh'
[3.839s] INFO:colcon.colcon_core.shell:Creating package script '/home/ramy_abdulwahed/41xx/install/main_logic_controller/share/main_logic_controller/package.bash'
[3.839s] INFO:colcon.colcon_core.shell:Creating package script '/home/ramy_abdulwahed/41xx/install/main_logic_controller/share/main_logic_controller/package.zsh'
[3.839s] Level 1:colcon.colcon_core.environment:create_file_with_runtime_dependencies(/home/ramy_abdulwahed/41xx/install/main_logic_controller/share/colcon-core/packages/main_logic_controller)
[3.840s] DEBUG:colcon.colcon_parallel_executor.executor.parallel:closing loop
[3.840s] DEBUG:colcon.colcon_parallel_executor.executor.parallel:loop closed
[3.840s] DEBUG:colcon.colcon_parallel_executor.executor.parallel:run_until_complete finished with '0'
[3.840s] DEBUG:colcon.colcon_core.event_reactor:joining thread
[3.948s] INFO:colcon.colcon_core.plugin_system:Skipping extension 'colcon_notification.desktop_notification.notify_send': Could not find 'notify-send'
[3.948s] INFO:colcon.colcon_core.plugin_system:Skipping extension 'colcon_notification.desktop_notification.terminal_notifier': Not used on non-Darwin systems
[3.948s] INFO:colcon.colcon_core.plugin_system:Skipping extension 'colcon_notification.desktop_notification.win32': Not used on non-Windows systems
[3.948s] INFO:colcon.colcon_notification.desktop_notification:Sending desktop notification using 'notify2'
[3.950s] DEBUG:colcon.colcon_notification.desktop_notification.notify2:Failed to initialize notify2: org.freedesktop.DBus.Error.ServiceUnknown: The name org.freedesktop.Notifications was not provided by any .service files
[3.951s] DEBUG:colcon.colcon_core.event_reactor:joined thread
[3.951s] INFO:colcon.colcon_core.shell:Creating prefix script '/home/ramy_abdulwahed/41xx/install/local_setup.ps1'
[3.953s] INFO:colcon.colcon_core.shell:Creating prefix util module '/home/ramy_abdulwahed/41xx/install/_local_setup_util_ps1.py'
[3.954s] INFO:colcon.colcon_core.shell:Creating prefix chain script '/home/ramy_abdulwahed/41xx/install/setup.ps1'
[3.957s] INFO:colcon.colcon_core.shell:Creating prefix script '/home/ramy_abdulwahed/41xx/install/local_setup.sh'
[3.958s] INFO:colcon.colcon_core.shell:Creating prefix util module '/home/ramy_abdulwahed/41xx/install/_local_setup_util_sh.py'
[3.958s] INFO:colcon.colcon_core.shell:Creating prefix chain script '/home/ramy_abdulwahed/41xx/install/setup.sh'
[3.960s] INFO:colcon.colcon_core.shell:Creating prefix script '/home/ramy_abdulwahed/41xx/install/local_setup.bash'
[3.961s] INFO:colcon.colcon_core.shell:Creating prefix chain script '/home/ramy_abdulwahed/41xx/install/setup.bash'
[3.962s] INFO:colcon.colcon_core.shell:Creating prefix script '/home/ramy_abdulwahed/41xx/install/local_setup.zsh'
[3.963s] INFO:colcon.colcon_core.shell:Creating prefix chain script '/home/ramy_abdulwahed/41xx/install/setup.zsh'
