[0.240s] DEBUG:colcon:Command line arguments: ['/usr/bin/colcon', 'build', '--symlink-install']
[0.240s] DEBUG:colcon:Parsed command line arguments: Namespace(log_base=None, log_level=None, verb_name='build', build_base='build', install_base='install', merge_install=False, symlink_install=True, test_result_base=None, continue_on_error=False, executor='parallel', parallel_workers=16, event_handlers=None, ignore_user_meta=False, metas=['./colcon.meta'], base_paths=['.'], packages_ignore=None, packages_ignore_regex=None, paths=None, packages_up_to=None, packages_up_to_regex=None, packages_above=None, packages_above_and_dependencies=None, packages_above_depth=None, packages_select_by_dep=None, packages_skip_by_dep=None, packages_skip_up_to=None, packages_select_build_failed=False, packages_skip_build_finished=False, packages_select_test_failures=False, packages_skip_test_passed=False, packages_select=None, packages_skip=None, packages_select_regex=None, packages_skip_regex=None, packages_start=None, packages_end=None, allow_overriding=[], cmake_args=None, cmake_target=None, cmake_target_skip_unavailable=False, cmake_clean_cache=False, cmake_clean_first=False, cmake_force_configure=False, ament_cmake_args=None, catkin_cmake_args=None, catkin_skip_building_tests=False, verb_parser=<colcon_defaults.argument_parser.defaults.DefaultArgumentsDecorator object at 0x7797a3fe5930>, verb_extension=<colcon_core.verb.build.BuildVerb object at 0x7797a4162da0>, main=<bound method BuildVerb.main of <colcon_core.verb.build.BuildVerb object at 0x7797a4162da0>>)
[0.438s] Level 1:colcon.colcon_core.package_discovery:discover_packages(colcon_meta) check parameters
[0.439s] Level 1:colcon.colcon_core.package_discovery:discover_packages(recursive) check parameters
[0.439s] Level 1:colcon.colcon_core.package_discovery:discover_packages(ignore) check parameters
[0.439s] Level 1:colcon.colcon_core.package_discovery:discover_packages(path) check parameters
[0.439s] Level 1:colcon.colcon_core.package_discovery:discover_packages(colcon_meta) discover
[0.439s] Level 1:colcon.colcon_core.package_discovery:discover_packages(recursive) discover
[0.439s] INFO:colcon.colcon_core.package_discovery:Crawling recursively for packages in '/home/ramy_abdulwahed/41xx'
[0.439s] Level 1:colcon.colcon_core.package_identification:_identify(.) by extensions ['ignore', 'ignore_ament_install']
[0.439s] Level 1:colcon.colcon_core.package_identification:_identify(.) by extension 'ignore'
[0.439s] Level 1:colcon.colcon_core.package_identification:_identify(.) by extension 'ignore_ament_install'
[0.439s] Level 1:colcon.colcon_core.package_identification:_identify(.) by extensions ['colcon_pkg']
[0.439s] Level 1:colcon.colcon_core.package_identification:_identify(.) by extension 'colcon_pkg'
[0.439s] Level 1:colcon.colcon_core.package_identification:_identify(.) by extensions ['colcon_meta']
[0.439s] Level 1:colcon.colcon_core.package_identification:_identify(.) by extension 'colcon_meta'
[0.439s] Level 1:colcon.colcon_core.package_identification:_identify(.) by extensions ['ros']
[0.439s] Level 1:colcon.colcon_core.package_identification:_identify(.) by extension 'ros'
[0.451s] Level 1:colcon.colcon_core.package_identification:_identify(.) by extensions ['cmake', 'python']
[0.451s] Level 1:colcon.colcon_core.package_identification:_identify(.) by extension 'cmake'
[0.451s] Level 1:colcon.colcon_core.package_identification:_identify(.) by extension 'python'
[0.452s] Level 1:colcon.colcon_core.package_identification:_identify(.) by extensions ['python_setup_py']
[0.452s] Level 1:colcon.colcon_core.package_identification:_identify(.) by extension 'python_setup_py'
[0.452s] Level 1:colcon.colcon_core.package_identification:_identify(build) by extensions ['ignore', 'ignore_ament_install']
[0.452s] Level 1:colcon.colcon_core.package_identification:_identify(build) by extension 'ignore'
[0.452s] Level 1:colcon.colcon_core.package_identification:_identify(build) ignored
[0.452s] Level 1:colcon.colcon_core.package_identification:_identify(install) by extensions ['ignore', 'ignore_ament_install']
[0.452s] Level 1:colcon.colcon_core.package_identification:_identify(install) by extension 'ignore'
[0.452s] Level 1:colcon.colcon_core.package_identification:_identify(install) ignored
[0.452s] Level 1:colcon.colcon_core.package_identification:_identify(log) by extensions ['ignore', 'ignore_ament_install']
[0.452s] Level 1:colcon.colcon_core.package_identification:_identify(log) by extension 'ignore'
[0.452s] Level 1:colcon.colcon_core.package_identification:_identify(log) ignored
[0.452s] Level 1:colcon.colcon_core.package_identification:_identify(src) by extensions ['ignore', 'ignore_ament_install']
[0.452s] Level 1:colcon.colcon_core.package_identification:_identify(src) by extension 'ignore'
[0.452s] Level 1:colcon.colcon_core.package_identification:_identify(src) by extension 'ignore_ament_install'
[0.452s] Level 1:colcon.colcon_core.package_identification:_identify(src) by extensions ['colcon_pkg']
[0.452s] Level 1:colcon.colcon_core.package_identification:_identify(src) by extension 'colcon_pkg'
[0.452s] Level 1:colcon.colcon_core.package_identification:_identify(src) by extensions ['colcon_meta']
[0.453s] Level 1:colcon.colcon_core.package_identification:_identify(src) by extension 'colcon_meta'
[0.453s] Level 1:colcon.colcon_core.package_identification:_identify(src) by extensions ['ros']
[0.453s] Level 1:colcon.colcon_core.package_identification:_identify(src) by extension 'ros'
[0.453s] Level 1:colcon.colcon_core.package_identification:_identify(src) by extensions ['cmake', 'python']
[0.453s] Level 1:colcon.colcon_core.package_identification:_identify(src) by extension 'cmake'
[0.453s] Level 1:colcon.colcon_core.package_identification:_identify(src) by extension 'python'
[0.453s] Level 1:colcon.colcon_core.package_identification:_identify(src) by extensions ['python_setup_py']
[0.453s] Level 1:colcon.colcon_core.package_identification:_identify(src) by extension 'python_setup_py'
[0.453s] Level 1:colcon.colcon_core.package_identification:_identify(src/build) by extensions ['ignore', 'ignore_ament_install']
[0.453s] Level 1:colcon.colcon_core.package_identification:_identify(src/build) by extension 'ignore'
[0.453s] Level 1:colcon.colcon_core.package_identification:_identify(src/build) ignored
[0.453s] Level 1:colcon.colcon_core.package_identification:_identify(src/install) by extensions ['ignore', 'ignore_ament_install']
[0.453s] Level 1:colcon.colcon_core.package_identification:_identify(src/install) by extension 'ignore'
[0.453s] Level 1:colcon.colcon_core.package_identification:_identify(src/install) ignored
[0.453s] Level 1:colcon.colcon_core.package_identification:_identify(src/log) by extensions ['ignore', 'ignore_ament_install']
[0.453s] Level 1:colcon.colcon_core.package_identification:_identify(src/log) by extension 'ignore'
[0.453s] Level 1:colcon.colcon_core.package_identification:_identify(src/log) ignored
[0.453s] Level 1:colcon.colcon_core.package_identification:_identify(src/main_controller_interfaces) by extensions ['ignore', 'ignore_ament_install']
[0.453s] Level 1:colcon.colcon_core.package_identification:_identify(src/main_controller_interfaces) by extension 'ignore'
[0.453s] Level 1:colcon.colcon_core.package_identification:_identify(src/main_controller_interfaces) by extension 'ignore_ament_install'
[0.454s] Level 1:colcon.colcon_core.package_identification:_identify(src/main_controller_interfaces) by extensions ['colcon_pkg']
[0.454s] Level 1:colcon.colcon_core.package_identification:_identify(src/main_controller_interfaces) by extension 'colcon_pkg'
[0.454s] Level 1:colcon.colcon_core.package_identification:_identify(src/main_controller_interfaces) by extensions ['colcon_meta']
[0.454s] Level 1:colcon.colcon_core.package_identification:_identify(src/main_controller_interfaces) by extension 'colcon_meta'
[0.454s] Level 1:colcon.colcon_core.package_identification:_identify(src/main_controller_interfaces) by extensions ['ros']
[0.454s] Level 1:colcon.colcon_core.package_identification:_identify(src/main_controller_interfaces) by extension 'ros'
[0.456s] DEBUG:colcon.colcon_core.package_identification:Package 'src/main_controller_interfaces' with type 'ros.ament_cmake' and name 'main_controller_interfaces'
[0.456s] Level 1:colcon.colcon_core.package_identification:_identify(src/main_logic_controller) by extensions ['ignore', 'ignore_ament_install']
[0.457s] Level 1:colcon.colcon_core.package_identification:_identify(src/main_logic_controller) by extension 'ignore'
[0.457s] Level 1:colcon.colcon_core.package_identification:_identify(src/main_logic_controller) by extension 'ignore_ament_install'
[0.457s] Level 1:colcon.colcon_core.package_identification:_identify(src/main_logic_controller) by extensions ['colcon_pkg']
[0.457s] Level 1:colcon.colcon_core.package_identification:_identify(src/main_logic_controller) by extension 'colcon_pkg'
[0.457s] Level 1:colcon.colcon_core.package_identification:_identify(src/main_logic_controller) by extensions ['colcon_meta']
[0.457s] Level 1:colcon.colcon_core.package_identification:_identify(src/main_logic_controller) by extension 'colcon_meta'
[0.457s] Level 1:colcon.colcon_core.package_identification:_identify(src/main_logic_controller) by extensions ['ros']
[0.457s] Level 1:colcon.colcon_core.package_identification:_identify(src/main_logic_controller) by extension 'ros'
[0.458s] DEBUG:colcon.colcon_core.package_identification:Package 'src/main_logic_controller' with type 'ros.ament_python' and name 'main_logic_controller'
[0.458s] Level 1:colcon.colcon_core.package_identification:_identify(src/main_logic_controller_interfaces) by extensions ['ignore', 'ignore_ament_install']
[0.458s] Level 1:colcon.colcon_core.package_identification:_identify(src/main_logic_controller_interfaces) by extension 'ignore'
[0.458s] Level 1:colcon.colcon_core.package_identification:_identify(src/main_logic_controller_interfaces) by extension 'ignore_ament_install'
[0.458s] Level 1:colcon.colcon_core.package_identification:_identify(src/main_logic_controller_interfaces) by extensions ['colcon_pkg']
[0.458s] Level 1:colcon.colcon_core.package_identification:_identify(src/main_logic_controller_interfaces) by extension 'colcon_pkg'
[0.458s] Level 1:colcon.colcon_core.package_identification:_identify(src/main_logic_controller_interfaces) by extensions ['colcon_meta']
[0.458s] Level 1:colcon.colcon_core.package_identification:_identify(src/main_logic_controller_interfaces) by extension 'colcon_meta'
[0.458s] Level 1:colcon.colcon_core.package_identification:_identify(src/main_logic_controller_interfaces) by extensions ['ros']
[0.458s] Level 1:colcon.colcon_core.package_identification:_identify(src/main_logic_controller_interfaces) by extension 'ros'
[0.458s] Level 1:colcon.colcon_core.package_identification:_identify(src/main_logic_controller_interfaces) by extensions ['cmake', 'python']
[0.458s] Level 1:colcon.colcon_core.package_identification:_identify(src/main_logic_controller_interfaces) by extension 'cmake'
[0.458s] Level 1:colcon.colcon_core.package_identification:_identify(src/main_logic_controller_interfaces) by extension 'python'
[0.458s] Level 1:colcon.colcon_core.package_identification:_identify(src/main_logic_controller_interfaces) by extensions ['python_setup_py']
[0.458s] Level 1:colcon.colcon_core.package_identification:_identify(src/main_logic_controller_interfaces) by extension 'python_setup_py'
[0.458s] Level 1:colcon.colcon_core.package_discovery:discover_packages(recursive) using defaults
[0.458s] Level 1:colcon.colcon_core.package_discovery:discover_packages(ignore) discover
[0.458s] Level 1:colcon.colcon_core.package_discovery:discover_packages(ignore) using defaults
[0.458s] Level 1:colcon.colcon_core.package_discovery:discover_packages(path) discover
[0.458s] Level 1:colcon.colcon_core.package_discovery:discover_packages(path) using defaults
[0.494s] Level 1:colcon.colcon_core.package_discovery:discover_packages(prefix_path) check parameters
[0.495s] Level 1:colcon.colcon_core.package_discovery:discover_packages(prefix_path) discover
[0.497s] DEBUG:colcon.colcon_installed_package_information.package_discovery:Found 2 installed packages in /home/ramy_abdulwahed/41xx/install
[0.497s] DEBUG:colcon.colcon_installed_package_information.package_discovery:Found 2 installed packages in /home/ramy_abdulwahed/best_roswc/install
[0.498s] DEBUG:colcon.colcon_installed_package_information.package_discovery:Found 0 installed packages in /home/ramy_abdulwahed/best_roswc/src/install
[0.499s] DEBUG:colcon.colcon_installed_package_information.package_discovery:Found 400 installed packages in /opt/ros/humble
[0.502s] Level 1:colcon.colcon_core.package_discovery:discover_packages(prefix_path) using defaults
[0.561s] Level 5:colcon.colcon_core.verb:set package 'main_controller_interfaces' build argument 'cmake_args' from command line to 'None'
[0.561s] Level 5:colcon.colcon_core.verb:set package 'main_controller_interfaces' build argument 'cmake_target' from command line to 'None'
[0.561s] Level 5:colcon.colcon_core.verb:set package 'main_controller_interfaces' build argument 'cmake_target_skip_unavailable' from command line to 'False'
[0.561s] Level 5:colcon.colcon_core.verb:set package 'main_controller_interfaces' build argument 'cmake_clean_cache' from command line to 'False'
[0.561s] Level 5:colcon.colcon_core.verb:set package 'main_controller_interfaces' build argument 'cmake_clean_first' from command line to 'False'
[0.561s] Level 5:colcon.colcon_core.verb:set package 'main_controller_interfaces' build argument 'cmake_force_configure' from command line to 'False'
[0.561s] Level 5:colcon.colcon_core.verb:set package 'main_controller_interfaces' build argument 'ament_cmake_args' from command line to 'None'
[0.561s] Level 5:colcon.colcon_core.verb:set package 'main_controller_interfaces' build argument 'catkin_cmake_args' from command line to 'None'
[0.561s] Level 5:colcon.colcon_core.verb:set package 'main_controller_interfaces' build argument 'catkin_skip_building_tests' from command line to 'False'
[0.562s] DEBUG:colcon.colcon_core.verb:Building package 'main_controller_interfaces' with the following arguments: {'ament_cmake_args': None, 'build_base': '/home/ramy_abdulwahed/41xx/build/main_controller_interfaces', 'catkin_cmake_args': None, 'catkin_skip_building_tests': False, 'cmake_args': None, 'cmake_clean_cache': False, 'cmake_clean_first': False, 'cmake_force_configure': False, 'cmake_target': None, 'cmake_target_skip_unavailable': False, 'install_base': '/home/ramy_abdulwahed/41xx/install/main_controller_interfaces', 'merge_install': False, 'path': '/home/ramy_abdulwahed/41xx/src/main_controller_interfaces', 'symlink_install': True, 'test_result_base': None}
[0.562s] Level 5:colcon.colcon_core.verb:set package 'main_logic_controller' build argument 'cmake_args' from command line to 'None'
[0.562s] Level 5:colcon.colcon_core.verb:set package 'main_logic_controller' build argument 'cmake_target' from command line to 'None'
[0.562s] Level 5:colcon.colcon_core.verb:set package 'main_logic_controller' build argument 'cmake_target_skip_unavailable' from command line to 'False'
[0.562s] Level 5:colcon.colcon_core.verb:set package 'main_logic_controller' build argument 'cmake_clean_cache' from command line to 'False'
[0.562s] Level 5:colcon.colcon_core.verb:set package 'main_logic_controller' build argument 'cmake_clean_first' from command line to 'False'
[0.562s] Level 5:colcon.colcon_core.verb:set package 'main_logic_controller' build argument 'cmake_force_configure' from command line to 'False'
[0.562s] Level 5:colcon.colcon_core.verb:set package 'main_logic_controller' build argument 'ament_cmake_args' from command line to 'None'
[0.562s] Level 5:colcon.colcon_core.verb:set package 'main_logic_controller' build argument 'catkin_cmake_args' from command line to 'None'
[0.562s] Level 5:colcon.colcon_core.verb:set package 'main_logic_controller' build argument 'catkin_skip_building_tests' from command line to 'False'
[0.562s] DEBUG:colcon.colcon_core.verb:Building package 'main_logic_controller' with the following arguments: {'ament_cmake_args': None, 'build_base': '/home/ramy_abdulwahed/41xx/build/main_logic_controller', 'catkin_cmake_args': None, 'catkin_skip_building_tests': False, 'cmake_args': None, 'cmake_clean_cache': False, 'cmake_clean_first': False, 'cmake_force_configure': False, 'cmake_target': None, 'cmake_target_skip_unavailable': False, 'install_base': '/home/ramy_abdulwahed/41xx/install/main_logic_controller', 'merge_install': False, 'path': '/home/ramy_abdulwahed/41xx/src/main_logic_controller', 'symlink_install': True, 'test_result_base': None}
[0.563s] INFO:colcon.colcon_core.executor:Executing jobs using 'parallel' executor
[0.564s] DEBUG:colcon.colcon_parallel_executor.executor.parallel:run_until_complete
[0.564s] INFO:colcon.colcon_ros.task.ament_cmake.build:Building ROS package in '/home/ramy_abdulwahed/41xx/src/main_controller_interfaces' with build type 'ament_cmake'
[0.564s] INFO:colcon.colcon_cmake.task.cmake.build:Building CMake package in '/home/ramy_abdulwahed/41xx/src/main_controller_interfaces'
[0.567s] INFO:colcon.colcon_core.plugin_system:Skipping extension 'colcon_core.shell.bat': Not used on non-Windows systems
[0.568s] INFO:colcon.colcon_core.shell:Skip shell extension 'powershell' for command environment: Not usable outside of PowerShell
[0.568s] DEBUG:colcon.colcon_core.shell:Skip shell extension 'dsv' for command environment
[0.573s] INFO:colcon.colcon_ros.task.ament_python.build:Building ROS package in '/home/ramy_abdulwahed/41xx/src/main_logic_controller' with build type 'ament_python'
[0.574s] Level 1:colcon.colcon_core.shell:create_environment_hook('main_logic_controller', 'ament_prefix_path')
[0.574s] INFO:colcon.colcon_core.shell:Creating environment hook '/home/ramy_abdulwahed/41xx/install/main_logic_controller/share/main_logic_controller/hook/ament_prefix_path.ps1'
[0.575s] INFO:colcon.colcon_core.shell:Creating environment descriptor '/home/ramy_abdulwahed/41xx/install/main_logic_controller/share/main_logic_controller/hook/ament_prefix_path.dsv'
[0.576s] INFO:colcon.colcon_core.shell:Creating environment hook '/home/ramy_abdulwahed/41xx/install/main_logic_controller/share/main_logic_controller/hook/ament_prefix_path.sh'
[0.578s] INFO:colcon.colcon_core.shell:Skip shell extension 'powershell' for command environment: Not usable outside of PowerShell
[0.578s] DEBUG:colcon.colcon_core.shell:Skip shell extension 'dsv' for command environment
[0.596s] DEBUG:colcon.colcon_core.event_handler.log_command:Invoking command in '/home/ramy_abdulwahed/41xx/build/main_controller_interfaces': CMAKE_PREFIX_PATH=${CMAKE_PREFIX_PATH}:/home/ramy_abdulwahed/41xx/install/main_logic_controller:/home/ramy_abdulwahed/best_roswc/install/my_robot_controller:/opt/ros/humble /usr/bin/cmake --build /home/ramy_abdulwahed/41xx/build/main_controller_interfaces -- -j16 -l16
[0.943s] INFO:colcon.colcon_core.task.python.build:Building Python package in '/home/ramy_abdulwahed/41xx/src/main_logic_controller'
[0.943s] INFO:colcon.colcon_core.shell:Skip shell extension 'powershell' for command environment: Not usable outside of PowerShell
[0.943s] DEBUG:colcon.colcon_core.shell:Skip shell extension 'dsv' for command environment
[1.050s] DEBUG:colcon.colcon_core.event_handler.log_command:Invoked command in '/home/ramy_abdulwahed/41xx/build/main_controller_interfaces' returned '0': CMAKE_PREFIX_PATH=${CMAKE_PREFIX_PATH}:/home/ramy_abdulwahed/41xx/install/main_logic_controller:/home/ramy_abdulwahed/best_roswc/install/my_robot_controller:/opt/ros/humble /usr/bin/cmake --build /home/ramy_abdulwahed/41xx/build/main_controller_interfaces -- -j16 -l16
[1.062s] DEBUG:colcon.colcon_core.event_handler.log_command:Invoking command in '/home/ramy_abdulwahed/41xx/build/main_controller_interfaces': CMAKE_PREFIX_PATH=${CMAKE_PREFIX_PATH}:/home/ramy_abdulwahed/41xx/install/main_logic_controller:/home/ramy_abdulwahed/best_roswc/install/my_robot_controller:/opt/ros/humble /usr/bin/cmake --install /home/ramy_abdulwahed/41xx/build/main_controller_interfaces
[1.151s] Level 1:colcon.colcon_core.environment:create_environment_scripts_only(main_controller_interfaces)
[1.152s] DEBUG:colcon.colcon_core.event_handler.log_command:Invoked command in '/home/ramy_abdulwahed/41xx/build/main_controller_interfaces' returned '0': CMAKE_PREFIX_PATH=${CMAKE_PREFIX_PATH}:/home/ramy_abdulwahed/41xx/install/main_logic_controller:/home/ramy_abdulwahed/best_roswc/install/my_robot_controller:/opt/ros/humble /usr/bin/cmake --install /home/ramy_abdulwahed/41xx/build/main_controller_interfaces
[1.155s] Level 1:colcon.colcon_core.environment:checking '/home/ramy_abdulwahed/41xx/install/main_controller_interfaces' for CMake module files
[1.155s] Level 1:colcon.colcon_core.environment:checking '/home/ramy_abdulwahed/41xx/install/main_controller_interfaces' for CMake config files
[1.156s] Level 1:colcon.colcon_core.shell:create_environment_hook('main_controller_interfaces', 'cmake_prefix_path')
[1.156s] INFO:colcon.colcon_core.shell:Creating environment hook '/home/ramy_abdulwahed/41xx/install/main_controller_interfaces/share/main_controller_interfaces/hook/cmake_prefix_path.ps1'
[1.157s] INFO:colcon.colcon_core.shell:Creating environment descriptor '/home/ramy_abdulwahed/41xx/install/main_controller_interfaces/share/main_controller_interfaces/hook/cmake_prefix_path.dsv'
[1.157s] INFO:colcon.colcon_core.shell:Creating environment hook '/home/ramy_abdulwahed/41xx/install/main_controller_interfaces/share/main_controller_interfaces/hook/cmake_prefix_path.sh'
[1.158s] Level 1:colcon.colcon_core.environment:checking '/home/ramy_abdulwahed/41xx/install/main_controller_interfaces/lib'
[1.158s] Level 1:colcon.colcon_core.shell:create_environment_hook('main_controller_interfaces', 'ld_library_path_lib')
[1.158s] INFO:colcon.colcon_core.shell:Creating environment hook '/home/ramy_abdulwahed/41xx/install/main_controller_interfaces/share/main_controller_interfaces/hook/ld_library_path_lib.ps1'
[1.159s] INFO:colcon.colcon_core.shell:Creating environment descriptor '/home/ramy_abdulwahed/41xx/install/main_controller_interfaces/share/main_controller_interfaces/hook/ld_library_path_lib.dsv'
[1.159s] INFO:colcon.colcon_core.shell:Creating environment hook '/home/ramy_abdulwahed/41xx/install/main_controller_interfaces/share/main_controller_interfaces/hook/ld_library_path_lib.sh'
[1.159s] Level 1:colcon.colcon_core.environment:checking '/home/ramy_abdulwahed/41xx/install/main_controller_interfaces/bin'
[1.160s] Level 1:colcon.colcon_core.environment:checking '/home/ramy_abdulwahed/41xx/install/main_controller_interfaces/lib/pkgconfig/main_controller_interfaces.pc'
[1.160s] Level 1:colcon.colcon_core.environment:checking '/home/ramy_abdulwahed/41xx/install/main_controller_interfaces/lib/python3.10/site-packages'
[1.160s] Level 1:colcon.colcon_core.environment:checking '/home/ramy_abdulwahed/41xx/install/main_controller_interfaces/bin'
[1.160s] INFO:colcon.colcon_core.shell:Creating package script '/home/ramy_abdulwahed/41xx/install/main_controller_interfaces/share/main_controller_interfaces/package.ps1'
[1.161s] INFO:colcon.colcon_core.shell:Creating package descriptor '/home/ramy_abdulwahed/41xx/install/main_controller_interfaces/share/main_controller_interfaces/package.dsv'
[1.163s] INFO:colcon.colcon_core.shell:Creating package script '/home/ramy_abdulwahed/41xx/install/main_controller_interfaces/share/main_controller_interfaces/package.sh'
[1.165s] INFO:colcon.colcon_core.shell:Creating package script '/home/ramy_abdulwahed/41xx/install/main_controller_interfaces/share/main_controller_interfaces/package.bash'
[1.166s] INFO:colcon.colcon_core.shell:Creating package script '/home/ramy_abdulwahed/41xx/install/main_controller_interfaces/share/main_controller_interfaces/package.zsh'
[1.167s] Level 1:colcon.colcon_core.environment:create_file_with_runtime_dependencies(/home/ramy_abdulwahed/41xx/install/main_controller_interfaces/share/colcon-core/packages/main_controller_interfaces)
[1.168s] Level 1:colcon.colcon_core.environment:create_environment_scripts_only(main_controller_interfaces)
[1.168s] Level 1:colcon.colcon_core.environment:checking '/home/ramy_abdulwahed/41xx/install/main_controller_interfaces' for CMake module files
[1.169s] Level 1:colcon.colcon_core.environment:checking '/home/ramy_abdulwahed/41xx/install/main_controller_interfaces' for CMake config files
[1.170s] Level 1:colcon.colcon_core.shell:create_environment_hook('main_controller_interfaces', 'cmake_prefix_path')
[1.170s] INFO:colcon.colcon_core.shell:Creating environment hook '/home/ramy_abdulwahed/41xx/install/main_controller_interfaces/share/main_controller_interfaces/hook/cmake_prefix_path.ps1'
[1.171s] INFO:colcon.colcon_core.shell:Creating environment descriptor '/home/ramy_abdulwahed/41xx/install/main_controller_interfaces/share/main_controller_interfaces/hook/cmake_prefix_path.dsv'
[1.171s] INFO:colcon.colcon_core.shell:Creating environment hook '/home/ramy_abdulwahed/41xx/install/main_controller_interfaces/share/main_controller_interfaces/hook/cmake_prefix_path.sh'
[1.172s] Level 1:colcon.colcon_core.environment:checking '/home/ramy_abdulwahed/41xx/install/main_controller_interfaces/lib'
[1.172s] Level 1:colcon.colcon_core.shell:create_environment_hook('main_controller_interfaces', 'ld_library_path_lib')
[1.172s] INFO:colcon.colcon_core.shell:Creating environment hook '/home/ramy_abdulwahed/41xx/install/main_controller_interfaces/share/main_controller_interfaces/hook/ld_library_path_lib.ps1'
[1.173s] INFO:colcon.colcon_core.shell:Creating environment descriptor '/home/ramy_abdulwahed/41xx/install/main_controller_interfaces/share/main_controller_interfaces/hook/ld_library_path_lib.dsv'
[1.174s] INFO:colcon.colcon_core.shell:Creating environment hook '/home/ramy_abdulwahed/41xx/install/main_controller_interfaces/share/main_controller_interfaces/hook/ld_library_path_lib.sh'
[1.174s] Level 1:colcon.colcon_core.environment:checking '/home/ramy_abdulwahed/41xx/install/main_controller_interfaces/bin'
[1.174s] Level 1:colcon.colcon_core.environment:checking '/home/ramy_abdulwahed/41xx/install/main_controller_interfaces/lib/pkgconfig/main_controller_interfaces.pc'
[1.174s] Level 1:colcon.colcon_core.environment:checking '/home/ramy_abdulwahed/41xx/install/main_controller_interfaces/lib/python3.10/site-packages'
[1.174s] Level 1:colcon.colcon_core.environment:checking '/home/ramy_abdulwahed/41xx/install/main_controller_interfaces/bin'
[1.175s] INFO:colcon.colcon_core.shell:Creating package script '/home/ramy_abdulwahed/41xx/install/main_controller_interfaces/share/main_controller_interfaces/package.ps1'
[1.175s] INFO:colcon.colcon_core.shell:Creating package descriptor '/home/ramy_abdulwahed/41xx/install/main_controller_interfaces/share/main_controller_interfaces/package.dsv'
[1.176s] INFO:colcon.colcon_core.shell:Creating package script '/home/ramy_abdulwahed/41xx/install/main_controller_interfaces/share/main_controller_interfaces/package.sh'
[1.176s] INFO:colcon.colcon_core.shell:Creating package script '/home/ramy_abdulwahed/41xx/install/main_controller_interfaces/share/main_controller_interfaces/package.bash'
[1.177s] INFO:colcon.colcon_core.shell:Creating package script '/home/ramy_abdulwahed/41xx/install/main_controller_interfaces/share/main_controller_interfaces/package.zsh'
[1.177s] Level 1:colcon.colcon_core.environment:create_file_with_runtime_dependencies(/home/ramy_abdulwahed/41xx/install/main_controller_interfaces/share/colcon-core/packages/main_controller_interfaces)
[1.417s] DEBUG:colcon.colcon_core.event_handler.log_command:Invoking command in '/home/ramy_abdulwahed/41xx/build/main_logic_controller': PYTHONPATH=/home/ramy_abdulwahed/41xx/build/main_logic_controller/prefix_override:/usr/lib/python3/dist-packages/colcon_core/task/python/colcon_distutils_commands:/home/ramy_abdulwahed/41xx/install/main_logic_controller/lib/python3.10/site-packages:${PYTHONPATH} /usr/bin/python3 -W ignore:setup.py install is deprecated -W ignore:easy_install command is deprecated setup.py develop --editable --build-directory /home/ramy_abdulwahed/41xx/build/main_logic_controller/build --no-deps symlink_data
[1.945s] Level 1:colcon.colcon_core.shell:create_environment_hook('main_logic_controller', 'pythonpath_develop')
[1.946s] DEBUG:colcon.colcon_core.event_handler.log_command:Invoked command in '/home/ramy_abdulwahed/41xx/build/main_logic_controller' returned '0': PYTHONPATH=/home/ramy_abdulwahed/41xx/build/main_logic_controller/prefix_override:/usr/lib/python3/dist-packages/colcon_core/task/python/colcon_distutils_commands:/home/ramy_abdulwahed/41xx/install/main_logic_controller/lib/python3.10/site-packages:${PYTHONPATH} /usr/bin/python3 -W ignore:setup.py install is deprecated -W ignore:easy_install command is deprecated setup.py develop --editable --build-directory /home/ramy_abdulwahed/41xx/build/main_logic_controller/build --no-deps symlink_data
[1.946s] INFO:colcon.colcon_core.shell:Creating environment hook '/home/ramy_abdulwahed/41xx/build/main_logic_controller/share/main_logic_controller/hook/pythonpath_develop.ps1'
[1.947s] INFO:colcon.colcon_core.shell:Creating environment descriptor '/home/ramy_abdulwahed/41xx/build/main_logic_controller/share/main_logic_controller/hook/pythonpath_develop.dsv'
[1.948s] INFO:colcon.colcon_core.shell:Creating environment hook '/home/ramy_abdulwahed/41xx/build/main_logic_controller/share/main_logic_controller/hook/pythonpath_develop.sh'
[1.948s] Level 1:colcon.colcon_core.environment:checking '/home/ramy_abdulwahed/41xx/install/main_logic_controller' for CMake module files
[1.949s] Level 1:colcon.colcon_core.environment:checking '/home/ramy_abdulwahed/41xx/install/main_logic_controller' for CMake config files
[1.950s] Level 1:colcon.colcon_core.environment:checking '/home/ramy_abdulwahed/41xx/install/main_logic_controller/lib'
[1.950s] Level 1:colcon.colcon_core.environment:checking '/home/ramy_abdulwahed/41xx/install/main_logic_controller/bin'
[1.950s] Level 1:colcon.colcon_core.environment:checking '/home/ramy_abdulwahed/41xx/install/main_logic_controller/lib/pkgconfig/main_logic_controller.pc'
[1.950s] Level 1:colcon.colcon_core.environment:checking '/home/ramy_abdulwahed/41xx/install/main_logic_controller/lib/python3.10/site-packages'
[1.950s] Level 1:colcon.colcon_core.shell:create_environment_hook('main_logic_controller', 'pythonpath')
[1.950s] INFO:colcon.colcon_core.shell:Creating environment hook '/home/ramy_abdulwahed/41xx/install/main_logic_controller/share/main_logic_controller/hook/pythonpath.ps1'
[1.951s] INFO:colcon.colcon_core.shell:Creating environment descriptor '/home/ramy_abdulwahed/41xx/install/main_logic_controller/share/main_logic_controller/hook/pythonpath.dsv'
[1.951s] INFO:colcon.colcon_core.shell:Creating environment hook '/home/ramy_abdulwahed/41xx/install/main_logic_controller/share/main_logic_controller/hook/pythonpath.sh'
[1.953s] Level 1:colcon.colcon_core.environment:checking '/home/ramy_abdulwahed/41xx/install/main_logic_controller/bin'
[1.953s] Level 1:colcon.colcon_core.environment:create_environment_scripts_only(main_logic_controller)
[1.953s] INFO:colcon.colcon_core.shell:Creating package script '/home/ramy_abdulwahed/41xx/install/main_logic_controller/share/main_logic_controller/package.ps1'
[1.954s] INFO:colcon.colcon_core.shell:Creating package descriptor '/home/ramy_abdulwahed/41xx/install/main_logic_controller/share/main_logic_controller/package.dsv'
[1.955s] INFO:colcon.colcon_core.shell:Creating package script '/home/ramy_abdulwahed/41xx/install/main_logic_controller/share/main_logic_controller/package.sh'
[1.956s] INFO:colcon.colcon_core.shell:Creating package script '/home/ramy_abdulwahed/41xx/install/main_logic_controller/share/main_logic_controller/package.bash'
[1.957s] INFO:colcon.colcon_core.shell:Creating package script '/home/ramy_abdulwahed/41xx/install/main_logic_controller/share/main_logic_controller/package.zsh'
[1.958s] Level 1:colcon.colcon_core.environment:create_file_with_runtime_dependencies(/home/ramy_abdulwahed/41xx/install/main_logic_controller/share/colcon-core/packages/main_logic_controller)
[1.958s] DEBUG:colcon.colcon_parallel_executor.executor.parallel:closing loop
[1.959s] DEBUG:colcon.colcon_parallel_executor.executor.parallel:loop closed
[1.959s] DEBUG:colcon.colcon_parallel_executor.executor.parallel:run_until_complete finished with '0'
[1.960s] DEBUG:colcon.colcon_core.event_reactor:joining thread
[2.072s] INFO:colcon.colcon_core.plugin_system:Skipping extension 'colcon_notification.desktop_notification.notify_send': Could not find 'notify-send'
[2.072s] INFO:colcon.colcon_core.plugin_system:Skipping extension 'colcon_notification.desktop_notification.terminal_notifier': Not used on non-Darwin systems
[2.072s] INFO:colcon.colcon_core.plugin_system:Skipping extension 'colcon_notification.desktop_notification.win32': Not used on non-Windows systems
[2.072s] INFO:colcon.colcon_notification.desktop_notification:Sending desktop notification using 'notify2'
[2.075s] DEBUG:colcon.colcon_notification.desktop_notification.notify2:Failed to initialize notify2: org.freedesktop.DBus.Error.ServiceUnknown: The name org.freedesktop.Notifications was not provided by any .service files
[2.075s] DEBUG:colcon.colcon_core.event_reactor:joined thread
[2.075s] INFO:colcon.colcon_core.shell:Creating prefix script '/home/ramy_abdulwahed/41xx/install/local_setup.ps1'
[2.077s] INFO:colcon.colcon_core.shell:Creating prefix util module '/home/ramy_abdulwahed/41xx/install/_local_setup_util_ps1.py'
[2.079s] INFO:colcon.colcon_core.shell:Creating prefix chain script '/home/ramy_abdulwahed/41xx/install/setup.ps1'
[2.080s] INFO:colcon.colcon_core.shell:Creating prefix script '/home/ramy_abdulwahed/41xx/install/local_setup.sh'
[2.081s] INFO:colcon.colcon_core.shell:Creating prefix util module '/home/ramy_abdulwahed/41xx/install/_local_setup_util_sh.py'
[2.083s] INFO:colcon.colcon_core.shell:Creating prefix chain script '/home/ramy_abdulwahed/41xx/install/setup.sh'
[2.085s] INFO:colcon.colcon_core.shell:Creating prefix script '/home/ramy_abdulwahed/41xx/install/local_setup.bash'
[2.086s] INFO:colcon.colcon_core.shell:Creating prefix chain script '/home/ramy_abdulwahed/41xx/install/setup.bash'
[2.087s] INFO:colcon.colcon_core.shell:Creating prefix script '/home/ramy_abdulwahed/41xx/install/local_setup.zsh'
[2.088s] INFO:colcon.colcon_core.shell:Creating prefix chain script '/home/ramy_abdulwahed/41xx/install/setup.zsh'
