running develop
running egg_info
writing main_logic_controller.egg-info/PKG-INFO
writing dependency_links to main_logic_controller.egg-info/dependency_links.txt
writing entry points to main_logic_controller.egg-info/entry_points.txt
writing requirements to main_logic_controller.egg-info/requires.txt
writing top-level names to main_logic_controller.egg-info/top_level.txt
reading manifest file 'main_logic_controller.egg-info/SOURCES.txt'
writing manifest file 'main_logic_controller.egg-info/SOURCES.txt'
running build_ext
Creating /home/lawnbot/ROS2/lawnbot/install/main_logic_controller/lib/python3.12/site-packages/main-logic-controller.egg-link (link to .)
Installing cmd_vel_emulator script to /home/lawnbot/ROS2/lawnbot/install/main_logic_controller/lib/main_logic_controller
Installing explorer script to /home/lawnbot/ROS2/lawnbot/install/main_logic_controller/lib/main_logic_controller
Installing light script to /home/lawnbot/ROS2/lawnbot/install/main_logic_controller/lib/main_logic_controller
Installing main script to /home/lawnbot/ROS2/lawnbot/install/main_logic_controller/lib/main_logic_controller
Installing motor script to /home/lawnbot/ROS2/lawnbot/install/main_logic_controller/lib/main_logic_controller
Installing object_detector script to /home/lawnbot/ROS2/lawnbot/install/main_logic_controller/lib/main_logic_controller
Installing odom_testing script to /home/lawnbot/ROS2/lawnbot/install/main_logic_controller/lib/main_logic_controller
Installing path script to /home/lawnbot/ROS2/lawnbot/install/main_logic_controller/lib/main_logic_controller
Installing picamera script to /home/lawnbot/ROS2/lawnbot/install/main_logic_controller/lib/main_logic_controller
Installing pump script to /home/lawnbot/ROS2/lawnbot/install/main_logic_controller/lib/main_logic_controller
Installing start_stop_wrapper script to /home/lawnbot/ROS2/lawnbot/install/main_logic_controller/lib/main_logic_controller
Installing vid_streamer script to /home/lawnbot/ROS2/lawnbot/install/main_logic_controller/lib/main_logic_controller

Installed /home/lawnbot/ROS2/lawnbot/build/main_logic_controller
running symlink_data
symbolically linking /home/lawnbot/ROS2/lawnbot/build/main_logic_controller/config/bessstmapJ25.yaml -> /home/lawnbot/ROS2/lawnbot/install/main_logic_controller/share/main_logic_controller/config
symbolically linking /home/lawnbot/ROS2/lawnbot/build/main_logic_controller/config/bessstmapJ25.pgm -> /home/lawnbot/ROS2/lawnbot/install/main_logic_controller/share/main_logic_controller/config
