-- The C compiler identification is GNU 11.4.0
-- The CXX compiler identification is GNU 11.4.0
-- Detecting C compiler ABI info
-- Detecting C compiler ABI info - done
-- Check for working C compiler: /usr/bin/cc - skipped
-- Detecting C compile features
-- Detecting C compile features - done
-- Detecting CXX compiler ABI info
-- Detecting CXX compiler ABI info - done
-- Check for working CXX compiler: /usr/bin/c++ - skipped
-- Detecting CXX compile features
-- Detecting CXX compile features - done
-- Found ament_cmake: 1.3.11 (/opt/ros/humble/share/ament_cmake/cmake)
-- Found Python3: /usr/bin/python3 (found version "3.10.12") found components: Interpreter 
-- Override CMake install command with custom implementation using symlinks instead of copying resources
-- Found rosidl_default_generators: 1.2.0 (/opt/ros/humble/share/rosidl_default_generators/cmake)
-- Using all available rosidl_typesupport_c: rosidl_typesupport_fastrtps_c;rosidl_typesupport_introspection_c
-- Found rosidl_adapter: 3.1.6 (/opt/ros/humble/share/rosidl_adapter/cmake)
-- Using all available rosidl_typesupport_cpp: rosidl_typesupport_fastrtps_cpp;rosidl_typesupport_introspection_cpp
-- Found ament_cmake_ros: 0.10.0 (/opt/ros/humble/share/ament_cmake_ros/cmake)
-- Using all available rosidl_typesupport_c: rosidl_typesupport_fastrtps_c;rosidl_typesupport_introspection_c
-- Using all available rosidl_typesupport_cpp: rosidl_typesupport_fastrtps_cpp;rosidl_typesupport_introspection_cpp
-- Found PythonInterp: /usr/bin/python3 (found suitable version "3.10.12", minimum required is "3.6") 
-- Found python_cmake_module: 0.10.0 (/opt/ros/humble/share/python_cmake_module/cmake)
-- Found PythonLibs: /usr/lib/x86_64-linux-gnu/libpython3.10.so (found suitable version "3.10.12", minimum required is "3.5") 
-- Using PYTHON_EXECUTABLE: /usr/bin/python3
-- Using PYTHON_INCLUDE_DIRS: /usr/include/python3.10
-- Using PYTHON_LIBRARIES: /usr/lib/x86_64-linux-gnu/libpython3.10.so
-- Found PythonExtra: .so  
-- Configuring done
-- Generating done
-- Build files have been written to: /home/ramy_abdulwahed/41xx/build/main_controller_interfaces
[  3%] [34m[1mGenerating C code for ROS interfaces[0m
[  6%] [34m[1mGenerating C++ code for ROS interfaces[0m
[  6%] Built target ament_cmake_python_symlink_main_controller_interfaces
[  6%] Built target main_controller_interfaces__cpp
[  9%] [34m[1mGenerating C++ introspection for ROS interfaces[0m
[ 12%] [34m[1mGenerating C++ type support for eProsima Fast-RTPS[0m
[ 16%] [34m[1mGenerating C++ type support dispatch for ROS interfaces[0m
running egg_info
creating main_controller_interfaces.egg-info
writing main_controller_interfaces.egg-info/PKG-INFO
writing dependency_links to main_controller_interfaces.egg-info/dependency_links.txt
writing top-level names to main_controller_interfaces.egg-info/top_level.txt
writing manifest file 'main_controller_interfaces.egg-info/SOURCES.txt'
reading manifest file 'main_controller_interfaces.egg-info/SOURCES.txt'
writing manifest file 'main_controller_interfaces.egg-info/SOURCES.txt'
[ 19%] [32mBuilding C object CMakeFiles/main_controller_interfaces__rosidl_generator_c.dir/rosidl_generator_c/main_controller_interfaces/msg/detail/motor_data__functions.c.o[0m
[ 19%] Built target ament_cmake_python_build_main_controller_interfaces_egg
[ 22%] [32m[1mLinking C shared library libmain_controller_interfaces__rosidl_generator_c.so[0m
[ 25%] [32mBuilding CXX object CMakeFiles/main_controller_interfaces__rosidl_typesupport_cpp.dir/rosidl_typesupport_cpp/main_controller_interfaces/msg/motor_data__type_support.cpp.o[0m
[ 29%] [32mBuilding CXX object CMakeFiles/main_controller_interfaces__rosidl_typesupport_introspection_cpp.dir/rosidl_typesupport_introspection_cpp/main_controller_interfaces/msg/detail/motor_data__type_support.cpp.o[0m
[ 32%] [32mBuilding CXX object CMakeFiles/main_controller_interfaces__rosidl_typesupport_fastrtps_cpp.dir/rosidl_typesupport_fastrtps_cpp/main_controller_interfaces/msg/detail/dds_fastrtps/motor_data__type_support.cpp.o[0m
[ 32%] Built target main_controller_interfaces__rosidl_generator_c
[ 35%] [34m[1mGenerating C introspection for ROS interfaces[0m
[ 38%] [34m[1mGenerating C type support for eProsima Fast-RTPS[0m
[ 41%] [34m[1mGenerating C type support dispatch for ROS interfaces[0m
[ 45%] [32mBuilding C object CMakeFiles/main_controller_interfaces__rosidl_typesupport_introspection_c.dir/rosidl_typesupport_introspection_c/main_controller_interfaces/msg/detail/motor_data__type_support.c.o[0m
[ 48%] [32mBuilding CXX object CMakeFiles/main_controller_interfaces__rosidl_typesupport_fastrtps_c.dir/rosidl_typesupport_fastrtps_c/main_controller_interfaces/msg/detail/motor_data__type_support_c.cpp.o[0m
[ 51%] [32mBuilding CXX object CMakeFiles/main_controller_interfaces__rosidl_typesupport_c.dir/rosidl_typesupport_c/main_controller_interfaces/msg/motor_data__type_support.cpp.o[0m
[ 54%] [32m[1mLinking C shared library libmain_controller_interfaces__rosidl_typesupport_introspection_c.so[0m
[ 58%] [32m[1mLinking CXX shared library libmain_controller_interfaces__rosidl_typesupport_cpp.so[0m
[ 61%] [32m[1mLinking CXX shared library libmain_controller_interfaces__rosidl_typesupport_c.so[0m
[ 64%] [32m[1mLinking CXX shared library libmain_controller_interfaces__rosidl_typesupport_introspection_cpp.so[0m
[ 67%] [32m[1mLinking CXX shared library libmain_controller_interfaces__rosidl_typesupport_fastrtps_cpp.so[0m
[ 67%] Built target main_controller_interfaces__rosidl_typesupport_introspection_c
[ 67%] Built target main_controller_interfaces__rosidl_typesupport_cpp
[ 67%] Built target main_controller_interfaces__rosidl_typesupport_c
[ 67%] Built target main_controller_interfaces__rosidl_typesupport_introspection_cpp
[ 70%] [32m[1mLinking CXX shared library libmain_controller_interfaces__rosidl_typesupport_fastrtps_c.so[0m
[ 70%] Built target main_controller_interfaces__rosidl_typesupport_fastrtps_cpp
[ 70%] Built target main_controller_interfaces__rosidl_typesupport_fastrtps_c
[ 70%] Built target main_controller_interfaces
[ 74%] [34m[1mGenerating Python code for ROS interfaces[0m
[ 74%] Built target main_controller_interfaces__py
[ 77%] [32mBuilding C object CMakeFiles/main_controller_interfaces__rosidl_generator_py.dir/rosidl_generator_py/main_controller_interfaces/msg/_motor_data_s.c.o[0m
[ 80%] [32m[1mLinking C shared library rosidl_generator_py/main_controller_interfaces/libmain_controller_interfaces__rosidl_generator_py.so[0m
[ 80%] Built target main_controller_interfaces__rosidl_generator_py
[ 83%] [32mBuilding C object CMakeFiles/main_controller_interfaces__rosidl_typesupport_fastrtps_c__pyext.dir/rosidl_generator_py/main_controller_interfaces/_main_controller_interfaces_s.ep.rosidl_typesupport_fastrtps_c.c.o[0m
[ 87%] [32mBuilding C object CMakeFiles/main_controller_interfaces__rosidl_typesupport_introspection_c__pyext.dir/rosidl_generator_py/main_controller_interfaces/_main_controller_interfaces_s.ep.rosidl_typesupport_introspection_c.c.o[0m
[ 90%] [32mBuilding C object CMakeFiles/main_controller_interfaces__rosidl_typesupport_c__pyext.dir/rosidl_generator_py/main_controller_interfaces/_main_controller_interfaces_s.ep.rosidl_typesupport_c.c.o[0m
[ 93%] [32m[1mLinking C shared library rosidl_generator_py/main_controller_interfaces/main_controller_interfaces_s__rosidl_typesupport_c.cpython-310-x86_64-linux-gnu.so[0m
[ 96%] [32m[1mLinking C shared library rosidl_generator_py/main_controller_interfaces/main_controller_interfaces_s__rosidl_typesupport_introspection_c.cpython-310-x86_64-linux-gnu.so[0m
[100%] [32m[1mLinking C shared library rosidl_generator_py/main_controller_interfaces/main_controller_interfaces_s__rosidl_typesupport_fastrtps_c.cpython-310-x86_64-linux-gnu.so[0m
[100%] Built target main_controller_interfaces__rosidl_typesupport_c__pyext
[100%] Built target main_controller_interfaces__rosidl_typesupport_introspection_c__pyext
[100%] Built target main_controller_interfaces__rosidl_typesupport_fastrtps_c__pyext
-- Install configuration: ""
-- Execute custom install script
-- Symlinking: /home/ramy_abdulwahed/41xx/install/main_controller_interfaces/share/ament_index/resource_index/rosidl_interfaces/main_controller_interfaces
-- Symlinking: /home/ramy_abdulwahed/41xx/install/main_controller_interfaces/include/main_controller_interfaces/main_controller_interfaces/msg/detail/motor_data__functions.h
-- Symlinking: /home/ramy_abdulwahed/41xx/install/main_controller_interfaces/include/main_controller_interfaces/main_controller_interfaces/msg/detail/motor_data__struct.h
-- Symlinking: /home/ramy_abdulwahed/41xx/install/main_controller_interfaces/include/main_controller_interfaces/main_controller_interfaces/msg/detail/motor_data__type_support.h
-- Symlinking: /home/ramy_abdulwahed/41xx/install/main_controller_interfaces/include/main_controller_interfaces/main_controller_interfaces/msg/motor_data.h
-- Symlinking: /home/ramy_abdulwahed/41xx/install/main_controller_interfaces/include/main_controller_interfaces/main_controller_interfaces/msg/rosidl_generator_c__visibility_control.h
-- Symlinking: /home/ramy_abdulwahed/41xx/install/main_controller_interfaces/share/main_controller_interfaces/environment/library_path.sh
-- Symlinking: /home/ramy_abdulwahed/41xx/install/main_controller_interfaces/share/main_controller_interfaces/environment/library_path.dsv
-- Symlinking: /home/ramy_abdulwahed/41xx/install/main_controller_interfaces/include/main_controller_interfaces/main_controller_interfaces/msg/detail/motor_data__rosidl_typesupport_fastrtps_c.h
-- Symlinking: /home/ramy_abdulwahed/41xx/install/main_controller_interfaces/include/main_controller_interfaces/main_controller_interfaces/msg/rosidl_typesupport_fastrtps_c__visibility_control.h
-- Symlinking: /home/ramy_abdulwahed/41xx/install/main_controller_interfaces/include/main_controller_interfaces/main_controller_interfaces/msg/detail/motor_data__rosidl_typesupport_introspection_c.h
-- Symlinking: /home/ramy_abdulwahed/41xx/install/main_controller_interfaces/include/main_controller_interfaces/main_controller_interfaces/msg/rosidl_typesupport_introspection_c__visibility_control.h
-- Symlinking: /home/ramy_abdulwahed/41xx/install/main_controller_interfaces/include/main_controller_interfaces/main_controller_interfaces/msg/detail/motor_data__builder.hpp
-- Symlinking: /home/ramy_abdulwahed/41xx/install/main_controller_interfaces/include/main_controller_interfaces/main_controller_interfaces/msg/detail/motor_data__struct.hpp
-- Symlinking: /home/ramy_abdulwahed/41xx/install/main_controller_interfaces/include/main_controller_interfaces/main_controller_interfaces/msg/detail/motor_data__traits.hpp
-- Symlinking: /home/ramy_abdulwahed/41xx/install/main_controller_interfaces/include/main_controller_interfaces/main_controller_interfaces/msg/detail/motor_data__type_support.hpp
-- Symlinking: /home/ramy_abdulwahed/41xx/install/main_controller_interfaces/include/main_controller_interfaces/main_controller_interfaces/msg/motor_data.hpp
-- Symlinking: /home/ramy_abdulwahed/41xx/install/main_controller_interfaces/include/main_controller_interfaces/main_controller_interfaces/msg/rosidl_generator_cpp__visibility_control.hpp
-- Symlinking: /home/ramy_abdulwahed/41xx/install/main_controller_interfaces/include/main_controller_interfaces/main_controller_interfaces/msg/detail/motor_data__rosidl_typesupport_fastrtps_cpp.hpp
-- Symlinking: /home/ramy_abdulwahed/41xx/install/main_controller_interfaces/include/main_controller_interfaces/main_controller_interfaces/msg/rosidl_typesupport_fastrtps_cpp__visibility_control.h
-- Symlinking: /home/ramy_abdulwahed/41xx/install/main_controller_interfaces/include/main_controller_interfaces/main_controller_interfaces/msg/detail/motor_data__rosidl_typesupport_introspection_cpp.hpp
-- Symlinking: /home/ramy_abdulwahed/41xx/install/main_controller_interfaces/share/main_controller_interfaces/environment/pythonpath.sh
-- Symlinking: /home/ramy_abdulwahed/41xx/install/main_controller_interfaces/share/main_controller_interfaces/environment/pythonpath.dsv
-- Symlinking: /home/ramy_abdulwahed/41xx/install/main_controller_interfaces/local/lib/python3.10/dist-packages/main_controller_interfaces-0.0.0-py3.10.egg-info/PKG-INFO
-- Symlinking: /home/ramy_abdulwahed/41xx/install/main_controller_interfaces/local/lib/python3.10/dist-packages/main_controller_interfaces-0.0.0-py3.10.egg-info/SOURCES.txt
-- Symlinking: /home/ramy_abdulwahed/41xx/install/main_controller_interfaces/local/lib/python3.10/dist-packages/main_controller_interfaces-0.0.0-py3.10.egg-info/dependency_links.txt
-- Symlinking: /home/ramy_abdulwahed/41xx/install/main_controller_interfaces/local/lib/python3.10/dist-packages/main_controller_interfaces-0.0.0-py3.10.egg-info/top_level.txt
-- Symlinking: /home/ramy_abdulwahed/41xx/install/main_controller_interfaces/local/lib/python3.10/dist-packages/main_controller_interfaces/__init__.py
-- Symlinking: /home/ramy_abdulwahed/41xx/install/main_controller_interfaces/local/lib/python3.10/dist-packages/main_controller_interfaces/_main_controller_interfaces_s.ep.rosidl_typesupport_c.c
-- Symlinking: /home/ramy_abdulwahed/41xx/install/main_controller_interfaces/local/lib/python3.10/dist-packages/main_controller_interfaces/_main_controller_interfaces_s.ep.rosidl_typesupport_fastrtps_c.c
-- Symlinking: /home/ramy_abdulwahed/41xx/install/main_controller_interfaces/local/lib/python3.10/dist-packages/main_controller_interfaces/_main_controller_interfaces_s.ep.rosidl_typesupport_introspection_c.c
-- Symlinking: /home/ramy_abdulwahed/41xx/install/main_controller_interfaces/local/lib/python3.10/dist-packages/main_controller_interfaces/libmain_controller_interfaces__rosidl_generator_py.so
-- Symlinking: /home/ramy_abdulwahed/41xx/install/main_controller_interfaces/local/lib/python3.10/dist-packages/main_controller_interfaces/main_controller_interfaces_s__rosidl_typesupport_c.cpython-310-x86_64-linux-gnu.so
-- Symlinking: /home/ramy_abdulwahed/41xx/install/main_controller_interfaces/local/lib/python3.10/dist-packages/main_controller_interfaces/main_controller_interfaces_s__rosidl_typesupport_fastrtps_c.cpython-310-x86_64-linux-gnu.so
-- Symlinking: /home/ramy_abdulwahed/41xx/install/main_controller_interfaces/local/lib/python3.10/dist-packages/main_controller_interfaces/main_controller_interfaces_s__rosidl_typesupport_introspection_c.cpython-310-x86_64-linux-gnu.so
-- Symlinking: /home/ramy_abdulwahed/41xx/install/main_controller_interfaces/local/lib/python3.10/dist-packages/main_controller_interfaces/msg/__init__.py
-- Symlinking: /home/ramy_abdulwahed/41xx/install/main_controller_interfaces/local/lib/python3.10/dist-packages/main_controller_interfaces/msg/_motor_data.py
-- Symlinking: /home/ramy_abdulwahed/41xx/install/main_controller_interfaces/local/lib/python3.10/dist-packages/main_controller_interfaces/msg/_motor_data_s.c
-- Up-to-date symlink: /home/ramy_abdulwahed/41xx/install/main_controller_interfaces/local/lib/python3.10/dist-packages/main_controller_interfaces/main_controller_interfaces_s__rosidl_typesupport_fastrtps_c.cpython-310-x86_64-linux-gnu.so
-- Up-to-date symlink: /home/ramy_abdulwahed/41xx/install/main_controller_interfaces/local/lib/python3.10/dist-packages/main_controller_interfaces/main_controller_interfaces_s__rosidl_typesupport_introspection_c.cpython-310-x86_64-linux-gnu.so
-- Up-to-date symlink: /home/ramy_abdulwahed/41xx/install/main_controller_interfaces/local/lib/python3.10/dist-packages/main_controller_interfaces/main_controller_interfaces_s__rosidl_typesupport_c.cpython-310-x86_64-linux-gnu.so
-- Symlinking: /home/ramy_abdulwahed/41xx/install/main_controller_interfaces/share/main_controller_interfaces/msg/MotorData.idl
-- Symlinking: /home/ramy_abdulwahed/41xx/install/main_controller_interfaces/share/main_controller_interfaces/msg/MotorData.msg
-- Symlinking: /home/ramy_abdulwahed/41xx/install/main_controller_interfaces/share/ament_index/resource_index/package_run_dependencies/main_controller_interfaces
-- Symlinking: /home/ramy_abdulwahed/41xx/install/main_controller_interfaces/share/ament_index/resource_index/parent_prefix_path/main_controller_interfaces
-- Symlinking: /home/ramy_abdulwahed/41xx/install/main_controller_interfaces/share/main_controller_interfaces/environment/ament_prefix_path.sh
-- Symlinking: /home/ramy_abdulwahed/41xx/install/main_controller_interfaces/share/main_controller_interfaces/environment/ament_prefix_path.dsv
-- Symlinking: /home/ramy_abdulwahed/41xx/install/main_controller_interfaces/share/main_controller_interfaces/environment/path.sh
-- Symlinking: /home/ramy_abdulwahed/41xx/install/main_controller_interfaces/share/main_controller_interfaces/environment/path.dsv
-- Symlinking: /home/ramy_abdulwahed/41xx/install/main_controller_interfaces/share/main_controller_interfaces/local_setup.bash
-- Symlinking: /home/ramy_abdulwahed/41xx/install/main_controller_interfaces/share/main_controller_interfaces/local_setup.sh
-- Symlinking: /home/ramy_abdulwahed/41xx/install/main_controller_interfaces/share/main_controller_interfaces/local_setup.zsh
-- Symlinking: /home/ramy_abdulwahed/41xx/install/main_controller_interfaces/share/main_controller_interfaces/local_setup.dsv
-- Symlinking: /home/ramy_abdulwahed/41xx/install/main_controller_interfaces/share/main_controller_interfaces/package.dsv
-- Symlinking: /home/ramy_abdulwahed/41xx/install/main_controller_interfaces/share/ament_index/resource_index/packages/main_controller_interfaces
-- Symlinking: /home/ramy_abdulwahed/41xx/install/main_controller_interfaces/share/main_controller_interfaces/cmake/rosidl_cmake-extras.cmake
-- Symlinking: /home/ramy_abdulwahed/41xx/install/main_controller_interfaces/share/main_controller_interfaces/cmake/ament_cmake_export_include_directories-extras.cmake
-- Symlinking: /home/ramy_abdulwahed/41xx/install/main_controller_interfaces/share/main_controller_interfaces/cmake/ament_cmake_export_libraries-extras.cmake
-- Symlinking: /home/ramy_abdulwahed/41xx/install/main_controller_interfaces/share/main_controller_interfaces/cmake/ament_cmake_export_targets-extras.cmake
-- Symlinking: /home/ramy_abdulwahed/41xx/install/main_controller_interfaces/share/main_controller_interfaces/cmake/rosidl_cmake_export_typesupport_targets-extras.cmake
-- Symlinking: /home/ramy_abdulwahed/41xx/install/main_controller_interfaces/share/main_controller_interfaces/cmake/ament_cmake_export_dependencies-extras.cmake
-- Symlinking: /home/ramy_abdulwahed/41xx/install/main_controller_interfaces/share/main_controller_interfaces/cmake/rosidl_cmake_export_typesupport_libraries-extras.cmake
-- Symlinking: /home/ramy_abdulwahed/41xx/install/main_controller_interfaces/share/main_controller_interfaces/cmake/main_controller_interfacesConfig.cmake
-- Symlinking: /home/ramy_abdulwahed/41xx/install/main_controller_interfaces/share/main_controller_interfaces/cmake/main_controller_interfacesConfig-version.cmake
-- Symlinking: /home/ramy_abdulwahed/41xx/install/main_controller_interfaces/share/main_controller_interfaces/package.xml
-- Installing: /home/ramy_abdulwahed/41xx/install/main_controller_interfaces/lib/libmain_controller_interfaces__rosidl_generator_c.so
-- Set runtime path of "/home/ramy_abdulwahed/41xx/install/main_controller_interfaces/lib/libmain_controller_interfaces__rosidl_generator_c.so" to ""
-- Installing: /home/ramy_abdulwahed/41xx/install/main_controller_interfaces/lib/libmain_controller_interfaces__rosidl_typesupport_fastrtps_c.so
-- Set runtime path of "/home/ramy_abdulwahed/41xx/install/main_controller_interfaces/lib/libmain_controller_interfaces__rosidl_typesupport_fastrtps_c.so" to ""
-- Installing: /home/ramy_abdulwahed/41xx/install/main_controller_interfaces/lib/libmain_controller_interfaces__rosidl_typesupport_introspection_c.so
-- Set runtime path of "/home/ramy_abdulwahed/41xx/install/main_controller_interfaces/lib/libmain_controller_interfaces__rosidl_typesupport_introspection_c.so" to ""
-- Installing: /home/ramy_abdulwahed/41xx/install/main_controller_interfaces/lib/libmain_controller_interfaces__rosidl_typesupport_c.so
-- Set runtime path of "/home/ramy_abdulwahed/41xx/install/main_controller_interfaces/lib/libmain_controller_interfaces__rosidl_typesupport_c.so" to ""
-- Installing: /home/ramy_abdulwahed/41xx/install/main_controller_interfaces/lib/libmain_controller_interfaces__rosidl_typesupport_fastrtps_cpp.so
-- Set runtime path of "/home/ramy_abdulwahed/41xx/install/main_controller_interfaces/lib/libmain_controller_interfaces__rosidl_typesupport_fastrtps_cpp.so" to ""
-- Installing: /home/ramy_abdulwahed/41xx/install/main_controller_interfaces/lib/libmain_controller_interfaces__rosidl_typesupport_introspection_cpp.so
-- Set runtime path of "/home/ramy_abdulwahed/41xx/install/main_controller_interfaces/lib/libmain_controller_interfaces__rosidl_typesupport_introspection_cpp.so" to ""
-- Installing: /home/ramy_abdulwahed/41xx/install/main_controller_interfaces/lib/libmain_controller_interfaces__rosidl_typesupport_cpp.so
-- Set runtime path of "/home/ramy_abdulwahed/41xx/install/main_controller_interfaces/lib/libmain_controller_interfaces__rosidl_typesupport_cpp.so" to ""
Listing '/home/ramy_abdulwahed/41xx/install/main_controller_interfaces/local/lib/python3.10/dist-packages/main_controller_interfaces'...
Compiling '/home/ramy_abdulwahed/41xx/install/main_controller_interfaces/local/lib/python3.10/dist-packages/main_controller_interfaces/__init__.py'...
Listing '/home/ramy_abdulwahed/41xx/install/main_controller_interfaces/local/lib/python3.10/dist-packages/main_controller_interfaces/msg'...
Compiling '/home/ramy_abdulwahed/41xx/install/main_controller_interfaces/local/lib/python3.10/dist-packages/main_controller_interfaces/msg/__init__.py'...
Compiling '/home/ramy_abdulwahed/41xx/install/main_controller_interfaces/local/lib/python3.10/dist-packages/main_controller_interfaces/msg/_motor_data.py'...
-- Installing: /home/ramy_abdulwahed/41xx/install/main_controller_interfaces/lib/libmain_controller_interfaces__rosidl_generator_py.so
-- Set runtime path of "/home/ramy_abdulwahed/41xx/install/main_controller_interfaces/lib/libmain_controller_interfaces__rosidl_generator_py.so" to ""
-- Installing: /home/ramy_abdulwahed/41xx/install/main_controller_interfaces/share/main_controller_interfaces/cmake/export_main_controller_interfaces__rosidl_generator_cExport.cmake
-- Installing: /home/ramy_abdulwahed/41xx/install/main_controller_interfaces/share/main_controller_interfaces/cmake/export_main_controller_interfaces__rosidl_generator_cExport-noconfig.cmake
-- Installing: /home/ramy_abdulwahed/41xx/install/main_controller_interfaces/share/main_controller_interfaces/cmake/export_main_controller_interfaces__rosidl_typesupport_fastrtps_cExport.cmake
-- Installing: /home/ramy_abdulwahed/41xx/install/main_controller_interfaces/share/main_controller_interfaces/cmake/export_main_controller_interfaces__rosidl_typesupport_fastrtps_cExport-noconfig.cmake
-- Installing: /home/ramy_abdulwahed/41xx/install/main_controller_interfaces/share/main_controller_interfaces/cmake/main_controller_interfaces__rosidl_typesupport_introspection_cExport.cmake
-- Installing: /home/ramy_abdulwahed/41xx/install/main_controller_interfaces/share/main_controller_interfaces/cmake/main_controller_interfaces__rosidl_typesupport_introspection_cExport-noconfig.cmake
-- Installing: /home/ramy_abdulwahed/41xx/install/main_controller_interfaces/share/main_controller_interfaces/cmake/main_controller_interfaces__rosidl_typesupport_cExport.cmake
-- Installing: /home/ramy_abdulwahed/41xx/install/main_controller_interfaces/share/main_controller_interfaces/cmake/main_controller_interfaces__rosidl_typesupport_cExport-noconfig.cmake
-- Installing: /home/ramy_abdulwahed/41xx/install/main_controller_interfaces/share/main_controller_interfaces/cmake/export_main_controller_interfaces__rosidl_generator_cppExport.cmake
-- Installing: /home/ramy_abdulwahed/41xx/install/main_controller_interfaces/share/main_controller_interfaces/cmake/export_main_controller_interfaces__rosidl_typesupport_fastrtps_cppExport.cmake
-- Installing: /home/ramy_abdulwahed/41xx/install/main_controller_interfaces/share/main_controller_interfaces/cmake/export_main_controller_interfaces__rosidl_typesupport_fastrtps_cppExport-noconfig.cmake
-- Installing: /home/ramy_abdulwahed/41xx/install/main_controller_interfaces/share/main_controller_interfaces/cmake/main_controller_interfaces__rosidl_typesupport_introspection_cppExport.cmake
-- Installing: /home/ramy_abdulwahed/41xx/install/main_controller_interfaces/share/main_controller_interfaces/cmake/main_controller_interfaces__rosidl_typesupport_introspection_cppExport-noconfig.cmake
-- Installing: /home/ramy_abdulwahed/41xx/install/main_controller_interfaces/share/main_controller_interfaces/cmake/main_controller_interfaces__rosidl_typesupport_cppExport.cmake
-- Installing: /home/ramy_abdulwahed/41xx/install/main_controller_interfaces/share/main_controller_interfaces/cmake/main_controller_interfaces__rosidl_typesupport_cppExport-noconfig.cmake
-- Installing: /home/ramy_abdulwahed/41xx/install/main_controller_interfaces/share/main_controller_interfaces/cmake/export_main_controller_interfaces__rosidl_generator_pyExport.cmake
-- Installing: /home/ramy_abdulwahed/41xx/install/main_controller_interfaces/share/main_controller_interfaces/cmake/export_main_controller_interfaces__rosidl_generator_pyExport-noconfig.cmake
