[2.016s] Invoking command in '/home/lawnbot/ROS2/lawnbot/build/main_logic_controller': AMENT_PREFIX_PATH=/home/lawnbot/ROS2/lawnbot/install/custom_explorer:/home/lawnbot/ROS2/install/sllidar_ros2:/home/lawnbot/ROS2/install/lawnbot_ros2:/home/lawnbot/ROS2/install/custom_message:/home/lawnbot/ROS2/lawnbot/install/main_logic_controller:/home/lawnbot/ROS2/lawnbot/install/main_controller_interfaces:/home/lawnbot/ROS2/src/lawnbot_ros2/install/lawnbot_ros2:/opt/ros/jazzy DEBUGINFOD_URLS=https://debuginfod.ubuntu.com PYTHONPATH=/home/lawnbot/ROS2/lawnbot/build/main_logic_controller/prefix_override:/usr/lib/python3/dist-packages/colcon_core/task/python/colcon_distutils_commands:/home/lawnbot/ROS2/lawnbot/install/main_logic_controller/lib/python3.12/site-packages:/home/lawnbot/ROS2/lawnbot/build/custom_explorer:/home/lawnbot/ROS2/lawnbot/install/custom_explorer/lib/python3.12/site-packages:/home/lawnbot/ROS2/lawnbot/build/main_logic_controller:/home/lawnbot/ROS2/install/lawnbot_ros2/lib/python3.12/site-packages:/home/lawnbot/ROS2/install/custom_message/lib/python3.12/site-packages:/home/lawnbot/ROS2/lawnbot/install/main_logic_controller/lib/python3.12/site-packages:/home/lawnbot/ROS2/lawnbot/install/main_controller_interfaces/lib/python3.12/site-packages:/home/lawnbot/ROS2/src/lawnbot_ros2/install/lawnbot_ros2/lib/python3.12/site-packages:/opt/ros/jazzy/lib/python3.12/site-packages:/home/lawnbot/Downloads/my_venv/lib/python3.12/site-packages /usr/bin/python3 -W ignore:setup.py install is deprecated -W ignore:easy_install command is deprecated setup.py develop --editable --build-directory /home/lawnbot/ROS2/lawnbot/build/main_logic_controller/build --no-deps symlink_data
[2.532s] running develop
[2.869s] running egg_info
[2.900s] writing main_logic_controller.egg-info/PKG-INFO
[2.901s] writing dependency_links to main_logic_controller.egg-info/dependency_links.txt
[2.902s] writing entry points to main_logic_controller.egg-info/entry_points.txt
[2.902s] writing requirements to main_logic_controller.egg-info/requires.txt
[2.903s] writing top-level names to main_logic_controller.egg-info/top_level.txt
[2.971s] reading manifest file 'main_logic_controller.egg-info/SOURCES.txt'
[2.973s] writing manifest file 'main_logic_controller.egg-info/SOURCES.txt'
[3.008s] running build_ext
[3.008s] Creating /home/lawnbot/ROS2/lawnbot/install/main_logic_controller/lib/python3.12/site-packages/main-logic-controller.egg-link (link to .)
[3.009s] Installing cmd_vel_emulator script to /home/lawnbot/ROS2/lawnbot/install/main_logic_controller/lib/main_logic_controller
[3.009s] Installing explorer script to /home/lawnbot/ROS2/lawnbot/install/main_logic_controller/lib/main_logic_controller
[3.009s] Installing light script to /home/lawnbot/ROS2/lawnbot/install/main_logic_controller/lib/main_logic_controller
[3.010s] Installing main script to /home/lawnbot/ROS2/lawnbot/install/main_logic_controller/lib/main_logic_controller
[3.010s] Installing motor script to /home/lawnbot/ROS2/lawnbot/install/main_logic_controller/lib/main_logic_controller
[3.010s] Installing object_detector script to /home/lawnbot/ROS2/lawnbot/install/main_logic_controller/lib/main_logic_controller
[3.010s] Installing path script to /home/lawnbot/ROS2/lawnbot/install/main_logic_controller/lib/main_logic_controller
[3.010s] Installing picamera script to /home/lawnbot/ROS2/lawnbot/install/main_logic_controller/lib/main_logic_controller
[3.011s] Installing pump script to /home/lawnbot/ROS2/lawnbot/install/main_logic_controller/lib/main_logic_controller
[3.011s] Installing start_stop_wrapper script to /home/lawnbot/ROS2/lawnbot/install/main_logic_controller/lib/main_logic_controller
[3.011s] Installing vid_streamer script to /home/lawnbot/ROS2/lawnbot/install/main_logic_controller/lib/main_logic_controller
[3.011s] 
[3.011s] Installed /home/lawnbot/ROS2/lawnbot/build/main_logic_controller
[3.011s] running symlink_data
[3.110s] Invoked command in '/home/lawnbot/ROS2/lawnbot/build/main_logic_controller' returned '0': AMENT_PREFIX_PATH=/home/lawnbot/ROS2/lawnbot/install/custom_explorer:/home/lawnbot/ROS2/install/sllidar_ros2:/home/lawnbot/ROS2/install/lawnbot_ros2:/home/lawnbot/ROS2/install/custom_message:/home/lawnbot/ROS2/lawnbot/install/main_logic_controller:/home/lawnbot/ROS2/lawnbot/install/main_controller_interfaces:/home/lawnbot/ROS2/src/lawnbot_ros2/install/lawnbot_ros2:/opt/ros/jazzy DEBUGINFOD_URLS=https://debuginfod.ubuntu.com PYTHONPATH=/home/lawnbot/ROS2/lawnbot/build/main_logic_controller/prefix_override:/usr/lib/python3/dist-packages/colcon_core/task/python/colcon_distutils_commands:/home/lawnbot/ROS2/lawnbot/install/main_logic_controller/lib/python3.12/site-packages:/home/lawnbot/ROS2/lawnbot/build/custom_explorer:/home/lawnbot/ROS2/lawnbot/install/custom_explorer/lib/python3.12/site-packages:/home/lawnbot/ROS2/lawnbot/build/main_logic_controller:/home/lawnbot/ROS2/install/lawnbot_ros2/lib/python3.12/site-packages:/home/lawnbot/ROS2/install/custom_message/lib/python3.12/site-packages:/home/lawnbot/ROS2/lawnbot/install/main_logic_controller/lib/python3.12/site-packages:/home/lawnbot/ROS2/lawnbot/install/main_controller_interfaces/lib/python3.12/site-packages:/home/lawnbot/ROS2/src/lawnbot_ros2/install/lawnbot_ros2/lib/python3.12/site-packages:/opt/ros/jazzy/lib/python3.12/site-packages:/home/lawnbot/Downloads/my_venv/lib/python3.12/site-packages /usr/bin/python3 -W ignore:setup.py install is deprecated -W ignore:easy_install command is deprecated setup.py develop --editable --build-directory /home/lawnbot/ROS2/lawnbot/build/main_logic_controller/build --no-deps symlink_data
