[0.812s] Invoking command in '/home/ramy_abdulwahed/41xx/build/main_controller_interfaces': CMAKE_PREFIX_PATH=${CMAKE_PREFIX_PATH}:/home/ramy_abdulwahed/best_roswc/install/my_robot_controller:/opt/ros/humble /usr/bin/cmake --build /home/ramy_abdulwahed/41xx/build/main_controller_interfaces -- -j16 -l16
[1.143s] [  3%] Built target main_controller_interfaces__cpp
[1.173s] [  3%] Built target ament_cmake_python_symlink_main_controller_interfaces
[1.202s] [ 12%] Built target main_controller_interfaces__rosidl_generator_c
[1.339s] [ 22%] Built target main_controller_interfaces__rosidl_typesupport_cpp
[1.341s] [ 32%] Built target main_controller_interfaces__rosidl_typesupport_introspection_cpp
[1.357s] [ 41%] Built target main_controller_interfaces__rosidl_typesupport_introspection_c
[1.367s] [ 51%] Built target main_controller_interfaces__rosidl_typesupport_fastrtps_cpp
[1.389s] [ 61%] Built target main_controller_interfaces__rosidl_typesupport_fastrtps_c
[1.391s] [ 70%] Built target main_controller_interfaces__rosidl_typesupport_c
[1.469s] [ 70%] Built target main_controller_interfaces
[1.543s] [ 74%] Built target main_controller_interfaces__py
[1.653s] [ 80%] Built target main_controller_interfaces__rosidl_generator_py
[1.762s] [ 87%] Built target main_controller_interfaces__rosidl_typesupport_fastrtps_c__pyext
[1.765s] [ 93%] Built target main_controller_interfaces__rosidl_typesupport_introspection_c__pyext
[1.870s] [100%] Built target main_controller_interfaces__rosidl_typesupport_c__pyext
[2.137s] running egg_info
[2.140s] writing main_controller_interfaces.egg-info/PKG-INFO
[2.141s] writing dependency_links to main_controller_interfaces.egg-info/dependency_links.txt
[2.141s] writing top-level names to main_controller_interfaces.egg-info/top_level.txt
[2.151s] reading manifest file 'main_controller_interfaces.egg-info/SOURCES.txt'
[2.153s] writing manifest file 'main_controller_interfaces.egg-info/SOURCES.txt'
[2.242s] [100%] Built target ament_cmake_python_build_main_controller_interfaces_egg
[2.273s] Invoked command in '/home/ramy_abdulwahed/41xx/build/main_controller_interfaces' returned '0': CMAKE_PREFIX_PATH=${CMAKE_PREFIX_PATH}:/home/ramy_abdulwahed/best_roswc/install/my_robot_controller:/opt/ros/humble /usr/bin/cmake --build /home/ramy_abdulwahed/41xx/build/main_controller_interfaces -- -j16 -l16
[2.297s] Invoking command in '/home/ramy_abdulwahed/41xx/build/main_controller_interfaces': CMAKE_PREFIX_PATH=${CMAKE_PREFIX_PATH}:/home/ramy_abdulwahed/best_roswc/install/my_robot_controller:/opt/ros/humble /usr/bin/cmake --install /home/ramy_abdulwahed/41xx/build/main_controller_interfaces
[2.315s] -- Install configuration: ""
[2.319s] -- Execute custom install script
[2.322s] -- Up-to-date symlink: /home/ramy_abdulwahed/41xx/install/main_controller_interfaces/share/ament_index/resource_index/rosidl_interfaces/main_controller_interfaces
[2.329s] -- Up-to-date symlink: /home/ramy_abdulwahed/41xx/install/main_controller_interfaces/include/main_controller_interfaces/main_controller_interfaces/msg/detail/motor_data__functions.h
[2.331s] -- Up-to-date symlink: /home/ramy_abdulwahed/41xx/install/main_controller_interfaces/include/main_controller_interfaces/main_controller_interfaces/msg/detail/motor_data__struct.h
[2.332s] -- Up-to-date symlink: /home/ramy_abdulwahed/41xx/install/main_controller_interfaces/include/main_controller_interfaces/main_controller_interfaces/msg/detail/motor_data__type_support.h
[2.333s] -- Up-to-date symlink: /home/ramy_abdulwahed/41xx/install/main_controller_interfaces/include/main_controller_interfaces/main_controller_interfaces/msg/motor_data.h
[2.334s] -- Up-to-date symlink: /home/ramy_abdulwahed/41xx/install/main_controller_interfaces/include/main_controller_interfaces/main_controller_interfaces/msg/rosidl_generator_c__visibility_control.h
[2.337s] -- Up-to-date symlink: /home/ramy_abdulwahed/41xx/install/main_controller_interfaces/share/main_controller_interfaces/environment/library_path.sh
[2.338s] -- Up-to-date symlink: /home/ramy_abdulwahed/41xx/install/main_controller_interfaces/share/main_controller_interfaces/environment/library_path.dsv
[2.340s] -- Up-to-date symlink: /home/ramy_abdulwahed/41xx/install/main_controller_interfaces/include/main_controller_interfaces/main_controller_interfaces/msg/detail/motor_data__rosidl_typesupport_fastrtps_c.h
[2.340s] -- Up-to-date symlink: /home/ramy_abdulwahed/41xx/install/main_controller_interfaces/include/main_controller_interfaces/main_controller_interfaces/msg/rosidl_typesupport_fastrtps_c__visibility_control.h
[2.342s] -- Up-to-date symlink: /home/ramy_abdulwahed/41xx/install/main_controller_interfaces/include/main_controller_interfaces/main_controller_interfaces/msg/detail/motor_data__rosidl_typesupport_introspection_c.h
[2.343s] -- Up-to-date symlink: /home/ramy_abdulwahed/41xx/install/main_controller_interfaces/include/main_controller_interfaces/main_controller_interfaces/msg/rosidl_typesupport_introspection_c__visibility_control.h
[2.344s] -- Up-to-date symlink: /home/ramy_abdulwahed/41xx/install/main_controller_interfaces/include/main_controller_interfaces/main_controller_interfaces/msg/detail/motor_data__builder.hpp
[2.346s] -- Up-to-date symlink: /home/ramy_abdulwahed/41xx/install/main_controller_interfaces/include/main_controller_interfaces/main_controller_interfaces/msg/detail/motor_data__struct.hpp
[2.348s] -- Up-to-date symlink: /home/ramy_abdulwahed/41xx/install/main_controller_interfaces/include/main_controller_interfaces/main_controller_interfaces/msg/detail/motor_data__traits.hpp
[2.349s] -- Up-to-date symlink: /home/ramy_abdulwahed/41xx/install/main_controller_interfaces/include/main_controller_interfaces/main_controller_interfaces/msg/detail/motor_data__type_support.hpp
[2.350s] -- Up-to-date symlink: /home/ramy_abdulwahed/41xx/install/main_controller_interfaces/include/main_controller_interfaces/main_controller_interfaces/msg/motor_data.hpp
[2.351s] -- Up-to-date symlink: /home/ramy_abdulwahed/41xx/install/main_controller_interfaces/include/main_controller_interfaces/main_controller_interfaces/msg/rosidl_generator_cpp__visibility_control.hpp
[2.353s] -- Up-to-date symlink: /home/ramy_abdulwahed/41xx/install/main_controller_interfaces/include/main_controller_interfaces/main_controller_interfaces/msg/detail/motor_data__rosidl_typesupport_fastrtps_cpp.hpp
[2.354s] -- Up-to-date symlink: /home/ramy_abdulwahed/41xx/install/main_controller_interfaces/include/main_controller_interfaces/main_controller_interfaces/msg/rosidl_typesupport_fastrtps_cpp__visibility_control.h
[2.356s] -- Up-to-date symlink: /home/ramy_abdulwahed/41xx/install/main_controller_interfaces/include/main_controller_interfaces/main_controller_interfaces/msg/detail/motor_data__rosidl_typesupport_introspection_cpp.hpp
[2.357s] -- Up-to-date symlink: /home/ramy_abdulwahed/41xx/install/main_controller_interfaces/share/main_controller_interfaces/environment/pythonpath.sh
[2.359s] -- Up-to-date symlink: /home/ramy_abdulwahed/41xx/install/main_controller_interfaces/share/main_controller_interfaces/environment/pythonpath.dsv
[2.361s] -- Up-to-date symlink: /home/ramy_abdulwahed/41xx/install/main_controller_interfaces/local/lib/python3.10/dist-packages/main_controller_interfaces-0.0.0-py3.10.egg-info/PKG-INFO
[2.362s] -- Up-to-date symlink: /home/ramy_abdulwahed/41xx/install/main_controller_interfaces/local/lib/python3.10/dist-packages/main_controller_interfaces-0.0.0-py3.10.egg-info/SOURCES.txt
[2.363s] -- Up-to-date symlink: /home/ramy_abdulwahed/41xx/install/main_controller_interfaces/local/lib/python3.10/dist-packages/main_controller_interfaces-0.0.0-py3.10.egg-info/dependency_links.txt
[2.364s] -- Up-to-date symlink: /home/ramy_abdulwahed/41xx/install/main_controller_interfaces/local/lib/python3.10/dist-packages/main_controller_interfaces-0.0.0-py3.10.egg-info/top_level.txt
[2.367s] -- Up-to-date symlink: /home/ramy_abdulwahed/41xx/install/main_controller_interfaces/local/lib/python3.10/dist-packages/main_controller_interfaces/__init__.py
[2.368s] -- Up-to-date symlink: /home/ramy_abdulwahed/41xx/install/main_controller_interfaces/local/lib/python3.10/dist-packages/main_controller_interfaces/_main_controller_interfaces_s.ep.rosidl_typesupport_c.c
[2.370s] -- Up-to-date symlink: /home/ramy_abdulwahed/41xx/install/main_controller_interfaces/local/lib/python3.10/dist-packages/main_controller_interfaces/_main_controller_interfaces_s.ep.rosidl_typesupport_fastrtps_c.c
[2.371s] -- Up-to-date symlink: /home/ramy_abdulwahed/41xx/install/main_controller_interfaces/local/lib/python3.10/dist-packages/main_controller_interfaces/_main_controller_interfaces_s.ep.rosidl_typesupport_introspection_c.c
[2.372s] -- Up-to-date symlink: /home/ramy_abdulwahed/41xx/install/main_controller_interfaces/local/lib/python3.10/dist-packages/main_controller_interfaces/libmain_controller_interfaces__rosidl_generator_py.so
[2.373s] -- Up-to-date symlink: /home/ramy_abdulwahed/41xx/install/main_controller_interfaces/local/lib/python3.10/dist-packages/main_controller_interfaces/main_controller_interfaces_s__rosidl_typesupport_c.cpython-310-x86_64-linux-gnu.so
[2.374s] -- Up-to-date symlink: /home/ramy_abdulwahed/41xx/install/main_controller_interfaces/local/lib/python3.10/dist-packages/main_controller_interfaces/main_controller_interfaces_s__rosidl_typesupport_fastrtps_c.cpython-310-x86_64-linux-gnu.so
[2.376s] -- Up-to-date symlink: /home/ramy_abdulwahed/41xx/install/main_controller_interfaces/local/lib/python3.10/dist-packages/main_controller_interfaces/main_controller_interfaces_s__rosidl_typesupport_introspection_c.cpython-310-x86_64-linux-gnu.so
[2.377s] -- Up-to-date symlink: /home/ramy_abdulwahed/41xx/install/main_controller_interfaces/local/lib/python3.10/dist-packages/main_controller_interfaces/msg/__init__.py
[2.379s] -- Up-to-date symlink: /home/ramy_abdulwahed/41xx/install/main_controller_interfaces/local/lib/python3.10/dist-packages/main_controller_interfaces/msg/_motor_data.py
[2.382s] -- Up-to-date symlink: /home/ramy_abdulwahed/41xx/install/main_controller_interfaces/local/lib/python3.10/dist-packages/main_controller_interfaces/msg/_motor_data_s.c
[2.385s] -- Up-to-date symlink: /home/ramy_abdulwahed/41xx/install/main_controller_interfaces/local/lib/python3.10/dist-packages/main_controller_interfaces/main_controller_interfaces_s__rosidl_typesupport_fastrtps_c.cpython-310-x86_64-linux-gnu.so
[2.385s] -- Up-to-date symlink: /home/ramy_abdulwahed/41xx/install/main_controller_interfaces/local/lib/python3.10/dist-packages/main_controller_interfaces/main_controller_interfaces_s__rosidl_typesupport_introspection_c.cpython-310-x86_64-linux-gnu.so
[2.387s] -- Up-to-date symlink: /home/ramy_abdulwahed/41xx/install/main_controller_interfaces/local/lib/python3.10/dist-packages/main_controller_interfaces/main_controller_interfaces_s__rosidl_typesupport_c.cpython-310-x86_64-linux-gnu.so
[2.389s] -- Up-to-date symlink: /home/ramy_abdulwahed/41xx/install/main_controller_interfaces/share/main_controller_interfaces/msg/MotorData.idl
[2.390s] -- Up-to-date symlink: /home/ramy_abdulwahed/41xx/install/main_controller_interfaces/share/main_controller_interfaces/msg/MotorData.msg
[2.392s] -- Up-to-date symlink: /home/ramy_abdulwahed/41xx/install/main_controller_interfaces/share/ament_index/resource_index/package_run_dependencies/main_controller_interfaces
[2.394s] -- Up-to-date symlink: /home/ramy_abdulwahed/41xx/install/main_controller_interfaces/share/ament_index/resource_index/parent_prefix_path/main_controller_interfaces
[2.396s] -- Up-to-date symlink: /home/ramy_abdulwahed/41xx/install/main_controller_interfaces/share/main_controller_interfaces/environment/ament_prefix_path.sh
[2.397s] -- Up-to-date symlink: /home/ramy_abdulwahed/41xx/install/main_controller_interfaces/share/main_controller_interfaces/environment/ament_prefix_path.dsv
[2.399s] -- Up-to-date symlink: /home/ramy_abdulwahed/41xx/install/main_controller_interfaces/share/main_controller_interfaces/environment/path.sh
[2.400s] -- Up-to-date symlink: /home/ramy_abdulwahed/41xx/install/main_controller_interfaces/share/main_controller_interfaces/environment/path.dsv
[2.401s] -- Up-to-date symlink: /home/ramy_abdulwahed/41xx/install/main_controller_interfaces/share/main_controller_interfaces/local_setup.bash
[2.402s] -- Up-to-date symlink: /home/ramy_abdulwahed/41xx/install/main_controller_interfaces/share/main_controller_interfaces/local_setup.sh
[2.405s] -- Up-to-date symlink: /home/ramy_abdulwahed/41xx/install/main_controller_interfaces/share/main_controller_interfaces/local_setup.zsh
[2.406s] -- Up-to-date symlink: /home/ramy_abdulwahed/41xx/install/main_controller_interfaces/share/main_controller_interfaces/local_setup.dsv
[2.407s] -- Symlinking: /home/ramy_abdulwahed/41xx/install/main_controller_interfaces/share/main_controller_interfaces/package.dsv
[2.437s] -- Up-to-date symlink: /home/ramy_abdulwahed/41xx/install/main_controller_interfaces/share/ament_index/resource_index/packages/main_controller_interfaces
[2.439s] -- Up-to-date symlink: /home/ramy_abdulwahed/41xx/install/main_controller_interfaces/share/main_controller_interfaces/cmake/rosidl_cmake-extras.cmake
[2.442s] -- Up-to-date symlink: /home/ramy_abdulwahed/41xx/install/main_controller_interfaces/share/main_controller_interfaces/cmake/ament_cmake_export_include_directories-extras.cmake
[2.442s] -- Up-to-date symlink: /home/ramy_abdulwahed/41xx/install/main_controller_interfaces/share/main_controller_interfaces/cmake/ament_cmake_export_libraries-extras.cmake
[2.443s] -- Up-to-date symlink: /home/ramy_abdulwahed/41xx/install/main_controller_interfaces/share/main_controller_interfaces/cmake/ament_cmake_export_targets-extras.cmake
[2.445s] -- Up-to-date symlink: /home/ramy_abdulwahed/41xx/install/main_controller_interfaces/share/main_controller_interfaces/cmake/rosidl_cmake_export_typesupport_targets-extras.cmake
[2.446s] -- Up-to-date symlink: /home/ramy_abdulwahed/41xx/install/main_controller_interfaces/share/main_controller_interfaces/cmake/ament_cmake_export_dependencies-extras.cmake
[2.448s] -- Up-to-date symlink: /home/ramy_abdulwahed/41xx/install/main_controller_interfaces/share/main_controller_interfaces/cmake/rosidl_cmake_export_typesupport_libraries-extras.cmake
[2.449s] -- Up-to-date symlink: /home/ramy_abdulwahed/41xx/install/main_controller_interfaces/share/main_controller_interfaces/cmake/main_controller_interfacesConfig.cmake
[2.449s] -- Up-to-date symlink: /home/ramy_abdulwahed/41xx/install/main_controller_interfaces/share/main_controller_interfaces/cmake/main_controller_interfacesConfig-version.cmake
[2.450s] -- Up-to-date symlink: /home/ramy_abdulwahed/41xx/install/main_controller_interfaces/share/main_controller_interfaces/package.xml
[2.452s] -- Up-to-date: /home/ramy_abdulwahed/41xx/install/main_controller_interfaces/lib/libmain_controller_interfaces__rosidl_generator_c.so
[2.456s] -- Up-to-date: /home/ramy_abdulwahed/41xx/install/main_controller_interfaces/lib/libmain_controller_interfaces__rosidl_typesupport_fastrtps_c.so
[2.457s] -- Up-to-date: /home/ramy_abdulwahed/41xx/install/main_controller_interfaces/lib/libmain_controller_interfaces__rosidl_typesupport_introspection_c.so
[2.459s] -- Up-to-date: /home/ramy_abdulwahed/41xx/install/main_controller_interfaces/lib/libmain_controller_interfaces__rosidl_typesupport_c.so
[2.462s] -- Up-to-date: /home/ramy_abdulwahed/41xx/install/main_controller_interfaces/lib/libmain_controller_interfaces__rosidl_typesupport_fastrtps_cpp.so
[2.464s] -- Up-to-date: /home/ramy_abdulwahed/41xx/install/main_controller_interfaces/lib/libmain_controller_interfaces__rosidl_typesupport_introspection_cpp.so
[2.466s] -- Up-to-date: /home/ramy_abdulwahed/41xx/install/main_controller_interfaces/lib/libmain_controller_interfaces__rosidl_typesupport_cpp.so
[2.568s] Listing '/home/ramy_abdulwahed/41xx/install/main_controller_interfaces/local/lib/python3.10/dist-packages/main_controller_interfaces'...
[2.569s] Listing '/home/ramy_abdulwahed/41xx/install/main_controller_interfaces/local/lib/python3.10/dist-packages/main_controller_interfaces/msg'...
[2.586s] -- Up-to-date: /home/ramy_abdulwahed/41xx/install/main_controller_interfaces/lib/libmain_controller_interfaces__rosidl_generator_py.so
[2.592s] -- Up-to-date: /home/ramy_abdulwahed/41xx/install/main_controller_interfaces/share/main_controller_interfaces/cmake/export_main_controller_interfaces__rosidl_generator_cExport.cmake
[2.592s] -- Up-to-date: /home/ramy_abdulwahed/41xx/install/main_controller_interfaces/share/main_controller_interfaces/cmake/export_main_controller_interfaces__rosidl_generator_cExport-noconfig.cmake
[2.593s] -- Up-to-date: /home/ramy_abdulwahed/41xx/install/main_controller_interfaces/share/main_controller_interfaces/cmake/export_main_controller_interfaces__rosidl_typesupport_fastrtps_cExport.cmake
[2.594s] -- Up-to-date: /home/ramy_abdulwahed/41xx/install/main_controller_interfaces/share/main_controller_interfaces/cmake/export_main_controller_interfaces__rosidl_typesupport_fastrtps_cExport-noconfig.cmake
[2.597s] -- Up-to-date: /home/ramy_abdulwahed/41xx/install/main_controller_interfaces/share/main_controller_interfaces/cmake/main_controller_interfaces__rosidl_typesupport_introspection_cExport.cmake
[2.597s] -- Up-to-date: /home/ramy_abdulwahed/41xx/install/main_controller_interfaces/share/main_controller_interfaces/cmake/main_controller_interfaces__rosidl_typesupport_introspection_cExport-noconfig.cmake
[2.598s] -- Up-to-date: /home/ramy_abdulwahed/41xx/install/main_controller_interfaces/share/main_controller_interfaces/cmake/main_controller_interfaces__rosidl_typesupport_cExport.cmake
[2.598s] -- Up-to-date: /home/ramy_abdulwahed/41xx/install/main_controller_interfaces/share/main_controller_interfaces/cmake/main_controller_interfaces__rosidl_typesupport_cExport-noconfig.cmake
[2.601s] -- Up-to-date: /home/ramy_abdulwahed/41xx/install/main_controller_interfaces/share/main_controller_interfaces/cmake/export_main_controller_interfaces__rosidl_generator_cppExport.cmake
[2.602s] -- Up-to-date: /home/ramy_abdulwahed/41xx/install/main_controller_interfaces/share/main_controller_interfaces/cmake/export_main_controller_interfaces__rosidl_typesupport_fastrtps_cppExport.cmake
[2.602s] -- Up-to-date: /home/ramy_abdulwahed/41xx/install/main_controller_interfaces/share/main_controller_interfaces/cmake/export_main_controller_interfaces__rosidl_typesupport_fastrtps_cppExport-noconfig.cmake
[2.604s] -- Up-to-date: /home/ramy_abdulwahed/41xx/install/main_controller_interfaces/share/main_controller_interfaces/cmake/main_controller_interfaces__rosidl_typesupport_introspection_cppExport.cmake
[2.605s] -- Up-to-date: /home/ramy_abdulwahed/41xx/install/main_controller_interfaces/share/main_controller_interfaces/cmake/main_controller_interfaces__rosidl_typesupport_introspection_cppExport-noconfig.cmake
[2.607s] -- Up-to-date: /home/ramy_abdulwahed/41xx/install/main_controller_interfaces/share/main_controller_interfaces/cmake/main_controller_interfaces__rosidl_typesupport_cppExport.cmake
[2.607s] -- Up-to-date: /home/ramy_abdulwahed/41xx/install/main_controller_interfaces/share/main_controller_interfaces/cmake/main_controller_interfaces__rosidl_typesupport_cppExport-noconfig.cmake
[2.608s] -- Up-to-date: /home/ramy_abdulwahed/41xx/install/main_controller_interfaces/share/main_controller_interfaces/cmake/export_main_controller_interfaces__rosidl_generator_pyExport.cmake
[2.610s] -- Up-to-date: /home/ramy_abdulwahed/41xx/install/main_controller_interfaces/share/main_controller_interfaces/cmake/export_main_controller_interfaces__rosidl_generator_pyExport-noconfig.cmake
[2.620s] Invoked command in '/home/ramy_abdulwahed/41xx/build/main_controller_interfaces' returned '0': CMAKE_PREFIX_PATH=${CMAKE_PREFIX_PATH}:/home/ramy_abdulwahed/best_roswc/install/my_robot_controller:/opt/ros/humble /usr/bin/cmake --install /home/ramy_abdulwahed/41xx/build/main_controller_interfaces
