[0.401s] Invoking command in '/home/lawnbot/ROS2/lawnbot/build/main_controller_interfaces': CMAKE_PREFIX_PATH=${CMAKE_PREFIX_PATH}:/home/lawnbot/ROS2/install/lawnbot_ros2:/home/lawnbot/ROS2/lawnbot/install/main_logic_controller:/home/lawnbot/ROS2/lawnbot/install/custom_explorer:/home/lawnbot/ROS2/src/lawnbot_ros2/install/lawnbot_ros2:/opt/ros/jazzy DEBUGINFOD_URLS=https://debuginfod.ubuntu.com /usr/bin/cmake --build /home/lawnbot/ROS2/lawnbot/build/main_controller_interfaces -- -j4 -l4
[0.824s] [  2%] Built target main_controller_interfaces__rosidl_generator_type_description
[0.840s] [  2%] Built target ament_cmake_python_symlink_main_controller_interfaces
[0.923s] [  4%] Built target main_controller_interfaces__cpp
[1.009s] [ 22%] Built target main_controller_interfaces__rosidl_generator_c
[1.236s] [ 31%] Built target main_controller_interfaces__rosidl_typesupport_cpp
[1.238s] [ 40%] Built target main_controller_interfaces__rosidl_typesupport_fastrtps_c
[1.256s] [ 50%] Built target main_controller_interfaces__rosidl_typesupport_fastrtps_cpp
[1.326s] running egg_info
[1.376s] writing main_controller_interfaces.egg-info/PKG-INFO
[1.376s] writing dependency_links to main_controller_interfaces.egg-info/dependency_links.txt
[1.379s] writing top-level names to main_controller_interfaces.egg-info/top_level.txt
[1.387s] [ 59%] Built target main_controller_interfaces__rosidl_typesupport_c
[1.388s] [ 68%] Built target main_controller_interfaces__rosidl_typesupport_introspection_cpp
[1.395s] [ 77%] Built target main_controller_interfaces__rosidl_typesupport_introspection_c
[1.482s] [ 77%] Built target main_controller_interfaces
[1.497s] reading manifest file 'main_controller_interfaces.egg-info/SOURCES.txt'
[1.504s] writing manifest file 'main_controller_interfaces.egg-info/SOURCES.txt'
[1.591s] [ 79%] Built target main_controller_interfaces__py
[1.610s] [ 79%] Built target ament_cmake_python_build_main_controller_interfaces_egg
[1.730s] [ 86%] Built target main_controller_interfaces__rosidl_generator_py
[1.844s] [100%] Built target main_controller_interfaces_s__rosidl_typesupport_introspection_c
[1.845s] [100%] Built target main_controller_interfaces_s__rosidl_typesupport_c
[1.845s] [100%] Built target main_controller_interfaces_s__rosidl_typesupport_fastrtps_c
[1.873s] Invoked command in '/home/lawnbot/ROS2/lawnbot/build/main_controller_interfaces' returned '0': CMAKE_PREFIX_PATH=${CMAKE_PREFIX_PATH}:/home/lawnbot/ROS2/install/lawnbot_ros2:/home/lawnbot/ROS2/lawnbot/install/main_logic_controller:/home/lawnbot/ROS2/lawnbot/install/custom_explorer:/home/lawnbot/ROS2/src/lawnbot_ros2/install/lawnbot_ros2:/opt/ros/jazzy DEBUGINFOD_URLS=https://debuginfod.ubuntu.com /usr/bin/cmake --build /home/lawnbot/ROS2/lawnbot/build/main_controller_interfaces -- -j4 -l4
[1.902s] Invoking command in '/home/lawnbot/ROS2/lawnbot/build/main_controller_interfaces': CMAKE_PREFIX_PATH=${CMAKE_PREFIX_PATH}:/home/lawnbot/ROS2/install/lawnbot_ros2:/home/lawnbot/ROS2/lawnbot/install/main_logic_controller:/home/lawnbot/ROS2/lawnbot/install/custom_explorer:/home/lawnbot/ROS2/src/lawnbot_ros2/install/lawnbot_ros2:/opt/ros/jazzy DEBUGINFOD_URLS=https://debuginfod.ubuntu.com /usr/bin/cmake --install /home/lawnbot/ROS2/lawnbot/build/main_controller_interfaces
[1.922s] -- Install configuration: ""
[1.924s] -- Execute custom install script
[1.926s] -- Up-to-date symlink: /home/lawnbot/ROS2/lawnbot/install/main_controller_interfaces/share/ament_index/resource_index/rosidl_interfaces/main_controller_interfaces
[1.927s] -- Up-to-date symlink: /home/lawnbot/ROS2/lawnbot/install/main_controller_interfaces/share/main_controller_interfaces/msg/MotorData.json
[1.928s] -- Up-to-date symlink: /home/lawnbot/ROS2/lawnbot/install/main_controller_interfaces/share/main_controller_interfaces/msg/BoundingBox.json
[1.934s] -- Up-to-date symlink: /home/lawnbot/ROS2/lawnbot/install/main_controller_interfaces/include/main_controller_interfaces/main_controller_interfaces/msg/bounding_box.h
[1.935s] -- Up-to-date symlink: /home/lawnbot/ROS2/lawnbot/install/main_controller_interfaces/include/main_controller_interfaces/main_controller_interfaces/msg/detail/bounding_box__functions.h
[1.936s] -- Up-to-date symlink: /home/lawnbot/ROS2/lawnbot/install/main_controller_interfaces/include/main_controller_interfaces/main_controller_interfaces/msg/detail/bounding_box__struct.h
[1.937s] -- Up-to-date symlink: /home/lawnbot/ROS2/lawnbot/install/main_controller_interfaces/include/main_controller_interfaces/main_controller_interfaces/msg/detail/bounding_box__type_support.h
[1.937s] -- Up-to-date symlink: /home/lawnbot/ROS2/lawnbot/install/main_controller_interfaces/include/main_controller_interfaces/main_controller_interfaces/msg/detail/motor_data__functions.h
[1.938s] -- Up-to-date symlink: /home/lawnbot/ROS2/lawnbot/install/main_controller_interfaces/include/main_controller_interfaces/main_controller_interfaces/msg/detail/motor_data__struct.h
[1.939s] -- Up-to-date symlink: /home/lawnbot/ROS2/lawnbot/install/main_controller_interfaces/include/main_controller_interfaces/main_controller_interfaces/msg/detail/motor_data__type_support.h
[1.939s] -- Up-to-date symlink: /home/lawnbot/ROS2/lawnbot/install/main_controller_interfaces/include/main_controller_interfaces/main_controller_interfaces/msg/motor_data.h
[1.940s] -- Up-to-date symlink: /home/lawnbot/ROS2/lawnbot/install/main_controller_interfaces/include/main_controller_interfaces/main_controller_interfaces/msg/rosidl_generator_c__visibility_control.h
[1.941s] -- Up-to-date symlink: /home/lawnbot/ROS2/lawnbot/install/main_controller_interfaces/share/main_controller_interfaces/environment/library_path.sh
[1.941s] -- Up-to-date symlink: /home/lawnbot/ROS2/lawnbot/install/main_controller_interfaces/share/main_controller_interfaces/environment/library_path.dsv
[1.942s] -- Up-to-date symlink: /home/lawnbot/ROS2/lawnbot/install/main_controller_interfaces/include/main_controller_interfaces/main_controller_interfaces/msg/detail/bounding_box__rosidl_typesupport_fastrtps_c.h
[1.943s] -- Up-to-date symlink: /home/lawnbot/ROS2/lawnbot/install/main_controller_interfaces/include/main_controller_interfaces/main_controller_interfaces/msg/detail/motor_data__rosidl_typesupport_fastrtps_c.h
[1.943s] -- Up-to-date symlink: /home/lawnbot/ROS2/lawnbot/install/main_controller_interfaces/include/main_controller_interfaces/main_controller_interfaces/msg/rosidl_typesupport_fastrtps_c__visibility_control.h
[1.944s] -- Up-to-date symlink: /home/lawnbot/ROS2/lawnbot/install/main_controller_interfaces/include/main_controller_interfaces/main_controller_interfaces/msg/detail/bounding_box__rosidl_typesupport_introspection_c.h
[1.945s] -- Up-to-date symlink: /home/lawnbot/ROS2/lawnbot/install/main_controller_interfaces/include/main_controller_interfaces/main_controller_interfaces/msg/detail/motor_data__rosidl_typesupport_introspection_c.h
[1.946s] -- Up-to-date symlink: /home/lawnbot/ROS2/lawnbot/install/main_controller_interfaces/include/main_controller_interfaces/main_controller_interfaces/msg/rosidl_typesupport_introspection_c__visibility_control.h
[1.947s] -- Up-to-date symlink: /home/lawnbot/ROS2/lawnbot/install/main_controller_interfaces/include/main_controller_interfaces/main_controller_interfaces/msg/bounding_box.hpp
[1.947s] -- Up-to-date symlink: /home/lawnbot/ROS2/lawnbot/install/main_controller_interfaces/include/main_controller_interfaces/main_controller_interfaces/msg/detail/bounding_box__builder.hpp
[1.948s] -- Up-to-date symlink: /home/lawnbot/ROS2/lawnbot/install/main_controller_interfaces/include/main_controller_interfaces/main_controller_interfaces/msg/detail/bounding_box__struct.hpp
[1.949s] -- Up-to-date symlink: /home/lawnbot/ROS2/lawnbot/install/main_controller_interfaces/include/main_controller_interfaces/main_controller_interfaces/msg/detail/bounding_box__traits.hpp
[1.949s] -- Up-to-date symlink: /home/lawnbot/ROS2/lawnbot/install/main_controller_interfaces/include/main_controller_interfaces/main_controller_interfaces/msg/detail/bounding_box__type_support.hpp
[1.950s] -- Up-to-date symlink: /home/lawnbot/ROS2/lawnbot/install/main_controller_interfaces/include/main_controller_interfaces/main_controller_interfaces/msg/detail/motor_data__builder.hpp
[1.951s] -- Up-to-date symlink: /home/lawnbot/ROS2/lawnbot/install/main_controller_interfaces/include/main_controller_interfaces/main_controller_interfaces/msg/detail/motor_data__struct.hpp
[1.951s] -- Up-to-date symlink: /home/lawnbot/ROS2/lawnbot/install/main_controller_interfaces/include/main_controller_interfaces/main_controller_interfaces/msg/detail/motor_data__traits.hpp
[1.952s] -- Up-to-date symlink: /home/lawnbot/ROS2/lawnbot/install/main_controller_interfaces/include/main_controller_interfaces/main_controller_interfaces/msg/detail/motor_data__type_support.hpp
[1.953s] -- Up-to-date symlink: /home/lawnbot/ROS2/lawnbot/install/main_controller_interfaces/include/main_controller_interfaces/main_controller_interfaces/msg/motor_data.hpp
[1.953s] -- Up-to-date symlink: /home/lawnbot/ROS2/lawnbot/install/main_controller_interfaces/include/main_controller_interfaces/main_controller_interfaces/msg/rosidl_generator_cpp__visibility_control.hpp
[1.955s] -- Up-to-date symlink: /home/lawnbot/ROS2/lawnbot/install/main_controller_interfaces/include/main_controller_interfaces/main_controller_interfaces/msg/detail/bounding_box__rosidl_typesupport_fastrtps_cpp.hpp
[1.955s] -- Up-to-date symlink: /home/lawnbot/ROS2/lawnbot/install/main_controller_interfaces/include/main_controller_interfaces/main_controller_interfaces/msg/detail/motor_data__rosidl_typesupport_fastrtps_cpp.hpp
[1.956s] -- Up-to-date symlink: /home/lawnbot/ROS2/lawnbot/install/main_controller_interfaces/include/main_controller_interfaces/main_controller_interfaces/msg/rosidl_typesupport_fastrtps_cpp__visibility_control.h
[1.957s] -- Up-to-date symlink: /home/lawnbot/ROS2/lawnbot/install/main_controller_interfaces/include/main_controller_interfaces/main_controller_interfaces/msg/detail/bounding_box__rosidl_typesupport_introspection_cpp.hpp
[1.958s] -- Up-to-date symlink: /home/lawnbot/ROS2/lawnbot/install/main_controller_interfaces/include/main_controller_interfaces/main_controller_interfaces/msg/detail/motor_data__rosidl_typesupport_introspection_cpp.hpp
[1.958s] -- Up-to-date symlink: /home/lawnbot/ROS2/lawnbot/install/main_controller_interfaces/share/main_controller_interfaces/environment/pythonpath.sh
[1.959s] -- Up-to-date symlink: /home/lawnbot/ROS2/lawnbot/install/main_controller_interfaces/share/main_controller_interfaces/environment/pythonpath.dsv
[1.959s] -- Up-to-date symlink: /home/lawnbot/ROS2/lawnbot/install/main_controller_interfaces/lib/python3.12/site-packages/main_controller_interfaces-0.0.0-py3.12.egg-info/PKG-INFO
[1.960s] -- Up-to-date symlink: /home/lawnbot/ROS2/lawnbot/install/main_controller_interfaces/lib/python3.12/site-packages/main_controller_interfaces-0.0.0-py3.12.egg-info/SOURCES.txt
[1.960s] -- Up-to-date symlink: /home/lawnbot/ROS2/lawnbot/install/main_controller_interfaces/lib/python3.12/site-packages/main_controller_interfaces-0.0.0-py3.12.egg-info/dependency_links.txt
[1.961s] -- Up-to-date symlink: /home/lawnbot/ROS2/lawnbot/install/main_controller_interfaces/lib/python3.12/site-packages/main_controller_interfaces-0.0.0-py3.12.egg-info/top_level.txt
[1.962s] -- Up-to-date symlink: /home/lawnbot/ROS2/lawnbot/install/main_controller_interfaces/lib/python3.12/site-packages/main_controller_interfaces/__init__.py
[1.963s] -- Up-to-date symlink: /home/lawnbot/ROS2/lawnbot/install/main_controller_interfaces/lib/python3.12/site-packages/main_controller_interfaces/_main_controller_interfaces_s.ep.rosidl_typesupport_c.c
[1.963s] -- Up-to-date symlink: /home/lawnbot/ROS2/lawnbot/install/main_controller_interfaces/lib/python3.12/site-packages/main_controller_interfaces/_main_controller_interfaces_s.ep.rosidl_typesupport_fastrtps_c.c
[1.964s] -- Up-to-date symlink: /home/lawnbot/ROS2/lawnbot/install/main_controller_interfaces/lib/python3.12/site-packages/main_controller_interfaces/_main_controller_interfaces_s.ep.rosidl_typesupport_introspection_c.c
[1.964s] -- Up-to-date symlink: /home/lawnbot/ROS2/lawnbot/install/main_controller_interfaces/lib/python3.12/site-packages/main_controller_interfaces/main_controller_interfaces_s__rosidl_typesupport_c.so
[1.965s] -- Up-to-date symlink: /home/lawnbot/ROS2/lawnbot/install/main_controller_interfaces/lib/python3.12/site-packages/main_controller_interfaces/main_controller_interfaces_s__rosidl_typesupport_fastrtps_c.so
[1.965s] -- Up-to-date symlink: /home/lawnbot/ROS2/lawnbot/install/main_controller_interfaces/lib/python3.12/site-packages/main_controller_interfaces/main_controller_interfaces_s__rosidl_typesupport_introspection_c.so
[1.965s] -- Up-to-date symlink: /home/lawnbot/ROS2/lawnbot/install/main_controller_interfaces/lib/python3.12/site-packages/main_controller_interfaces/msg/__init__.py
[1.966s] -- Up-to-date symlink: /home/lawnbot/ROS2/lawnbot/install/main_controller_interfaces/lib/python3.12/site-packages/main_controller_interfaces/msg/_bounding_box.py
[1.966s] -- Up-to-date symlink: /home/lawnbot/ROS2/lawnbot/install/main_controller_interfaces/lib/python3.12/site-packages/main_controller_interfaces/msg/_bounding_box_s.c
[1.966s] -- Up-to-date symlink: /home/lawnbot/ROS2/lawnbot/install/main_controller_interfaces/lib/python3.12/site-packages/main_controller_interfaces/msg/_motor_data.py
[1.967s] -- Up-to-date symlink: /home/lawnbot/ROS2/lawnbot/install/main_controller_interfaces/lib/python3.12/site-packages/main_controller_interfaces/msg/_motor_data_s.c
[1.968s] -- Up-to-date symlink: /home/lawnbot/ROS2/lawnbot/install/main_controller_interfaces/lib/python3.12/site-packages/main_controller_interfaces/main_controller_interfaces_s__rosidl_typesupport_fastrtps_c.so
[1.969s] -- Up-to-date symlink: /home/lawnbot/ROS2/lawnbot/install/main_controller_interfaces/lib/python3.12/site-packages/main_controller_interfaces/main_controller_interfaces_s__rosidl_typesupport_introspection_c.so
[1.970s] -- Up-to-date symlink: /home/lawnbot/ROS2/lawnbot/install/main_controller_interfaces/lib/python3.12/site-packages/main_controller_interfaces/main_controller_interfaces_s__rosidl_typesupport_c.so
[1.971s] -- Up-to-date symlink: /home/lawnbot/ROS2/lawnbot/install/main_controller_interfaces/share/main_controller_interfaces/msg/MotorData.idl
[1.972s] -- Up-to-date symlink: /home/lawnbot/ROS2/lawnbot/install/main_controller_interfaces/share/main_controller_interfaces/msg/BoundingBox.idl
[1.973s] -- Up-to-date symlink: /home/lawnbot/ROS2/lawnbot/install/main_controller_interfaces/share/main_controller_interfaces/msg/MotorData.msg
[1.974s] -- Up-to-date symlink: /home/lawnbot/ROS2/lawnbot/install/main_controller_interfaces/share/main_controller_interfaces/msg/BoundingBox.msg
[1.975s] -- Up-to-date symlink: /home/lawnbot/ROS2/lawnbot/install/main_controller_interfaces/share/ament_index/resource_index/package_run_dependencies/main_controller_interfaces
[1.976s] -- Up-to-date symlink: /home/lawnbot/ROS2/lawnbot/install/main_controller_interfaces/share/ament_index/resource_index/parent_prefix_path/main_controller_interfaces
[1.977s] -- Up-to-date symlink: /home/lawnbot/ROS2/lawnbot/install/main_controller_interfaces/share/main_controller_interfaces/environment/ament_prefix_path.sh
[1.977s] -- Up-to-date symlink: /home/lawnbot/ROS2/lawnbot/install/main_controller_interfaces/share/main_controller_interfaces/environment/ament_prefix_path.dsv
[1.978s] -- Up-to-date symlink: /home/lawnbot/ROS2/lawnbot/install/main_controller_interfaces/share/main_controller_interfaces/environment/path.sh
[1.978s] -- Up-to-date symlink: /home/lawnbot/ROS2/lawnbot/install/main_controller_interfaces/share/main_controller_interfaces/environment/path.dsv
[1.979s] -- Up-to-date symlink: /home/lawnbot/ROS2/lawnbot/install/main_controller_interfaces/share/main_controller_interfaces/local_setup.bash
[1.980s] -- Up-to-date symlink: /home/lawnbot/ROS2/lawnbot/install/main_controller_interfaces/share/main_controller_interfaces/local_setup.sh
[1.980s] -- Up-to-date symlink: /home/lawnbot/ROS2/lawnbot/install/main_controller_interfaces/share/main_controller_interfaces/local_setup.zsh
[1.981s] -- Up-to-date symlink: /home/lawnbot/ROS2/lawnbot/install/main_controller_interfaces/share/main_controller_interfaces/local_setup.dsv
[1.981s] -- Symlinking: /home/lawnbot/ROS2/lawnbot/install/main_controller_interfaces/share/main_controller_interfaces/package.dsv
[2.004s] -- Up-to-date symlink: /home/lawnbot/ROS2/lawnbot/install/main_controller_interfaces/share/ament_index/resource_index/packages/main_controller_interfaces
[2.005s] -- Up-to-date symlink: /home/lawnbot/ROS2/lawnbot/install/main_controller_interfaces/share/main_controller_interfaces/cmake/rosidl_cmake-extras.cmake
[2.006s] -- Up-to-date symlink: /home/lawnbot/ROS2/lawnbot/install/main_controller_interfaces/share/main_controller_interfaces/cmake/ament_cmake_export_include_directories-extras.cmake
[2.007s] -- Up-to-date symlink: /home/lawnbot/ROS2/lawnbot/install/main_controller_interfaces/share/main_controller_interfaces/cmake/ament_cmake_export_libraries-extras.cmake
[2.007s] -- Up-to-date symlink: /home/lawnbot/ROS2/lawnbot/install/main_controller_interfaces/share/main_controller_interfaces/cmake/ament_cmake_export_targets-extras.cmake
[2.008s] -- Up-to-date symlink: /home/lawnbot/ROS2/lawnbot/install/main_controller_interfaces/share/main_controller_interfaces/cmake/rosidl_cmake_export_typesupport_targets-extras.cmake
[2.009s] -- Up-to-date symlink: /home/lawnbot/ROS2/lawnbot/install/main_controller_interfaces/share/main_controller_interfaces/cmake/ament_cmake_export_dependencies-extras.cmake
[2.010s] -- Up-to-date symlink: /home/lawnbot/ROS2/lawnbot/install/main_controller_interfaces/share/main_controller_interfaces/cmake/rosidl_cmake_export_typesupport_libraries-extras.cmake
[2.010s] -- Up-to-date symlink: /home/lawnbot/ROS2/lawnbot/install/main_controller_interfaces/share/main_controller_interfaces/cmake/main_controller_interfacesConfig.cmake
[2.011s] -- Up-to-date symlink: /home/lawnbot/ROS2/lawnbot/install/main_controller_interfaces/share/main_controller_interfaces/cmake/main_controller_interfacesConfig-version.cmake
[2.012s] -- Up-to-date symlink: /home/lawnbot/ROS2/lawnbot/install/main_controller_interfaces/share/main_controller_interfaces/package.xml
[2.012s] -- Up-to-date: /home/lawnbot/ROS2/lawnbot/install/main_controller_interfaces/lib/libmain_controller_interfaces__rosidl_generator_c.so
[2.013s] -- Up-to-date: /home/lawnbot/ROS2/lawnbot/install/main_controller_interfaces/lib/libmain_controller_interfaces__rosidl_typesupport_fastrtps_c.so
[2.013s] -- Up-to-date: /home/lawnbot/ROS2/lawnbot/install/main_controller_interfaces/lib/libmain_controller_interfaces__rosidl_typesupport_introspection_c.so
[2.013s] -- Up-to-date: /home/lawnbot/ROS2/lawnbot/install/main_controller_interfaces/lib/libmain_controller_interfaces__rosidl_typesupport_c.so
[2.016s] -- Up-to-date: /home/lawnbot/ROS2/lawnbot/install/main_controller_interfaces/lib/libmain_controller_interfaces__rosidl_typesupport_fastrtps_cpp.so
[2.018s] -- Up-to-date: /home/lawnbot/ROS2/lawnbot/install/main_controller_interfaces/lib/libmain_controller_interfaces__rosidl_typesupport_introspection_cpp.so
[2.020s] -- Up-to-date: /home/lawnbot/ROS2/lawnbot/install/main_controller_interfaces/lib/libmain_controller_interfaces__rosidl_typesupport_cpp.so
[2.085s] Listing '/home/lawnbot/ROS2/lawnbot/install/main_controller_interfaces/lib/python3.12/site-packages/main_controller_interfaces'...
[2.085s] Listing '/home/lawnbot/ROS2/lawnbot/install/main_controller_interfaces/lib/python3.12/site-packages/main_controller_interfaces/msg'...
[2.099s] -- Up-to-date: /home/lawnbot/ROS2/lawnbot/install/main_controller_interfaces/lib/libmain_controller_interfaces__rosidl_generator_py.so
[2.103s] -- Up-to-date: /home/lawnbot/ROS2/lawnbot/install/main_controller_interfaces/share/main_controller_interfaces/cmake/export_main_controller_interfaces__rosidl_generator_cExport.cmake
[2.103s] -- Up-to-date: /home/lawnbot/ROS2/lawnbot/install/main_controller_interfaces/share/main_controller_interfaces/cmake/export_main_controller_interfaces__rosidl_generator_cExport-noconfig.cmake
[2.105s] -- Up-to-date: /home/lawnbot/ROS2/lawnbot/install/main_controller_interfaces/share/main_controller_interfaces/cmake/export_main_controller_interfaces__rosidl_typesupport_fastrtps_cExport.cmake
[2.105s] -- Up-to-date: /home/lawnbot/ROS2/lawnbot/install/main_controller_interfaces/share/main_controller_interfaces/cmake/export_main_controller_interfaces__rosidl_typesupport_fastrtps_cExport-noconfig.cmake
[2.108s] -- Up-to-date: /home/lawnbot/ROS2/lawnbot/install/main_controller_interfaces/share/main_controller_interfaces/cmake/main_controller_interfaces__rosidl_typesupport_introspection_cExport.cmake
[2.108s] -- Up-to-date: /home/lawnbot/ROS2/lawnbot/install/main_controller_interfaces/share/main_controller_interfaces/cmake/main_controller_interfaces__rosidl_typesupport_introspection_cExport-noconfig.cmake
[2.110s] -- Up-to-date: /home/lawnbot/ROS2/lawnbot/install/main_controller_interfaces/share/main_controller_interfaces/cmake/main_controller_interfaces__rosidl_typesupport_cExport.cmake
[2.110s] -- Up-to-date: /home/lawnbot/ROS2/lawnbot/install/main_controller_interfaces/share/main_controller_interfaces/cmake/main_controller_interfaces__rosidl_typesupport_cExport-noconfig.cmake
[2.112s] -- Up-to-date: /home/lawnbot/ROS2/lawnbot/install/main_controller_interfaces/share/main_controller_interfaces/cmake/export_main_controller_interfaces__rosidl_generator_cppExport.cmake
[2.115s] -- Up-to-date: /home/lawnbot/ROS2/lawnbot/install/main_controller_interfaces/share/main_controller_interfaces/cmake/export_main_controller_interfaces__rosidl_typesupport_fastrtps_cppExport.cmake
[2.115s] -- Up-to-date: /home/lawnbot/ROS2/lawnbot/install/main_controller_interfaces/share/main_controller_interfaces/cmake/export_main_controller_interfaces__rosidl_typesupport_fastrtps_cppExport-noconfig.cmake
[2.117s] -- Up-to-date: /home/lawnbot/ROS2/lawnbot/install/main_controller_interfaces/share/main_controller_interfaces/cmake/main_controller_interfaces__rosidl_typesupport_introspection_cppExport.cmake
[2.117s] -- Up-to-date: /home/lawnbot/ROS2/lawnbot/install/main_controller_interfaces/share/main_controller_interfaces/cmake/main_controller_interfaces__rosidl_typesupport_introspection_cppExport-noconfig.cmake
[2.119s] -- Up-to-date: /home/lawnbot/ROS2/lawnbot/install/main_controller_interfaces/share/main_controller_interfaces/cmake/main_controller_interfaces__rosidl_typesupport_cppExport.cmake
[2.120s] -- Up-to-date: /home/lawnbot/ROS2/lawnbot/install/main_controller_interfaces/share/main_controller_interfaces/cmake/main_controller_interfaces__rosidl_typesupport_cppExport-noconfig.cmake
[2.121s] -- Up-to-date: /home/lawnbot/ROS2/lawnbot/install/main_controller_interfaces/share/main_controller_interfaces/cmake/export_main_controller_interfaces__rosidl_generator_pyExport.cmake
[2.122s] -- Up-to-date: /home/lawnbot/ROS2/lawnbot/install/main_controller_interfaces/share/main_controller_interfaces/cmake/export_main_controller_interfaces__rosidl_generator_pyExport-noconfig.cmake
[2.128s] Invoked command in '/home/lawnbot/ROS2/lawnbot/build/main_controller_interfaces' returned '0': CMAKE_PREFIX_PATH=${CMAKE_PREFIX_PATH}:/home/lawnbot/ROS2/install/lawnbot_ros2:/home/lawnbot/ROS2/lawnbot/install/main_logic_controller:/home/lawnbot/ROS2/lawnbot/install/custom_explorer:/home/lawnbot/ROS2/src/lawnbot_ros2/install/lawnbot_ros2:/opt/ros/jazzy DEBUGINFOD_URLS=https://debuginfod.ubuntu.com /usr/bin/cmake --install /home/lawnbot/ROS2/lawnbot/build/main_controller_interfaces
