[0.385s] DEBUG:colcon:Command line arguments: ['/usr/bin/colcon', 'build', '--packages-select', 'Autonomous-Explorer-and-Mapper-ros2-nav2']
[0.385s] DEBUG:colcon:Parsed command line arguments: Namespace(log_base=None, log_level=None, verb_name='build', build_base='build', install_base='install', merge_install=False, symlink_install=False, test_result_base=None, continue_on_error=False, executor='parallel', parallel_workers=16, event_handlers=None, ignore_user_meta=False, metas=['./colcon.meta'], base_paths=['.'], packages_ignore=None, packages_ignore_regex=None, paths=None, packages_up_to=None, packages_up_to_regex=None, packages_above=None, packages_above_and_dependencies=None, packages_above_depth=None, packages_select_by_dep=None, packages_skip_by_dep=None, packages_skip_up_to=None, packages_select_build_failed=False, packages_skip_build_finished=False, packages_select_test_failures=False, packages_skip_test_passed=False, packages_select=['Autonomous-Explorer-and-Mapper-ros2-nav2'], packages_skip=None, packages_select_regex=None, packages_skip_regex=None, packages_start=None, packages_end=None, allow_overriding=[], cmake_args=None, cmake_target=None, cmake_target_skip_unavailable=False, cmake_clean_cache=False, cmake_clean_first=False, cmake_force_configure=False, ament_cmake_args=None, catkin_cmake_args=None, catkin_skip_building_tests=False, verb_parser=<colcon_defaults.argument_parser.defaults.DefaultArgumentsDecorator object at 0x715ab462d960>, verb_extension=<colcon_core.verb.build.BuildVerb object at 0x715ab4762dd0>, main=<bound method BuildVerb.main of <colcon_core.verb.build.BuildVerb object at 0x715ab4762dd0>>)
[0.586s] Level 1:colcon.colcon_core.package_discovery:discover_packages(colcon_meta) check parameters
[0.586s] Level 1:colcon.colcon_core.package_discovery:discover_packages(recursive) check parameters
[0.586s] Level 1:colcon.colcon_core.package_discovery:discover_packages(ignore) check parameters
[0.586s] Level 1:colcon.colcon_core.package_discovery:discover_packages(path) check parameters
[0.586s] Level 1:colcon.colcon_core.package_discovery:discover_packages(colcon_meta) discover
[0.586s] Level 1:colcon.colcon_core.package_discovery:discover_packages(recursive) discover
[0.587s] INFO:colcon.colcon_core.package_discovery:Crawling recursively for packages in '/home/ramy_abdulwahed/41xx'
[0.587s] Level 1:colcon.colcon_core.package_identification:_identify(.) by extensions ['ignore', 'ignore_ament_install']
[0.587s] Level 1:colcon.colcon_core.package_identification:_identify(.) by extension 'ignore'
[0.587s] Level 1:colcon.colcon_core.package_identification:_identify(.) by extension 'ignore_ament_install'
[0.587s] Level 1:colcon.colcon_core.package_identification:_identify(.) by extensions ['colcon_pkg']
[0.587s] Level 1:colcon.colcon_core.package_identification:_identify(.) by extension 'colcon_pkg'
[0.587s] Level 1:colcon.colcon_core.package_identification:_identify(.) by extensions ['colcon_meta']
[0.587s] Level 1:colcon.colcon_core.package_identification:_identify(.) by extension 'colcon_meta'
[0.587s] Level 1:colcon.colcon_core.package_identification:_identify(.) by extensions ['ros']
[0.587s] Level 1:colcon.colcon_core.package_identification:_identify(.) by extension 'ros'
[0.608s] Level 1:colcon.colcon_core.package_identification:_identify(.) by extensions ['cmake', 'python']
[0.608s] Level 1:colcon.colcon_core.package_identification:_identify(.) by extension 'cmake'
[0.608s] Level 1:colcon.colcon_core.package_identification:_identify(.) by extension 'python'
[0.609s] Level 1:colcon.colcon_core.package_identification:_identify(.) by extensions ['python_setup_py']
[0.609s] Level 1:colcon.colcon_core.package_identification:_identify(.) by extension 'python_setup_py'
[0.609s] Level 1:colcon.colcon_core.package_identification:_identify(build) by extensions ['ignore', 'ignore_ament_install']
[0.609s] Level 1:colcon.colcon_core.package_identification:_identify(build) by extension 'ignore'
[0.609s] Level 1:colcon.colcon_core.package_identification:_identify(build) ignored
[0.609s] Level 1:colcon.colcon_core.package_identification:_identify(install) by extensions ['ignore', 'ignore_ament_install']
[0.609s] Level 1:colcon.colcon_core.package_identification:_identify(install) by extension 'ignore'
[0.609s] Level 1:colcon.colcon_core.package_identification:_identify(install) ignored
[0.609s] Level 1:colcon.colcon_core.package_identification:_identify(log) by extensions ['ignore', 'ignore_ament_install']
[0.609s] Level 1:colcon.colcon_core.package_identification:_identify(log) by extension 'ignore'
[0.610s] Level 1:colcon.colcon_core.package_identification:_identify(log) ignored
[0.610s] Level 1:colcon.colcon_core.package_identification:_identify(src) by extensions ['ignore', 'ignore_ament_install']
[0.610s] Level 1:colcon.colcon_core.package_identification:_identify(src) by extension 'ignore'
[0.610s] Level 1:colcon.colcon_core.package_identification:_identify(src) by extension 'ignore_ament_install'
[0.610s] Level 1:colcon.colcon_core.package_identification:_identify(src) by extensions ['colcon_pkg']
[0.610s] Level 1:colcon.colcon_core.package_identification:_identify(src) by extension 'colcon_pkg'
[0.610s] Level 1:colcon.colcon_core.package_identification:_identify(src) by extensions ['colcon_meta']
[0.610s] Level 1:colcon.colcon_core.package_identification:_identify(src) by extension 'colcon_meta'
[0.610s] Level 1:colcon.colcon_core.package_identification:_identify(src) by extensions ['ros']
[0.610s] Level 1:colcon.colcon_core.package_identification:_identify(src) by extension 'ros'
[0.610s] Level 1:colcon.colcon_core.package_identification:_identify(src) by extensions ['cmake', 'python']
[0.610s] Level 1:colcon.colcon_core.package_identification:_identify(src) by extension 'cmake'
[0.610s] Level 1:colcon.colcon_core.package_identification:_identify(src) by extension 'python'
[0.610s] Level 1:colcon.colcon_core.package_identification:_identify(src) by extensions ['python_setup_py']
[0.610s] Level 1:colcon.colcon_core.package_identification:_identify(src) by extension 'python_setup_py'
[0.611s] Level 1:colcon.colcon_core.package_identification:_identify(src/Autonomous-Explorer-and-Mapper-ros2-nav2) by extensions ['ignore', 'ignore_ament_install']
[0.611s] Level 1:colcon.colcon_core.package_identification:_identify(src/Autonomous-Explorer-and-Mapper-ros2-nav2) by extension 'ignore'
[0.611s] Level 1:colcon.colcon_core.package_identification:_identify(src/Autonomous-Explorer-and-Mapper-ros2-nav2) by extension 'ignore_ament_install'
[0.611s] Level 1:colcon.colcon_core.package_identification:_identify(src/Autonomous-Explorer-and-Mapper-ros2-nav2) by extensions ['colcon_pkg']
[0.611s] Level 1:colcon.colcon_core.package_identification:_identify(src/Autonomous-Explorer-and-Mapper-ros2-nav2) by extension 'colcon_pkg'
[0.611s] Level 1:colcon.colcon_core.package_identification:_identify(src/Autonomous-Explorer-and-Mapper-ros2-nav2) by extensions ['colcon_meta']
[0.611s] Level 1:colcon.colcon_core.package_identification:_identify(src/Autonomous-Explorer-and-Mapper-ros2-nav2) by extension 'colcon_meta'
[0.611s] Level 1:colcon.colcon_core.package_identification:_identify(src/Autonomous-Explorer-and-Mapper-ros2-nav2) by extensions ['ros']
[0.611s] Level 1:colcon.colcon_core.package_identification:_identify(src/Autonomous-Explorer-and-Mapper-ros2-nav2) by extension 'ros'
[0.614s] DEBUG:colcon.colcon_core.package_identification:Package 'src/Autonomous-Explorer-and-Mapper-ros2-nav2' with type 'ros.ament_python' and name 'custom_explorer'
[0.614s] Level 1:colcon.colcon_core.package_identification:_identify(src/build) by extensions ['ignore', 'ignore_ament_install']
[0.614s] Level 1:colcon.colcon_core.package_identification:_identify(src/build) by extension 'ignore'
[0.614s] Level 1:colcon.colcon_core.package_identification:_identify(src/build) ignored
[0.615s] Level 1:colcon.colcon_core.package_identification:_identify(src/install) by extensions ['ignore', 'ignore_ament_install']
[0.615s] Level 1:colcon.colcon_core.package_identification:_identify(src/install) by extension 'ignore'
[0.615s] Level 1:colcon.colcon_core.package_identification:_identify(src/install) ignored
[0.615s] Level 1:colcon.colcon_core.package_identification:_identify(src/log) by extensions ['ignore', 'ignore_ament_install']
[0.615s] Level 1:colcon.colcon_core.package_identification:_identify(src/log) by extension 'ignore'
[0.615s] Level 1:colcon.colcon_core.package_identification:_identify(src/log) ignored
[0.615s] Level 1:colcon.colcon_core.package_identification:_identify(src/main_controller_interfaces) by extensions ['ignore', 'ignore_ament_install']
[0.615s] Level 1:colcon.colcon_core.package_identification:_identify(src/main_controller_interfaces) by extension 'ignore'
[0.615s] Level 1:colcon.colcon_core.package_identification:_identify(src/main_controller_interfaces) by extension 'ignore_ament_install'
[0.615s] Level 1:colcon.colcon_core.package_identification:_identify(src/main_controller_interfaces) by extensions ['colcon_pkg']
[0.616s] Level 1:colcon.colcon_core.package_identification:_identify(src/main_controller_interfaces) by extension 'colcon_pkg'
[0.616s] Level 1:colcon.colcon_core.package_identification:_identify(src/main_controller_interfaces) by extensions ['colcon_meta']
[0.616s] Level 1:colcon.colcon_core.package_identification:_identify(src/main_controller_interfaces) by extension 'colcon_meta'
[0.616s] Level 1:colcon.colcon_core.package_identification:_identify(src/main_controller_interfaces) by extensions ['ros']
[0.616s] Level 1:colcon.colcon_core.package_identification:_identify(src/main_controller_interfaces) by extension 'ros'
[0.616s] DEBUG:colcon.colcon_core.package_identification:Package 'src/main_controller_interfaces' with type 'ros.ament_cmake' and name 'main_controller_interfaces'
[0.616s] Level 1:colcon.colcon_core.package_identification:_identify(src/main_logic_controller) by extensions ['ignore', 'ignore_ament_install']
[0.617s] Level 1:colcon.colcon_core.package_identification:_identify(src/main_logic_controller) by extension 'ignore'
[0.617s] Level 1:colcon.colcon_core.package_identification:_identify(src/main_logic_controller) by extension 'ignore_ament_install'
[0.617s] Level 1:colcon.colcon_core.package_identification:_identify(src/main_logic_controller) by extensions ['colcon_pkg']
[0.617s] Level 1:colcon.colcon_core.package_identification:_identify(src/main_logic_controller) by extension 'colcon_pkg'
[0.617s] Level 1:colcon.colcon_core.package_identification:_identify(src/main_logic_controller) by extensions ['colcon_meta']
[0.617s] Level 1:colcon.colcon_core.package_identification:_identify(src/main_logic_controller) by extension 'colcon_meta'
[0.617s] Level 1:colcon.colcon_core.package_identification:_identify(src/main_logic_controller) by extensions ['ros']
[0.617s] Level 1:colcon.colcon_core.package_identification:_identify(src/main_logic_controller) by extension 'ros'
[0.618s] DEBUG:colcon.colcon_core.package_identification:Package 'src/main_logic_controller' with type 'ros.ament_python' and name 'main_logic_controller'
[0.619s] Level 1:colcon.colcon_core.package_identification:_identify(src/main_logic_controller_interfaces) by extensions ['ignore', 'ignore_ament_install']
[0.619s] Level 1:colcon.colcon_core.package_identification:_identify(src/main_logic_controller_interfaces) by extension 'ignore'
[0.619s] Level 1:colcon.colcon_core.package_identification:_identify(src/main_logic_controller_interfaces) by extension 'ignore_ament_install'
[0.619s] Level 1:colcon.colcon_core.package_identification:_identify(src/main_logic_controller_interfaces) by extensions ['colcon_pkg']
[0.619s] Level 1:colcon.colcon_core.package_identification:_identify(src/main_logic_controller_interfaces) by extension 'colcon_pkg'
[0.619s] Level 1:colcon.colcon_core.package_identification:_identify(src/main_logic_controller_interfaces) by extensions ['colcon_meta']
[0.619s] Level 1:colcon.colcon_core.package_identification:_identify(src/main_logic_controller_interfaces) by extension 'colcon_meta'
[0.619s] Level 1:colcon.colcon_core.package_identification:_identify(src/main_logic_controller_interfaces) by extensions ['ros']
[0.619s] Level 1:colcon.colcon_core.package_identification:_identify(src/main_logic_controller_interfaces) by extension 'ros'
[0.619s] Level 1:colcon.colcon_core.package_identification:_identify(src/main_logic_controller_interfaces) by extensions ['cmake', 'python']
[0.619s] Level 1:colcon.colcon_core.package_identification:_identify(src/main_logic_controller_interfaces) by extension 'cmake'
[0.619s] Level 1:colcon.colcon_core.package_identification:_identify(src/main_logic_controller_interfaces) by extension 'python'
[0.619s] Level 1:colcon.colcon_core.package_identification:_identify(src/main_logic_controller_interfaces) by extensions ['python_setup_py']
[0.619s] Level 1:colcon.colcon_core.package_identification:_identify(src/main_logic_controller_interfaces) by extension 'python_setup_py'
[0.619s] Level 1:colcon.colcon_core.package_discovery:discover_packages(recursive) using defaults
[0.619s] Level 1:colcon.colcon_core.package_discovery:discover_packages(ignore) discover
[0.619s] Level 1:colcon.colcon_core.package_discovery:discover_packages(ignore) using defaults
[0.619s] Level 1:colcon.colcon_core.package_discovery:discover_packages(path) discover
[0.620s] Level 1:colcon.colcon_core.package_discovery:discover_packages(path) using defaults
[0.620s] WARNING:colcon.colcon_core.package_selection:ignoring unknown package 'Autonomous-Explorer-and-Mapper-ros2-nav2' in --packages-select
[0.673s] INFO:colcon.colcon_core.package_selection:Skipping not selected package 'custom_explorer' in 'src/Autonomous-Explorer-and-Mapper-ros2-nav2'
[0.673s] INFO:colcon.colcon_core.package_selection:Skipping not selected package 'main_controller_interfaces' in 'src/main_controller_interfaces'
[0.673s] INFO:colcon.colcon_core.package_selection:Skipping not selected package 'main_logic_controller' in 'src/main_logic_controller'
[0.674s] Level 1:colcon.colcon_core.package_discovery:discover_packages(prefix_path) check parameters
[0.675s] Level 1:colcon.colcon_core.package_discovery:discover_packages(prefix_path) discover
[0.680s] DEBUG:colcon.colcon_installed_package_information.package_discovery:Found 2 installed packages in /home/ramy_abdulwahed/41xx/install
[0.681s] DEBUG:colcon.colcon_installed_package_information.package_discovery:Found 2 installed packages in /home/ramy_abdulwahed/best_roswc/install
[0.682s] DEBUG:colcon.colcon_installed_package_information.package_discovery:Found 0 installed packages in /home/ramy_abdulwahed/best_roswc/src/install
[0.687s] DEBUG:colcon.colcon_installed_package_information.package_discovery:Found 400 installed packages in /opt/ros/humble
[0.691s] Level 1:colcon.colcon_core.package_discovery:discover_packages(prefix_path) using defaults
[0.775s] INFO:colcon.colcon_core.executor:Executing jobs using 'parallel' executor
[0.776s] DEBUG:colcon.colcon_parallel_executor.executor.parallel:run_until_complete
[0.777s] DEBUG:colcon.colcon_parallel_executor.executor.parallel:closing loop
[0.777s] DEBUG:colcon.colcon_parallel_executor.executor.parallel:loop closed
[0.777s] DEBUG:colcon.colcon_parallel_executor.executor.parallel:run_until_complete finished with '0'
[0.777s] DEBUG:colcon.colcon_core.event_reactor:joining thread
[0.868s] INFO:colcon.colcon_core.plugin_system:Skipping extension 'colcon_notification.desktop_notification.notify_send': Could not find 'notify-send'
[0.868s] INFO:colcon.colcon_core.plugin_system:Skipping extension 'colcon_notification.desktop_notification.terminal_notifier': Not used on non-Darwin systems
[0.868s] INFO:colcon.colcon_core.plugin_system:Skipping extension 'colcon_notification.desktop_notification.win32': Not used on non-Windows systems
[0.869s] INFO:colcon.colcon_notification.desktop_notification:Sending desktop notification using 'notify2'
[0.871s] DEBUG:colcon.colcon_notification.desktop_notification.notify2:Failed to initialize notify2: org.freedesktop.DBus.Error.ServiceUnknown: The name org.freedesktop.Notifications was not provided by any .service files
[0.871s] DEBUG:colcon.colcon_core.event_reactor:joined thread
[0.874s] INFO:colcon.colcon_core.plugin_system:Skipping extension 'colcon_core.shell.bat': Not used on non-Windows systems
[0.874s] INFO:colcon.colcon_core.shell:Creating prefix script '/home/ramy_abdulwahed/41xx/install/local_setup.ps1'
[0.875s] INFO:colcon.colcon_core.shell:Creating prefix util module '/home/ramy_abdulwahed/41xx/install/_local_setup_util_ps1.py'
[0.877s] INFO:colcon.colcon_core.shell:Creating prefix chain script '/home/ramy_abdulwahed/41xx/install/setup.ps1'
[0.878s] INFO:colcon.colcon_core.shell:Creating prefix script '/home/ramy_abdulwahed/41xx/install/local_setup.sh'
[0.879s] INFO:colcon.colcon_core.shell:Creating prefix util module '/home/ramy_abdulwahed/41xx/install/_local_setup_util_sh.py'
[0.879s] INFO:colcon.colcon_core.shell:Creating prefix chain script '/home/ramy_abdulwahed/41xx/install/setup.sh'
[0.880s] INFO:colcon.colcon_core.shell:Creating prefix script '/home/ramy_abdulwahed/41xx/install/local_setup.bash'
[0.881s] INFO:colcon.colcon_core.shell:Creating prefix chain script '/home/ramy_abdulwahed/41xx/install/setup.bash'
[0.882s] INFO:colcon.colcon_core.shell:Creating prefix script '/home/ramy_abdulwahed/41xx/install/local_setup.zsh'
[0.883s] INFO:colcon.colcon_core.shell:Creating prefix chain script '/home/ramy_abdulwahed/41xx/install/setup.zsh'
