running develop
running egg_info
creating custom_explorer.egg-info
writing custom_explorer.egg-info/PKG-INFO
writing dependency_links to custom_explorer.egg-info/dependency_links.txt
writing entry points to custom_explorer.egg-info/entry_points.txt
writing requirements to custom_explorer.egg-info/requires.txt
writing top-level names to custom_explorer.egg-info/top_level.txt
writing manifest file 'custom_explorer.egg-info/SOURCES.txt'
reading manifest file 'custom_explorer.egg-info/SOURCES.txt'
writing manifest file 'custom_explorer.egg-info/SOURCES.txt'
running build_ext
Creating /home/lawnbot/ROS2/lawnbot/src/install/custom_explorer/lib/python3.12/site-packages/custom-explorer.egg-link (link to .)
Installing explorer script to /home/lawnbot/ROS2/lawnbot/src/install/custom_explorer/lib/custom_explorer

Installed /home/lawnbot/ROS2/lawnbot/src/build/custom_explorer
running symlink_data
creating /home/lawnbot/ROS2/lawnbot/src/install/custom_explorer/share/ament_index
creating /home/lawnbot/ROS2/lawnbot/src/install/custom_explorer/share/ament_index/resource_index
creating /home/lawnbot/ROS2/lawnbot/src/install/custom_explorer/share/ament_index/resource_index/packages
symbolically linking /home/lawnbot/ROS2/lawnbot/src/build/custom_explorer/resource/custom_explorer -> /home/lawnbot/ROS2/lawnbot/src/install/custom_explorer/share/ament_index/resource_index/packages
symbolically linking /home/lawnbot/ROS2/lawnbot/src/build/custom_explorer/package.xml -> /home/lawnbot/ROS2/lawnbot/src/install/custom_explorer/share/custom_explorer
