[1.463s] Invoking command in '/home/lawnbot/ROS2/lawnbot/src/build/custom_explorer': DEBUGINFOD_URLS=https://debuginfod.ubuntu.com PYTHONPATH=/home/lawnbot/ROS2/lawnbot/src/build/custom_explorer/prefix_override:/usr/lib/python3/dist-packages/colcon_core/task/python/colcon_distutils_commands:/home/lawnbot/ROS2/lawnbot/src/install/custom_explorer/lib/python3.12/site-packages:${PYTHONPATH} /usr/bin/python3 -W ignore:setup.py install is deprecated -W ignore:easy_install command is deprecated setup.py develop --editable --build-directory /home/lawnbot/ROS2/lawnbot/src/build/custom_explorer/build --no-deps symlink_data
[2.037s] running develop
[2.391s] running egg_info
[2.391s] creating custom_explorer.egg-info
[2.424s] writing custom_explorer.egg-info/PKG-INFO
[2.424s] writing dependency_links to custom_explorer.egg-info/dependency_links.txt
[2.425s] writing entry points to custom_explorer.egg-info/entry_points.txt
[2.425s] writing requirements to custom_explorer.egg-info/requires.txt
[2.425s] writing top-level names to custom_explorer.egg-info/top_level.txt
[2.425s] writing manifest file 'custom_explorer.egg-info/SOURCES.txt'
[2.494s] reading manifest file 'custom_explorer.egg-info/SOURCES.txt'
[2.494s] writing manifest file 'custom_explorer.egg-info/SOURCES.txt'
[2.530s] running build_ext
[2.530s] Creating /home/lawnbot/ROS2/lawnbot/src/install/custom_explorer/lib/python3.12/site-packages/custom-explorer.egg-link (link to .)
[2.531s] Installing explorer script to /home/lawnbot/ROS2/lawnbot/src/install/custom_explorer/lib/custom_explorer
[2.531s] 
[2.531s] Installed /home/lawnbot/ROS2/lawnbot/src/build/custom_explorer
[2.531s] running symlink_data
[2.532s] creating /home/lawnbot/ROS2/lawnbot/src/install/custom_explorer/share/ament_index
[2.532s] creating /home/lawnbot/ROS2/lawnbot/src/install/custom_explorer/share/ament_index/resource_index
[2.532s] creating /home/lawnbot/ROS2/lawnbot/src/install/custom_explorer/share/ament_index/resource_index/packages
[2.532s] symbolically linking /home/lawnbot/ROS2/lawnbot/src/build/custom_explorer/resource/custom_explorer -> /home/lawnbot/ROS2/lawnbot/src/install/custom_explorer/share/ament_index/resource_index/packages
[2.532s] symbolically linking /home/lawnbot/ROS2/lawnbot/src/build/custom_explorer/package.xml -> /home/lawnbot/ROS2/lawnbot/src/install/custom_explorer/share/custom_explorer
[2.645s] Invoked command in '/home/lawnbot/ROS2/lawnbot/src/build/custom_explorer' returned '0': DEBUGINFOD_URLS=https://debuginfod.ubuntu.com PYTHONPATH=/home/lawnbot/ROS2/lawnbot/src/build/custom_explorer/prefix_override:/usr/lib/python3/dist-packages/colcon_core/task/python/colcon_distutils_commands:/home/lawnbot/ROS2/lawnbot/src/install/custom_explorer/lib/python3.12/site-packages:${PYTHONPATH} /usr/bin/python3 -W ignore:setup.py install is deprecated -W ignore:easy_install command is deprecated setup.py develop --editable --build-directory /home/lawnbot/ROS2/lawnbot/src/build/custom_explorer/build --no-deps symlink_data
