[0.706s] DEBUG:colcon:Command line arguments: ['/usr/bin/colcon', 'build', '--symlink-install']
[0.707s] DEBUG:colcon:Parsed command line arguments: Namespace(log_base=None, log_level=None, verb_name='build', build_base='build', install_base='install', merge_install=False, symlink_install=True, test_result_base=None, continue_on_error=False, executor='parallel', parallel_workers=16, event_handlers=None, ignore_user_meta=False, metas=['./colcon.meta'], base_paths=['.'], packages_ignore=None, packages_ignore_regex=None, paths=None, packages_up_to=None, packages_up_to_regex=None, packages_above=None, packages_above_and_dependencies=None, packages_above_depth=None, packages_select_by_dep=None, packages_skip_by_dep=None, packages_skip_up_to=None, packages_select_build_failed=False, packages_skip_build_finished=False, packages_select_test_failures=False, packages_skip_test_passed=False, packages_select=None, packages_skip=None, packages_select_regex=None, packages_skip_regex=None, packages_start=None, packages_end=None, allow_overriding=[], cmake_args=None, cmake_target=None, cmake_target_skip_unavailable=False, cmake_clean_cache=False, cmake_clean_first=False, cmake_force_configure=False, ament_cmake_args=None, catkin_cmake_args=None, catkin_skip_building_tests=False, verb_parser=<colcon_defaults.argument_parser.defaults.DefaultArgumentsDecorator object at 0x7f87f42b4910>, verb_extension=<colcon_core.verb.build.BuildVerb object at 0x7f87f4441d50>, main=<bound method BuildVerb.main of <colcon_core.verb.build.BuildVerb object at 0x7f87f4441d50>>)
[1.300s] Level 1:colcon.colcon_core.package_discovery:discover_packages(colcon_meta) check parameters
[1.300s] Level 1:colcon.colcon_core.package_discovery:discover_packages(recursive) check parameters
[1.300s] Level 1:colcon.colcon_core.package_discovery:discover_packages(ignore) check parameters
[1.300s] Level 1:colcon.colcon_core.package_discovery:discover_packages(path) check parameters
[1.300s] Level 1:colcon.colcon_core.package_discovery:discover_packages(colcon_meta) discover
[1.300s] Level 1:colcon.colcon_core.package_discovery:discover_packages(recursive) discover
[1.300s] INFO:colcon.colcon_core.package_discovery:Crawling recursively for packages in '/home/ramy_abdulwahed/41xx'
[1.301s] Level 1:colcon.colcon_core.package_identification:_identify(.) by extensions ['ignore', 'ignore_ament_install']
[1.302s] Level 1:colcon.colcon_core.package_identification:_identify(.) by extension 'ignore'
[1.302s] Level 1:colcon.colcon_core.package_identification:_identify(.) by extension 'ignore_ament_install'
[1.302s] Level 1:colcon.colcon_core.package_identification:_identify(.) by extensions ['colcon_pkg']
[1.302s] Level 1:colcon.colcon_core.package_identification:_identify(.) by extension 'colcon_pkg'
[1.302s] Level 1:colcon.colcon_core.package_identification:_identify(.) by extensions ['colcon_meta']
[1.302s] Level 1:colcon.colcon_core.package_identification:_identify(.) by extension 'colcon_meta'
[1.302s] Level 1:colcon.colcon_core.package_identification:_identify(.) by extensions ['ros']
[1.302s] Level 1:colcon.colcon_core.package_identification:_identify(.) by extension 'ros'
[1.334s] Level 1:colcon.colcon_core.package_identification:_identify(.) by extensions ['cmake', 'python']
[1.334s] Level 1:colcon.colcon_core.package_identification:_identify(.) by extension 'cmake'
[1.334s] Level 1:colcon.colcon_core.package_identification:_identify(.) by extension 'python'
[1.334s] Level 1:colcon.colcon_core.package_identification:_identify(.) by extensions ['python_setup_py']
[1.334s] Level 1:colcon.colcon_core.package_identification:_identify(.) by extension 'python_setup_py'
[1.335s] Level 1:colcon.colcon_core.package_identification:_identify(build) by extensions ['ignore', 'ignore_ament_install']
[1.335s] Level 1:colcon.colcon_core.package_identification:_identify(build) by extension 'ignore'
[1.335s] Level 1:colcon.colcon_core.package_identification:_identify(build) ignored
[1.336s] Level 1:colcon.colcon_core.package_identification:_identify(install) by extensions ['ignore', 'ignore_ament_install']
[1.336s] Level 1:colcon.colcon_core.package_identification:_identify(install) by extension 'ignore'
[1.336s] Level 1:colcon.colcon_core.package_identification:_identify(install) ignored
[1.336s] Level 1:colcon.colcon_core.package_identification:_identify(log) by extensions ['ignore', 'ignore_ament_install']
[1.336s] Level 1:colcon.colcon_core.package_identification:_identify(log) by extension 'ignore'
[1.336s] Level 1:colcon.colcon_core.package_identification:_identify(log) ignored
[1.337s] Level 1:colcon.colcon_core.package_identification:_identify(src) by extensions ['ignore', 'ignore_ament_install']
[1.337s] Level 1:colcon.colcon_core.package_identification:_identify(src) by extension 'ignore'
[1.337s] Level 1:colcon.colcon_core.package_identification:_identify(src) by extension 'ignore_ament_install'
[1.337s] Level 1:colcon.colcon_core.package_identification:_identify(src) by extensions ['colcon_pkg']
[1.337s] Level 1:colcon.colcon_core.package_identification:_identify(src) by extension 'colcon_pkg'
[1.337s] Level 1:colcon.colcon_core.package_identification:_identify(src) by extensions ['colcon_meta']
[1.337s] Level 1:colcon.colcon_core.package_identification:_identify(src) by extension 'colcon_meta'
[1.337s] Level 1:colcon.colcon_core.package_identification:_identify(src) by extensions ['ros']
[1.338s] Level 1:colcon.colcon_core.package_identification:_identify(src) by extension 'ros'
[1.338s] Level 1:colcon.colcon_core.package_identification:_identify(src) by extensions ['cmake', 'python']
[1.338s] Level 1:colcon.colcon_core.package_identification:_identify(src) by extension 'cmake'
[1.338s] Level 1:colcon.colcon_core.package_identification:_identify(src) by extension 'python'
[1.338s] Level 1:colcon.colcon_core.package_identification:_identify(src) by extensions ['python_setup_py']
[1.338s] Level 1:colcon.colcon_core.package_identification:_identify(src) by extension 'python_setup_py'
[1.338s] Level 1:colcon.colcon_core.package_identification:_identify(src/build) by extensions ['ignore', 'ignore_ament_install']
[1.338s] Level 1:colcon.colcon_core.package_identification:_identify(src/build) by extension 'ignore'
[1.339s] Level 1:colcon.colcon_core.package_identification:_identify(src/build) ignored
[1.340s] Level 1:colcon.colcon_core.package_identification:_identify(src/install) by extensions ['ignore', 'ignore_ament_install']
[1.340s] Level 1:colcon.colcon_core.package_identification:_identify(src/install) by extension 'ignore'
[1.340s] Level 1:colcon.colcon_core.package_identification:_identify(src/install) ignored
[1.341s] Level 1:colcon.colcon_core.package_identification:_identify(src/log) by extensions ['ignore', 'ignore_ament_install']
[1.341s] Level 1:colcon.colcon_core.package_identification:_identify(src/log) by extension 'ignore'
[1.341s] Level 1:colcon.colcon_core.package_identification:_identify(src/log) ignored
[1.342s] Level 1:colcon.colcon_core.package_identification:_identify(src/main_controller_interfaces) by extensions ['ignore', 'ignore_ament_install']
[1.342s] Level 1:colcon.colcon_core.package_identification:_identify(src/main_controller_interfaces) by extension 'ignore'
[1.342s] Level 1:colcon.colcon_core.package_identification:_identify(src/main_controller_interfaces) by extension 'ignore_ament_install'
[1.342s] Level 1:colcon.colcon_core.package_identification:_identify(src/main_controller_interfaces) by extensions ['colcon_pkg']
[1.342s] Level 1:colcon.colcon_core.package_identification:_identify(src/main_controller_interfaces) by extension 'colcon_pkg'
[1.342s] Level 1:colcon.colcon_core.package_identification:_identify(src/main_controller_interfaces) by extensions ['colcon_meta']
[1.342s] Level 1:colcon.colcon_core.package_identification:_identify(src/main_controller_interfaces) by extension 'colcon_meta'
[1.342s] Level 1:colcon.colcon_core.package_identification:_identify(src/main_controller_interfaces) by extensions ['ros']
[1.342s] Level 1:colcon.colcon_core.package_identification:_identify(src/main_controller_interfaces) by extension 'ros'
[1.349s] DEBUG:colcon.colcon_core.package_identification:Package 'src/main_controller_interfaces' with type 'ros.ament_cmake' and name 'main_controller_interfaces'
[1.350s] Level 1:colcon.colcon_core.package_identification:_identify(src/main_logic_controller) by extensions ['ignore', 'ignore_ament_install']
[1.350s] Level 1:colcon.colcon_core.package_identification:_identify(src/main_logic_controller) by extension 'ignore'
[1.350s] Level 1:colcon.colcon_core.package_identification:_identify(src/main_logic_controller) by extension 'ignore_ament_install'
[1.350s] Level 1:colcon.colcon_core.package_identification:_identify(src/main_logic_controller) by extensions ['colcon_pkg']
[1.350s] Level 1:colcon.colcon_core.package_identification:_identify(src/main_logic_controller) by extension 'colcon_pkg'
[1.350s] Level 1:colcon.colcon_core.package_identification:_identify(src/main_logic_controller) by extensions ['colcon_meta']
[1.350s] Level 1:colcon.colcon_core.package_identification:_identify(src/main_logic_controller) by extension 'colcon_meta'
[1.350s] Level 1:colcon.colcon_core.package_identification:_identify(src/main_logic_controller) by extensions ['ros']
[1.350s] Level 1:colcon.colcon_core.package_identification:_identify(src/main_logic_controller) by extension 'ros'
[1.352s] DEBUG:colcon.colcon_core.package_identification:Package 'src/main_logic_controller' with type 'ros.ament_python' and name 'main_logic_controller'
[1.352s] Level 1:colcon.colcon_core.package_identification:_identify(src/main_logic_controller_interfaces) by extensions ['ignore', 'ignore_ament_install']
[1.352s] Level 1:colcon.colcon_core.package_identification:_identify(src/main_logic_controller_interfaces) by extension 'ignore'
[1.352s] Level 1:colcon.colcon_core.package_identification:_identify(src/main_logic_controller_interfaces) by extension 'ignore_ament_install'
[1.352s] Level 1:colcon.colcon_core.package_identification:_identify(src/main_logic_controller_interfaces) by extensions ['colcon_pkg']
[1.352s] Level 1:colcon.colcon_core.package_identification:_identify(src/main_logic_controller_interfaces) by extension 'colcon_pkg'
[1.352s] Level 1:colcon.colcon_core.package_identification:_identify(src/main_logic_controller_interfaces) by extensions ['colcon_meta']
[1.352s] Level 1:colcon.colcon_core.package_identification:_identify(src/main_logic_controller_interfaces) by extension 'colcon_meta'
[1.353s] Level 1:colcon.colcon_core.package_identification:_identify(src/main_logic_controller_interfaces) by extensions ['ros']
[1.353s] Level 1:colcon.colcon_core.package_identification:_identify(src/main_logic_controller_interfaces) by extension 'ros'
[1.353s] Level 1:colcon.colcon_core.package_identification:_identify(src/main_logic_controller_interfaces) by extensions ['cmake', 'python']
[1.353s] Level 1:colcon.colcon_core.package_identification:_identify(src/main_logic_controller_interfaces) by extension 'cmake'
[1.353s] Level 1:colcon.colcon_core.package_identification:_identify(src/main_logic_controller_interfaces) by extension 'python'
[1.353s] Level 1:colcon.colcon_core.package_identification:_identify(src/main_logic_controller_interfaces) by extensions ['python_setup_py']
[1.353s] Level 1:colcon.colcon_core.package_identification:_identify(src/main_logic_controller_interfaces) by extension 'python_setup_py'
[1.353s] Level 1:colcon.colcon_core.package_discovery:discover_packages(recursive) using defaults
[1.353s] Level 1:colcon.colcon_core.package_discovery:discover_packages(ignore) discover
[1.353s] Level 1:colcon.colcon_core.package_discovery:discover_packages(ignore) using defaults
[1.353s] Level 1:colcon.colcon_core.package_discovery:discover_packages(path) discover
[1.353s] Level 1:colcon.colcon_core.package_discovery:discover_packages(path) using defaults
[1.420s] Level 1:colcon.colcon_core.package_discovery:discover_packages(prefix_path) check parameters
[1.420s] Level 1:colcon.colcon_core.package_discovery:discover_packages(prefix_path) discover
[1.430s] DEBUG:colcon.colcon_installed_package_information.package_discovery:Found 2 installed packages in /home/ramy_abdulwahed/best_roswc/install
[1.431s] DEBUG:colcon.colcon_installed_package_information.package_discovery:Found 0 installed packages in /home/ramy_abdulwahed/best_roswc/src/install
[1.435s] DEBUG:colcon.colcon_installed_package_information.package_discovery:Found 400 installed packages in /opt/ros/humble
[1.436s] Level 1:colcon.colcon_core.package_discovery:discover_packages(prefix_path) using defaults
[1.747s] Level 5:colcon.colcon_core.verb:set package 'main_controller_interfaces' build argument 'cmake_args' from command line to 'None'
[1.747s] Level 5:colcon.colcon_core.verb:set package 'main_controller_interfaces' build argument 'cmake_target' from command line to 'None'
[1.747s] Level 5:colcon.colcon_core.verb:set package 'main_controller_interfaces' build argument 'cmake_target_skip_unavailable' from command line to 'False'
[1.747s] Level 5:colcon.colcon_core.verb:set package 'main_controller_interfaces' build argument 'cmake_clean_cache' from command line to 'False'
[1.747s] Level 5:colcon.colcon_core.verb:set package 'main_controller_interfaces' build argument 'cmake_clean_first' from command line to 'False'
[1.748s] Level 5:colcon.colcon_core.verb:set package 'main_controller_interfaces' build argument 'cmake_force_configure' from command line to 'False'
[1.748s] Level 5:colcon.colcon_core.verb:set package 'main_controller_interfaces' build argument 'ament_cmake_args' from command line to 'None'
[1.748s] Level 5:colcon.colcon_core.verb:set package 'main_controller_interfaces' build argument 'catkin_cmake_args' from command line to 'None'
[1.748s] Level 5:colcon.colcon_core.verb:set package 'main_controller_interfaces' build argument 'catkin_skip_building_tests' from command line to 'False'
[1.748s] DEBUG:colcon.colcon_core.verb:Building package 'main_controller_interfaces' with the following arguments: {'ament_cmake_args': None, 'build_base': '/home/ramy_abdulwahed/41xx/build/main_controller_interfaces', 'catkin_cmake_args': None, 'catkin_skip_building_tests': False, 'cmake_args': None, 'cmake_clean_cache': False, 'cmake_clean_first': False, 'cmake_force_configure': False, 'cmake_target': None, 'cmake_target_skip_unavailable': False, 'install_base': '/home/ramy_abdulwahed/41xx/install/main_controller_interfaces', 'merge_install': False, 'path': '/home/ramy_abdulwahed/41xx/src/main_controller_interfaces', 'symlink_install': True, 'test_result_base': None}
[1.748s] Level 5:colcon.colcon_core.verb:set package 'main_logic_controller' build argument 'cmake_args' from command line to 'None'
[1.748s] Level 5:colcon.colcon_core.verb:set package 'main_logic_controller' build argument 'cmake_target' from command line to 'None'
[1.748s] Level 5:colcon.colcon_core.verb:set package 'main_logic_controller' build argument 'cmake_target_skip_unavailable' from command line to 'False'
[1.748s] Level 5:colcon.colcon_core.verb:set package 'main_logic_controller' build argument 'cmake_clean_cache' from command line to 'False'
[1.748s] Level 5:colcon.colcon_core.verb:set package 'main_logic_controller' build argument 'cmake_clean_first' from command line to 'False'
[1.748s] Level 5:colcon.colcon_core.verb:set package 'main_logic_controller' build argument 'cmake_force_configure' from command line to 'False'
[1.748s] Level 5:colcon.colcon_core.verb:set package 'main_logic_controller' build argument 'ament_cmake_args' from command line to 'None'
[1.748s] Level 5:colcon.colcon_core.verb:set package 'main_logic_controller' build argument 'catkin_cmake_args' from command line to 'None'
[1.748s] Level 5:colcon.colcon_core.verb:set package 'main_logic_controller' build argument 'catkin_skip_building_tests' from command line to 'False'
[1.748s] DEBUG:colcon.colcon_core.verb:Building package 'main_logic_controller' with the following arguments: {'ament_cmake_args': None, 'build_base': '/home/ramy_abdulwahed/41xx/build/main_logic_controller', 'catkin_cmake_args': None, 'catkin_skip_building_tests': False, 'cmake_args': None, 'cmake_clean_cache': False, 'cmake_clean_first': False, 'cmake_force_configure': False, 'cmake_target': None, 'cmake_target_skip_unavailable': False, 'install_base': '/home/ramy_abdulwahed/41xx/install/main_logic_controller', 'merge_install': False, 'path': '/home/ramy_abdulwahed/41xx/src/main_logic_controller', 'symlink_install': True, 'test_result_base': None}
[1.748s] INFO:colcon.colcon_core.executor:Executing jobs using 'parallel' executor
[1.750s] DEBUG:colcon.colcon_parallel_executor.executor.parallel:run_until_complete
[1.750s] INFO:colcon.colcon_ros.task.ament_cmake.build:Building ROS package in '/home/ramy_abdulwahed/41xx/src/main_controller_interfaces' with build type 'ament_cmake'
[1.750s] INFO:colcon.colcon_cmake.task.cmake.build:Building CMake package in '/home/ramy_abdulwahed/41xx/src/main_controller_interfaces'
[1.760s] INFO:colcon.colcon_core.plugin_system:Skipping extension 'colcon_core.shell.bat': Not used on non-Windows systems
[1.761s] INFO:colcon.colcon_core.shell:Skip shell extension 'powershell' for command environment: Not usable outside of PowerShell
[1.761s] DEBUG:colcon.colcon_core.shell:Skip shell extension 'dsv' for command environment
[1.767s] INFO:colcon.colcon_ros.task.ament_python.build:Building ROS package in '/home/ramy_abdulwahed/41xx/src/main_logic_controller' with build type 'ament_python'
[1.767s] Level 1:colcon.colcon_core.shell:create_environment_hook('main_logic_controller', 'ament_prefix_path')
[1.768s] INFO:colcon.colcon_core.shell:Creating environment hook '/home/ramy_abdulwahed/41xx/install/main_logic_controller/share/main_logic_controller/hook/ament_prefix_path.ps1'
[1.769s] INFO:colcon.colcon_core.shell:Creating environment descriptor '/home/ramy_abdulwahed/41xx/install/main_logic_controller/share/main_logic_controller/hook/ament_prefix_path.dsv'
[1.770s] INFO:colcon.colcon_core.shell:Creating environment hook '/home/ramy_abdulwahed/41xx/install/main_logic_controller/share/main_logic_controller/hook/ament_prefix_path.sh'
[1.771s] INFO:colcon.colcon_core.shell:Skip shell extension 'powershell' for command environment: Not usable outside of PowerShell
[1.771s] DEBUG:colcon.colcon_core.shell:Skip shell extension 'dsv' for command environment
[1.781s] DEBUG:colcon.colcon_core.event_handler.log_command:Invoking command in '/home/ramy_abdulwahed/41xx/build/main_controller_interfaces': CMAKE_PREFIX_PATH=${CMAKE_PREFIX_PATH}:/home/ramy_abdulwahed/best_roswc/install/my_robot_controller:/opt/ros/humble /usr/bin/cmake --build /home/ramy_abdulwahed/41xx/build/main_controller_interfaces -- -j16 -l16
[2.080s] INFO:colcon.colcon_core.task.python.build:Building Python package in '/home/ramy_abdulwahed/41xx/src/main_logic_controller'
[2.081s] INFO:colcon.colcon_core.shell:Skip shell extension 'powershell' for command environment: Not usable outside of PowerShell
[2.081s] DEBUG:colcon.colcon_core.shell:Skip shell extension 'dsv' for command environment
[2.252s] DEBUG:colcon.colcon_core.event_handler.log_command:Invoked command in '/home/ramy_abdulwahed/41xx/build/main_controller_interfaces' returned '0': CMAKE_PREFIX_PATH=${CMAKE_PREFIX_PATH}:/home/ramy_abdulwahed/best_roswc/install/my_robot_controller:/opt/ros/humble /usr/bin/cmake --build /home/ramy_abdulwahed/41xx/build/main_controller_interfaces -- -j16 -l16
[2.263s] DEBUG:colcon.colcon_core.event_handler.log_command:Invoking command in '/home/ramy_abdulwahed/41xx/build/main_controller_interfaces': CMAKE_PREFIX_PATH=${CMAKE_PREFIX_PATH}:/home/ramy_abdulwahed/best_roswc/install/my_robot_controller:/opt/ros/humble /usr/bin/cmake --install /home/ramy_abdulwahed/41xx/build/main_controller_interfaces
[2.390s] Level 1:colcon.colcon_core.environment:create_environment_scripts_only(main_controller_interfaces)
[2.391s] DEBUG:colcon.colcon_core.event_handler.log_command:Invoked command in '/home/ramy_abdulwahed/41xx/build/main_controller_interfaces' returned '0': CMAKE_PREFIX_PATH=${CMAKE_PREFIX_PATH}:/home/ramy_abdulwahed/best_roswc/install/my_robot_controller:/opt/ros/humble /usr/bin/cmake --install /home/ramy_abdulwahed/41xx/build/main_controller_interfaces
[2.403s] Level 1:colcon.colcon_core.environment:checking '/home/ramy_abdulwahed/41xx/install/main_controller_interfaces' for CMake module files
[2.405s] Level 1:colcon.colcon_core.environment:checking '/home/ramy_abdulwahed/41xx/install/main_controller_interfaces' for CMake config files
[2.412s] Level 1:colcon.colcon_core.shell:create_environment_hook('main_controller_interfaces', 'cmake_prefix_path')
[2.413s] INFO:colcon.colcon_core.shell:Creating environment hook '/home/ramy_abdulwahed/41xx/install/main_controller_interfaces/share/main_controller_interfaces/hook/cmake_prefix_path.ps1'
[2.413s] INFO:colcon.colcon_core.shell:Creating environment descriptor '/home/ramy_abdulwahed/41xx/install/main_controller_interfaces/share/main_controller_interfaces/hook/cmake_prefix_path.dsv'
[2.414s] INFO:colcon.colcon_core.shell:Creating environment hook '/home/ramy_abdulwahed/41xx/install/main_controller_interfaces/share/main_controller_interfaces/hook/cmake_prefix_path.sh'
[2.414s] Level 1:colcon.colcon_core.environment:checking '/home/ramy_abdulwahed/41xx/install/main_controller_interfaces/lib'
[2.415s] Level 1:colcon.colcon_core.shell:create_environment_hook('main_controller_interfaces', 'ld_library_path_lib')
[2.415s] INFO:colcon.colcon_core.shell:Creating environment hook '/home/ramy_abdulwahed/41xx/install/main_controller_interfaces/share/main_controller_interfaces/hook/ld_library_path_lib.ps1'
[2.415s] INFO:colcon.colcon_core.shell:Creating environment descriptor '/home/ramy_abdulwahed/41xx/install/main_controller_interfaces/share/main_controller_interfaces/hook/ld_library_path_lib.dsv'
[2.415s] INFO:colcon.colcon_core.shell:Creating environment hook '/home/ramy_abdulwahed/41xx/install/main_controller_interfaces/share/main_controller_interfaces/hook/ld_library_path_lib.sh'
[2.416s] Level 1:colcon.colcon_core.environment:checking '/home/ramy_abdulwahed/41xx/install/main_controller_interfaces/bin'
[2.416s] Level 1:colcon.colcon_core.environment:checking '/home/ramy_abdulwahed/41xx/install/main_controller_interfaces/lib/pkgconfig/main_controller_interfaces.pc'
[2.416s] Level 1:colcon.colcon_core.environment:checking '/home/ramy_abdulwahed/41xx/install/main_controller_interfaces/lib/python3.10/site-packages'
[2.416s] Level 1:colcon.colcon_core.environment:checking '/home/ramy_abdulwahed/41xx/install/main_controller_interfaces/bin'
[2.417s] INFO:colcon.colcon_core.shell:Creating package script '/home/ramy_abdulwahed/41xx/install/main_controller_interfaces/share/main_controller_interfaces/package.ps1'
[2.418s] INFO:colcon.colcon_core.shell:Creating package descriptor '/home/ramy_abdulwahed/41xx/install/main_controller_interfaces/share/main_controller_interfaces/package.dsv'
[2.419s] INFO:colcon.colcon_core.shell:Creating package script '/home/ramy_abdulwahed/41xx/install/main_controller_interfaces/share/main_controller_interfaces/package.sh'
[2.420s] INFO:colcon.colcon_core.shell:Creating package script '/home/ramy_abdulwahed/41xx/install/main_controller_interfaces/share/main_controller_interfaces/package.bash'
[2.421s] INFO:colcon.colcon_core.shell:Creating package script '/home/ramy_abdulwahed/41xx/install/main_controller_interfaces/share/main_controller_interfaces/package.zsh'
[2.423s] Level 1:colcon.colcon_core.environment:create_file_with_runtime_dependencies(/home/ramy_abdulwahed/41xx/install/main_controller_interfaces/share/colcon-core/packages/main_controller_interfaces)
[2.423s] Level 1:colcon.colcon_core.environment:create_environment_scripts_only(main_controller_interfaces)
[2.424s] Level 1:colcon.colcon_core.environment:checking '/home/ramy_abdulwahed/41xx/install/main_controller_interfaces' for CMake module files
[2.424s] Level 1:colcon.colcon_core.environment:checking '/home/ramy_abdulwahed/41xx/install/main_controller_interfaces' for CMake config files
[2.425s] Level 1:colcon.colcon_core.shell:create_environment_hook('main_controller_interfaces', 'cmake_prefix_path')
[2.425s] INFO:colcon.colcon_core.shell:Creating environment hook '/home/ramy_abdulwahed/41xx/install/main_controller_interfaces/share/main_controller_interfaces/hook/cmake_prefix_path.ps1'
[2.426s] INFO:colcon.colcon_core.shell:Creating environment descriptor '/home/ramy_abdulwahed/41xx/install/main_controller_interfaces/share/main_controller_interfaces/hook/cmake_prefix_path.dsv'
[2.426s] INFO:colcon.colcon_core.shell:Creating environment hook '/home/ramy_abdulwahed/41xx/install/main_controller_interfaces/share/main_controller_interfaces/hook/cmake_prefix_path.sh'
[2.427s] Level 1:colcon.colcon_core.environment:checking '/home/ramy_abdulwahed/41xx/install/main_controller_interfaces/lib'
[2.427s] Level 1:colcon.colcon_core.shell:create_environment_hook('main_controller_interfaces', 'ld_library_path_lib')
[2.428s] INFO:colcon.colcon_core.shell:Creating environment hook '/home/ramy_abdulwahed/41xx/install/main_controller_interfaces/share/main_controller_interfaces/hook/ld_library_path_lib.ps1'
[2.428s] INFO:colcon.colcon_core.shell:Creating environment descriptor '/home/ramy_abdulwahed/41xx/install/main_controller_interfaces/share/main_controller_interfaces/hook/ld_library_path_lib.dsv'
[2.428s] INFO:colcon.colcon_core.shell:Creating environment hook '/home/ramy_abdulwahed/41xx/install/main_controller_interfaces/share/main_controller_interfaces/hook/ld_library_path_lib.sh'
[2.429s] Level 1:colcon.colcon_core.environment:checking '/home/ramy_abdulwahed/41xx/install/main_controller_interfaces/bin'
[2.429s] Level 1:colcon.colcon_core.environment:checking '/home/ramy_abdulwahed/41xx/install/main_controller_interfaces/lib/pkgconfig/main_controller_interfaces.pc'
[2.429s] Level 1:colcon.colcon_core.environment:checking '/home/ramy_abdulwahed/41xx/install/main_controller_interfaces/lib/python3.10/site-packages'
[2.429s] Level 1:colcon.colcon_core.environment:checking '/home/ramy_abdulwahed/41xx/install/main_controller_interfaces/bin'
[2.430s] INFO:colcon.colcon_core.shell:Creating package script '/home/ramy_abdulwahed/41xx/install/main_controller_interfaces/share/main_controller_interfaces/package.ps1'
[2.430s] INFO:colcon.colcon_core.shell:Creating package descriptor '/home/ramy_abdulwahed/41xx/install/main_controller_interfaces/share/main_controller_interfaces/package.dsv'
[2.431s] INFO:colcon.colcon_core.shell:Creating package script '/home/ramy_abdulwahed/41xx/install/main_controller_interfaces/share/main_controller_interfaces/package.sh'
[2.431s] INFO:colcon.colcon_core.shell:Creating package script '/home/ramy_abdulwahed/41xx/install/main_controller_interfaces/share/main_controller_interfaces/package.bash'
[2.432s] INFO:colcon.colcon_core.shell:Creating package script '/home/ramy_abdulwahed/41xx/install/main_controller_interfaces/share/main_controller_interfaces/package.zsh'
[2.432s] Level 1:colcon.colcon_core.environment:create_file_with_runtime_dependencies(/home/ramy_abdulwahed/41xx/install/main_controller_interfaces/share/colcon-core/packages/main_controller_interfaces)
[2.906s] DEBUG:colcon.colcon_core.event_handler.log_command:Invoking command in '/home/ramy_abdulwahed/41xx/build/main_logic_controller': PYTHONPATH=/home/ramy_abdulwahed/41xx/build/main_logic_controller/prefix_override:/usr/lib/python3/dist-packages/colcon_core/task/python/colcon_distutils_commands:/home/ramy_abdulwahed/41xx/install/main_logic_controller/lib/python3.10/site-packages:${PYTHONPATH} /usr/bin/python3 -W ignore:setup.py install is deprecated -W ignore:easy_install command is deprecated setup.py develop --editable --build-directory /home/ramy_abdulwahed/41xx/build/main_logic_controller/build --no-deps symlink_data
[3.337s] Level 1:colcon.colcon_core.shell:create_environment_hook('main_logic_controller', 'pythonpath_develop')
[3.337s] INFO:colcon.colcon_core.shell:Creating environment hook '/home/ramy_abdulwahed/41xx/build/main_logic_controller/share/main_logic_controller/hook/pythonpath_develop.ps1'
[3.338s] DEBUG:colcon.colcon_core.event_handler.log_command:Invoked command in '/home/ramy_abdulwahed/41xx/build/main_logic_controller' returned '0': PYTHONPATH=/home/ramy_abdulwahed/41xx/build/main_logic_controller/prefix_override:/usr/lib/python3/dist-packages/colcon_core/task/python/colcon_distutils_commands:/home/ramy_abdulwahed/41xx/install/main_logic_controller/lib/python3.10/site-packages:${PYTHONPATH} /usr/bin/python3 -W ignore:setup.py install is deprecated -W ignore:easy_install command is deprecated setup.py develop --editable --build-directory /home/ramy_abdulwahed/41xx/build/main_logic_controller/build --no-deps symlink_data
[3.339s] INFO:colcon.colcon_core.shell:Creating environment descriptor '/home/ramy_abdulwahed/41xx/build/main_logic_controller/share/main_logic_controller/hook/pythonpath_develop.dsv'
[3.339s] INFO:colcon.colcon_core.shell:Creating environment hook '/home/ramy_abdulwahed/41xx/build/main_logic_controller/share/main_logic_controller/hook/pythonpath_develop.sh'
[3.340s] Level 1:colcon.colcon_core.environment:checking '/home/ramy_abdulwahed/41xx/install/main_logic_controller' for CMake module files
[3.341s] Level 1:colcon.colcon_core.environment:checking '/home/ramy_abdulwahed/41xx/install/main_logic_controller' for CMake config files
[3.347s] Level 1:colcon.colcon_core.environment:checking '/home/ramy_abdulwahed/41xx/install/main_logic_controller/lib'
[3.347s] Level 1:colcon.colcon_core.environment:checking '/home/ramy_abdulwahed/41xx/install/main_logic_controller/bin'
[3.347s] Level 1:colcon.colcon_core.environment:checking '/home/ramy_abdulwahed/41xx/install/main_logic_controller/lib/pkgconfig/main_logic_controller.pc'
[3.347s] Level 1:colcon.colcon_core.environment:checking '/home/ramy_abdulwahed/41xx/install/main_logic_controller/lib/python3.10/site-packages'
[3.347s] Level 1:colcon.colcon_core.shell:create_environment_hook('main_logic_controller', 'pythonpath')
[3.347s] INFO:colcon.colcon_core.shell:Creating environment hook '/home/ramy_abdulwahed/41xx/install/main_logic_controller/share/main_logic_controller/hook/pythonpath.ps1'
[3.348s] INFO:colcon.colcon_core.shell:Creating environment descriptor '/home/ramy_abdulwahed/41xx/install/main_logic_controller/share/main_logic_controller/hook/pythonpath.dsv'
[3.348s] INFO:colcon.colcon_core.shell:Creating environment hook '/home/ramy_abdulwahed/41xx/install/main_logic_controller/share/main_logic_controller/hook/pythonpath.sh'
[3.348s] Level 1:colcon.colcon_core.environment:checking '/home/ramy_abdulwahed/41xx/install/main_logic_controller/bin'
[3.348s] Level 1:colcon.colcon_core.environment:create_environment_scripts_only(main_logic_controller)
[3.349s] INFO:colcon.colcon_core.shell:Creating package script '/home/ramy_abdulwahed/41xx/install/main_logic_controller/share/main_logic_controller/package.ps1'
[3.349s] INFO:colcon.colcon_core.shell:Creating package descriptor '/home/ramy_abdulwahed/41xx/install/main_logic_controller/share/main_logic_controller/package.dsv'
[3.350s] INFO:colcon.colcon_core.shell:Creating package script '/home/ramy_abdulwahed/41xx/install/main_logic_controller/share/main_logic_controller/package.sh'
[3.350s] INFO:colcon.colcon_core.shell:Creating package script '/home/ramy_abdulwahed/41xx/install/main_logic_controller/share/main_logic_controller/package.bash'
[3.350s] INFO:colcon.colcon_core.shell:Creating package script '/home/ramy_abdulwahed/41xx/install/main_logic_controller/share/main_logic_controller/package.zsh'
[3.350s] Level 1:colcon.colcon_core.environment:create_file_with_runtime_dependencies(/home/ramy_abdulwahed/41xx/install/main_logic_controller/share/colcon-core/packages/main_logic_controller)
[3.351s] DEBUG:colcon.colcon_parallel_executor.executor.parallel:closing loop
[3.351s] DEBUG:colcon.colcon_parallel_executor.executor.parallel:loop closed
[3.351s] DEBUG:colcon.colcon_parallel_executor.executor.parallel:run_until_complete finished with '0'
[3.351s] DEBUG:colcon.colcon_core.event_reactor:joining thread
[3.432s] INFO:colcon.colcon_core.plugin_system:Skipping extension 'colcon_notification.desktop_notification.notify_send': Could not find 'notify-send'
[3.433s] INFO:colcon.colcon_core.plugin_system:Skipping extension 'colcon_notification.desktop_notification.terminal_notifier': Not used on non-Darwin systems
[3.433s] INFO:colcon.colcon_core.plugin_system:Skipping extension 'colcon_notification.desktop_notification.win32': Not used on non-Windows systems
[3.433s] INFO:colcon.colcon_notification.desktop_notification:Sending desktop notification using 'notify2'
[3.437s] DEBUG:colcon.colcon_notification.desktop_notification.notify2:Failed to initialize notify2: org.freedesktop.DBus.Error.ServiceUnknown: The name org.freedesktop.Notifications was not provided by any .service files
[3.437s] DEBUG:colcon.colcon_core.event_reactor:joined thread
[3.438s] INFO:colcon.colcon_core.shell:Creating prefix script '/home/ramy_abdulwahed/41xx/install/local_setup.ps1'
[3.439s] INFO:colcon.colcon_core.shell:Creating prefix util module '/home/ramy_abdulwahed/41xx/install/_local_setup_util_ps1.py'
[3.441s] INFO:colcon.colcon_core.shell:Creating prefix chain script '/home/ramy_abdulwahed/41xx/install/setup.ps1'
[3.443s] INFO:colcon.colcon_core.shell:Creating prefix script '/home/ramy_abdulwahed/41xx/install/local_setup.sh'
[3.444s] INFO:colcon.colcon_core.shell:Creating prefix util module '/home/ramy_abdulwahed/41xx/install/_local_setup_util_sh.py'
[3.444s] INFO:colcon.colcon_core.shell:Creating prefix chain script '/home/ramy_abdulwahed/41xx/install/setup.sh'
[3.446s] INFO:colcon.colcon_core.shell:Creating prefix script '/home/ramy_abdulwahed/41xx/install/local_setup.bash'
[3.447s] INFO:colcon.colcon_core.shell:Creating prefix chain script '/home/ramy_abdulwahed/41xx/install/setup.bash'
[3.448s] INFO:colcon.colcon_core.shell:Creating prefix script '/home/ramy_abdulwahed/41xx/install/local_setup.zsh'
[3.449s] INFO:colcon.colcon_core.shell:Creating prefix chain script '/home/ramy_abdulwahed/41xx/install/setup.zsh'
