[0.302s] Invoking command in '/home/ramy_abdulwahed/41xx/build/main_controller_interfaces': CMAKE_PREFIX_PATH=${CMAKE_PREFIX_PATH}:/home/ramy_abdulwahed/41xx/install/main_logic_controller:/home/ramy_abdulwahed/41xx/install/custom_explorer:/home/ramy_abdulwahed/best_roswc/install/my_robot_controller:/opt/ros/humble /usr/bin/cmake --build /home/ramy_abdulwahed/41xx/build/main_controller_interfaces -- -j16 -l16
[0.424s] [  3%] Built target main_controller_interfaces__cpp
[0.436s] [  3%] Built target ament_cmake_python_symlink_main_controller_interfaces
[0.452s] [ 12%] Built target main_controller_interfaces__rosidl_generator_c
[0.489s] [ 32%] Built target main_controller_interfaces__rosidl_typesupport_introspection_cpp
[0.489s] [ 32%] Built target main_controller_interfaces__rosidl_typesupport_cpp
[0.491s] [ 41%] Built target main_controller_interfaces__rosidl_typesupport_fastrtps_cpp
[0.496s] [ 51%] Built target main_controller_interfaces__rosidl_typesupport_introspection_c
[0.498s] [ 67%] Built target main_controller_interfaces__rosidl_typesupport_c
[0.498s] [ 70%] Built target main_controller_interfaces__rosidl_typesupport_fastrtps_c
[0.534s] [ 70%] Built target main_controller_interfaces
[0.567s] [ 74%] Built target main_controller_interfaces__py
[0.620s] [ 80%] Built target main_controller_interfaces__rosidl_generator_py
[0.654s] [ 87%] Built target main_controller_interfaces__rosidl_typesupport_c__pyext
[0.656s] [ 93%] Built target main_controller_interfaces__rosidl_typesupport_fastrtps_c__pyext
[0.659s] [100%] Built target main_controller_interfaces__rosidl_typesupport_introspection_c__pyext
[0.794s] running egg_info
[0.795s] writing main_controller_interfaces.egg-info/PKG-INFO
[0.795s] writing dependency_links to main_controller_interfaces.egg-info/dependency_links.txt
[0.796s] writing top-level names to main_controller_interfaces.egg-info/top_level.txt
[0.800s] reading manifest file 'main_controller_interfaces.egg-info/SOURCES.txt'
[0.802s] writing manifest file 'main_controller_interfaces.egg-info/SOURCES.txt'
[0.850s] [100%] Built target ament_cmake_python_build_main_controller_interfaces_egg
[0.867s] Invoked command in '/home/ramy_abdulwahed/41xx/build/main_controller_interfaces' returned '0': CMAKE_PREFIX_PATH=${CMAKE_PREFIX_PATH}:/home/ramy_abdulwahed/41xx/install/main_logic_controller:/home/ramy_abdulwahed/41xx/install/custom_explorer:/home/ramy_abdulwahed/best_roswc/install/my_robot_controller:/opt/ros/humble /usr/bin/cmake --build /home/ramy_abdulwahed/41xx/build/main_controller_interfaces -- -j16 -l16
[0.882s] Invoking command in '/home/ramy_abdulwahed/41xx/build/main_controller_interfaces': CMAKE_PREFIX_PATH=${CMAKE_PREFIX_PATH}:/home/ramy_abdulwahed/41xx/install/main_logic_controller:/home/ramy_abdulwahed/41xx/install/custom_explorer:/home/ramy_abdulwahed/best_roswc/install/my_robot_controller:/opt/ros/humble /usr/bin/cmake --install /home/ramy_abdulwahed/41xx/build/main_controller_interfaces
[0.894s] -- Install configuration: ""
[0.896s] -- Execute custom install script
[0.897s] -- Up-to-date symlink: /home/ramy_abdulwahed/41xx/install/main_controller_interfaces/share/ament_index/resource_index/rosidl_interfaces/main_controller_interfaces
[0.900s] -- Up-to-date symlink: /home/ramy_abdulwahed/41xx/install/main_controller_interfaces/include/main_controller_interfaces/main_controller_interfaces/msg/detail/motor_data__functions.h
[0.900s] -- Up-to-date symlink: /home/ramy_abdulwahed/41xx/install/main_controller_interfaces/include/main_controller_interfaces/main_controller_interfaces/msg/detail/motor_data__struct.h
[0.901s] -- Up-to-date symlink: /home/ramy_abdulwahed/41xx/install/main_controller_interfaces/include/main_controller_interfaces/main_controller_interfaces/msg/detail/motor_data__type_support.h
[0.901s] -- Up-to-date symlink: /home/ramy_abdulwahed/41xx/install/main_controller_interfaces/include/main_controller_interfaces/main_controller_interfaces/msg/motor_data.h
[0.901s] -- Up-to-date symlink: /home/ramy_abdulwahed/41xx/install/main_controller_interfaces/include/main_controller_interfaces/main_controller_interfaces/msg/rosidl_generator_c__visibility_control.h
[0.902s] -- Up-to-date symlink: /home/ramy_abdulwahed/41xx/install/main_controller_interfaces/share/main_controller_interfaces/environment/library_path.sh
[0.902s] -- Up-to-date symlink: /home/ramy_abdulwahed/41xx/install/main_controller_interfaces/share/main_controller_interfaces/environment/library_path.dsv
[0.903s] -- Up-to-date symlink: /home/ramy_abdulwahed/41xx/install/main_controller_interfaces/include/main_controller_interfaces/main_controller_interfaces/msg/detail/motor_data__rosidl_typesupport_fastrtps_c.h
[0.904s] -- Up-to-date symlink: /home/ramy_abdulwahed/41xx/install/main_controller_interfaces/include/main_controller_interfaces/main_controller_interfaces/msg/rosidl_typesupport_fastrtps_c__visibility_control.h
[0.904s] -- Up-to-date symlink: /home/ramy_abdulwahed/41xx/install/main_controller_interfaces/include/main_controller_interfaces/main_controller_interfaces/msg/detail/motor_data__rosidl_typesupport_introspection_c.h
[0.904s] -- Up-to-date symlink: /home/ramy_abdulwahed/41xx/install/main_controller_interfaces/include/main_controller_interfaces/main_controller_interfaces/msg/rosidl_typesupport_introspection_c__visibility_control.h
[0.905s] -- Up-to-date symlink: /home/ramy_abdulwahed/41xx/install/main_controller_interfaces/include/main_controller_interfaces/main_controller_interfaces/msg/detail/motor_data__builder.hpp
[0.905s] -- Up-to-date symlink: /home/ramy_abdulwahed/41xx/install/main_controller_interfaces/include/main_controller_interfaces/main_controller_interfaces/msg/detail/motor_data__struct.hpp
[0.905s] -- Up-to-date symlink: /home/ramy_abdulwahed/41xx/install/main_controller_interfaces/include/main_controller_interfaces/main_controller_interfaces/msg/detail/motor_data__traits.hpp
[0.905s] -- Up-to-date symlink: /home/ramy_abdulwahed/41xx/install/main_controller_interfaces/include/main_controller_interfaces/main_controller_interfaces/msg/detail/motor_data__type_support.hpp
[0.905s] -- Up-to-date symlink: /home/ramy_abdulwahed/41xx/install/main_controller_interfaces/include/main_controller_interfaces/main_controller_interfaces/msg/motor_data.hpp
[0.905s] -- Up-to-date symlink: /home/ramy_abdulwahed/41xx/install/main_controller_interfaces/include/main_controller_interfaces/main_controller_interfaces/msg/rosidl_generator_cpp__visibility_control.hpp
[0.906s] -- Up-to-date symlink: /home/ramy_abdulwahed/41xx/install/main_controller_interfaces/include/main_controller_interfaces/main_controller_interfaces/msg/detail/motor_data__rosidl_typesupport_fastrtps_cpp.hpp
[0.906s] -- Up-to-date symlink: /home/ramy_abdulwahed/41xx/install/main_controller_interfaces/include/main_controller_interfaces/main_controller_interfaces/msg/rosidl_typesupport_fastrtps_cpp__visibility_control.h
[0.907s] -- Up-to-date symlink: /home/ramy_abdulwahed/41xx/install/main_controller_interfaces/include/main_controller_interfaces/main_controller_interfaces/msg/detail/motor_data__rosidl_typesupport_introspection_cpp.hpp
[0.907s] -- Up-to-date symlink: /home/ramy_abdulwahed/41xx/install/main_controller_interfaces/share/main_controller_interfaces/environment/pythonpath.sh
[0.907s] -- Up-to-date symlink: /home/ramy_abdulwahed/41xx/install/main_controller_interfaces/share/main_controller_interfaces/environment/pythonpath.dsv
[0.908s] -- Up-to-date symlink: /home/ramy_abdulwahed/41xx/install/main_controller_interfaces/local/lib/python3.10/dist-packages/main_controller_interfaces-0.0.0-py3.10.egg-info/PKG-INFO
[0.908s] -- Up-to-date symlink: /home/ramy_abdulwahed/41xx/install/main_controller_interfaces/local/lib/python3.10/dist-packages/main_controller_interfaces-0.0.0-py3.10.egg-info/SOURCES.txt
[0.908s] -- Up-to-date symlink: /home/ramy_abdulwahed/41xx/install/main_controller_interfaces/local/lib/python3.10/dist-packages/main_controller_interfaces-0.0.0-py3.10.egg-info/dependency_links.txt
[0.909s] -- Up-to-date symlink: /home/ramy_abdulwahed/41xx/install/main_controller_interfaces/local/lib/python3.10/dist-packages/main_controller_interfaces-0.0.0-py3.10.egg-info/top_level.txt
[0.910s] -- Up-to-date symlink: /home/ramy_abdulwahed/41xx/install/main_controller_interfaces/local/lib/python3.10/dist-packages/main_controller_interfaces/__init__.py
[0.911s] -- Up-to-date symlink: /home/ramy_abdulwahed/41xx/install/main_controller_interfaces/local/lib/python3.10/dist-packages/main_controller_interfaces/_main_controller_interfaces_s.ep.rosidl_typesupport_c.c
[0.911s] -- Up-to-date symlink: /home/ramy_abdulwahed/41xx/install/main_controller_interfaces/local/lib/python3.10/dist-packages/main_controller_interfaces/_main_controller_interfaces_s.ep.rosidl_typesupport_fastrtps_c.c
[0.912s] -- Up-to-date symlink: /home/ramy_abdulwahed/41xx/install/main_controller_interfaces/local/lib/python3.10/dist-packages/main_controller_interfaces/_main_controller_interfaces_s.ep.rosidl_typesupport_introspection_c.c
[0.912s] -- Up-to-date symlink: /home/ramy_abdulwahed/41xx/install/main_controller_interfaces/local/lib/python3.10/dist-packages/main_controller_interfaces/libmain_controller_interfaces__rosidl_generator_py.so
[0.912s] -- Up-to-date symlink: /home/ramy_abdulwahed/41xx/install/main_controller_interfaces/local/lib/python3.10/dist-packages/main_controller_interfaces/main_controller_interfaces_s__rosidl_typesupport_c.cpython-310-x86_64-linux-gnu.so
[0.912s] -- Up-to-date symlink: /home/ramy_abdulwahed/41xx/install/main_controller_interfaces/local/lib/python3.10/dist-packages/main_controller_interfaces/main_controller_interfaces_s__rosidl_typesupport_fastrtps_c.cpython-310-x86_64-linux-gnu.so
[0.913s] -- Up-to-date symlink: /home/ramy_abdulwahed/41xx/install/main_controller_interfaces/local/lib/python3.10/dist-packages/main_controller_interfaces/main_controller_interfaces_s__rosidl_typesupport_introspection_c.cpython-310-x86_64-linux-gnu.so
[0.913s] -- Up-to-date symlink: /home/ramy_abdulwahed/41xx/install/main_controller_interfaces/local/lib/python3.10/dist-packages/main_controller_interfaces/msg/__init__.py
[0.913s] -- Up-to-date symlink: /home/ramy_abdulwahed/41xx/install/main_controller_interfaces/local/lib/python3.10/dist-packages/main_controller_interfaces/msg/_motor_data.py
[0.913s] -- Up-to-date symlink: /home/ramy_abdulwahed/41xx/install/main_controller_interfaces/local/lib/python3.10/dist-packages/main_controller_interfaces/msg/_motor_data_s.c
[0.913s] -- Up-to-date symlink: /home/ramy_abdulwahed/41xx/install/main_controller_interfaces/local/lib/python3.10/dist-packages/main_controller_interfaces/main_controller_interfaces_s__rosidl_typesupport_fastrtps_c.cpython-310-x86_64-linux-gnu.so
[0.913s] -- Up-to-date symlink: /home/ramy_abdulwahed/41xx/install/main_controller_interfaces/local/lib/python3.10/dist-packages/main_controller_interfaces/main_controller_interfaces_s__rosidl_typesupport_introspection_c.cpython-310-x86_64-linux-gnu.so
[0.914s] -- Up-to-date symlink: /home/ramy_abdulwahed/41xx/install/main_controller_interfaces/local/lib/python3.10/dist-packages/main_controller_interfaces/main_controller_interfaces_s__rosidl_typesupport_c.cpython-310-x86_64-linux-gnu.so
[0.915s] -- Up-to-date symlink: /home/ramy_abdulwahed/41xx/install/main_controller_interfaces/share/main_controller_interfaces/msg/MotorData.idl
[0.916s] -- Up-to-date symlink: /home/ramy_abdulwahed/41xx/install/main_controller_interfaces/share/main_controller_interfaces/msg/MotorData.msg
[0.916s] -- Up-to-date symlink: /home/ramy_abdulwahed/41xx/install/main_controller_interfaces/share/ament_index/resource_index/package_run_dependencies/main_controller_interfaces
[0.916s] -- Up-to-date symlink: /home/ramy_abdulwahed/41xx/install/main_controller_interfaces/share/ament_index/resource_index/parent_prefix_path/main_controller_interfaces
[0.917s] -- Up-to-date symlink: /home/ramy_abdulwahed/41xx/install/main_controller_interfaces/share/main_controller_interfaces/environment/ament_prefix_path.sh
[0.917s] -- Up-to-date symlink: /home/ramy_abdulwahed/41xx/install/main_controller_interfaces/share/main_controller_interfaces/environment/ament_prefix_path.dsv
[0.917s] -- Up-to-date symlink: /home/ramy_abdulwahed/41xx/install/main_controller_interfaces/share/main_controller_interfaces/environment/path.sh
[0.918s] -- Up-to-date symlink: /home/ramy_abdulwahed/41xx/install/main_controller_interfaces/share/main_controller_interfaces/environment/path.dsv
[0.918s] -- Up-to-date symlink: /home/ramy_abdulwahed/41xx/install/main_controller_interfaces/share/main_controller_interfaces/local_setup.bash
[0.918s] -- Up-to-date symlink: /home/ramy_abdulwahed/41xx/install/main_controller_interfaces/share/main_controller_interfaces/local_setup.sh
[0.918s] -- Up-to-date symlink: /home/ramy_abdulwahed/41xx/install/main_controller_interfaces/share/main_controller_interfaces/local_setup.zsh
[0.919s] -- Up-to-date symlink: /home/ramy_abdulwahed/41xx/install/main_controller_interfaces/share/main_controller_interfaces/local_setup.dsv
[0.919s] -- Symlinking: /home/ramy_abdulwahed/41xx/install/main_controller_interfaces/share/main_controller_interfaces/package.dsv
[0.933s] -- Up-to-date symlink: /home/ramy_abdulwahed/41xx/install/main_controller_interfaces/share/ament_index/resource_index/packages/main_controller_interfaces
[0.934s] -- Up-to-date symlink: /home/ramy_abdulwahed/41xx/install/main_controller_interfaces/share/main_controller_interfaces/cmake/rosidl_cmake-extras.cmake
[0.934s] -- Up-to-date symlink: /home/ramy_abdulwahed/41xx/install/main_controller_interfaces/share/main_controller_interfaces/cmake/ament_cmake_export_include_directories-extras.cmake
[0.934s] -- Up-to-date symlink: /home/ramy_abdulwahed/41xx/install/main_controller_interfaces/share/main_controller_interfaces/cmake/ament_cmake_export_libraries-extras.cmake
[0.934s] -- Up-to-date symlink: /home/ramy_abdulwahed/41xx/install/main_controller_interfaces/share/main_controller_interfaces/cmake/ament_cmake_export_targets-extras.cmake
[0.934s] -- Up-to-date symlink: /home/ramy_abdulwahed/41xx/install/main_controller_interfaces/share/main_controller_interfaces/cmake/rosidl_cmake_export_typesupport_targets-extras.cmake
[0.935s] -- Up-to-date symlink: /home/ramy_abdulwahed/41xx/install/main_controller_interfaces/share/main_controller_interfaces/cmake/ament_cmake_export_dependencies-extras.cmake
[0.935s] -- Up-to-date symlink: /home/ramy_abdulwahed/41xx/install/main_controller_interfaces/share/main_controller_interfaces/cmake/rosidl_cmake_export_typesupport_libraries-extras.cmake
[0.935s] -- Up-to-date symlink: /home/ramy_abdulwahed/41xx/install/main_controller_interfaces/share/main_controller_interfaces/cmake/main_controller_interfacesConfig.cmake
[0.935s] -- Up-to-date symlink: /home/ramy_abdulwahed/41xx/install/main_controller_interfaces/share/main_controller_interfaces/cmake/main_controller_interfacesConfig-version.cmake
[0.935s] -- Up-to-date symlink: /home/ramy_abdulwahed/41xx/install/main_controller_interfaces/share/main_controller_interfaces/package.xml
[0.936s] -- Up-to-date: /home/ramy_abdulwahed/41xx/install/main_controller_interfaces/lib/libmain_controller_interfaces__rosidl_generator_c.so
[0.936s] -- Up-to-date: /home/ramy_abdulwahed/41xx/install/main_controller_interfaces/lib/libmain_controller_interfaces__rosidl_typesupport_fastrtps_c.so
[0.937s] -- Up-to-date: /home/ramy_abdulwahed/41xx/install/main_controller_interfaces/lib/libmain_controller_interfaces__rosidl_typesupport_introspection_c.so
[0.937s] -- Up-to-date: /home/ramy_abdulwahed/41xx/install/main_controller_interfaces/lib/libmain_controller_interfaces__rosidl_typesupport_c.so
[0.938s] -- Up-to-date: /home/ramy_abdulwahed/41xx/install/main_controller_interfaces/lib/libmain_controller_interfaces__rosidl_typesupport_fastrtps_cpp.so
[0.938s] -- Up-to-date: /home/ramy_abdulwahed/41xx/install/main_controller_interfaces/lib/libmain_controller_interfaces__rosidl_typesupport_introspection_cpp.so
[0.938s] -- Up-to-date: /home/ramy_abdulwahed/41xx/install/main_controller_interfaces/lib/libmain_controller_interfaces__rosidl_typesupport_cpp.so
[0.982s] Listing '/home/ramy_abdulwahed/41xx/install/main_controller_interfaces/local/lib/python3.10/dist-packages/main_controller_interfaces'...
[0.982s] Listing '/home/ramy_abdulwahed/41xx/install/main_controller_interfaces/local/lib/python3.10/dist-packages/main_controller_interfaces/msg'...
[0.988s] -- Up-to-date: /home/ramy_abdulwahed/41xx/install/main_controller_interfaces/lib/libmain_controller_interfaces__rosidl_generator_py.so
[0.991s] -- Up-to-date: /home/ramy_abdulwahed/41xx/install/main_controller_interfaces/share/main_controller_interfaces/cmake/export_main_controller_interfaces__rosidl_generator_cExport.cmake
[0.991s] -- Up-to-date: /home/ramy_abdulwahed/41xx/install/main_controller_interfaces/share/main_controller_interfaces/cmake/export_main_controller_interfaces__rosidl_generator_cExport-noconfig.cmake
[0.992s] -- Up-to-date: /home/ramy_abdulwahed/41xx/install/main_controller_interfaces/share/main_controller_interfaces/cmake/export_main_controller_interfaces__rosidl_typesupport_fastrtps_cExport.cmake
[0.992s] -- Up-to-date: /home/ramy_abdulwahed/41xx/install/main_controller_interfaces/share/main_controller_interfaces/cmake/export_main_controller_interfaces__rosidl_typesupport_fastrtps_cExport-noconfig.cmake
[0.992s] -- Up-to-date: /home/ramy_abdulwahed/41xx/install/main_controller_interfaces/share/main_controller_interfaces/cmake/main_controller_interfaces__rosidl_typesupport_introspection_cExport.cmake
[0.992s] -- Up-to-date: /home/ramy_abdulwahed/41xx/install/main_controller_interfaces/share/main_controller_interfaces/cmake/main_controller_interfaces__rosidl_typesupport_introspection_cExport-noconfig.cmake
[0.993s] -- Up-to-date: /home/ramy_abdulwahed/41xx/install/main_controller_interfaces/share/main_controller_interfaces/cmake/main_controller_interfaces__rosidl_typesupport_cExport.cmake
[0.993s] -- Up-to-date: /home/ramy_abdulwahed/41xx/install/main_controller_interfaces/share/main_controller_interfaces/cmake/main_controller_interfaces__rosidl_typesupport_cExport-noconfig.cmake
[0.994s] -- Up-to-date: /home/ramy_abdulwahed/41xx/install/main_controller_interfaces/share/main_controller_interfaces/cmake/export_main_controller_interfaces__rosidl_generator_cppExport.cmake
[0.994s] -- Up-to-date: /home/ramy_abdulwahed/41xx/install/main_controller_interfaces/share/main_controller_interfaces/cmake/export_main_controller_interfaces__rosidl_typesupport_fastrtps_cppExport.cmake
[0.994s] -- Up-to-date: /home/ramy_abdulwahed/41xx/install/main_controller_interfaces/share/main_controller_interfaces/cmake/export_main_controller_interfaces__rosidl_typesupport_fastrtps_cppExport-noconfig.cmake
[0.994s] -- Up-to-date: /home/ramy_abdulwahed/41xx/install/main_controller_interfaces/share/main_controller_interfaces/cmake/main_controller_interfaces__rosidl_typesupport_introspection_cppExport.cmake
[0.994s] -- Up-to-date: /home/ramy_abdulwahed/41xx/install/main_controller_interfaces/share/main_controller_interfaces/cmake/main_controller_interfaces__rosidl_typesupport_introspection_cppExport-noconfig.cmake
[0.994s] -- Up-to-date: /home/ramy_abdulwahed/41xx/install/main_controller_interfaces/share/main_controller_interfaces/cmake/main_controller_interfaces__rosidl_typesupport_cppExport.cmake
[0.994s] -- Up-to-date: /home/ramy_abdulwahed/41xx/install/main_controller_interfaces/share/main_controller_interfaces/cmake/main_controller_interfaces__rosidl_typesupport_cppExport-noconfig.cmake
[0.994s] -- Up-to-date: /home/ramy_abdulwahed/41xx/install/main_controller_interfaces/share/main_controller_interfaces/cmake/export_main_controller_interfaces__rosidl_generator_pyExport.cmake
[0.994s] -- Up-to-date: /home/ramy_abdulwahed/41xx/install/main_controller_interfaces/share/main_controller_interfaces/cmake/export_main_controller_interfaces__rosidl_generator_pyExport-noconfig.cmake
[0.996s] Invoked command in '/home/ramy_abdulwahed/41xx/build/main_controller_interfaces' returned '0': CMAKE_PREFIX_PATH=${CMAKE_PREFIX_PATH}:/home/ramy_abdulwahed/41xx/install/main_logic_controller:/home/ramy_abdulwahed/41xx/install/custom_explorer:/home/ramy_abdulwahed/best_roswc/install/my_robot_controller:/opt/ros/humble /usr/bin/cmake --install /home/ramy_abdulwahed/41xx/build/main_controller_interfaces
