running develop
running egg_info
creating main_logic_controller.egg-info
writing main_logic_controller.egg-info/PKG-INFO
writing dependency_links to main_logic_controller.egg-info/dependency_links.txt
writing entry points to main_logic_controller.egg-info/entry_points.txt
writing requirements to main_logic_controller.egg-info/requires.txt
writing top-level names to main_logic_controller.egg-info/top_level.txt
writing manifest file 'main_logic_controller.egg-info/SOURCES.txt'
reading manifest file 'main_logic_controller.egg-info/SOURCES.txt'
writing manifest file 'main_logic_controller.egg-info/SOURCES.txt'
running build_ext
Creating /home/ramy_abdulwahed/41xx/install/main_logic_controller/lib/python3.10/site-packages/main-logic-controller.egg-link (link to .)
Installing cmd_vel_emulator script to /home/ramy_abdulwahed/41xx/install/main_logic_controller/lib/main_logic_controller
Installing light script to /home/ramy_abdulwahed/41xx/install/main_logic_controller/lib/main_logic_controller
Installing main script to /home/ramy_abdulwahed/41xx/install/main_logic_controller/lib/main_logic_controller
Installing motor script to /home/ramy_abdulwahed/41xx/install/main_logic_controller/lib/main_logic_controller
Installing object_detector script to /home/ramy_abdulwahed/41xx/install/main_logic_controller/lib/main_logic_controller
Installing path script to /home/ramy_abdulwahed/41xx/install/main_logic_controller/lib/main_logic_controller
Installing picamera script to /home/ramy_abdulwahed/41xx/install/main_logic_controller/lib/main_logic_controller
Installing pump script to /home/ramy_abdulwahed/41xx/install/main_logic_controller/lib/main_logic_controller
Installing sim_motor script to /home/ramy_abdulwahed/41xx/install/main_logic_controller/lib/main_logic_controller
Installing start_stop_wrapper script to /home/ramy_abdulwahed/41xx/install/main_logic_controller/lib/main_logic_controller
Installing vid_streamer script to /home/ramy_abdulwahed/41xx/install/main_logic_controller/lib/main_logic_controller

Installed /home/ramy_abdulwahed/41xx/build/main_logic_controller
running symlink_data
creating /home/ramy_abdulwahed/41xx/install/main_logic_controller/share/ament_index
creating /home/ramy_abdulwahed/41xx/install/main_logic_controller/share/ament_index/resource_index
creating /home/ramy_abdulwahed/41xx/install/main_logic_controller/share/ament_index/resource_index/packages
symbolically linking /home/ramy_abdulwahed/41xx/build/main_logic_controller/resource/main_logic_controller -> /home/ramy_abdulwahed/41xx/install/main_logic_controller/share/ament_index/resource_index/packages
symbolically linking /home/ramy_abdulwahed/41xx/build/main_logic_controller/package.xml -> /home/ramy_abdulwahed/41xx/install/main_logic_controller/share/main_logic_controller
creating /home/ramy_abdulwahed/41xx/install/main_logic_controller/share/main_logic_controller/launch
symbolically linking /home/ramy_abdulwahed/41xx/build/main_logic_controller/launch/display.launch.py -> /home/ramy_abdulwahed/41xx/install/main_logic_controller/share/main_logic_controller/launch
symbolically linking /home/ramy_abdulwahed/41xx/build/main_logic_controller/launch/sim_gazebo.launch.py -> /home/ramy_abdulwahed/41xx/install/main_logic_controller/share/main_logic_controller/launch
creating /home/ramy_abdulwahed/41xx/install/main_logic_controller/share/main_logic_controller/urdf
symbolically linking /home/ramy_abdulwahed/41xx/build/main_logic_controller/urdf/my_robot copy.urdf -> /home/ramy_abdulwahed/41xx/install/main_logic_controller/share/main_logic_controller/urdf
symbolically linking /home/ramy_abdulwahed/41xx/build/main_logic_controller/urdf/my_robotOld.urdf -> /home/ramy_abdulwahed/41xx/install/main_logic_controller/share/main_logic_controller/urdf
symbolically linking /home/ramy_abdulwahed/41xx/build/main_logic_controller/urdf/my_robot.urdf -> /home/ramy_abdulwahed/41xx/install/main_logic_controller/share/main_logic_controller/urdf
creating /home/ramy_abdulwahed/41xx/install/main_logic_controller/share/main_logic_controller/config
symbolically linking /home/ramy_abdulwahed/41xx/build/main_logic_controller/config/nav2_params.yaml -> /home/ramy_abdulwahed/41xx/install/main_logic_controller/share/main_logic_controller/config
symbolically linking /home/ramy_abdulwahed/41xx/build/main_logic_controller/config/my_controllers.yaml -> /home/ramy_abdulwahed/41xx/install/main_logic_controller/share/main_logic_controller/config
symbolically linking /home/ramy_abdulwahed/41xx/build/main_logic_controller/config/mapper_params_online_async.yaml -> /home/ramy_abdulwahed/41xx/install/main_logic_controller/share/main_logic_controller/config
