[4.672s] Invoking command in '/home/ramy_abdulwahed/41xx/build/main_logic_controller': PYTHONPATH=/home/ramy_abdulwahed/41xx/build/main_logic_controller/prefix_override:/usr/lib/python3/dist-packages/colcon_core/task/python/colcon_distutils_commands:/home/ramy_abdulwahed/41xx/install/main_logic_controller/lib/python3.10/site-packages:${PYTHONPATH} /usr/bin/python3 -W ignore:setup.py install is deprecated -W ignore:easy_install command is deprecated setup.py develop --editable --build-directory /home/ramy_abdulwahed/41xx/build/main_logic_controller/build --no-deps symlink_data
[5.468s] running develop
[6.024s] running egg_info
[6.025s] creating main_logic_controller.egg-info
[6.026s] writing main_logic_controller.egg-info/PKG-INFO
[6.027s] writing dependency_links to main_logic_controller.egg-info/dependency_links.txt
[6.027s] writing entry points to main_logic_controller.egg-info/entry_points.txt
[6.027s] writing requirements to main_logic_controller.egg-info/requires.txt
[6.027s] writing top-level names to main_logic_controller.egg-info/top_level.txt
[6.027s] writing manifest file 'main_logic_controller.egg-info/SOURCES.txt'
[6.035s] reading manifest file 'main_logic_controller.egg-info/SOURCES.txt'
[6.038s] writing manifest file 'main_logic_controller.egg-info/SOURCES.txt'
[6.044s] running build_ext
[6.044s] Creating /home/ramy_abdulwahed/41xx/install/main_logic_controller/lib/python3.10/site-packages/main-logic-controller.egg-link (link to .)
[6.048s] Installing cmd_vel_emulator script to /home/ramy_abdulwahed/41xx/install/main_logic_controller/lib/main_logic_controller
[6.050s] Installing light script to /home/ramy_abdulwahed/41xx/install/main_logic_controller/lib/main_logic_controller
[6.051s] Installing main script to /home/ramy_abdulwahed/41xx/install/main_logic_controller/lib/main_logic_controller
[6.052s] Installing motor script to /home/ramy_abdulwahed/41xx/install/main_logic_controller/lib/main_logic_controller
[6.053s] Installing object_detector script to /home/ramy_abdulwahed/41xx/install/main_logic_controller/lib/main_logic_controller
[6.054s] Installing path script to /home/ramy_abdulwahed/41xx/install/main_logic_controller/lib/main_logic_controller
[6.054s] Installing picamera script to /home/ramy_abdulwahed/41xx/install/main_logic_controller/lib/main_logic_controller
[6.055s] Installing pump script to /home/ramy_abdulwahed/41xx/install/main_logic_controller/lib/main_logic_controller
[6.055s] Installing sim_motor script to /home/ramy_abdulwahed/41xx/install/main_logic_controller/lib/main_logic_controller
[6.056s] Installing start_stop_wrapper script to /home/ramy_abdulwahed/41xx/install/main_logic_controller/lib/main_logic_controller
[6.056s] Installing vid_streamer script to /home/ramy_abdulwahed/41xx/install/main_logic_controller/lib/main_logic_controller
[6.057s] 
[6.058s] Installed /home/ramy_abdulwahed/41xx/build/main_logic_controller
[6.059s] running symlink_data
[6.060s] creating /home/ramy_abdulwahed/41xx/install/main_logic_controller/share/ament_index
[6.061s] creating /home/ramy_abdulwahed/41xx/install/main_logic_controller/share/ament_index/resource_index
[6.061s] creating /home/ramy_abdulwahed/41xx/install/main_logic_controller/share/ament_index/resource_index/packages
[6.061s] symbolically linking /home/ramy_abdulwahed/41xx/build/main_logic_controller/resource/main_logic_controller -> /home/ramy_abdulwahed/41xx/install/main_logic_controller/share/ament_index/resource_index/packages
[6.062s] symbolically linking /home/ramy_abdulwahed/41xx/build/main_logic_controller/package.xml -> /home/ramy_abdulwahed/41xx/install/main_logic_controller/share/main_logic_controller
[6.062s] creating /home/ramy_abdulwahed/41xx/install/main_logic_controller/share/main_logic_controller/launch
[6.062s] symbolically linking /home/ramy_abdulwahed/41xx/build/main_logic_controller/launch/display.launch.py -> /home/ramy_abdulwahed/41xx/install/main_logic_controller/share/main_logic_controller/launch
[6.063s] symbolically linking /home/ramy_abdulwahed/41xx/build/main_logic_controller/launch/sim_gazebo.launch.py -> /home/ramy_abdulwahed/41xx/install/main_logic_controller/share/main_logic_controller/launch
[6.063s] creating /home/ramy_abdulwahed/41xx/install/main_logic_controller/share/main_logic_controller/urdf
[6.063s] symbolically linking /home/ramy_abdulwahed/41xx/build/main_logic_controller/urdf/my_robot copy.urdf -> /home/ramy_abdulwahed/41xx/install/main_logic_controller/share/main_logic_controller/urdf
[6.063s] symbolically linking /home/ramy_abdulwahed/41xx/build/main_logic_controller/urdf/my_robotOld.urdf -> /home/ramy_abdulwahed/41xx/install/main_logic_controller/share/main_logic_controller/urdf
[6.063s] symbolically linking /home/ramy_abdulwahed/41xx/build/main_logic_controller/urdf/my_robot.urdf -> /home/ramy_abdulwahed/41xx/install/main_logic_controller/share/main_logic_controller/urdf
[6.064s] creating /home/ramy_abdulwahed/41xx/install/main_logic_controller/share/main_logic_controller/config
[6.065s] symbolically linking /home/ramy_abdulwahed/41xx/build/main_logic_controller/config/nav2_params.yaml -> /home/ramy_abdulwahed/41xx/install/main_logic_controller/share/main_logic_controller/config
[6.065s] symbolically linking /home/ramy_abdulwahed/41xx/build/main_logic_controller/config/my_controllers.yaml -> /home/ramy_abdulwahed/41xx/install/main_logic_controller/share/main_logic_controller/config
[6.065s] symbolically linking /home/ramy_abdulwahed/41xx/build/main_logic_controller/config/mapper_params_online_async.yaml -> /home/ramy_abdulwahed/41xx/install/main_logic_controller/share/main_logic_controller/config
[6.177s] Invoked command in '/home/ramy_abdulwahed/41xx/build/main_logic_controller' returned '0': PYTHONPATH=/home/ramy_abdulwahed/41xx/build/main_logic_controller/prefix_override:/usr/lib/python3/dist-packages/colcon_core/task/python/colcon_distutils_commands:/home/ramy_abdulwahed/41xx/install/main_logic_controller/lib/python3.10/site-packages:${PYTHONPATH} /usr/bin/python3 -W ignore:setup.py install is deprecated -W ignore:easy_install command is deprecated setup.py develop --editable --build-directory /home/ramy_abdulwahed/41xx/build/main_logic_controller/build --no-deps symlink_data
