[1.788s] Invoking command in '/home/lawnbot/ROS2/lawnbot/src/Autonomous-Explorer-and-Mapper-ros2-nav2': DEBUGINFOD_URLS=https://debuginfod.ubuntu.com PYTHONPATH=/home/lawnbot/ROS2/lawnbot/build/custom_explorer/prefix_override:/usr/lib/python3/dist-packages/colcon_core/task/python/colcon_distutils_commands:/home/lawnbot/ROS2/lawnbot/install/custom_explorer/lib/python3.12/site-packages:${PYTHONPATH} /usr/bin/python3 -W ignore:setup.py install is deprecated -W ignore:easy_install command is deprecated setup.py egg_info --egg-base ../../build/custom_explorer build --build-base /home/lawnbot/ROS2/lawnbot/build/custom_explorer/build install --record /home/lawnbot/ROS2/lawnbot/build/custom_explorer/install.log --single-version-externally-managed install_data
[2.311s] running egg_info
[2.344s] writing ../../build/custom_explorer/custom_explorer.egg-info/PKG-INFO
[2.345s] writing dependency_links to ../../build/custom_explorer/custom_explorer.egg-info/dependency_links.txt
[2.346s] writing entry points to ../../build/custom_explorer/custom_explorer.egg-info/entry_points.txt
[2.346s] writing requirements to ../../build/custom_explorer/custom_explorer.egg-info/requires.txt
[2.347s] writing top-level names to ../../build/custom_explorer/custom_explorer.egg-info/top_level.txt
[2.425s] reading manifest file '../../build/custom_explorer/custom_explorer.egg-info/SOURCES.txt'
[2.427s] writing manifest file '../../build/custom_explorer/custom_explorer.egg-info/SOURCES.txt'
[2.427s] running build
[2.427s] running build_py
[2.428s] running install
[2.437s] running install_lib
[2.472s] running install_data
[2.473s] running install_egg_info
[2.532s] removing '/home/lawnbot/ROS2/lawnbot/install/custom_explorer/lib/python3.12/site-packages/custom_explorer-0.0.0-py3.12.egg-info' (and everything under it)
[2.533s] Copying ../../build/custom_explorer/custom_explorer.egg-info to /home/lawnbot/ROS2/lawnbot/install/custom_explorer/lib/python3.12/site-packages/custom_explorer-0.0.0-py3.12.egg-info
[2.535s] running install_scripts
[2.951s] Installing explorer script to /home/lawnbot/ROS2/lawnbot/install/custom_explorer/lib/custom_explorer
[2.952s] writing list of installed files to '/home/lawnbot/ROS2/lawnbot/build/custom_explorer/install.log'
[3.104s] Invoked command in '/home/lawnbot/ROS2/lawnbot/src/Autonomous-Explorer-and-Mapper-ros2-nav2' returned '0': DEBUGINFOD_URLS=https://debuginfod.ubuntu.com PYTHONPATH=/home/lawnbot/ROS2/lawnbot/build/custom_explorer/prefix_override:/usr/lib/python3/dist-packages/colcon_core/task/python/colcon_distutils_commands:/home/lawnbot/ROS2/lawnbot/install/custom_explorer/lib/python3.12/site-packages:${PYTHONPATH} /usr/bin/python3 -W ignore:setup.py install is deprecated -W ignore:easy_install command is deprecated setup.py egg_info --egg-base ../../build/custom_explorer build --build-base /home/lawnbot/ROS2/lawnbot/build/custom_explorer/build install --record /home/lawnbot/ROS2/lawnbot/build/custom_explorer/install.log --single-version-externally-managed install_data
