[1.393s] Invoking command in '/home/lawnbot/ROS2/lawnbot/build/custom_explorer': DEBUGINFOD_URLS=https://debuginfod.ubuntu.com PYTHONPATH=/home/lawnbot/ROS2/lawnbot/build/custom_explorer/prefix_override:/usr/lib/python3/dist-packages/colcon_core/task/python/colcon_distutils_commands:/home/lawnbot/ROS2/lawnbot/install/custom_explorer/lib/python3.12/site-packages:${PYTHONPATH} /usr/bin/python3 -W ignore:setup.py install is deprecated -W ignore:easy_install command is deprecated setup.py develop --editable --build-directory /home/lawnbot/ROS2/lawnbot/build/custom_explorer/build --no-deps symlink_data
[1.945s] running develop
[2.284s] running egg_info
[2.284s] creating custom_explorer.egg-info
[2.316s] writing custom_explorer.egg-info/PKG-INFO
[2.316s] writing dependency_links to custom_explorer.egg-info/dependency_links.txt
[2.317s] writing entry points to custom_explorer.egg-info/entry_points.txt
[2.317s] writing requirements to custom_explorer.egg-info/requires.txt
[2.317s] writing top-level names to custom_explorer.egg-info/top_level.txt
[2.317s] writing manifest file 'custom_explorer.egg-info/SOURCES.txt'
[2.383s] reading manifest file 'custom_explorer.egg-info/SOURCES.txt'
[2.384s] writing manifest file 'custom_explorer.egg-info/SOURCES.txt'
[2.421s] running build_ext
[2.421s] Creating /home/lawnbot/ROS2/lawnbot/install/custom_explorer/lib/python3.12/site-packages/custom-explorer.egg-link (link to .)
[2.422s] Installing explorer script to /home/lawnbot/ROS2/lawnbot/install/custom_explorer/lib/custom_explorer
[2.423s] 
[2.423s] Installed /home/lawnbot/ROS2/lawnbot/build/custom_explorer
[2.423s] running symlink_data
[2.423s] creating /home/lawnbot/ROS2/lawnbot/install/custom_explorer/share/ament_index
[2.423s] creating /home/lawnbot/ROS2/lawnbot/install/custom_explorer/share/ament_index/resource_index
[2.423s] creating /home/lawnbot/ROS2/lawnbot/install/custom_explorer/share/ament_index/resource_index/packages
[2.424s] symbolically linking /home/lawnbot/ROS2/lawnbot/build/custom_explorer/resource/custom_explorer -> /home/lawnbot/ROS2/lawnbot/install/custom_explorer/share/ament_index/resource_index/packages
[2.424s] symbolically linking /home/lawnbot/ROS2/lawnbot/build/custom_explorer/package.xml -> /home/lawnbot/ROS2/lawnbot/install/custom_explorer/share/custom_explorer
[2.528s] Invoked command in '/home/lawnbot/ROS2/lawnbot/build/custom_explorer' returned '0': DEBUGINFOD_URLS=https://debuginfod.ubuntu.com PYTHONPATH=/home/lawnbot/ROS2/lawnbot/build/custom_explorer/prefix_override:/usr/lib/python3/dist-packages/colcon_core/task/python/colcon_distutils_commands:/home/lawnbot/ROS2/lawnbot/install/custom_explorer/lib/python3.12/site-packages:${PYTHONPATH} /usr/bin/python3 -W ignore:setup.py install is deprecated -W ignore:easy_install command is deprecated setup.py develop --editable --build-directory /home/lawnbot/ROS2/lawnbot/build/custom_explorer/build --no-deps symlink_data
