[0.344s] DEBUG:colcon:Command line arguments: ['/usr/bin/colcon', 'list', '-p', '--base-paths', '/home/ramy_abdulwahed/41xx']
[0.344s] DEBUG:colcon:Parsed command line arguments: Namespace(log_base=None, log_level=None, verb_name='list', build_base='build', ignore_user_meta=False, metas=['./colcon.meta'], base_paths=['/home/ramy_abdulwahed/41xx'], packages_ignore=None, packages_ignore_regex=None, paths=None, packages_up_to=None, packages_up_to_regex=None, packages_above=None, packages_above_and_dependencies=None, packages_above_depth=None, packages_select_by_dep=None, packages_skip_by_dep=None, packages_skip_up_to=None, packages_select_build_failed=False, packages_skip_build_finished=False, packages_select_test_failures=False, packages_skip_test_passed=False, packages_select=None, packages_skip=None, packages_select_regex=None, packages_skip_regex=None, packages_start=None, packages_end=None, allow_overriding=[], topological_order=False, names_only=False, paths_only=True, topological_graph=False, topological_graph_dot=False, topological_graph_density=False, topological_graph_legend=False, topological_graph_dot_cluster=False, topological_graph_dot_include_skipped=False, verb_parser=<colcon_defaults.argument_parser.defaults.DefaultArgumentsDecorator object at 0x7d0128a5e350>, verb_extension=<colcon_package_information.verb.list.ListVerb object at 0x7d0128a5d360>, main=<bound method ListVerb.main of <colcon_package_information.verb.list.ListVerb object at 0x7d0128a5d360>>)
[0.681s] Level 1:colcon.colcon_core.package_discovery:discover_packages(colcon_meta) check parameters
[0.682s] Level 1:colcon.colcon_core.package_discovery:discover_packages(recursive) check parameters
[0.682s] Level 1:colcon.colcon_core.package_discovery:discover_packages(ignore) check parameters
[0.682s] Level 1:colcon.colcon_core.package_discovery:discover_packages(path) check parameters
[0.682s] Level 1:colcon.colcon_core.package_discovery:discover_packages(recursive) discover
[0.682s] INFO:colcon.colcon_core.package_discovery:Crawling recursively for packages in '/home/ramy_abdulwahed/41xx'
[0.682s] Level 1:colcon.colcon_core.package_identification:_identify(/home/ramy_abdulwahed/41xx) by extensions ['ignore', 'ignore_ament_install']
[0.682s] Level 1:colcon.colcon_core.package_identification:_identify(/home/ramy_abdulwahed/41xx) by extension 'ignore'
[0.682s] Level 1:colcon.colcon_core.package_identification:_identify(/home/ramy_abdulwahed/41xx) by extension 'ignore_ament_install'
[0.682s] Level 1:colcon.colcon_core.package_identification:_identify(/home/ramy_abdulwahed/41xx) by extensions ['colcon_pkg']
[0.682s] Level 1:colcon.colcon_core.package_identification:_identify(/home/ramy_abdulwahed/41xx) by extension 'colcon_pkg'
[0.682s] Level 1:colcon.colcon_core.package_identification:_identify(/home/ramy_abdulwahed/41xx) by extensions ['colcon_meta']
[0.682s] Level 1:colcon.colcon_core.package_identification:_identify(/home/ramy_abdulwahed/41xx) by extension 'colcon_meta'
[0.682s] Level 1:colcon.colcon_core.package_identification:_identify(/home/ramy_abdulwahed/41xx) by extensions ['ros']
[0.682s] Level 1:colcon.colcon_core.package_identification:_identify(/home/ramy_abdulwahed/41xx) by extension 'ros'
[0.699s] Level 1:colcon.colcon_core.package_identification:_identify(/home/ramy_abdulwahed/41xx) by extensions ['cmake', 'python']
[0.699s] Level 1:colcon.colcon_core.package_identification:_identify(/home/ramy_abdulwahed/41xx) by extension 'cmake'
[0.700s] Level 1:colcon.colcon_core.package_identification:_identify(/home/ramy_abdulwahed/41xx) by extension 'python'
[0.700s] Level 1:colcon.colcon_core.package_identification:_identify(/home/ramy_abdulwahed/41xx) by extensions ['python_setup_py']
[0.700s] Level 1:colcon.colcon_core.package_identification:_identify(/home/ramy_abdulwahed/41xx) by extension 'python_setup_py'
[0.700s] Level 1:colcon.colcon_core.package_identification:_identify(/home/ramy_abdulwahed/41xx/build) by extensions ['ignore', 'ignore_ament_install']
[0.700s] Level 1:colcon.colcon_core.package_identification:_identify(/home/ramy_abdulwahed/41xx/build) by extension 'ignore'
[0.700s] Level 1:colcon.colcon_core.package_identification:_identify(/home/ramy_abdulwahed/41xx/build) ignored
[0.700s] Level 1:colcon.colcon_core.package_identification:_identify(/home/ramy_abdulwahed/41xx/install) by extensions ['ignore', 'ignore_ament_install']
[0.701s] Level 1:colcon.colcon_core.package_identification:_identify(/home/ramy_abdulwahed/41xx/install) by extension 'ignore'
[0.701s] Level 1:colcon.colcon_core.package_identification:_identify(/home/ramy_abdulwahed/41xx/install) ignored
[0.701s] Level 1:colcon.colcon_core.package_identification:_identify(/home/ramy_abdulwahed/41xx/log) by extensions ['ignore', 'ignore_ament_install']
[0.701s] Level 1:colcon.colcon_core.package_identification:_identify(/home/ramy_abdulwahed/41xx/log) by extension 'ignore'
[0.701s] Level 1:colcon.colcon_core.package_identification:_identify(/home/ramy_abdulwahed/41xx/log) ignored
[0.701s] Level 1:colcon.colcon_core.package_identification:_identify(/home/ramy_abdulwahed/41xx/src) by extensions ['ignore', 'ignore_ament_install']
[0.701s] Level 1:colcon.colcon_core.package_identification:_identify(/home/ramy_abdulwahed/41xx/src) by extension 'ignore'
[0.701s] Level 1:colcon.colcon_core.package_identification:_identify(/home/ramy_abdulwahed/41xx/src) by extension 'ignore_ament_install'
[0.702s] Level 1:colcon.colcon_core.package_identification:_identify(/home/ramy_abdulwahed/41xx/src) by extensions ['colcon_pkg']
[0.702s] Level 1:colcon.colcon_core.package_identification:_identify(/home/ramy_abdulwahed/41xx/src) by extension 'colcon_pkg'
[0.702s] Level 1:colcon.colcon_core.package_identification:_identify(/home/ramy_abdulwahed/41xx/src) by extensions ['colcon_meta']
[0.702s] Level 1:colcon.colcon_core.package_identification:_identify(/home/ramy_abdulwahed/41xx/src) by extension 'colcon_meta'
[0.702s] Level 1:colcon.colcon_core.package_identification:_identify(/home/ramy_abdulwahed/41xx/src) by extensions ['ros']
[0.702s] Level 1:colcon.colcon_core.package_identification:_identify(/home/ramy_abdulwahed/41xx/src) by extension 'ros'
[0.702s] Level 1:colcon.colcon_core.package_identification:_identify(/home/ramy_abdulwahed/41xx/src) by extensions ['cmake', 'python']
[0.702s] Level 1:colcon.colcon_core.package_identification:_identify(/home/ramy_abdulwahed/41xx/src) by extension 'cmake'
[0.702s] Level 1:colcon.colcon_core.package_identification:_identify(/home/ramy_abdulwahed/41xx/src) by extension 'python'
[0.702s] Level 1:colcon.colcon_core.package_identification:_identify(/home/ramy_abdulwahed/41xx/src) by extensions ['python_setup_py']
[0.703s] Level 1:colcon.colcon_core.package_identification:_identify(/home/ramy_abdulwahed/41xx/src) by extension 'python_setup_py'
[0.703s] Level 1:colcon.colcon_core.package_identification:_identify(/home/ramy_abdulwahed/41xx/src/build) by extensions ['ignore', 'ignore_ament_install']
[0.703s] Level 1:colcon.colcon_core.package_identification:_identify(/home/ramy_abdulwahed/41xx/src/build) by extension 'ignore'
[0.703s] Level 1:colcon.colcon_core.package_identification:_identify(/home/ramy_abdulwahed/41xx/src/build) ignored
[0.703s] Level 1:colcon.colcon_core.package_identification:_identify(/home/ramy_abdulwahed/41xx/src/install) by extensions ['ignore', 'ignore_ament_install']
[0.703s] Level 1:colcon.colcon_core.package_identification:_identify(/home/ramy_abdulwahed/41xx/src/install) by extension 'ignore'
[0.703s] Level 1:colcon.colcon_core.package_identification:_identify(/home/ramy_abdulwahed/41xx/src/install) ignored
[0.704s] Level 1:colcon.colcon_core.package_identification:_identify(/home/ramy_abdulwahed/41xx/src/log) by extensions ['ignore', 'ignore_ament_install']
[0.704s] Level 1:colcon.colcon_core.package_identification:_identify(/home/ramy_abdulwahed/41xx/src/log) by extension 'ignore'
[0.704s] Level 1:colcon.colcon_core.package_identification:_identify(/home/ramy_abdulwahed/41xx/src/log) ignored
[0.704s] Level 1:colcon.colcon_core.package_identification:_identify(/home/ramy_abdulwahed/41xx/src/main_controller_interfaces) by extensions ['ignore', 'ignore_ament_install']
[0.704s] Level 1:colcon.colcon_core.package_identification:_identify(/home/ramy_abdulwahed/41xx/src/main_controller_interfaces) by extension 'ignore'
[0.704s] Level 1:colcon.colcon_core.package_identification:_identify(/home/ramy_abdulwahed/41xx/src/main_controller_interfaces) by extension 'ignore_ament_install'
[0.704s] Level 1:colcon.colcon_core.package_identification:_identify(/home/ramy_abdulwahed/41xx/src/main_controller_interfaces) by extensions ['colcon_pkg']
[0.705s] Level 1:colcon.colcon_core.package_identification:_identify(/home/ramy_abdulwahed/41xx/src/main_controller_interfaces) by extension 'colcon_pkg'
[0.705s] Level 1:colcon.colcon_core.package_identification:_identify(/home/ramy_abdulwahed/41xx/src/main_controller_interfaces) by extensions ['colcon_meta']
[0.705s] Level 1:colcon.colcon_core.package_identification:_identify(/home/ramy_abdulwahed/41xx/src/main_controller_interfaces) by extension 'colcon_meta'
[0.705s] Level 1:colcon.colcon_core.package_identification:_identify(/home/ramy_abdulwahed/41xx/src/main_controller_interfaces) by extensions ['ros']
[0.705s] Level 1:colcon.colcon_core.package_identification:_identify(/home/ramy_abdulwahed/41xx/src/main_controller_interfaces) by extension 'ros'
[0.710s] DEBUG:colcon.colcon_core.package_identification:Package '/home/ramy_abdulwahed/41xx/src/main_controller_interfaces' with type 'ros.ament_cmake' and name 'main_controller_interfaces'
[0.711s] Level 1:colcon.colcon_core.package_identification:_identify(/home/ramy_abdulwahed/41xx/src/main_logic_controller) by extensions ['ignore', 'ignore_ament_install']
[0.711s] Level 1:colcon.colcon_core.package_identification:_identify(/home/ramy_abdulwahed/41xx/src/main_logic_controller) by extension 'ignore'
[0.711s] Level 1:colcon.colcon_core.package_identification:_identify(/home/ramy_abdulwahed/41xx/src/main_logic_controller) by extension 'ignore_ament_install'
[0.711s] Level 1:colcon.colcon_core.package_identification:_identify(/home/ramy_abdulwahed/41xx/src/main_logic_controller) by extensions ['colcon_pkg']
[0.711s] Level 1:colcon.colcon_core.package_identification:_identify(/home/ramy_abdulwahed/41xx/src/main_logic_controller) by extension 'colcon_pkg'
[0.712s] Level 1:colcon.colcon_core.package_identification:_identify(/home/ramy_abdulwahed/41xx/src/main_logic_controller) by extensions ['colcon_meta']
[0.712s] Level 1:colcon.colcon_core.package_identification:_identify(/home/ramy_abdulwahed/41xx/src/main_logic_controller) by extension 'colcon_meta'
[0.712s] Level 1:colcon.colcon_core.package_identification:_identify(/home/ramy_abdulwahed/41xx/src/main_logic_controller) by extensions ['ros']
[0.712s] Level 1:colcon.colcon_core.package_identification:_identify(/home/ramy_abdulwahed/41xx/src/main_logic_controller) by extension 'ros'
[0.713s] DEBUG:colcon.colcon_core.package_identification:Package '/home/ramy_abdulwahed/41xx/src/main_logic_controller' with type 'ros.ament_python' and name 'main_logic_controller'
[0.713s] Level 1:colcon.colcon_core.package_identification:_identify(/home/ramy_abdulwahed/41xx/src/main_logic_controller_interfaces) by extensions ['ignore', 'ignore_ament_install']
[0.714s] Level 1:colcon.colcon_core.package_identification:_identify(/home/ramy_abdulwahed/41xx/src/main_logic_controller_interfaces) by extension 'ignore'
[0.714s] Level 1:colcon.colcon_core.package_identification:_identify(/home/ramy_abdulwahed/41xx/src/main_logic_controller_interfaces) by extension 'ignore_ament_install'
[0.714s] Level 1:colcon.colcon_core.package_identification:_identify(/home/ramy_abdulwahed/41xx/src/main_logic_controller_interfaces) by extensions ['colcon_pkg']
[0.714s] Level 1:colcon.colcon_core.package_identification:_identify(/home/ramy_abdulwahed/41xx/src/main_logic_controller_interfaces) by extension 'colcon_pkg'
[0.714s] Level 1:colcon.colcon_core.package_identification:_identify(/home/ramy_abdulwahed/41xx/src/main_logic_controller_interfaces) by extensions ['colcon_meta']
[0.715s] Level 1:colcon.colcon_core.package_identification:_identify(/home/ramy_abdulwahed/41xx/src/main_logic_controller_interfaces) by extension 'colcon_meta'
[0.715s] Level 1:colcon.colcon_core.package_identification:_identify(/home/ramy_abdulwahed/41xx/src/main_logic_controller_interfaces) by extensions ['ros']
[0.715s] Level 1:colcon.colcon_core.package_identification:_identify(/home/ramy_abdulwahed/41xx/src/main_logic_controller_interfaces) by extension 'ros'
[0.715s] Level 1:colcon.colcon_core.package_identification:_identify(/home/ramy_abdulwahed/41xx/src/main_logic_controller_interfaces) by extensions ['cmake', 'python']
[0.715s] Level 1:colcon.colcon_core.package_identification:_identify(/home/ramy_abdulwahed/41xx/src/main_logic_controller_interfaces) by extension 'cmake'
[0.715s] Level 1:colcon.colcon_core.package_identification:_identify(/home/ramy_abdulwahed/41xx/src/main_logic_controller_interfaces) by extension 'python'
[0.715s] Level 1:colcon.colcon_core.package_identification:_identify(/home/ramy_abdulwahed/41xx/src/main_logic_controller_interfaces) by extensions ['python_setup_py']
[0.715s] Level 1:colcon.colcon_core.package_identification:_identify(/home/ramy_abdulwahed/41xx/src/main_logic_controller_interfaces) by extension 'python_setup_py'
[0.715s] Level 1:colcon.colcon_core.package_discovery:discover_packages(recursive) using defaults
