[2.842s] Invoking command in '/home/lawnbot/ROS2/lawnbot/build/main_logic_controller': AMENT_PREFIX_PATH=/home/lawnbot/ROS2/lawnbot/install/custom_explorer:/home/lawnbot/ROS2/install/sllidar_ros2:/home/lawnbot/ROS2/install/lawnbot_ros2:/home/lawnbot/ROS2/install/custom_message:/home/lawnbot/ROS2/lawnbot/install/main_logic_controller:/home/lawnbot/ROS2/lawnbot/install/main_controller_interfaces:/home/lawnbot/ROS2/src/lawnbot_ros2/install/lawnbot_ros2:/opt/ros/jazzy DEBUGINFOD_URLS=https://debuginfod.ubuntu.com PYTHONPATH=/home/lawnbot/ROS2/lawnbot/build/main_logic_controller/prefix_override:/usr/lib/python3/dist-packages/colcon_core/task/python/colcon_distutils_commands:/home/lawnbot/ROS2/lawnbot/install/main_logic_controller/lib/python3.12/site-packages:/home/lawnbot/ROS2/lawnbot/build/custom_explorer:/home/lawnbot/ROS2/lawnbot/install/custom_explorer/lib/python3.12/site-packages:/home/lawnbot/ROS2/install/lawnbot_ros2/lib/python3.12/site-packages:/home/lawnbot/ROS2/install/custom_message/lib/python3.12/site-packages:/home/lawnbot/ROS2/lawnbot/install/main_logic_controller/lib/python3.12/site-packages:/home/lawnbot/ROS2/lawnbot/install/main_controller_interfaces/lib/python3.12/site-packages:/home/lawnbot/ROS2/src/lawnbot_ros2/install/lawnbot_ros2/lib/python3.12/site-packages:/opt/ros/jazzy/lib/python3.12/site-packages:/home/lawnbot/Downloads/my_venv/lib/python3.12/site-packages /usr/bin/python3 -W ignore:setup.py install is deprecated -W ignore:easy_install command is deprecated setup.py develop --editable --build-directory /home/lawnbot/ROS2/lawnbot/build/main_logic_controller/build --no-deps symlink_data --force
[3.572s] running develop
[4.073s] running egg_info
[4.117s] writing main_logic_controller.egg-info/PKG-INFO
[4.118s] writing dependency_links to main_logic_controller.egg-info/dependency_links.txt
[4.119s] writing entry points to main_logic_controller.egg-info/entry_points.txt
[4.119s] writing requirements to main_logic_controller.egg-info/requires.txt
[4.120s] writing top-level names to main_logic_controller.egg-info/top_level.txt
[4.214s] reading manifest file 'main_logic_controller.egg-info/SOURCES.txt'
[4.217s] writing manifest file 'main_logic_controller.egg-info/SOURCES.txt'
[4.261s] running build_ext
[4.263s] Creating /home/lawnbot/ROS2/lawnbot/install/main_logic_controller/lib/python3.12/site-packages/main-logic-controller.egg-link (link to .)
[4.264s] Installing cmd_vel_emulator script to /home/lawnbot/ROS2/lawnbot/install/main_logic_controller/lib/main_logic_controller
[4.264s] Installing explorer script to /home/lawnbot/ROS2/lawnbot/install/main_logic_controller/lib/main_logic_controller
[4.264s] Installing light script to /home/lawnbot/ROS2/lawnbot/install/main_logic_controller/lib/main_logic_controller
[4.265s] Installing main script to /home/lawnbot/ROS2/lawnbot/install/main_logic_controller/lib/main_logic_controller
[4.265s] Installing motor script to /home/lawnbot/ROS2/lawnbot/install/main_logic_controller/lib/main_logic_controller
[4.265s] Installing object_detector script to /home/lawnbot/ROS2/lawnbot/install/main_logic_controller/lib/main_logic_controller
[4.266s] Installing path script to /home/lawnbot/ROS2/lawnbot/install/main_logic_controller/lib/main_logic_controller
[4.266s] Installing picamera script to /home/lawnbot/ROS2/lawnbot/install/main_logic_controller/lib/main_logic_controller
[4.266s] Installing pump script to /home/lawnbot/ROS2/lawnbot/install/main_logic_controller/lib/main_logic_controller
[4.266s] Installing start_stop_wrapper script to /home/lawnbot/ROS2/lawnbot/install/main_logic_controller/lib/main_logic_controller
[4.267s] Installing vid_streamer script to /home/lawnbot/ROS2/lawnbot/install/main_logic_controller/lib/main_logic_controller
[4.267s] 
[4.268s] Installed /home/lawnbot/ROS2/lawnbot/build/main_logic_controller
[4.268s] running symlink_data
[4.269s] symbolically linking /home/lawnbot/ROS2/lawnbot/build/main_logic_controller/resource/main_logic_controller -> /home/lawnbot/ROS2/lawnbot/install/main_logic_controller/share/ament_index/resource_index/packages
[4.269s] symbolically linking /home/lawnbot/ROS2/lawnbot/build/main_logic_controller/package.xml -> /home/lawnbot/ROS2/lawnbot/install/main_logic_controller/share/main_logic_controller
[4.270s] symbolically linking /home/lawnbot/ROS2/lawnbot/build/main_logic_controller/launch/nav.launch.py -> /home/lawnbot/ROS2/lawnbot/install/main_logic_controller/share/main_logic_controller/launch
[4.270s] symbolically linking /home/lawnbot/ROS2/lawnbot/build/main_logic_controller/launch/sim_gazebo.launch.py -> /home/lawnbot/ROS2/lawnbot/install/main_logic_controller/share/main_logic_controller/launch
[4.271s] symbolically linking /home/lawnbot/ROS2/lawnbot/build/main_logic_controller/launch/launch_file_demo.py -> /home/lawnbot/ROS2/lawnbot/install/main_logic_controller/share/main_logic_controller/launch
[4.271s] symbolically linking /home/lawnbot/ROS2/lawnbot/build/main_logic_controller/launch/explorer.launch.py -> /home/lawnbot/ROS2/lawnbot/install/main_logic_controller/share/main_logic_controller/launch
[4.271s] symbolically linking /home/lawnbot/ROS2/lawnbot/build/main_logic_controller/launch/display.launch.py -> /home/lawnbot/ROS2/lawnbot/install/main_logic_controller/share/main_logic_controller/launch
[4.272s] symbolically linking /home/lawnbot/ROS2/lawnbot/build/main_logic_controller/launch/launch_robot.launch.py -> /home/lawnbot/ROS2/lawnbot/install/main_logic_controller/share/main_logic_controller/launch
[4.272s] symbolically linking /home/lawnbot/ROS2/lawnbot/build/main_logic_controller/urdf/robot.urdf.xacro -> /home/lawnbot/ROS2/lawnbot/install/main_logic_controller/share/main_logic_controller/urdf
[4.273s] symbolically linking /home/lawnbot/ROS2/lawnbot/build/main_logic_controller/urdf/inertial_macros.xacro -> /home/lawnbot/ROS2/lawnbot/install/main_logic_controller/share/main_logic_controller/urdf
[4.273s] symbolically linking /home/lawnbot/ROS2/lawnbot/build/main_logic_controller/urdf/my_robot copy 2.urdf -> /home/lawnbot/ROS2/lawnbot/install/main_logic_controller/share/main_logic_controller/urdf
[4.273s] symbolically linking /home/lawnbot/ROS2/lawnbot/build/main_logic_controller/urdf/my_robotOld.urdf -> /home/lawnbot/ROS2/lawnbot/install/main_logic_controller/share/main_logic_controller/urdf
[4.273s] symbolically linking /home/lawnbot/ROS2/lawnbot/build/main_logic_controller/urdf/my_robot copy.urdf -> /home/lawnbot/ROS2/lawnbot/install/main_logic_controller/share/main_logic_controller/urdf
[4.273s] symbolically linking /home/lawnbot/ROS2/lawnbot/build/main_logic_controller/urdf/test.xacro -> /home/lawnbot/ROS2/lawnbot/install/main_logic_controller/share/main_logic_controller/urdf
[4.273s] symbolically linking /home/lawnbot/ROS2/lawnbot/build/main_logic_controller/urdf/my_robot.urdf -> /home/lawnbot/ROS2/lawnbot/install/main_logic_controller/share/main_logic_controller/urdf
[4.273s] symbolically linking /home/lawnbot/ROS2/lawnbot/build/main_logic_controller/config/mymap1.posegraph -> /home/lawnbot/ROS2/lawnbot/install/main_logic_controller/share/main_logic_controller/config
[4.273s] symbolically linking /home/lawnbot/ROS2/lawnbot/build/main_logic_controller/config/bestsofar1240.posegraph -> /home/lawnbot/ROS2/lawnbot/install/main_logic_controller/share/main_logic_controller/config
[4.274s] symbolically linking /home/lawnbot/ROS2/lawnbot/build/main_logic_controller/config/bestmap1000.pgm -> /home/lawnbot/ROS2/lawnbot/install/main_logic_controller/share/main_logic_controller/config
[4.274s] symbolically linking /home/lawnbot/ROS2/lawnbot/build/main_logic_controller/config/mymap1.yaml -> /home/lawnbot/ROS2/lawnbot/install/main_logic_controller/share/main_logic_controller/config
[4.274s] symbolically linking /home/lawnbot/ROS2/lawnbot/build/main_logic_controller/config/mymap11.yaml -> /home/lawnbot/ROS2/lawnbot/install/main_logic_controller/share/main_logic_controller/config
[4.274s] symbolically linking /home/lawnbot/ROS2/lawnbot/build/main_logic_controller/config/mymap11.data -> /home/lawnbot/ROS2/lawnbot/install/main_logic_controller/share/main_logic_controller/config
[4.274s] symbolically linking /home/lawnbot/ROS2/lawnbot/build/main_logic_controller/config/mymap1.data -> /home/lawnbot/ROS2/lawnbot/install/main_logic_controller/share/main_logic_controller/config
[4.278s] symbolically linking /home/lawnbot/ROS2/lawnbot/build/main_logic_controller/config/my_controllers.yaml -> /home/lawnbot/ROS2/lawnbot/install/main_logic_controller/share/main_logic_controller/config
[4.279s] symbolically linking /home/lawnbot/ROS2/lawnbot/build/main_logic_controller/config/twist_mux_topics.yaml -> /home/lawnbot/ROS2/lawnbot/install/main_logic_controller/share/main_logic_controller/config
[4.279s] symbolically linking /home/lawnbot/ROS2/lawnbot/build/main_logic_controller/config/mymap1.pgm -> /home/lawnbot/ROS2/lawnbot/install/main_logic_controller/share/main_logic_controller/config
[4.279s] symbolically linking /home/lawnbot/ROS2/lawnbot/build/main_logic_controller/config/bestsofar1240.yaml -> /home/lawnbot/ROS2/lawnbot/install/main_logic_controller/share/main_logic_controller/config
[4.279s] symbolically linking /home/lawnbot/ROS2/lawnbot/build/main_logic_controller/config/bestsofar1240.pgm -> /home/lawnbot/ROS2/lawnbot/install/main_logic_controller/share/main_logic_controller/config
[4.279s] symbolically linking /home/lawnbot/ROS2/lawnbot/build/main_logic_controller/config/mapper_params_online_async.yaml -> /home/lawnbot/ROS2/lawnbot/install/main_logic_controller/share/main_logic_controller/config
[4.279s] symbolically linking /home/lawnbot/ROS2/lawnbot/build/main_logic_controller/config/bestsofar1240.data -> /home/lawnbot/ROS2/lawnbot/install/main_logic_controller/share/main_logic_controller/config
[4.279s] symbolically linking /home/lawnbot/ROS2/lawnbot/build/main_logic_controller/config/mymap11.pgm -> /home/lawnbot/ROS2/lawnbot/install/main_logic_controller/share/main_logic_controller/config
[4.280s] symbolically linking /home/lawnbot/ROS2/lawnbot/build/main_logic_controller/config/nav2_params.yaml -> /home/lawnbot/ROS2/lawnbot/install/main_logic_controller/share/main_logic_controller/config
[4.280s] symbolically linking /home/lawnbot/ROS2/lawnbot/build/main_logic_controller/config/41xxRobotRviz.rviz -> /home/lawnbot/ROS2/lawnbot/install/main_logic_controller/share/main_logic_controller/config
[4.280s] symbolically linking /home/lawnbot/ROS2/lawnbot/build/main_logic_controller/config/bestmap1000.yaml -> /home/lawnbot/ROS2/lawnbot/install/main_logic_controller/share/main_logic_controller/config
[4.280s] symbolically linking /home/lawnbot/ROS2/lawnbot/build/main_logic_controller/config/bestsofar.pgm -> /home/lawnbot/ROS2/lawnbot/install/main_logic_controller/share/main_logic_controller/config
[4.280s] symbolically linking /home/lawnbot/ROS2/lawnbot/build/main_logic_controller/config/twist_mux_joy.yaml -> /home/lawnbot/ROS2/lawnbot/install/main_logic_controller/share/main_logic_controller/config
[4.280s] symbolically linking /home/lawnbot/ROS2/lawnbot/build/main_logic_controller/config/bestsofar.yaml -> /home/lawnbot/ROS2/lawnbot/install/main_logic_controller/share/main_logic_controller/config
[4.280s] symbolically linking /home/lawnbot/ROS2/lawnbot/build/main_logic_controller/config/mymap11.posegraph -> /home/lawnbot/ROS2/lawnbot/install/main_logic_controller/share/main_logic_controller/config
[4.281s] symbolically linking /home/lawnbot/ROS2/lawnbot/build/main_logic_controller/config/twist_mux_locks.yaml -> /home/lawnbot/ROS2/lawnbot/install/main_logic_controller/share/main_logic_controller/config
[4.404s] Invoked command in '/home/lawnbot/ROS2/lawnbot/build/main_logic_controller' returned '0': AMENT_PREFIX_PATH=/home/lawnbot/ROS2/lawnbot/install/custom_explorer:/home/lawnbot/ROS2/install/sllidar_ros2:/home/lawnbot/ROS2/install/lawnbot_ros2:/home/lawnbot/ROS2/install/custom_message:/home/lawnbot/ROS2/lawnbot/install/main_logic_controller:/home/lawnbot/ROS2/lawnbot/install/main_controller_interfaces:/home/lawnbot/ROS2/src/lawnbot_ros2/install/lawnbot_ros2:/opt/ros/jazzy DEBUGINFOD_URLS=https://debuginfod.ubuntu.com PYTHONPATH=/home/lawnbot/ROS2/lawnbot/build/main_logic_controller/prefix_override:/usr/lib/python3/dist-packages/colcon_core/task/python/colcon_distutils_commands:/home/lawnbot/ROS2/lawnbot/install/main_logic_controller/lib/python3.12/site-packages:/home/lawnbot/ROS2/lawnbot/build/custom_explorer:/home/lawnbot/ROS2/lawnbot/install/custom_explorer/lib/python3.12/site-packages:/home/lawnbot/ROS2/install/lawnbot_ros2/lib/python3.12/site-packages:/home/lawnbot/ROS2/install/custom_message/lib/python3.12/site-packages:/home/lawnbot/ROS2/lawnbot/install/main_logic_controller/lib/python3.12/site-packages:/home/lawnbot/ROS2/lawnbot/install/main_controller_interfaces/lib/python3.12/site-packages:/home/lawnbot/ROS2/src/lawnbot_ros2/install/lawnbot_ros2/lib/python3.12/site-packages:/opt/ros/jazzy/lib/python3.12/site-packages:/home/lawnbot/Downloads/my_venv/lib/python3.12/site-packages /usr/bin/python3 -W ignore:setup.py install is deprecated -W ignore:easy_install command is deprecated setup.py develop --editable --build-directory /home/lawnbot/ROS2/lawnbot/build/main_logic_controller/build --no-deps symlink_data --force
