[1.630s] Invoking command in '/home/lawnbot/ROS2/lawnbot/build/main_logic_controller': AMENT_PREFIX_PATH=/home/lawnbot/ROS2/lawnbot/install/custom_explorer:/home/lawnbot/ROS2/lawnbot/install/main_logic_controller:/home/lawnbot/ROS2/lawnbot/install/main_controller_interfaces:/home/lawnbot/ROS2/install/sllidar_ros2:/home/lawnbot/ROS2/install/lawnbot_ros2:/home/lawnbot/ROS2/install/custom_message:/home/lawnbot/ROS2/src/lawnbot_ros2/install/lawnbot_ros2:/opt/ros/jazzy DEBUGINFOD_URLS=https://debuginfod.ubuntu.com PYTHONPATH=/home/lawnbot/ROS2/lawnbot/build/main_logic_controller/prefix_override:/usr/lib/python3/dist-packages/colcon_core/task/python/colcon_distutils_commands:/home/lawnbot/ROS2/lawnbot/install/main_logic_controller/lib/python3.12/site-packages:/home/lawnbot/ROS2/lawnbot/build/custom_explorer:/home/lawnbot/ROS2/lawnbot/install/custom_explorer/lib/python3.12/site-packages:/home/lawnbot/ROS2/lawnbot/build/main_logic_controller:/home/lawnbot/ROS2/lawnbot/install/main_logic_controller/lib/python3.12/site-packages:/home/lawnbot/ROS2/lawnbot/install/main_controller_interfaces/lib/python3.12/site-packages:/home/lawnbot/ROS2/install/lawnbot_ros2/lib/python3.12/site-packages:/home/lawnbot/ROS2/install/custom_message/lib/python3.12/site-packages:/home/lawnbot/ROS2/src/lawnbot_ros2/install/lawnbot_ros2/lib/python3.12/site-packages:/opt/ros/jazzy/lib/python3.12/site-packages:/home/lawnbot/Downloads/my_venv/lib/python3.12/site-packages /usr/bin/python3 -W ignore:setup.py install is deprecated -W ignore:easy_install command is deprecated setup.py develop --editable --build-directory /home/lawnbot/ROS2/lawnbot/build/main_logic_controller/build --no-deps symlink_data
[2.224s] running develop
[2.607s] running egg_info
[2.644s] writing main_logic_controller.egg-info/PKG-INFO
[2.645s] writing dependency_links to main_logic_controller.egg-info/dependency_links.txt
[2.646s] writing entry points to main_logic_controller.egg-info/entry_points.txt
[2.647s] writing requirements to main_logic_controller.egg-info/requires.txt
[2.649s] writing top-level names to main_logic_controller.egg-info/top_level.txt
[2.725s] reading manifest file 'main_logic_controller.egg-info/SOURCES.txt'
[2.728s] writing manifest file 'main_logic_controller.egg-info/SOURCES.txt'
[2.765s] running build_ext
[2.766s] Creating /home/lawnbot/ROS2/lawnbot/install/main_logic_controller/lib/python3.12/site-packages/main-logic-controller.egg-link (link to .)
[2.767s] Installing cmd_vel_emulator script to /home/lawnbot/ROS2/lawnbot/install/main_logic_controller/lib/main_logic_controller
[2.768s] Installing explorer script to /home/lawnbot/ROS2/lawnbot/install/main_logic_controller/lib/main_logic_controller
[2.768s] Installing light script to /home/lawnbot/ROS2/lawnbot/install/main_logic_controller/lib/main_logic_controller
[2.768s] Installing main script to /home/lawnbot/ROS2/lawnbot/install/main_logic_controller/lib/main_logic_controller
[2.769s] Installing motor script to /home/lawnbot/ROS2/lawnbot/install/main_logic_controller/lib/main_logic_controller
[2.769s] Installing object_detector script to /home/lawnbot/ROS2/lawnbot/install/main_logic_controller/lib/main_logic_controller
[2.769s] Installing odom_testing script to /home/lawnbot/ROS2/lawnbot/install/main_logic_controller/lib/main_logic_controller
[2.770s] Installing path script to /home/lawnbot/ROS2/lawnbot/install/main_logic_controller/lib/main_logic_controller
[2.770s] Installing picamera script to /home/lawnbot/ROS2/lawnbot/install/main_logic_controller/lib/main_logic_controller
[2.770s] Installing pump script to /home/lawnbot/ROS2/lawnbot/install/main_logic_controller/lib/main_logic_controller
[2.771s] Installing start_stop_wrapper script to /home/lawnbot/ROS2/lawnbot/install/main_logic_controller/lib/main_logic_controller
[2.771s] Installing vid_streamer script to /home/lawnbot/ROS2/lawnbot/install/main_logic_controller/lib/main_logic_controller
[2.771s] 
[2.772s] Installed /home/lawnbot/ROS2/lawnbot/build/main_logic_controller
[2.772s] running symlink_data
[2.887s] Invoked command in '/home/lawnbot/ROS2/lawnbot/build/main_logic_controller' returned '0': AMENT_PREFIX_PATH=/home/lawnbot/ROS2/lawnbot/install/custom_explorer:/home/lawnbot/ROS2/lawnbot/install/main_logic_controller:/home/lawnbot/ROS2/lawnbot/install/main_controller_interfaces:/home/lawnbot/ROS2/install/sllidar_ros2:/home/lawnbot/ROS2/install/lawnbot_ros2:/home/lawnbot/ROS2/install/custom_message:/home/lawnbot/ROS2/src/lawnbot_ros2/install/lawnbot_ros2:/opt/ros/jazzy DEBUGINFOD_URLS=https://debuginfod.ubuntu.com PYTHONPATH=/home/lawnbot/ROS2/lawnbot/build/main_logic_controller/prefix_override:/usr/lib/python3/dist-packages/colcon_core/task/python/colcon_distutils_commands:/home/lawnbot/ROS2/lawnbot/install/main_logic_controller/lib/python3.12/site-packages:/home/lawnbot/ROS2/lawnbot/build/custom_explorer:/home/lawnbot/ROS2/lawnbot/install/custom_explorer/lib/python3.12/site-packages:/home/lawnbot/ROS2/lawnbot/build/main_logic_controller:/home/lawnbot/ROS2/lawnbot/install/main_logic_controller/lib/python3.12/site-packages:/home/lawnbot/ROS2/lawnbot/install/main_controller_interfaces/lib/python3.12/site-packages:/home/lawnbot/ROS2/install/lawnbot_ros2/lib/python3.12/site-packages:/home/lawnbot/ROS2/install/custom_message/lib/python3.12/site-packages:/home/lawnbot/ROS2/src/lawnbot_ros2/install/lawnbot_ros2/lib/python3.12/site-packages:/opt/ros/jazzy/lib/python3.12/site-packages:/home/lawnbot/Downloads/my_venv/lib/python3.12/site-packages /usr/bin/python3 -W ignore:setup.py install is deprecated -W ignore:easy_install command is deprecated setup.py develop --editable --build-directory /home/lawnbot/ROS2/lawnbot/build/main_logic_controller/build --no-deps symlink_data
