[0.394s] Invoking command in '/home/lawnbot/ROS2/lawnbot/build/main_controller_interfaces': CMAKE_PREFIX_PATH=${CMAKE_PREFIX_PATH}:/opt/ros/jazzy DEBUGINFOD_URLS=https://debuginfod.ubuntu.com /usr/bin/cmake /home/lawnbot/ROS2/lawnbot/src/main_controller_interfaces -DAMENT_CMAKE_SYMLINK_INSTALL=1 -DCMAKE_INSTALL_PREFIX=/home/lawnbot/ROS2/lawnbot/install/main_controller_interfaces
[0.580s] -- Found ament_cmake: 2.5.3 (/opt/ros/jazzy/share/ament_cmake/cmake)
[0.634s] -- Found Python3: /usr/bin/python3 (found version "3.12.3") found components: Interpreter 
[0.833s] -- Override CMake install command with custom implementation using symlinks instead of copying resources
[0.948s] -- Found rosidl_default_generators: 1.6.0 (/opt/ros/jazzy/share/rosidl_default_generators/cmake)
[0.967s] -- Using all available rosidl_typesupport_c: rosidl_typesupport_fastrtps_c;rosidl_typesupport_introspection_c
[1.069s] -- Using all available rosidl_typesupport_cpp: rosidl_typesupport_fastrtps_cpp;rosidl_typesupport_introspection_cpp
[1.154s] -- Found rosidl_adapter: 4.6.5 (/opt/ros/jazzy/share/rosidl_adapter/cmake)
[1.601s] -- Found ament_cmake_ros: 0.12.0 (/opt/ros/jazzy/share/ament_cmake_ros/cmake)
[1.780s] -- Using all available rosidl_typesupport_c: rosidl_typesupport_fastrtps_c;rosidl_typesupport_introspection_c
[1.985s] -- Using all available rosidl_typesupport_cpp: rosidl_typesupport_fastrtps_cpp;rosidl_typesupport_introspection_cpp
[1.986s] -- Found python_cmake_module: 0.11.1 (/opt/ros/jazzy/share/python_cmake_module/cmake)
[2.744s] -- Found Python3: /usr/bin/python3 (found version "3.12.3") found components: Interpreter Development NumPy Development.Module Development.Embed 
[2.791s] -- Configuring done (2.2s)
[3.013s] -- Generating done (0.2s)
[3.063s] -- Build files have been written to: /home/lawnbot/ROS2/lawnbot/build/main_controller_interfaces
[3.388s] Invoked command in '/home/lawnbot/ROS2/lawnbot/build/main_controller_interfaces' returned '0': CMAKE_PREFIX_PATH=${CMAKE_PREFIX_PATH}:/opt/ros/jazzy DEBUGINFOD_URLS=https://debuginfod.ubuntu.com /usr/bin/cmake /home/lawnbot/ROS2/lawnbot/src/main_controller_interfaces -DAMENT_CMAKE_SYMLINK_INSTALL=1 -DCMAKE_INSTALL_PREFIX=/home/lawnbot/ROS2/lawnbot/install/main_controller_interfaces
[3.390s] Invoking command in '/home/lawnbot/ROS2/lawnbot/build/main_controller_interfaces': CMAKE_PREFIX_PATH=${CMAKE_PREFIX_PATH}:/opt/ros/jazzy DEBUGINFOD_URLS=https://debuginfod.ubuntu.com /usr/bin/cmake --build /home/lawnbot/ROS2/lawnbot/build/main_controller_interfaces -- -j4 -l4
[3.576s] [  2%] Built target main_controller_interfaces__rosidl_generator_type_description
[3.599s] [  2%] Built target ament_cmake_python_symlink_main_controller_interfaces
[3.675s] [  4%] Built target main_controller_interfaces__cpp
[3.700s] [ 22%] Built target main_controller_interfaces__rosidl_generator_c
[3.848s] [ 31%] Built target main_controller_interfaces__rosidl_typesupport_introspection_c
[3.870s] [ 50%] Built target main_controller_interfaces__rosidl_typesupport_fastrtps_c
[3.870s] [ 50%] Built target main_controller_interfaces__rosidl_typesupport_c
[3.998s] [ 59%] Built target main_controller_interfaces__rosidl_typesupport_cpp
[4.011s] [ 68%] Built target main_controller_interfaces__rosidl_typesupport_fastrtps_cpp
[4.035s] [ 77%] Built target main_controller_interfaces__rosidl_typesupport_introspection_cpp
[4.114s] running egg_info
[4.123s] [ 77%] Built target main_controller_interfaces
[4.152s] writing main_controller_interfaces.egg-info/PKG-INFO
[4.152s] writing dependency_links to main_controller_interfaces.egg-info/dependency_links.txt
[4.152s] writing top-level names to main_controller_interfaces.egg-info/top_level.txt
[4.208s] [ 79%] Built target main_controller_interfaces__py
[4.254s] reading manifest file 'main_controller_interfaces.egg-info/SOURCES.txt'
[4.260s] writing manifest file 'main_controller_interfaces.egg-info/SOURCES.txt'
[4.319s] [ 86%] Built target main_controller_interfaces__rosidl_generator_py
[4.376s] [ 86%] Built target ament_cmake_python_build_main_controller_interfaces_egg
[4.427s] [ 90%] Built target main_controller_interfaces_s__rosidl_typesupport_fastrtps_c
[4.434s] [ 95%] Built target main_controller_interfaces_s__rosidl_typesupport_c
[4.451s] [100%] Built target main_controller_interfaces_s__rosidl_typesupport_introspection_c
[4.483s] Invoked command in '/home/lawnbot/ROS2/lawnbot/build/main_controller_interfaces' returned '0': CMAKE_PREFIX_PATH=${CMAKE_PREFIX_PATH}:/opt/ros/jazzy DEBUGINFOD_URLS=https://debuginfod.ubuntu.com /usr/bin/cmake --build /home/lawnbot/ROS2/lawnbot/build/main_controller_interfaces -- -j4 -l4
[4.508s] Invoking command in '/home/lawnbot/ROS2/lawnbot/build/main_controller_interfaces': CMAKE_PREFIX_PATH=${CMAKE_PREFIX_PATH}:/opt/ros/jazzy DEBUGINFOD_URLS=https://debuginfod.ubuntu.com /usr/bin/cmake --install /home/lawnbot/ROS2/lawnbot/build/main_controller_interfaces
[4.528s] -- Install configuration: ""
[4.529s] -- Execute custom install script
[4.530s] -- Up-to-date symlink: /home/lawnbot/ROS2/lawnbot/install/main_controller_interfaces/share/ament_index/resource_index/rosidl_interfaces/main_controller_interfaces
[4.531s] -- Up-to-date symlink: /home/lawnbot/ROS2/lawnbot/install/main_controller_interfaces/share/main_controller_interfaces/msg/MotorData.json
[4.532s] -- Up-to-date symlink: /home/lawnbot/ROS2/lawnbot/install/main_controller_interfaces/share/main_controller_interfaces/msg/BoundingBox.json
[4.534s] -- Up-to-date symlink: /home/lawnbot/ROS2/lawnbot/install/main_controller_interfaces/include/main_controller_interfaces/main_controller_interfaces/msg/bounding_box.h
[4.535s] -- Up-to-date symlink: /home/lawnbot/ROS2/lawnbot/install/main_controller_interfaces/include/main_controller_interfaces/main_controller_interfaces/msg/detail/bounding_box__functions.h
[4.536s] -- Up-to-date symlink: /home/lawnbot/ROS2/lawnbot/install/main_controller_interfaces/include/main_controller_interfaces/main_controller_interfaces/msg/detail/bounding_box__struct.h
[4.536s] -- Up-to-date symlink: /home/lawnbot/ROS2/lawnbot/install/main_controller_interfaces/include/main_controller_interfaces/main_controller_interfaces/msg/detail/bounding_box__type_support.h
[4.537s] -- Up-to-date symlink: /home/lawnbot/ROS2/lawnbot/install/main_controller_interfaces/include/main_controller_interfaces/main_controller_interfaces/msg/detail/motor_data__functions.h
[4.537s] -- Up-to-date symlink: /home/lawnbot/ROS2/lawnbot/install/main_controller_interfaces/include/main_controller_interfaces/main_controller_interfaces/msg/detail/motor_data__struct.h
[4.538s] -- Up-to-date symlink: /home/lawnbot/ROS2/lawnbot/install/main_controller_interfaces/include/main_controller_interfaces/main_controller_interfaces/msg/detail/motor_data__type_support.h
[4.538s] -- Up-to-date symlink: /home/lawnbot/ROS2/lawnbot/install/main_controller_interfaces/include/main_controller_interfaces/main_controller_interfaces/msg/motor_data.h
[4.539s] -- Up-to-date symlink: /home/lawnbot/ROS2/lawnbot/install/main_controller_interfaces/include/main_controller_interfaces/main_controller_interfaces/msg/rosidl_generator_c__visibility_control.h
[4.540s] -- Up-to-date symlink: /home/lawnbot/ROS2/lawnbot/install/main_controller_interfaces/share/main_controller_interfaces/environment/library_path.sh
[4.540s] -- Up-to-date symlink: /home/lawnbot/ROS2/lawnbot/install/main_controller_interfaces/share/main_controller_interfaces/environment/library_path.dsv
[4.542s] -- Up-to-date symlink: /home/lawnbot/ROS2/lawnbot/install/main_controller_interfaces/include/main_controller_interfaces/main_controller_interfaces/msg/detail/bounding_box__rosidl_typesupport_fastrtps_c.h
[4.542s] -- Up-to-date symlink: /home/lawnbot/ROS2/lawnbot/install/main_controller_interfaces/include/main_controller_interfaces/main_controller_interfaces/msg/detail/motor_data__rosidl_typesupport_fastrtps_c.h
[4.543s] -- Up-to-date symlink: /home/lawnbot/ROS2/lawnbot/install/main_controller_interfaces/include/main_controller_interfaces/main_controller_interfaces/msg/rosidl_typesupport_fastrtps_c__visibility_control.h
[4.543s] -- Up-to-date symlink: /home/lawnbot/ROS2/lawnbot/install/main_controller_interfaces/include/main_controller_interfaces/main_controller_interfaces/msg/detail/bounding_box__rosidl_typesupport_introspection_c.h
[4.544s] -- Up-to-date symlink: /home/lawnbot/ROS2/lawnbot/install/main_controller_interfaces/include/main_controller_interfaces/main_controller_interfaces/msg/detail/motor_data__rosidl_typesupport_introspection_c.h
[4.544s] -- Up-to-date symlink: /home/lawnbot/ROS2/lawnbot/install/main_controller_interfaces/include/main_controller_interfaces/main_controller_interfaces/msg/rosidl_typesupport_introspection_c__visibility_control.h
[4.546s] -- Up-to-date symlink: /home/lawnbot/ROS2/lawnbot/install/main_controller_interfaces/include/main_controller_interfaces/main_controller_interfaces/msg/bounding_box.hpp
[4.546s] -- Up-to-date symlink: /home/lawnbot/ROS2/lawnbot/install/main_controller_interfaces/include/main_controller_interfaces/main_controller_interfaces/msg/detail/bounding_box__builder.hpp
[4.547s] -- Up-to-date symlink: /home/lawnbot/ROS2/lawnbot/install/main_controller_interfaces/include/main_controller_interfaces/main_controller_interfaces/msg/detail/bounding_box__struct.hpp
[4.547s] -- Up-to-date symlink: /home/lawnbot/ROS2/lawnbot/install/main_controller_interfaces/include/main_controller_interfaces/main_controller_interfaces/msg/detail/bounding_box__traits.hpp
[4.548s] -- Up-to-date symlink: /home/lawnbot/ROS2/lawnbot/install/main_controller_interfaces/include/main_controller_interfaces/main_controller_interfaces/msg/detail/bounding_box__type_support.hpp
[4.548s] -- Up-to-date symlink: /home/lawnbot/ROS2/lawnbot/install/main_controller_interfaces/include/main_controller_interfaces/main_controller_interfaces/msg/detail/motor_data__builder.hpp
[4.549s] -- Up-to-date symlink: /home/lawnbot/ROS2/lawnbot/install/main_controller_interfaces/include/main_controller_interfaces/main_controller_interfaces/msg/detail/motor_data__struct.hpp
[4.550s] -- Up-to-date symlink: /home/lawnbot/ROS2/lawnbot/install/main_controller_interfaces/include/main_controller_interfaces/main_controller_interfaces/msg/detail/motor_data__traits.hpp
[4.550s] -- Up-to-date symlink: /home/lawnbot/ROS2/lawnbot/install/main_controller_interfaces/include/main_controller_interfaces/main_controller_interfaces/msg/detail/motor_data__type_support.hpp
[4.551s] -- Up-to-date symlink: /home/lawnbot/ROS2/lawnbot/install/main_controller_interfaces/include/main_controller_interfaces/main_controller_interfaces/msg/motor_data.hpp
[4.551s] -- Up-to-date symlink: /home/lawnbot/ROS2/lawnbot/install/main_controller_interfaces/include/main_controller_interfaces/main_controller_interfaces/msg/rosidl_generator_cpp__visibility_control.hpp
[4.553s] -- Up-to-date symlink: /home/lawnbot/ROS2/lawnbot/install/main_controller_interfaces/include/main_controller_interfaces/main_controller_interfaces/msg/detail/bounding_box__rosidl_typesupport_fastrtps_cpp.hpp
[4.553s] -- Up-to-date symlink: /home/lawnbot/ROS2/lawnbot/install/main_controller_interfaces/include/main_controller_interfaces/main_controller_interfaces/msg/detail/motor_data__rosidl_typesupport_fastrtps_cpp.hpp
[4.554s] -- Up-to-date symlink: /home/lawnbot/ROS2/lawnbot/install/main_controller_interfaces/include/main_controller_interfaces/main_controller_interfaces/msg/rosidl_typesupport_fastrtps_cpp__visibility_control.h
[4.555s] -- Up-to-date symlink: /home/lawnbot/ROS2/lawnbot/install/main_controller_interfaces/include/main_controller_interfaces/main_controller_interfaces/msg/detail/bounding_box__rosidl_typesupport_introspection_cpp.hpp
[4.555s] -- Up-to-date symlink: /home/lawnbot/ROS2/lawnbot/install/main_controller_interfaces/include/main_controller_interfaces/main_controller_interfaces/msg/detail/motor_data__rosidl_typesupport_introspection_cpp.hpp
[4.556s] -- Up-to-date symlink: /home/lawnbot/ROS2/lawnbot/install/main_controller_interfaces/share/main_controller_interfaces/environment/pythonpath.sh
[4.557s] -- Up-to-date symlink: /home/lawnbot/ROS2/lawnbot/install/main_controller_interfaces/share/main_controller_interfaces/environment/pythonpath.dsv
[4.559s] -- Up-to-date symlink: /home/lawnbot/ROS2/lawnbot/install/main_controller_interfaces/lib/python3.12/site-packages/main_controller_interfaces-0.0.0-py3.12.egg-info/PKG-INFO
[4.560s] -- Up-to-date symlink: /home/lawnbot/ROS2/lawnbot/install/main_controller_interfaces/lib/python3.12/site-packages/main_controller_interfaces-0.0.0-py3.12.egg-info/SOURCES.txt
[4.560s] -- Up-to-date symlink: /home/lawnbot/ROS2/lawnbot/install/main_controller_interfaces/lib/python3.12/site-packages/main_controller_interfaces-0.0.0-py3.12.egg-info/dependency_links.txt
[4.561s] -- Up-to-date symlink: /home/lawnbot/ROS2/lawnbot/install/main_controller_interfaces/lib/python3.12/site-packages/main_controller_interfaces-0.0.0-py3.12.egg-info/top_level.txt
[4.563s] -- Up-to-date symlink: /home/lawnbot/ROS2/lawnbot/install/main_controller_interfaces/lib/python3.12/site-packages/main_controller_interfaces/__init__.py
[4.563s] -- Up-to-date symlink: /home/lawnbot/ROS2/lawnbot/install/main_controller_interfaces/lib/python3.12/site-packages/main_controller_interfaces/_main_controller_interfaces_s.ep.rosidl_typesupport_c.c
[4.564s] -- Up-to-date symlink: /home/lawnbot/ROS2/lawnbot/install/main_controller_interfaces/lib/python3.12/site-packages/main_controller_interfaces/_main_controller_interfaces_s.ep.rosidl_typesupport_fastrtps_c.c
[4.564s] -- Up-to-date symlink: /home/lawnbot/ROS2/lawnbot/install/main_controller_interfaces/lib/python3.12/site-packages/main_controller_interfaces/_main_controller_interfaces_s.ep.rosidl_typesupport_introspection_c.c
[4.565s] -- Up-to-date symlink: /home/lawnbot/ROS2/lawnbot/install/main_controller_interfaces/lib/python3.12/site-packages/main_controller_interfaces/main_controller_interfaces_s__rosidl_typesupport_c.so
[4.565s] -- Up-to-date symlink: /home/lawnbot/ROS2/lawnbot/install/main_controller_interfaces/lib/python3.12/site-packages/main_controller_interfaces/main_controller_interfaces_s__rosidl_typesupport_fastrtps_c.so
[4.566s] -- Up-to-date symlink: /home/lawnbot/ROS2/lawnbot/install/main_controller_interfaces/lib/python3.12/site-packages/main_controller_interfaces/main_controller_interfaces_s__rosidl_typesupport_introspection_c.so
[4.567s] -- Up-to-date symlink: /home/lawnbot/ROS2/lawnbot/install/main_controller_interfaces/lib/python3.12/site-packages/main_controller_interfaces/msg/__init__.py
[4.567s] -- Up-to-date symlink: /home/lawnbot/ROS2/lawnbot/install/main_controller_interfaces/lib/python3.12/site-packages/main_controller_interfaces/msg/_bounding_box.py
[4.568s] -- Up-to-date symlink: /home/lawnbot/ROS2/lawnbot/install/main_controller_interfaces/lib/python3.12/site-packages/main_controller_interfaces/msg/_bounding_box_s.c
[4.568s] -- Up-to-date symlink: /home/lawnbot/ROS2/lawnbot/install/main_controller_interfaces/lib/python3.12/site-packages/main_controller_interfaces/msg/_motor_data.py
[4.569s] -- Up-to-date symlink: /home/lawnbot/ROS2/lawnbot/install/main_controller_interfaces/lib/python3.12/site-packages/main_controller_interfaces/msg/_motor_data_s.c
[4.569s] -- Up-to-date symlink: /home/lawnbot/ROS2/lawnbot/install/main_controller_interfaces/lib/python3.12/site-packages/main_controller_interfaces/main_controller_interfaces_s__rosidl_typesupport_fastrtps_c.so
[4.570s] -- Up-to-date symlink: /home/lawnbot/ROS2/lawnbot/install/main_controller_interfaces/lib/python3.12/site-packages/main_controller_interfaces/main_controller_interfaces_s__rosidl_typesupport_introspection_c.so
[4.570s] -- Up-to-date symlink: /home/lawnbot/ROS2/lawnbot/install/main_controller_interfaces/lib/python3.12/site-packages/main_controller_interfaces/main_controller_interfaces_s__rosidl_typesupport_c.so
[4.571s] -- Up-to-date symlink: /home/lawnbot/ROS2/lawnbot/install/main_controller_interfaces/share/main_controller_interfaces/msg/MotorData.idl
[4.571s] -- Up-to-date symlink: /home/lawnbot/ROS2/lawnbot/install/main_controller_interfaces/share/main_controller_interfaces/msg/BoundingBox.idl
[4.572s] -- Up-to-date symlink: /home/lawnbot/ROS2/lawnbot/install/main_controller_interfaces/share/main_controller_interfaces/msg/MotorData.msg
[4.573s] -- Up-to-date symlink: /home/lawnbot/ROS2/lawnbot/install/main_controller_interfaces/share/main_controller_interfaces/msg/BoundingBox.msg
[4.574s] -- Up-to-date symlink: /home/lawnbot/ROS2/lawnbot/install/main_controller_interfaces/share/ament_index/resource_index/package_run_dependencies/main_controller_interfaces
[4.575s] -- Up-to-date symlink: /home/lawnbot/ROS2/lawnbot/install/main_controller_interfaces/share/ament_index/resource_index/parent_prefix_path/main_controller_interfaces
[4.576s] -- Up-to-date symlink: /home/lawnbot/ROS2/lawnbot/install/main_controller_interfaces/share/main_controller_interfaces/environment/ament_prefix_path.sh
[4.576s] -- Up-to-date symlink: /home/lawnbot/ROS2/lawnbot/install/main_controller_interfaces/share/main_controller_interfaces/environment/ament_prefix_path.dsv
[4.577s] -- Up-to-date symlink: /home/lawnbot/ROS2/lawnbot/install/main_controller_interfaces/share/main_controller_interfaces/environment/path.sh
[4.578s] -- Up-to-date symlink: /home/lawnbot/ROS2/lawnbot/install/main_controller_interfaces/share/main_controller_interfaces/environment/path.dsv
[4.578s] -- Up-to-date symlink: /home/lawnbot/ROS2/lawnbot/install/main_controller_interfaces/share/main_controller_interfaces/local_setup.bash
[4.579s] -- Up-to-date symlink: /home/lawnbot/ROS2/lawnbot/install/main_controller_interfaces/share/main_controller_interfaces/local_setup.sh
[4.580s] -- Up-to-date symlink: /home/lawnbot/ROS2/lawnbot/install/main_controller_interfaces/share/main_controller_interfaces/local_setup.zsh
[4.580s] -- Up-to-date symlink: /home/lawnbot/ROS2/lawnbot/install/main_controller_interfaces/share/main_controller_interfaces/local_setup.dsv
[4.580s] -- Symlinking: /home/lawnbot/ROS2/lawnbot/install/main_controller_interfaces/share/main_controller_interfaces/package.dsv
[4.608s] -- Up-to-date symlink: /home/lawnbot/ROS2/lawnbot/install/main_controller_interfaces/share/ament_index/resource_index/packages/main_controller_interfaces
[4.609s] -- Up-to-date symlink: /home/lawnbot/ROS2/lawnbot/install/main_controller_interfaces/share/main_controller_interfaces/cmake/rosidl_cmake-extras.cmake
[4.609s] -- Up-to-date symlink: /home/lawnbot/ROS2/lawnbot/install/main_controller_interfaces/share/main_controller_interfaces/cmake/ament_cmake_export_include_directories-extras.cmake
[4.610s] -- Up-to-date symlink: /home/lawnbot/ROS2/lawnbot/install/main_controller_interfaces/share/main_controller_interfaces/cmake/ament_cmake_export_libraries-extras.cmake
[4.611s] -- Up-to-date symlink: /home/lawnbot/ROS2/lawnbot/install/main_controller_interfaces/share/main_controller_interfaces/cmake/ament_cmake_export_targets-extras.cmake
[4.611s] -- Up-to-date symlink: /home/lawnbot/ROS2/lawnbot/install/main_controller_interfaces/share/main_controller_interfaces/cmake/rosidl_cmake_export_typesupport_targets-extras.cmake
[4.612s] -- Up-to-date symlink: /home/lawnbot/ROS2/lawnbot/install/main_controller_interfaces/share/main_controller_interfaces/cmake/ament_cmake_export_dependencies-extras.cmake
[4.613s] -- Up-to-date symlink: /home/lawnbot/ROS2/lawnbot/install/main_controller_interfaces/share/main_controller_interfaces/cmake/rosidl_cmake_export_typesupport_libraries-extras.cmake
[4.614s] -- Up-to-date symlink: /home/lawnbot/ROS2/lawnbot/install/main_controller_interfaces/share/main_controller_interfaces/cmake/main_controller_interfacesConfig.cmake
[4.614s] -- Up-to-date symlink: /home/lawnbot/ROS2/lawnbot/install/main_controller_interfaces/share/main_controller_interfaces/cmake/main_controller_interfacesConfig-version.cmake
[4.615s] -- Up-to-date symlink: /home/lawnbot/ROS2/lawnbot/install/main_controller_interfaces/share/main_controller_interfaces/package.xml
[4.618s] -- Up-to-date: /home/lawnbot/ROS2/lawnbot/install/main_controller_interfaces/lib/libmain_controller_interfaces__rosidl_generator_c.so
[4.620s] -- Up-to-date: /home/lawnbot/ROS2/lawnbot/install/main_controller_interfaces/lib/libmain_controller_interfaces__rosidl_typesupport_fastrtps_c.so
[4.622s] -- Up-to-date: /home/lawnbot/ROS2/lawnbot/install/main_controller_interfaces/lib/libmain_controller_interfaces__rosidl_typesupport_introspection_c.so
[4.624s] -- Up-to-date: /home/lawnbot/ROS2/lawnbot/install/main_controller_interfaces/lib/libmain_controller_interfaces__rosidl_typesupport_c.so
[4.625s] -- Up-to-date: /home/lawnbot/ROS2/lawnbot/install/main_controller_interfaces/lib/libmain_controller_interfaces__rosidl_typesupport_fastrtps_cpp.so
[4.627s] -- Up-to-date: /home/lawnbot/ROS2/lawnbot/install/main_controller_interfaces/lib/libmain_controller_interfaces__rosidl_typesupport_introspection_cpp.so
[4.629s] -- Up-to-date: /home/lawnbot/ROS2/lawnbot/install/main_controller_interfaces/lib/libmain_controller_interfaces__rosidl_typesupport_cpp.so
[4.703s] Listing '/home/lawnbot/ROS2/lawnbot/install/main_controller_interfaces/lib/python3.12/site-packages/main_controller_interfaces'...
[4.704s] Compiling '/home/lawnbot/ROS2/lawnbot/install/main_controller_interfaces/lib/python3.12/site-packages/main_controller_interfaces/__init__.py'...
[4.704s] Listing '/home/lawnbot/ROS2/lawnbot/install/main_controller_interfaces/lib/python3.12/site-packages/main_controller_interfaces/msg'...
[4.722s] -- Up-to-date: /home/lawnbot/ROS2/lawnbot/install/main_controller_interfaces/lib/libmain_controller_interfaces__rosidl_generator_py.so
[4.723s] -- Up-to-date: /home/lawnbot/ROS2/lawnbot/install/main_controller_interfaces/share/main_controller_interfaces/cmake/export_main_controller_interfaces__rosidl_generator_cExport.cmake
[4.724s] -- Up-to-date: /home/lawnbot/ROS2/lawnbot/install/main_controller_interfaces/share/main_controller_interfaces/cmake/export_main_controller_interfaces__rosidl_generator_cExport-noconfig.cmake
[4.724s] -- Up-to-date: /home/lawnbot/ROS2/lawnbot/install/main_controller_interfaces/share/main_controller_interfaces/cmake/export_main_controller_interfaces__rosidl_typesupport_fastrtps_cExport.cmake
[4.724s] -- Up-to-date: /home/lawnbot/ROS2/lawnbot/install/main_controller_interfaces/share/main_controller_interfaces/cmake/export_main_controller_interfaces__rosidl_typesupport_fastrtps_cExport-noconfig.cmake
[4.725s] -- Up-to-date: /home/lawnbot/ROS2/lawnbot/install/main_controller_interfaces/share/main_controller_interfaces/cmake/main_controller_interfaces__rosidl_typesupport_introspection_cExport.cmake
[4.725s] -- Up-to-date: /home/lawnbot/ROS2/lawnbot/install/main_controller_interfaces/share/main_controller_interfaces/cmake/main_controller_interfaces__rosidl_typesupport_introspection_cExport-noconfig.cmake
[4.725s] -- Up-to-date: /home/lawnbot/ROS2/lawnbot/install/main_controller_interfaces/share/main_controller_interfaces/cmake/main_controller_interfaces__rosidl_typesupport_cExport.cmake
[4.725s] -- Up-to-date: /home/lawnbot/ROS2/lawnbot/install/main_controller_interfaces/share/main_controller_interfaces/cmake/main_controller_interfaces__rosidl_typesupport_cExport-noconfig.cmake
[4.726s] -- Up-to-date: /home/lawnbot/ROS2/lawnbot/install/main_controller_interfaces/share/main_controller_interfaces/cmake/export_main_controller_interfaces__rosidl_generator_cppExport.cmake
[4.726s] -- Up-to-date: /home/lawnbot/ROS2/lawnbot/install/main_controller_interfaces/share/main_controller_interfaces/cmake/export_main_controller_interfaces__rosidl_typesupport_fastrtps_cppExport.cmake
[4.727s] -- Up-to-date: /home/lawnbot/ROS2/lawnbot/install/main_controller_interfaces/share/main_controller_interfaces/cmake/export_main_controller_interfaces__rosidl_typesupport_fastrtps_cppExport-noconfig.cmake
[4.727s] -- Up-to-date: /home/lawnbot/ROS2/lawnbot/install/main_controller_interfaces/share/main_controller_interfaces/cmake/main_controller_interfaces__rosidl_typesupport_introspection_cppExport.cmake
[4.727s] -- Up-to-date: /home/lawnbot/ROS2/lawnbot/install/main_controller_interfaces/share/main_controller_interfaces/cmake/main_controller_interfaces__rosidl_typesupport_introspection_cppExport-noconfig.cmake
[4.728s] -- Up-to-date: /home/lawnbot/ROS2/lawnbot/install/main_controller_interfaces/share/main_controller_interfaces/cmake/main_controller_interfaces__rosidl_typesupport_cppExport.cmake
[4.728s] -- Up-to-date: /home/lawnbot/ROS2/lawnbot/install/main_controller_interfaces/share/main_controller_interfaces/cmake/main_controller_interfaces__rosidl_typesupport_cppExport-noconfig.cmake
[4.728s] -- Up-to-date: /home/lawnbot/ROS2/lawnbot/install/main_controller_interfaces/share/main_controller_interfaces/cmake/export_main_controller_interfaces__rosidl_generator_pyExport.cmake
[4.728s] -- Up-to-date: /home/lawnbot/ROS2/lawnbot/install/main_controller_interfaces/share/main_controller_interfaces/cmake/export_main_controller_interfaces__rosidl_generator_pyExport-noconfig.cmake
[4.733s] Invoked command in '/home/lawnbot/ROS2/lawnbot/build/main_controller_interfaces' returned '0': CMAKE_PREFIX_PATH=${CMAKE_PREFIX_PATH}:/opt/ros/jazzy DEBUGINFOD_URLS=https://debuginfod.ubuntu.com /usr/bin/cmake --install /home/lawnbot/ROS2/lawnbot/build/main_controller_interfaces
