[3.464s] Invoking command in '/home/lawnbot/ROS2/lawnbot/src/Autonomous-Explorer-and-Mapper-ros2-nav2': DEBUGINFOD_URLS=https://debuginfod.ubuntu.com PYTHONPATH=/home/lawnbot/ROS2/lawnbot/build/custom_explorer/prefix_override:/usr/lib/python3/dist-packages/colcon_core/task/python/colcon_distutils_commands:/home/lawnbot/ROS2/lawnbot/install/custom_explorer/lib/python3.12/site-packages:${PYTHONPATH} /usr/bin/python3 -W ignore:setup.py install is deprecated -W ignore:easy_install command is deprecated setup.py egg_info --egg-base ../../build/custom_explorer build --build-base /home/lawnbot/ROS2/lawnbot/build/custom_explorer/build install --record /home/lawnbot/ROS2/lawnbot/build/custom_explorer/install.log --single-version-externally-managed install_data
[4.029s] running egg_info
[4.068s] writing ../../build/custom_explorer/custom_explorer.egg-info/PKG-INFO
[4.069s] writing dependency_links to ../../build/custom_explorer/custom_explorer.egg-info/dependency_links.txt
[4.070s] writing entry points to ../../build/custom_explorer/custom_explorer.egg-info/entry_points.txt
[4.071s] writing requirements to ../../build/custom_explorer/custom_explorer.egg-info/requires.txt
[4.071s] writing top-level names to ../../build/custom_explorer/custom_explorer.egg-info/top_level.txt
[4.156s] reading manifest file '../../build/custom_explorer/custom_explorer.egg-info/SOURCES.txt'
[4.158s] writing manifest file '../../build/custom_explorer/custom_explorer.egg-info/SOURCES.txt'
[4.158s] running build
[4.158s] running build_py
[4.161s] running install
[4.173s] running install_lib
[4.215s] running install_data
[4.215s] running install_egg_info
[4.259s] removing '/home/lawnbot/ROS2/lawnbot/install/custom_explorer/lib/python3.12/site-packages/custom_explorer-0.0.0-py3.12.egg-info' (and everything under it)
[4.259s] Copying ../../build/custom_explorer/custom_explorer.egg-info to /home/lawnbot/ROS2/lawnbot/install/custom_explorer/lib/python3.12/site-packages/custom_explorer-0.0.0-py3.12.egg-info
[4.261s] running install_scripts
[4.573s] Installing explorer script to /home/lawnbot/ROS2/lawnbot/install/custom_explorer/lib/custom_explorer
[4.625s] writing list of installed files to '/home/lawnbot/ROS2/lawnbot/build/custom_explorer/install.log'
[4.797s] Invoked command in '/home/lawnbot/ROS2/lawnbot/src/Autonomous-Explorer-and-Mapper-ros2-nav2' returned '0': DEBUGINFOD_URLS=https://debuginfod.ubuntu.com PYTHONPATH=/home/lawnbot/ROS2/lawnbot/build/custom_explorer/prefix_override:/usr/lib/python3/dist-packages/colcon_core/task/python/colcon_distutils_commands:/home/lawnbot/ROS2/lawnbot/install/custom_explorer/lib/python3.12/site-packages:${PYTHONPATH} /usr/bin/python3 -W ignore:setup.py install is deprecated -W ignore:easy_install command is deprecated setup.py egg_info --egg-base ../../build/custom_explorer build --build-base /home/lawnbot/ROS2/lawnbot/build/custom_explorer/build install --record /home/lawnbot/ROS2/lawnbot/build/custom_explorer/install.log --single-version-externally-managed install_data
