[2.294s] Invoking command in '/home/lawnbot/ROS2/lawnbot/build/custom_explorer': DEBUGINFOD_URLS=https://debuginfod.ubuntu.com PYTHONPATH=/home/lawnbot/ROS2/lawnbot/build/custom_explorer/prefix_override:/usr/lib/python3/dist-packages/colcon_core/task/python/colcon_distutils_commands:/home/lawnbot/ROS2/lawnbot/install/custom_explorer/lib/python3.12/site-packages:${PYTHONPATH} /usr/bin/python3 -W ignore:setup.py install is deprecated -W ignore:easy_install command is deprecated setup.py develop --uninstall --editable --build-directory /home/lawnbot/ROS2/lawnbot/build/custom_explorer/build
[3.031s] running develop
[3.501s] Removing /home/lawnbot/ROS2/lawnbot/install/custom_explorer/lib/python3.12/site-packages/custom-explorer.egg-link (link to .)
[3.668s] Invoked command in '/home/lawnbot/ROS2/lawnbot/build/custom_explorer' returned '0': DEBUGINFOD_URLS=https://debuginfod.ubuntu.com PYTHONPATH=/home/lawnbot/ROS2/lawnbot/build/custom_explorer/prefix_override:/usr/lib/python3/dist-packages/colcon_core/task/python/colcon_distutils_commands:/home/lawnbot/ROS2/lawnbot/install/custom_explorer/lib/python3.12/site-packages:${PYTHONPATH} /usr/bin/python3 -W ignore:setup.py install is deprecated -W ignore:easy_install command is deprecated setup.py develop --uninstall --editable --build-directory /home/lawnbot/ROS2/lawnbot/build/custom_explorer/build
[3.674s] Invoking command in '/home/lawnbot/ROS2/lawnbot/src/Autonomous-Explorer-and-Mapper-ros2-nav2': DEBUGINFOD_URLS=https://debuginfod.ubuntu.com PYTHONPATH=/home/lawnbot/ROS2/lawnbot/build/custom_explorer/prefix_override:/usr/lib/python3/dist-packages/colcon_core/task/python/colcon_distutils_commands:/home/lawnbot/ROS2/lawnbot/install/custom_explorer/lib/python3.12/site-packages:${PYTHONPATH} /usr/bin/python3 -W ignore:setup.py install is deprecated -W ignore:easy_install command is deprecated setup.py egg_info --egg-base ../../build/custom_explorer build --build-base /home/lawnbot/ROS2/lawnbot/build/custom_explorer/build install --record /home/lawnbot/ROS2/lawnbot/build/custom_explorer/install.log --single-version-externally-managed install_data --force
[4.615s] running egg_info
[4.653s] writing ../../build/custom_explorer/custom_explorer.egg-info/PKG-INFO
[4.656s] writing dependency_links to ../../build/custom_explorer/custom_explorer.egg-info/dependency_links.txt
[4.656s] writing entry points to ../../build/custom_explorer/custom_explorer.egg-info/entry_points.txt
[4.656s] writing requirements to ../../build/custom_explorer/custom_explorer.egg-info/requires.txt
[4.656s] writing top-level names to ../../build/custom_explorer/custom_explorer.egg-info/top_level.txt
[4.737s] reading manifest file '../../build/custom_explorer/custom_explorer.egg-info/SOURCES.txt'
[4.741s] writing manifest file '../../build/custom_explorer/custom_explorer.egg-info/SOURCES.txt'
[4.742s] running build
[4.742s] running build_py
[4.752s] running install
[4.762s] running install_lib
[4.807s] creating /home/lawnbot/ROS2/lawnbot/install/custom_explorer/lib/python3.12/site-packages/custom_explorer
[4.807s] copying /home/lawnbot/ROS2/lawnbot/build/custom_explorer/build/lib/custom_explorer/__init__.py -> /home/lawnbot/ROS2/lawnbot/install/custom_explorer/lib/python3.12/site-packages/custom_explorer
[4.807s] copying /home/lawnbot/ROS2/lawnbot/build/custom_explorer/build/lib/custom_explorer/explorer.py -> /home/lawnbot/ROS2/lawnbot/install/custom_explorer/lib/python3.12/site-packages/custom_explorer
[4.813s] byte-compiling /home/lawnbot/ROS2/lawnbot/install/custom_explorer/lib/python3.12/site-packages/custom_explorer/__init__.py to __init__.cpython-312.pyc
[4.813s] byte-compiling /home/lawnbot/ROS2/lawnbot/install/custom_explorer/lib/python3.12/site-packages/custom_explorer/explorer.py to explorer.cpython-312.pyc
[4.816s] running install_data
[4.816s] copying resource/custom_explorer -> /home/lawnbot/ROS2/lawnbot/install/custom_explorer/share/ament_index/resource_index/packages
[4.817s] copying package.xml -> /home/lawnbot/ROS2/lawnbot/install/custom_explorer/share/custom_explorer
[4.824s] running install_egg_info
[4.878s] Copying ../../build/custom_explorer/custom_explorer.egg-info to /home/lawnbot/ROS2/lawnbot/install/custom_explorer/lib/python3.12/site-packages/custom_explorer-0.0.0-py3.12.egg-info
[4.887s] running install_scripts
[5.331s] Installing explorer script to /home/lawnbot/ROS2/lawnbot/install/custom_explorer/lib/custom_explorer
[5.332s] writing list of installed files to '/home/lawnbot/ROS2/lawnbot/build/custom_explorer/install.log'
[5.485s] Invoked command in '/home/lawnbot/ROS2/lawnbot/src/Autonomous-Explorer-and-Mapper-ros2-nav2' returned '0': DEBUGINFOD_URLS=https://debuginfod.ubuntu.com PYTHONPATH=/home/lawnbot/ROS2/lawnbot/build/custom_explorer/prefix_override:/usr/lib/python3/dist-packages/colcon_core/task/python/colcon_distutils_commands:/home/lawnbot/ROS2/lawnbot/install/custom_explorer/lib/python3.12/site-packages:${PYTHONPATH} /usr/bin/python3 -W ignore:setup.py install is deprecated -W ignore:easy_install command is deprecated setup.py egg_info --egg-base ../../build/custom_explorer build --build-base /home/lawnbot/ROS2/lawnbot/build/custom_explorer/build install --record /home/lawnbot/ROS2/lawnbot/build/custom_explorer/install.log --single-version-externally-managed install_data --force
