[0.382s] Invoking command in '/home/lawnbot/ROS2/lawnbot/build/main_controller_interfaces': CMAKE_PREFIX_PATH=${CMAKE_PREFIX_PATH}:/opt/ros/jazzy DEBUGINFOD_URLS=https://debuginfod.ubuntu.com /usr/bin/cmake --build /home/lawnbot/ROS2/lawnbot/build/main_controller_interfaces -- -j4 -l4
[0.560s] [  2%] Built target main_controller_interfaces__rosidl_generator_type_description
[0.582s] [  2%] Built target ament_cmake_python_symlink_main_controller_interfaces
[0.658s] [  4%] Built target main_controller_interfaces__cpp
[0.666s] [ 22%] Built target main_controller_interfaces__rosidl_generator_c
[0.812s] [ 31%] Built target main_controller_interfaces__rosidl_typesupport_fastrtps_cpp
[0.813s] [ 40%] Built target main_controller_interfaces__rosidl_typesupport_cpp
[0.840s] [ 50%] Built target main_controller_interfaces__rosidl_typesupport_fastrtps_c
[0.956s] [ 59%] Built target main_controller_interfaces__rosidl_typesupport_introspection_c
[0.986s] [ 68%] Built target main_controller_interfaces__rosidl_typesupport_introspection_cpp
[0.987s] [ 77%] Built target main_controller_interfaces__rosidl_typesupport_c
[1.092s] [ 77%] Built target main_controller_interfaces
[1.199s] [ 79%] Built target main_controller_interfaces__py
[1.232s] running egg_info
[1.315s] writing main_controller_interfaces.egg-info/PKG-INFO
[1.317s] writing dependency_links to main_controller_interfaces.egg-info/dependency_links.txt
[1.319s] writing top-level names to main_controller_interfaces.egg-info/top_level.txt
[1.340s] [ 86%] Built target main_controller_interfaces__rosidl_generator_py
[1.506s] [ 90%] Built target main_controller_interfaces_s__rosidl_typesupport_introspection_c
[1.625s] [ 95%] Built target main_controller_interfaces_s__rosidl_typesupport_c
[1.634s] [100%] Built target main_controller_interfaces_s__rosidl_typesupport_fastrtps_c
[1.653s] reading manifest file 'main_controller_interfaces.egg-info/SOURCES.txt'
[1.656s] writing manifest file 'main_controller_interfaces.egg-info/SOURCES.txt'
[1.821s] [100%] Built target ament_cmake_python_build_main_controller_interfaces_egg
[1.887s] Invoked command in '/home/lawnbot/ROS2/lawnbot/build/main_controller_interfaces' returned '0': CMAKE_PREFIX_PATH=${CMAKE_PREFIX_PATH}:/opt/ros/jazzy DEBUGINFOD_URLS=https://debuginfod.ubuntu.com /usr/bin/cmake --build /home/lawnbot/ROS2/lawnbot/build/main_controller_interfaces -- -j4 -l4
[1.929s] Invoking command in '/home/lawnbot/ROS2/lawnbot/build/main_controller_interfaces': CMAKE_PREFIX_PATH=${CMAKE_PREFIX_PATH}:/opt/ros/jazzy DEBUGINFOD_URLS=https://debuginfod.ubuntu.com /usr/bin/cmake --install /home/lawnbot/ROS2/lawnbot/build/main_controller_interfaces
[1.967s] -- Install configuration: ""
[1.967s] -- Execute custom install script
[1.969s] -- Up-to-date symlink: /home/lawnbot/ROS2/lawnbot/install/main_controller_interfaces/share/ament_index/resource_index/rosidl_interfaces/main_controller_interfaces
[1.970s] -- Up-to-date symlink: /home/lawnbot/ROS2/lawnbot/install/main_controller_interfaces/share/main_controller_interfaces/msg/MotorData.json
[1.974s] -- Up-to-date symlink: /home/lawnbot/ROS2/lawnbot/install/main_controller_interfaces/share/main_controller_interfaces/msg/BoundingBox.json
[1.976s] -- Up-to-date symlink: /home/lawnbot/ROS2/lawnbot/install/main_controller_interfaces/include/main_controller_interfaces/main_controller_interfaces/msg/bounding_box.h
[1.976s] -- Up-to-date symlink: /home/lawnbot/ROS2/lawnbot/install/main_controller_interfaces/include/main_controller_interfaces/main_controller_interfaces/msg/detail/bounding_box__functions.h
[1.980s] -- Up-to-date symlink: /home/lawnbot/ROS2/lawnbot/install/main_controller_interfaces/include/main_controller_interfaces/main_controller_interfaces/msg/detail/bounding_box__struct.h
[1.980s] -- Up-to-date symlink: /home/lawnbot/ROS2/lawnbot/install/main_controller_interfaces/include/main_controller_interfaces/main_controller_interfaces/msg/detail/bounding_box__type_support.h
[1.980s] -- Up-to-date symlink: /home/lawnbot/ROS2/lawnbot/install/main_controller_interfaces/include/main_controller_interfaces/main_controller_interfaces/msg/detail/motor_data__functions.h
[1.982s] -- Up-to-date symlink: /home/lawnbot/ROS2/lawnbot/install/main_controller_interfaces/include/main_controller_interfaces/main_controller_interfaces/msg/detail/motor_data__struct.h
[1.983s] -- Up-to-date symlink: /home/lawnbot/ROS2/lawnbot/install/main_controller_interfaces/include/main_controller_interfaces/main_controller_interfaces/msg/detail/motor_data__type_support.h
[1.988s] -- Up-to-date symlink: /home/lawnbot/ROS2/lawnbot/install/main_controller_interfaces/include/main_controller_interfaces/main_controller_interfaces/msg/motor_data.h
[1.989s] -- Up-to-date symlink: /home/lawnbot/ROS2/lawnbot/install/main_controller_interfaces/include/main_controller_interfaces/main_controller_interfaces/msg/rosidl_generator_c__visibility_control.h
[1.991s] -- Up-to-date symlink: /home/lawnbot/ROS2/lawnbot/install/main_controller_interfaces/share/main_controller_interfaces/environment/library_path.sh
[1.992s] -- Up-to-date symlink: /home/lawnbot/ROS2/lawnbot/install/main_controller_interfaces/share/main_controller_interfaces/environment/library_path.dsv
[1.992s] -- Up-to-date symlink: /home/lawnbot/ROS2/lawnbot/install/main_controller_interfaces/include/main_controller_interfaces/main_controller_interfaces/msg/detail/bounding_box__rosidl_typesupport_fastrtps_c.h
[1.996s] -- Up-to-date symlink: /home/lawnbot/ROS2/lawnbot/install/main_controller_interfaces/include/main_controller_interfaces/main_controller_interfaces/msg/detail/motor_data__rosidl_typesupport_fastrtps_c.h
[1.997s] -- Up-to-date symlink: /home/lawnbot/ROS2/lawnbot/install/main_controller_interfaces/include/main_controller_interfaces/main_controller_interfaces/msg/rosidl_typesupport_fastrtps_c__visibility_control.h
[1.999s] -- Up-to-date symlink: /home/lawnbot/ROS2/lawnbot/install/main_controller_interfaces/include/main_controller_interfaces/main_controller_interfaces/msg/detail/bounding_box__rosidl_typesupport_introspection_c.h
[2.005s] -- Up-to-date symlink: /home/lawnbot/ROS2/lawnbot/install/main_controller_interfaces/include/main_controller_interfaces/main_controller_interfaces/msg/detail/motor_data__rosidl_typesupport_introspection_c.h
[2.006s] -- Up-to-date symlink: /home/lawnbot/ROS2/lawnbot/install/main_controller_interfaces/include/main_controller_interfaces/main_controller_interfaces/msg/rosidl_typesupport_introspection_c__visibility_control.h
[2.007s] -- Up-to-date symlink: /home/lawnbot/ROS2/lawnbot/install/main_controller_interfaces/include/main_controller_interfaces/main_controller_interfaces/msg/bounding_box.hpp
[2.008s] -- Up-to-date symlink: /home/lawnbot/ROS2/lawnbot/install/main_controller_interfaces/include/main_controller_interfaces/main_controller_interfaces/msg/detail/bounding_box__builder.hpp
[2.009s] -- Up-to-date symlink: /home/lawnbot/ROS2/lawnbot/install/main_controller_interfaces/include/main_controller_interfaces/main_controller_interfaces/msg/detail/bounding_box__struct.hpp
[2.010s] -- Up-to-date symlink: /home/lawnbot/ROS2/lawnbot/install/main_controller_interfaces/include/main_controller_interfaces/main_controller_interfaces/msg/detail/bounding_box__traits.hpp
[2.010s] -- Up-to-date symlink: /home/lawnbot/ROS2/lawnbot/install/main_controller_interfaces/include/main_controller_interfaces/main_controller_interfaces/msg/detail/bounding_box__type_support.hpp
[2.012s] -- Up-to-date symlink: /home/lawnbot/ROS2/lawnbot/install/main_controller_interfaces/include/main_controller_interfaces/main_controller_interfaces/msg/detail/motor_data__builder.hpp
[2.013s] -- Up-to-date symlink: /home/lawnbot/ROS2/lawnbot/install/main_controller_interfaces/include/main_controller_interfaces/main_controller_interfaces/msg/detail/motor_data__struct.hpp
[2.015s] -- Up-to-date symlink: /home/lawnbot/ROS2/lawnbot/install/main_controller_interfaces/include/main_controller_interfaces/main_controller_interfaces/msg/detail/motor_data__traits.hpp
[2.015s] -- Up-to-date symlink: /home/lawnbot/ROS2/lawnbot/install/main_controller_interfaces/include/main_controller_interfaces/main_controller_interfaces/msg/detail/motor_data__type_support.hpp
[2.016s] -- Up-to-date symlink: /home/lawnbot/ROS2/lawnbot/install/main_controller_interfaces/include/main_controller_interfaces/main_controller_interfaces/msg/motor_data.hpp
[2.019s] -- Up-to-date symlink: /home/lawnbot/ROS2/lawnbot/install/main_controller_interfaces/include/main_controller_interfaces/main_controller_interfaces/msg/rosidl_generator_cpp__visibility_control.hpp
[2.020s] -- Up-to-date symlink: /home/lawnbot/ROS2/lawnbot/install/main_controller_interfaces/include/main_controller_interfaces/main_controller_interfaces/msg/detail/bounding_box__rosidl_typesupport_fastrtps_cpp.hpp
[2.020s] -- Up-to-date symlink: /home/lawnbot/ROS2/lawnbot/install/main_controller_interfaces/include/main_controller_interfaces/main_controller_interfaces/msg/detail/motor_data__rosidl_typesupport_fastrtps_cpp.hpp
[2.021s] -- Up-to-date symlink: /home/lawnbot/ROS2/lawnbot/install/main_controller_interfaces/include/main_controller_interfaces/main_controller_interfaces/msg/rosidl_typesupport_fastrtps_cpp__visibility_control.h
[2.022s] -- Up-to-date symlink: /home/lawnbot/ROS2/lawnbot/install/main_controller_interfaces/include/main_controller_interfaces/main_controller_interfaces/msg/detail/bounding_box__rosidl_typesupport_introspection_cpp.hpp
[2.024s] -- Up-to-date symlink: /home/lawnbot/ROS2/lawnbot/install/main_controller_interfaces/include/main_controller_interfaces/main_controller_interfaces/msg/detail/motor_data__rosidl_typesupport_introspection_cpp.hpp
[2.024s] -- Up-to-date symlink: /home/lawnbot/ROS2/lawnbot/install/main_controller_interfaces/share/main_controller_interfaces/environment/pythonpath.sh
[2.024s] -- Up-to-date symlink: /home/lawnbot/ROS2/lawnbot/install/main_controller_interfaces/share/main_controller_interfaces/environment/pythonpath.dsv
[2.026s] -- Up-to-date symlink: /home/lawnbot/ROS2/lawnbot/install/main_controller_interfaces/lib/python3.12/site-packages/main_controller_interfaces-0.0.0-py3.12.egg-info/PKG-INFO
[2.026s] -- Up-to-date symlink: /home/lawnbot/ROS2/lawnbot/install/main_controller_interfaces/lib/python3.12/site-packages/main_controller_interfaces-0.0.0-py3.12.egg-info/SOURCES.txt
[2.030s] -- Up-to-date symlink: /home/lawnbot/ROS2/lawnbot/install/main_controller_interfaces/lib/python3.12/site-packages/main_controller_interfaces-0.0.0-py3.12.egg-info/dependency_links.txt
[2.031s] -- Up-to-date symlink: /home/lawnbot/ROS2/lawnbot/install/main_controller_interfaces/lib/python3.12/site-packages/main_controller_interfaces-0.0.0-py3.12.egg-info/top_level.txt
[2.032s] -- Up-to-date symlink: /home/lawnbot/ROS2/lawnbot/install/main_controller_interfaces/lib/python3.12/site-packages/main_controller_interfaces/__init__.py
[2.033s] -- Up-to-date symlink: /home/lawnbot/ROS2/lawnbot/install/main_controller_interfaces/lib/python3.12/site-packages/main_controller_interfaces/_main_controller_interfaces_s.ep.rosidl_typesupport_c.c
[2.033s] -- Up-to-date symlink: /home/lawnbot/ROS2/lawnbot/install/main_controller_interfaces/lib/python3.12/site-packages/main_controller_interfaces/_main_controller_interfaces_s.ep.rosidl_typesupport_fastrtps_c.c
[2.034s] -- Up-to-date symlink: /home/lawnbot/ROS2/lawnbot/install/main_controller_interfaces/lib/python3.12/site-packages/main_controller_interfaces/_main_controller_interfaces_s.ep.rosidl_typesupport_introspection_c.c
[2.034s] -- Up-to-date symlink: /home/lawnbot/ROS2/lawnbot/install/main_controller_interfaces/lib/python3.12/site-packages/main_controller_interfaces/main_controller_interfaces_s__rosidl_typesupport_c.so
[2.035s] -- Up-to-date symlink: /home/lawnbot/ROS2/lawnbot/install/main_controller_interfaces/lib/python3.12/site-packages/main_controller_interfaces/main_controller_interfaces_s__rosidl_typesupport_fastrtps_c.so
[2.036s] -- Up-to-date symlink: /home/lawnbot/ROS2/lawnbot/install/main_controller_interfaces/lib/python3.12/site-packages/main_controller_interfaces/main_controller_interfaces_s__rosidl_typesupport_introspection_c.so
[2.036s] -- Up-to-date symlink: /home/lawnbot/ROS2/lawnbot/install/main_controller_interfaces/lib/python3.12/site-packages/main_controller_interfaces/msg/__init__.py
[2.037s] -- Up-to-date symlink: /home/lawnbot/ROS2/lawnbot/install/main_controller_interfaces/lib/python3.12/site-packages/main_controller_interfaces/msg/_bounding_box.py
[2.037s] -- Up-to-date symlink: /home/lawnbot/ROS2/lawnbot/install/main_controller_interfaces/lib/python3.12/site-packages/main_controller_interfaces/msg/_bounding_box_s.c
[2.038s] -- Up-to-date symlink: /home/lawnbot/ROS2/lawnbot/install/main_controller_interfaces/lib/python3.12/site-packages/main_controller_interfaces/msg/_motor_data.py
[2.039s] -- Up-to-date symlink: /home/lawnbot/ROS2/lawnbot/install/main_controller_interfaces/lib/python3.12/site-packages/main_controller_interfaces/msg/_motor_data_s.c
[2.043s] -- Up-to-date symlink: /home/lawnbot/ROS2/lawnbot/install/main_controller_interfaces/lib/python3.12/site-packages/main_controller_interfaces/main_controller_interfaces_s__rosidl_typesupport_fastrtps_c.so
[2.043s] -- Up-to-date symlink: /home/lawnbot/ROS2/lawnbot/install/main_controller_interfaces/lib/python3.12/site-packages/main_controller_interfaces/main_controller_interfaces_s__rosidl_typesupport_introspection_c.so
[2.044s] -- Up-to-date symlink: /home/lawnbot/ROS2/lawnbot/install/main_controller_interfaces/lib/python3.12/site-packages/main_controller_interfaces/main_controller_interfaces_s__rosidl_typesupport_c.so
[2.045s] -- Up-to-date symlink: /home/lawnbot/ROS2/lawnbot/install/main_controller_interfaces/share/main_controller_interfaces/msg/MotorData.idl
[2.046s] -- Up-to-date symlink: /home/lawnbot/ROS2/lawnbot/install/main_controller_interfaces/share/main_controller_interfaces/msg/BoundingBox.idl
[2.047s] -- Up-to-date symlink: /home/lawnbot/ROS2/lawnbot/install/main_controller_interfaces/share/main_controller_interfaces/msg/MotorData.msg
[2.048s] -- Up-to-date symlink: /home/lawnbot/ROS2/lawnbot/install/main_controller_interfaces/share/main_controller_interfaces/msg/BoundingBox.msg
[2.049s] -- Up-to-date symlink: /home/lawnbot/ROS2/lawnbot/install/main_controller_interfaces/share/ament_index/resource_index/package_run_dependencies/main_controller_interfaces
[2.049s] -- Up-to-date symlink: /home/lawnbot/ROS2/lawnbot/install/main_controller_interfaces/share/ament_index/resource_index/parent_prefix_path/main_controller_interfaces
[2.050s] -- Up-to-date symlink: /home/lawnbot/ROS2/lawnbot/install/main_controller_interfaces/share/main_controller_interfaces/environment/ament_prefix_path.sh
[2.052s] -- Up-to-date symlink: /home/lawnbot/ROS2/lawnbot/install/main_controller_interfaces/share/main_controller_interfaces/environment/ament_prefix_path.dsv
[2.052s] -- Up-to-date symlink: /home/lawnbot/ROS2/lawnbot/install/main_controller_interfaces/share/main_controller_interfaces/environment/path.sh
[2.054s] -- Up-to-date symlink: /home/lawnbot/ROS2/lawnbot/install/main_controller_interfaces/share/main_controller_interfaces/environment/path.dsv
[2.054s] -- Up-to-date symlink: /home/lawnbot/ROS2/lawnbot/install/main_controller_interfaces/share/main_controller_interfaces/local_setup.bash
[2.057s] -- Up-to-date symlink: /home/lawnbot/ROS2/lawnbot/install/main_controller_interfaces/share/main_controller_interfaces/local_setup.sh
[2.057s] -- Up-to-date symlink: /home/lawnbot/ROS2/lawnbot/install/main_controller_interfaces/share/main_controller_interfaces/local_setup.zsh
[2.058s] -- Up-to-date symlink: /home/lawnbot/ROS2/lawnbot/install/main_controller_interfaces/share/main_controller_interfaces/local_setup.dsv
[2.059s] -- Symlinking: /home/lawnbot/ROS2/lawnbot/install/main_controller_interfaces/share/main_controller_interfaces/package.dsv
[2.093s] -- Up-to-date symlink: /home/lawnbot/ROS2/lawnbot/install/main_controller_interfaces/share/ament_index/resource_index/packages/main_controller_interfaces
[2.095s] -- Up-to-date symlink: /home/lawnbot/ROS2/lawnbot/install/main_controller_interfaces/share/main_controller_interfaces/cmake/rosidl_cmake-extras.cmake
[2.096s] -- Up-to-date symlink: /home/lawnbot/ROS2/lawnbot/install/main_controller_interfaces/share/main_controller_interfaces/cmake/ament_cmake_export_include_directories-extras.cmake
[2.096s] -- Up-to-date symlink: /home/lawnbot/ROS2/lawnbot/install/main_controller_interfaces/share/main_controller_interfaces/cmake/ament_cmake_export_libraries-extras.cmake
[2.096s] -- Up-to-date symlink: /home/lawnbot/ROS2/lawnbot/install/main_controller_interfaces/share/main_controller_interfaces/cmake/ament_cmake_export_targets-extras.cmake
[2.096s] -- Up-to-date symlink: /home/lawnbot/ROS2/lawnbot/install/main_controller_interfaces/share/main_controller_interfaces/cmake/rosidl_cmake_export_typesupport_targets-extras.cmake
[2.097s] -- Up-to-date symlink: /home/lawnbot/ROS2/lawnbot/install/main_controller_interfaces/share/main_controller_interfaces/cmake/ament_cmake_export_dependencies-extras.cmake
[2.097s] -- Up-to-date symlink: /home/lawnbot/ROS2/lawnbot/install/main_controller_interfaces/share/main_controller_interfaces/cmake/rosidl_cmake_export_typesupport_libraries-extras.cmake
[2.097s] -- Up-to-date symlink: /home/lawnbot/ROS2/lawnbot/install/main_controller_interfaces/share/main_controller_interfaces/cmake/main_controller_interfacesConfig.cmake
[2.098s] -- Up-to-date symlink: /home/lawnbot/ROS2/lawnbot/install/main_controller_interfaces/share/main_controller_interfaces/cmake/main_controller_interfacesConfig-version.cmake
[2.098s] -- Up-to-date symlink: /home/lawnbot/ROS2/lawnbot/install/main_controller_interfaces/share/main_controller_interfaces/package.xml
[2.100s] -- Up-to-date: /home/lawnbot/ROS2/lawnbot/install/main_controller_interfaces/lib/libmain_controller_interfaces__rosidl_generator_c.so
[2.100s] -- Up-to-date: /home/lawnbot/ROS2/lawnbot/install/main_controller_interfaces/lib/libmain_controller_interfaces__rosidl_typesupport_fastrtps_c.so
[2.101s] -- Up-to-date: /home/lawnbot/ROS2/lawnbot/install/main_controller_interfaces/lib/libmain_controller_interfaces__rosidl_typesupport_introspection_c.so
[2.101s] -- Up-to-date: /home/lawnbot/ROS2/lawnbot/install/main_controller_interfaces/lib/libmain_controller_interfaces__rosidl_typesupport_c.so
[2.101s] -- Up-to-date: /home/lawnbot/ROS2/lawnbot/install/main_controller_interfaces/lib/libmain_controller_interfaces__rosidl_typesupport_fastrtps_cpp.so
[2.101s] -- Up-to-date: /home/lawnbot/ROS2/lawnbot/install/main_controller_interfaces/lib/libmain_controller_interfaces__rosidl_typesupport_introspection_cpp.so
[2.101s] -- Up-to-date: /home/lawnbot/ROS2/lawnbot/install/main_controller_interfaces/lib/libmain_controller_interfaces__rosidl_typesupport_cpp.so
[2.191s] Listing '/home/lawnbot/ROS2/lawnbot/install/main_controller_interfaces/lib/python3.12/site-packages/main_controller_interfaces'...
[2.191s] Listing '/home/lawnbot/ROS2/lawnbot/install/main_controller_interfaces/lib/python3.12/site-packages/main_controller_interfaces/msg'...
[2.212s] -- Up-to-date: /home/lawnbot/ROS2/lawnbot/install/main_controller_interfaces/lib/libmain_controller_interfaces__rosidl_generator_py.so
[2.213s] -- Up-to-date: /home/lawnbot/ROS2/lawnbot/install/main_controller_interfaces/share/main_controller_interfaces/cmake/export_main_controller_interfaces__rosidl_generator_cExport.cmake
[2.213s] -- Up-to-date: /home/lawnbot/ROS2/lawnbot/install/main_controller_interfaces/share/main_controller_interfaces/cmake/export_main_controller_interfaces__rosidl_generator_cExport-noconfig.cmake
[2.214s] -- Up-to-date: /home/lawnbot/ROS2/lawnbot/install/main_controller_interfaces/share/main_controller_interfaces/cmake/export_main_controller_interfaces__rosidl_typesupport_fastrtps_cExport.cmake
[2.216s] -- Up-to-date: /home/lawnbot/ROS2/lawnbot/install/main_controller_interfaces/share/main_controller_interfaces/cmake/export_main_controller_interfaces__rosidl_typesupport_fastrtps_cExport-noconfig.cmake
[2.217s] -- Up-to-date: /home/lawnbot/ROS2/lawnbot/install/main_controller_interfaces/share/main_controller_interfaces/cmake/main_controller_interfaces__rosidl_typesupport_introspection_cExport.cmake
[2.217s] -- Up-to-date: /home/lawnbot/ROS2/lawnbot/install/main_controller_interfaces/share/main_controller_interfaces/cmake/main_controller_interfaces__rosidl_typesupport_introspection_cExport-noconfig.cmake
[2.217s] -- Up-to-date: /home/lawnbot/ROS2/lawnbot/install/main_controller_interfaces/share/main_controller_interfaces/cmake/main_controller_interfaces__rosidl_typesupport_cExport.cmake
[2.218s] -- Up-to-date: /home/lawnbot/ROS2/lawnbot/install/main_controller_interfaces/share/main_controller_interfaces/cmake/main_controller_interfaces__rosidl_typesupport_cExport-noconfig.cmake
[2.218s] -- Up-to-date: /home/lawnbot/ROS2/lawnbot/install/main_controller_interfaces/share/main_controller_interfaces/cmake/export_main_controller_interfaces__rosidl_generator_cppExport.cmake
[2.219s] -- Up-to-date: /home/lawnbot/ROS2/lawnbot/install/main_controller_interfaces/share/main_controller_interfaces/cmake/export_main_controller_interfaces__rosidl_typesupport_fastrtps_cppExport.cmake
[2.219s] -- Up-to-date: /home/lawnbot/ROS2/lawnbot/install/main_controller_interfaces/share/main_controller_interfaces/cmake/export_main_controller_interfaces__rosidl_typesupport_fastrtps_cppExport-noconfig.cmake
[2.219s] -- Up-to-date: /home/lawnbot/ROS2/lawnbot/install/main_controller_interfaces/share/main_controller_interfaces/cmake/main_controller_interfaces__rosidl_typesupport_introspection_cppExport.cmake
[2.219s] -- Up-to-date: /home/lawnbot/ROS2/lawnbot/install/main_controller_interfaces/share/main_controller_interfaces/cmake/main_controller_interfaces__rosidl_typesupport_introspection_cppExport-noconfig.cmake
[2.219s] -- Up-to-date: /home/lawnbot/ROS2/lawnbot/install/main_controller_interfaces/share/main_controller_interfaces/cmake/main_controller_interfaces__rosidl_typesupport_cppExport.cmake
[2.219s] -- Up-to-date: /home/lawnbot/ROS2/lawnbot/install/main_controller_interfaces/share/main_controller_interfaces/cmake/main_controller_interfaces__rosidl_typesupport_cppExport-noconfig.cmake
[2.219s] -- Up-to-date: /home/lawnbot/ROS2/lawnbot/install/main_controller_interfaces/share/main_controller_interfaces/cmake/export_main_controller_interfaces__rosidl_generator_pyExport.cmake
[2.219s] -- Up-to-date: /home/lawnbot/ROS2/lawnbot/install/main_controller_interfaces/share/main_controller_interfaces/cmake/export_main_controller_interfaces__rosidl_generator_pyExport-noconfig.cmake
[2.225s] Invoked command in '/home/lawnbot/ROS2/lawnbot/build/main_controller_interfaces' returned '0': CMAKE_PREFIX_PATH=${CMAKE_PREFIX_PATH}:/opt/ros/jazzy DEBUGINFOD_URLS=https://debuginfod.ubuntu.com /usr/bin/cmake --install /home/lawnbot/ROS2/lawnbot/build/main_controller_interfaces
