[0.162s] [34mcolcon[0m [1;30mDEBUG[0m [32mCommand line arguments: ['/usr/bin/colcon', 'build'][0m
[0.162s] [34mcolcon[0m [1;30mDEBUG[0m [32mParsed command line arguments: Namespace(log_base=None, log_level=None, verb_name='build', build_base='build', install_base='install', merge_install=False, symlink_install=False, test_result_base=None, continue_on_error=False, executor='parallel', parallel_workers=4, event_handlers=None, ignore_user_meta=False, metas=['./colcon.meta'], base_paths=['.'], packages_ignore=None, packages_ignore_regex=None, paths=None, packages_up_to=None, packages_up_to_regex=None, packages_above=None, packages_above_and_dependencies=None, packages_above_depth=None, packages_select_by_dep=None, packages_skip_by_dep=None, packages_skip_up_to=None, packages_select_build_failed=False, packages_skip_build_finished=False, packages_select_test_failures=False, packages_skip_test_passed=False, packages_select=None, packages_skip=None, packages_select_regex=None, packages_skip_regex=None, packages_start=None, packages_end=None, cmake_args=None, cmake_target=None, cmake_target_skip_unavailable=False, cmake_clean_cache=False, cmake_clean_first=False, cmake_force_configure=False, ament_cmake_args=None, catkin_cmake_args=None, catkin_skip_building_tests=False, verb_parser=<colcon_defaults.argument_parser.defaults.DefaultArgumentsDecorator object at 0xffff978da2a0>, verb_extension=<colcon_core.verb.build.BuildVerb object at 0xffff977faea0>, main=<bound method BuildVerb.main of <colcon_core.verb.build.BuildVerb object at 0xffff977faea0>>)[0m
[0.211s] [34mcolcon.colcon_core.package_discovery[0m [1;30mLevel 1[0m discover_packages(colcon_meta) check parameters
[0.211s] [34mcolcon.colcon_core.package_discovery[0m [1;30mLevel 1[0m discover_packages(recursive) check parameters
[0.211s] [34mcolcon.colcon_core.package_discovery[0m [1;30mLevel 1[0m discover_packages(ignore) check parameters
[0.211s] [34mcolcon.colcon_core.package_discovery[0m [1;30mLevel 1[0m discover_packages(path) check parameters
[0.211s] [34mcolcon.colcon_core.package_discovery[0m [1;30mLevel 1[0m discover_packages(colcon_meta) discover
[0.211s] [34mcolcon.colcon_core.package_discovery[0m [1;30mLevel 1[0m discover_packages(recursive) discover
[0.211s] [34mcolcon.colcon_core.package_discovery[0m [1;30mINFO[0m Crawling recursively for packages in '/home/lawnbot/ROS2/lawnbot'
[0.211s] [34mcolcon.colcon_core.package_identification[0m [1;30mLevel 1[0m _identify(.) by extensions ['ignore', 'ignore_ament_install']
[0.212s] [34mcolcon.colcon_core.package_identification[0m [1;30mLevel 1[0m _identify(.) by extension 'ignore'
[0.212s] [34mcolcon.colcon_core.package_identification[0m [1;30mLevel 1[0m _identify(.) by extension 'ignore_ament_install'
[0.212s] [34mcolcon.colcon_core.package_identification[0m [1;30mLevel 1[0m _identify(.) by extensions ['colcon_pkg']
[0.212s] [34mcolcon.colcon_core.package_identification[0m [1;30mLevel 1[0m _identify(.) by extension 'colcon_pkg'
[0.212s] [34mcolcon.colcon_core.package_identification[0m [1;30mLevel 1[0m _identify(.) by extensions ['colcon_meta']
[0.212s] [34mcolcon.colcon_core.package_identification[0m [1;30mLevel 1[0m _identify(.) by extension 'colcon_meta'
[0.212s] [34mcolcon.colcon_core.package_identification[0m [1;30mLevel 1[0m _identify(.) by extensions ['ros']
[0.212s] [34mcolcon.colcon_core.package_identification[0m [1;30mLevel 1[0m _identify(.) by extension 'ros'
[0.249s] [34mcolcon.colcon_core.package_identification[0m [1;30mLevel 1[0m _identify(.) by extensions ['cmake', 'python']
[0.249s] [34mcolcon.colcon_core.package_identification[0m [1;30mLevel 1[0m _identify(.) by extension 'cmake'
[0.249s] [34mcolcon.colcon_core.package_identification[0m [1;30mLevel 1[0m _identify(.) by extension 'python'
[0.249s] [34mcolcon.colcon_core.package_identification[0m [1;30mLevel 1[0m _identify(.) by extensions ['python_setup_py']
[0.249s] [34mcolcon.colcon_core.package_identification[0m [1;30mLevel 1[0m _identify(.) by extension 'python_setup_py'
[0.250s] [34mcolcon.colcon_core.package_identification[0m [1;30mLevel 1[0m _identify(build) by extensions ['ignore', 'ignore_ament_install']
[0.250s] [34mcolcon.colcon_core.package_identification[0m [1;30mLevel 1[0m _identify(build) by extension 'ignore'
[0.250s] [34mcolcon.colcon_core.package_identification[0m [1;30mLevel 1[0m _identify(build) ignored
[0.250s] [34mcolcon.colcon_core.package_identification[0m [1;30mLevel 1[0m _identify(install) by extensions ['ignore', 'ignore_ament_install']
[0.250s] [34mcolcon.colcon_core.package_identification[0m [1;30mLevel 1[0m _identify(install) by extension 'ignore'
[0.250s] [34mcolcon.colcon_core.package_identification[0m [1;30mLevel 1[0m _identify(install) ignored
[0.250s] [34mcolcon.colcon_core.package_identification[0m [1;30mLevel 1[0m _identify(log) by extensions ['ignore', 'ignore_ament_install']
[0.250s] [34mcolcon.colcon_core.package_identification[0m [1;30mLevel 1[0m _identify(log) by extension 'ignore'
[0.250s] [34mcolcon.colcon_core.package_identification[0m [1;30mLevel 1[0m _identify(log) ignored
[0.251s] [34mcolcon.colcon_core.package_identification[0m [1;30mLevel 1[0m _identify(src) by extensions ['ignore', 'ignore_ament_install']
[0.251s] [34mcolcon.colcon_core.package_identification[0m [1;30mLevel 1[0m _identify(src) by extension 'ignore'
[0.251s] [34mcolcon.colcon_core.package_identification[0m [1;30mLevel 1[0m _identify(src) by extension 'ignore_ament_install'
[0.251s] [34mcolcon.colcon_core.package_identification[0m [1;30mLevel 1[0m _identify(src) by extensions ['colcon_pkg']
[0.251s] [34mcolcon.colcon_core.package_identification[0m [1;30mLevel 1[0m _identify(src) by extension 'colcon_pkg'
[0.251s] [34mcolcon.colcon_core.package_identification[0m [1;30mLevel 1[0m _identify(src) by extensions ['colcon_meta']
[0.251s] [34mcolcon.colcon_core.package_identification[0m [1;30mLevel 1[0m _identify(src) by extension 'colcon_meta'
[0.251s] [34mcolcon.colcon_core.package_identification[0m [1;30mLevel 1[0m _identify(src) by extensions ['ros']
[0.251s] [34mcolcon.colcon_core.package_identification[0m [1;30mLevel 1[0m _identify(src) by extension 'ros'
[0.251s] [34mcolcon.colcon_core.package_identification[0m [1;30mLevel 1[0m _identify(src) by extensions ['cmake', 'python']
[0.251s] [34mcolcon.colcon_core.package_identification[0m [1;30mLevel 1[0m _identify(src) by extension 'cmake'
[0.251s] [34mcolcon.colcon_core.package_identification[0m [1;30mLevel 1[0m _identify(src) by extension 'python'
[0.251s] [34mcolcon.colcon_core.package_identification[0m [1;30mLevel 1[0m _identify(src) by extensions ['python_setup_py']
[0.251s] [34mcolcon.colcon_core.package_identification[0m [1;30mLevel 1[0m _identify(src) by extension 'python_setup_py'
[0.251s] [34mcolcon.colcon_core.package_identification[0m [1;30mLevel 1[0m _identify(src/Autonomous-Explorer-and-Mapper-ros2-nav2) by extensions ['ignore', 'ignore_ament_install']
[0.251s] [34mcolcon.colcon_core.package_identification[0m [1;30mLevel 1[0m _identify(src/Autonomous-Explorer-and-Mapper-ros2-nav2) by extension 'ignore'
[0.251s] [34mcolcon.colcon_core.package_identification[0m [1;30mLevel 1[0m _identify(src/Autonomous-Explorer-and-Mapper-ros2-nav2) by extension 'ignore_ament_install'
[0.252s] [34mcolcon.colcon_core.package_identification[0m [1;30mLevel 1[0m _identify(src/Autonomous-Explorer-and-Mapper-ros2-nav2) by extensions ['colcon_pkg']
[0.252s] [34mcolcon.colcon_core.package_identification[0m [1;30mLevel 1[0m _identify(src/Autonomous-Explorer-and-Mapper-ros2-nav2) by extension 'colcon_pkg'
[0.252s] [34mcolcon.colcon_core.package_identification[0m [1;30mLevel 1[0m _identify(src/Autonomous-Explorer-and-Mapper-ros2-nav2) by extensions ['colcon_meta']
[0.252s] [34mcolcon.colcon_core.package_identification[0m [1;30mLevel 1[0m _identify(src/Autonomous-Explorer-and-Mapper-ros2-nav2) by extension 'colcon_meta'
[0.252s] [34mcolcon.colcon_core.package_identification[0m [1;30mLevel 1[0m _identify(src/Autonomous-Explorer-and-Mapper-ros2-nav2) by extensions ['ros']
[0.252s] [34mcolcon.colcon_core.package_identification[0m [1;30mLevel 1[0m _identify(src/Autonomous-Explorer-and-Mapper-ros2-nav2) by extension 'ros'
[0.255s] [34mcolcon.colcon_core.package_identification[0m [1;30mDEBUG[0m [32mPackage 'src/Autonomous-Explorer-and-Mapper-ros2-nav2' with type 'ros.ament_python' and name 'custom_explorer'[0m
[0.255s] [34mcolcon.colcon_core.package_identification[0m [1;30mLevel 1[0m _identify(src/main_controller_interfaces) by extensions ['ignore', 'ignore_ament_install']
[0.256s] [34mcolcon.colcon_core.package_identification[0m [1;30mLevel 1[0m _identify(src/main_controller_interfaces) by extension 'ignore'
[0.256s] [34mcolcon.colcon_core.package_identification[0m [1;30mLevel 1[0m _identify(src/main_controller_interfaces) by extension 'ignore_ament_install'
[0.256s] [34mcolcon.colcon_core.package_identification[0m [1;30mLevel 1[0m _identify(src/main_controller_interfaces) by extensions ['colcon_pkg']
[0.256s] [34mcolcon.colcon_core.package_identification[0m [1;30mLevel 1[0m _identify(src/main_controller_interfaces) by extension 'colcon_pkg'
[0.256s] [34mcolcon.colcon_core.package_identification[0m [1;30mLevel 1[0m _identify(src/main_controller_interfaces) by extensions ['colcon_meta']
[0.256s] [34mcolcon.colcon_core.package_identification[0m [1;30mLevel 1[0m _identify(src/main_controller_interfaces) by extension 'colcon_meta'
[0.256s] [34mcolcon.colcon_core.package_identification[0m [1;30mLevel 1[0m _identify(src/main_controller_interfaces) by extensions ['ros']
[0.256s] [34mcolcon.colcon_core.package_identification[0m [1;30mLevel 1[0m _identify(src/main_controller_interfaces) by extension 'ros'
[0.257s] [34mcolcon.colcon_core.package_identification[0m [1;30mDEBUG[0m [32mPackage 'src/main_controller_interfaces' with type 'ros.ament_cmake' and name 'main_controller_interfaces'[0m
[0.257s] [34mcolcon.colcon_core.package_identification[0m [1;30mLevel 1[0m _identify(src/main_logic_controller) by extensions ['ignore', 'ignore_ament_install']
[0.257s] [34mcolcon.colcon_core.package_identification[0m [1;30mLevel 1[0m _identify(src/main_logic_controller) by extension 'ignore'
[0.257s] [34mcolcon.colcon_core.package_identification[0m [1;30mLevel 1[0m _identify(src/main_logic_controller) by extension 'ignore_ament_install'
[0.257s] [34mcolcon.colcon_core.package_identification[0m [1;30mLevel 1[0m _identify(src/main_logic_controller) by extensions ['colcon_pkg']
[0.257s] [34mcolcon.colcon_core.package_identification[0m [1;30mLevel 1[0m _identify(src/main_logic_controller) by extension 'colcon_pkg'
[0.257s] [34mcolcon.colcon_core.package_identification[0m [1;30mLevel 1[0m _identify(src/main_logic_controller) by extensions ['colcon_meta']
[0.257s] [34mcolcon.colcon_core.package_identification[0m [1;30mLevel 1[0m _identify(src/main_logic_controller) by extension 'colcon_meta'
[0.257s] [34mcolcon.colcon_core.package_identification[0m [1;30mLevel 1[0m _identify(src/main_logic_controller) by extensions ['ros']
[0.257s] [34mcolcon.colcon_core.package_identification[0m [1;30mLevel 1[0m _identify(src/main_logic_controller) by extension 'ros'
[0.258s] [34mcolcon.colcon_core.package_identification[0m [1;30mDEBUG[0m [32mPackage 'src/main_logic_controller' with type 'ros.ament_python' and name 'main_logic_controller'[0m
[0.258s] [34mcolcon.colcon_core.package_identification[0m [1;30mLevel 1[0m _identify(src/main_logic_controller_interfaces) by extensions ['ignore', 'ignore_ament_install']
[0.258s] [34mcolcon.colcon_core.package_identification[0m [1;30mLevel 1[0m _identify(src/main_logic_controller_interfaces) by extension 'ignore'
[0.259s] [34mcolcon.colcon_core.package_identification[0m [1;30mLevel 1[0m _identify(src/main_logic_controller_interfaces) by extension 'ignore_ament_install'
[0.259s] [34mcolcon.colcon_core.package_identification[0m [1;30mLevel 1[0m _identify(src/main_logic_controller_interfaces) by extensions ['colcon_pkg']
[0.259s] [34mcolcon.colcon_core.package_identification[0m [1;30mLevel 1[0m _identify(src/main_logic_controller_interfaces) by extension 'colcon_pkg'
[0.259s] [34mcolcon.colcon_core.package_identification[0m [1;30mLevel 1[0m _identify(src/main_logic_controller_interfaces) by extensions ['colcon_meta']
[0.259s] [34mcolcon.colcon_core.package_identification[0m [1;30mLevel 1[0m _identify(src/main_logic_controller_interfaces) by extension 'colcon_meta'
[0.259s] [34mcolcon.colcon_core.package_identification[0m [1;30mLevel 1[0m _identify(src/main_logic_controller_interfaces) by extensions ['ros']
[0.259s] [34mcolcon.colcon_core.package_identification[0m [1;30mLevel 1[0m _identify(src/main_logic_controller_interfaces) by extension 'ros'
[0.259s] [34mcolcon.colcon_core.package_identification[0m [1;30mLevel 1[0m _identify(src/main_logic_controller_interfaces) by extensions ['cmake', 'python']
[0.259s] [34mcolcon.colcon_core.package_identification[0m [1;30mLevel 1[0m _identify(src/main_logic_controller_interfaces) by extension 'cmake'
[0.259s] [34mcolcon.colcon_core.package_identification[0m [1;30mLevel 1[0m _identify(src/main_logic_controller_interfaces) by extension 'python'
[0.259s] [34mcolcon.colcon_core.package_identification[0m [1;30mLevel 1[0m _identify(src/main_logic_controller_interfaces) by extensions ['python_setup_py']
[0.259s] [34mcolcon.colcon_core.package_identification[0m [1;30mLevel 1[0m _identify(src/main_logic_controller_interfaces) by extension 'python_setup_py'
[0.259s] [34mcolcon.colcon_core.package_discovery[0m [1;30mLevel 1[0m discover_packages(recursive) using defaults
[0.259s] [34mcolcon.colcon_core.package_discovery[0m [1;30mLevel 1[0m discover_packages(ignore) discover
[0.259s] [34mcolcon.colcon_core.package_discovery[0m [1;30mLevel 1[0m discover_packages(ignore) using defaults
[0.259s] [34mcolcon.colcon_core.package_discovery[0m [1;30mLevel 1[0m discover_packages(path) discover
[0.259s] [34mcolcon.colcon_core.package_discovery[0m [1;30mLevel 1[0m discover_packages(path) using defaults
[0.281s] [34mcolcon.colcon_core.verb[0m [1;30mLevel 5[0m set package 'custom_explorer' build argument 'cmake_args' from command line to 'None'
[0.281s] [34mcolcon.colcon_core.verb[0m [1;30mLevel 5[0m set package 'custom_explorer' build argument 'cmake_target' from command line to 'None'
[0.281s] [34mcolcon.colcon_core.verb[0m [1;30mLevel 5[0m set package 'custom_explorer' build argument 'cmake_target_skip_unavailable' from command line to 'False'
[0.281s] [34mcolcon.colcon_core.verb[0m [1;30mLevel 5[0m set package 'custom_explorer' build argument 'cmake_clean_cache' from command line to 'False'
[0.281s] [34mcolcon.colcon_core.verb[0m [1;30mLevel 5[0m set package 'custom_explorer' build argument 'cmake_clean_first' from command line to 'False'
[0.281s] [34mcolcon.colcon_core.verb[0m [1;30mLevel 5[0m set package 'custom_explorer' build argument 'cmake_force_configure' from command line to 'False'
[0.281s] [34mcolcon.colcon_core.verb[0m [1;30mLevel 5[0m set package 'custom_explorer' build argument 'ament_cmake_args' from command line to 'None'
[0.281s] [34mcolcon.colcon_core.verb[0m [1;30mLevel 5[0m set package 'custom_explorer' build argument 'catkin_cmake_args' from command line to 'None'
[0.281s] [34mcolcon.colcon_core.verb[0m [1;30mLevel 5[0m set package 'custom_explorer' build argument 'catkin_skip_building_tests' from command line to 'False'
[0.281s] [34mcolcon.colcon_core.verb[0m [1;30mDEBUG[0m [32mBuilding package 'custom_explorer' with the following arguments: {'ament_cmake_args': None, 'build_base': '/home/lawnbot/ROS2/lawnbot/build/custom_explorer', 'catkin_cmake_args': None, 'catkin_skip_building_tests': False, 'cmake_args': None, 'cmake_clean_cache': False, 'cmake_clean_first': False, 'cmake_force_configure': False, 'cmake_target': None, 'cmake_target_skip_unavailable': False, 'install_base': '/home/lawnbot/ROS2/lawnbot/install/custom_explorer', 'merge_install': False, 'path': '/home/lawnbot/ROS2/lawnbot/src/Autonomous-Explorer-and-Mapper-ros2-nav2', 'symlink_install': False, 'test_result_base': None}[0m
[0.281s] [34mcolcon.colcon_core.verb[0m [1;30mLevel 5[0m set package 'main_controller_interfaces' build argument 'cmake_args' from command line to 'None'
[0.281s] [34mcolcon.colcon_core.verb[0m [1;30mLevel 5[0m set package 'main_controller_interfaces' build argument 'cmake_target' from command line to 'None'
[0.281s] [34mcolcon.colcon_core.verb[0m [1;30mLevel 5[0m set package 'main_controller_interfaces' build argument 'cmake_target_skip_unavailable' from command line to 'False'
[0.281s] [34mcolcon.colcon_core.verb[0m [1;30mLevel 5[0m set package 'main_controller_interfaces' build argument 'cmake_clean_cache' from command line to 'False'
[0.281s] [34mcolcon.colcon_core.verb[0m [1;30mLevel 5[0m set package 'main_controller_interfaces' build argument 'cmake_clean_first' from command line to 'False'
[0.281s] [34mcolcon.colcon_core.verb[0m [1;30mLevel 5[0m set package 'main_controller_interfaces' build argument 'cmake_force_configure' from command line to 'False'
[0.282s] [34mcolcon.colcon_core.verb[0m [1;30mLevel 5[0m set package 'main_controller_interfaces' build argument 'ament_cmake_args' from command line to 'None'
[0.282s] [34mcolcon.colcon_core.verb[0m [1;30mLevel 5[0m set package 'main_controller_interfaces' build argument 'catkin_cmake_args' from command line to 'None'
[0.282s] [34mcolcon.colcon_core.verb[0m [1;30mLevel 5[0m set package 'main_controller_interfaces' build argument 'catkin_skip_building_tests' from command line to 'False'
[0.282s] [34mcolcon.colcon_core.verb[0m [1;30mDEBUG[0m [32mBuilding package 'main_controller_interfaces' with the following arguments: {'ament_cmake_args': None, 'build_base': '/home/lawnbot/ROS2/lawnbot/build/main_controller_interfaces', 'catkin_cmake_args': None, 'catkin_skip_building_tests': False, 'cmake_args': None, 'cmake_clean_cache': False, 'cmake_clean_first': False, 'cmake_force_configure': False, 'cmake_target': None, 'cmake_target_skip_unavailable': False, 'install_base': '/home/lawnbot/ROS2/lawnbot/install/main_controller_interfaces', 'merge_install': False, 'path': '/home/lawnbot/ROS2/lawnbot/src/main_controller_interfaces', 'symlink_install': False, 'test_result_base': None}[0m
[0.282s] [34mcolcon.colcon_core.verb[0m [1;30mLevel 5[0m set package 'main_logic_controller' build argument 'cmake_args' from command line to 'None'
[0.282s] [34mcolcon.colcon_core.verb[0m [1;30mLevel 5[0m set package 'main_logic_controller' build argument 'cmake_target' from command line to 'None'
[0.282s] [34mcolcon.colcon_core.verb[0m [1;30mLevel 5[0m set package 'main_logic_controller' build argument 'cmake_target_skip_unavailable' from command line to 'False'
[0.282s] [34mcolcon.colcon_core.verb[0m [1;30mLevel 5[0m set package 'main_logic_controller' build argument 'cmake_clean_cache' from command line to 'False'
[0.282s] [34mcolcon.colcon_core.verb[0m [1;30mLevel 5[0m set package 'main_logic_controller' build argument 'cmake_clean_first' from command line to 'False'
[0.282s] [34mcolcon.colcon_core.verb[0m [1;30mLevel 5[0m set package 'main_logic_controller' build argument 'cmake_force_configure' from command line to 'False'
[0.282s] [34mcolcon.colcon_core.verb[0m [1;30mLevel 5[0m set package 'main_logic_controller' build argument 'ament_cmake_args' from command line to 'None'
[0.282s] [34mcolcon.colcon_core.verb[0m [1;30mLevel 5[0m set package 'main_logic_controller' build argument 'catkin_cmake_args' from command line to 'None'
[0.282s] [34mcolcon.colcon_core.verb[0m [1;30mLevel 5[0m set package 'main_logic_controller' build argument 'catkin_skip_building_tests' from command line to 'False'
[0.282s] [34mcolcon.colcon_core.verb[0m [1;30mDEBUG[0m [32mBuilding package 'main_logic_controller' with the following arguments: {'ament_cmake_args': None, 'build_base': '/home/lawnbot/ROS2/lawnbot/build/main_logic_controller', 'catkin_cmake_args': None, 'catkin_skip_building_tests': False, 'cmake_args': None, 'cmake_clean_cache': False, 'cmake_clean_first': False, 'cmake_force_configure': False, 'cmake_target': None, 'cmake_target_skip_unavailable': False, 'install_base': '/home/lawnbot/ROS2/lawnbot/install/main_logic_controller', 'merge_install': False, 'path': '/home/lawnbot/ROS2/lawnbot/src/main_logic_controller', 'symlink_install': False, 'test_result_base': None}[0m
[0.282s] [34mcolcon.colcon_core.executor[0m [1;30mINFO[0m Executing jobs using 'parallel' executor
[0.284s] [34mcolcon.colcon_parallel_executor.executor.parallel[0m [1;30mDEBUG[0m [32mrun_until_complete[0m
[0.284s] [34mcolcon.colcon_ros.task.ament_python.build[0m [1;30mINFO[0m Building ROS package in '/home/lawnbot/ROS2/lawnbot/src/Autonomous-Explorer-and-Mapper-ros2-nav2' with build type 'ament_python'
[0.284s] [34mcolcon.colcon_core.shell[0m [1;30mLevel 1[0m create_environment_hook('custom_explorer', 'ament_prefix_path')
[0.287s] [34mcolcon.colcon_core.plugin_system[0m [1;30mINFO[0m Skipping extension 'colcon_core.shell.bat': Not used on non-Windows systems
[0.287s] [34mcolcon.colcon_core.shell[0m [1;30mINFO[0m Creating environment descriptor '/home/lawnbot/ROS2/lawnbot/install/custom_explorer/share/custom_explorer/hook/ament_prefix_path.dsv'
[0.288s] [34mcolcon.colcon_core.shell[0m [1;30mINFO[0m Creating environment hook '/home/lawnbot/ROS2/lawnbot/install/custom_explorer/share/custom_explorer/hook/ament_prefix_path.sh'
[0.289s] [34mcolcon.colcon_core.shell[0m [1;30mDEBUG[0m [32mSkip shell extension 'dsv' for command environment[0m
[0.297s] [34mcolcon.colcon_ros.task.ament_cmake.build[0m [1;30mINFO[0m Building ROS package in '/home/lawnbot/ROS2/lawnbot/src/main_controller_interfaces' with build type 'ament_cmake'
[0.297s] [34mcolcon.colcon_cmake.task.cmake.build[0m [1;30mINFO[0m Building CMake package in '/home/lawnbot/ROS2/lawnbot/src/main_controller_interfaces'
[0.298s] [34mcolcon.colcon_core.shell[0m [1;30mDEBUG[0m [32mSkip shell extension 'dsv' for command environment[0m
[0.674s] [34mcolcon.colcon_core.task.python.build[0m [1;30mINFO[0m Building Python package in '/home/lawnbot/ROS2/lawnbot/src/Autonomous-Explorer-and-Mapper-ros2-nav2'
[0.675s] [34mcolcon.colcon_core.shell[0m [1;30mDEBUG[0m [32mSkip shell extension 'dsv' for command environment[0m
[0.688s] [34mcolcon.colcon_core.event_handler.log_command[0m [1;30mDEBUG[0m [32mInvoking command in '/home/lawnbot/ROS2/lawnbot/build/main_controller_interfaces': CMAKE_PREFIX_PATH=${CMAKE_PREFIX_PATH}:/home/lawnbot/ROS2/lawnbot/install/main_logic_controller:/home/lawnbot/ROS2/lawnbot/install/custom_explorer:/home/lawnbot/ROS2/install/lawnbot_ros2:/opt/ros/jazzy DEBUGINFOD_URLS=https://debuginfod.ubuntu.com /usr/bin/cmake --build /home/lawnbot/ROS2/lawnbot/build/main_controller_interfaces -- -j4 -l4[0m
[1.806s] [34mcolcon.colcon_core.event_handler.log_command[0m [1;30mDEBUG[0m [32mInvoked command in '/home/lawnbot/ROS2/lawnbot/build/main_controller_interfaces' returned '0': CMAKE_PREFIX_PATH=${CMAKE_PREFIX_PATH}:/home/lawnbot/ROS2/lawnbot/install/main_logic_controller:/home/lawnbot/ROS2/lawnbot/install/custom_explorer:/home/lawnbot/ROS2/install/lawnbot_ros2:/opt/ros/jazzy DEBUGINFOD_URLS=https://debuginfod.ubuntu.com /usr/bin/cmake --build /home/lawnbot/ROS2/lawnbot/build/main_controller_interfaces -- -j4 -l4[0m
[1.831s] [34mcolcon.colcon_core.event_handler.log_command[0m [1;30mDEBUG[0m [32mInvoking command in '/home/lawnbot/ROS2/lawnbot/build/main_controller_interfaces': CMAKE_PREFIX_PATH=${CMAKE_PREFIX_PATH}:/home/lawnbot/ROS2/lawnbot/install/main_logic_controller:/home/lawnbot/ROS2/lawnbot/install/custom_explorer:/home/lawnbot/ROS2/install/lawnbot_ros2:/opt/ros/jazzy DEBUGINFOD_URLS=https://debuginfod.ubuntu.com /usr/bin/cmake --install /home/lawnbot/ROS2/lawnbot/build/main_controller_interfaces[0m
[1.994s] [34mcolcon.colcon_core.environment[0m [1;30mLevel 1[0m create_environment_scripts_only(main_controller_interfaces)
[1.995s] [34mcolcon.colcon_core.event_handler.log_command[0m [1;30mDEBUG[0m [32mInvoked command in '/home/lawnbot/ROS2/lawnbot/build/main_controller_interfaces' returned '0': CMAKE_PREFIX_PATH=${CMAKE_PREFIX_PATH}:/home/lawnbot/ROS2/lawnbot/install/main_logic_controller:/home/lawnbot/ROS2/lawnbot/install/custom_explorer:/home/lawnbot/ROS2/install/lawnbot_ros2:/opt/ros/jazzy DEBUGINFOD_URLS=https://debuginfod.ubuntu.com /usr/bin/cmake --install /home/lawnbot/ROS2/lawnbot/build/main_controller_interfaces[0m
[2.002s] [34mcolcon.colcon_core.environment[0m [1;30mLevel 1[0m checking '/home/lawnbot/ROS2/lawnbot/install/main_controller_interfaces' for CMake module files
[2.004s] [34mcolcon.colcon_core.environment[0m [1;30mLevel 1[0m checking '/home/lawnbot/ROS2/lawnbot/install/main_controller_interfaces' for CMake config files
[2.005s] [34mcolcon.colcon_core.shell[0m [1;30mLevel 1[0m create_environment_hook('main_controller_interfaces', 'cmake_prefix_path')
[2.005s] [34mcolcon.colcon_core.shell[0m [1;30mINFO[0m Creating environment descriptor '/home/lawnbot/ROS2/lawnbot/install/main_controller_interfaces/share/main_controller_interfaces/hook/cmake_prefix_path.dsv'
[2.006s] [34mcolcon.colcon_core.shell[0m [1;30mINFO[0m Creating environment hook '/home/lawnbot/ROS2/lawnbot/install/main_controller_interfaces/share/main_controller_interfaces/hook/cmake_prefix_path.sh'
[2.008s] [34mcolcon.colcon_core.environment[0m [1;30mLevel 1[0m checking '/home/lawnbot/ROS2/lawnbot/install/main_controller_interfaces/lib'
[2.009s] [34mcolcon.colcon_core.shell[0m [1;30mLevel 1[0m create_environment_hook('main_controller_interfaces', 'ld_library_path_lib')
[2.009s] [34mcolcon.colcon_core.shell[0m [1;30mINFO[0m Creating environment descriptor '/home/lawnbot/ROS2/lawnbot/install/main_controller_interfaces/share/main_controller_interfaces/hook/ld_library_path_lib.dsv'
[2.010s] [34mcolcon.colcon_core.shell[0m [1;30mINFO[0m Creating environment hook '/home/lawnbot/ROS2/lawnbot/install/main_controller_interfaces/share/main_controller_interfaces/hook/ld_library_path_lib.sh'
[2.011s] [34mcolcon.colcon_core.environment[0m [1;30mLevel 1[0m checking '/home/lawnbot/ROS2/lawnbot/install/main_controller_interfaces/bin'
[2.012s] [34mcolcon.colcon_core.environment[0m [1;30mLevel 1[0m checking '/home/lawnbot/ROS2/lawnbot/install/main_controller_interfaces/lib/pkgconfig/main_controller_interfaces.pc'
[2.012s] [34mcolcon.colcon_core.environment[0m [1;30mLevel 1[0m checking '/home/lawnbot/ROS2/lawnbot/install/main_controller_interfaces/lib/python3.12/site-packages'
[2.012s] [34mcolcon.colcon_core.shell[0m [1;30mLevel 1[0m create_environment_hook('main_controller_interfaces', 'pythonpath')
[2.013s] [34mcolcon.colcon_core.shell[0m [1;30mINFO[0m Creating environment descriptor '/home/lawnbot/ROS2/lawnbot/install/main_controller_interfaces/share/main_controller_interfaces/hook/pythonpath.dsv'
[2.013s] [34mcolcon.colcon_core.shell[0m [1;30mINFO[0m Creating environment hook '/home/lawnbot/ROS2/lawnbot/install/main_controller_interfaces/share/main_controller_interfaces/hook/pythonpath.sh'
[2.015s] [34mcolcon.colcon_core.environment[0m [1;30mLevel 1[0m checking '/home/lawnbot/ROS2/lawnbot/install/main_controller_interfaces/bin'
[2.016s] [34mcolcon.colcon_core.shell[0m [1;30mINFO[0m Creating package descriptor '/home/lawnbot/ROS2/lawnbot/install/main_controller_interfaces/share/main_controller_interfaces/package.dsv'
[2.017s] [34mcolcon.colcon_core.shell[0m [1;30mINFO[0m Creating package script '/home/lawnbot/ROS2/lawnbot/install/main_controller_interfaces/share/main_controller_interfaces/package.sh'
[2.019s] [34mcolcon.colcon_core.shell[0m [1;30mINFO[0m Creating package script '/home/lawnbot/ROS2/lawnbot/install/main_controller_interfaces/share/main_controller_interfaces/package.bash'
[2.021s] [34mcolcon.colcon_core.shell[0m [1;30mINFO[0m Creating package script '/home/lawnbot/ROS2/lawnbot/install/main_controller_interfaces/share/main_controller_interfaces/package.zsh'
[2.022s] [34mcolcon.colcon_core.environment[0m [1;30mLevel 1[0m create_file_with_runtime_dependencies(/home/lawnbot/ROS2/lawnbot/install/main_controller_interfaces/share/colcon-core/packages/main_controller_interfaces)
[2.025s] [34mcolcon.colcon_core.environment[0m [1;30mLevel 1[0m create_environment_scripts_only(main_controller_interfaces)
[2.026s] [34mcolcon.colcon_core.environment[0m [1;30mLevel 1[0m checking '/home/lawnbot/ROS2/lawnbot/install/main_controller_interfaces' for CMake module files
[2.027s] [34mcolcon.colcon_core.environment[0m [1;30mLevel 1[0m checking '/home/lawnbot/ROS2/lawnbot/install/main_controller_interfaces' for CMake config files
[2.028s] [34mcolcon.colcon_core.shell[0m [1;30mLevel 1[0m create_environment_hook('main_controller_interfaces', 'cmake_prefix_path')
[2.028s] [34mcolcon.colcon_core.shell[0m [1;30mINFO[0m Creating environment descriptor '/home/lawnbot/ROS2/lawnbot/install/main_controller_interfaces/share/main_controller_interfaces/hook/cmake_prefix_path.dsv'
[2.030s] [34mcolcon.colcon_core.shell[0m [1;30mINFO[0m Creating environment hook '/home/lawnbot/ROS2/lawnbot/install/main_controller_interfaces/share/main_controller_interfaces/hook/cmake_prefix_path.sh'
[2.033s] [34mcolcon.colcon_core.environment[0m [1;30mLevel 1[0m checking '/home/lawnbot/ROS2/lawnbot/install/main_controller_interfaces/lib'
[2.033s] [34mcolcon.colcon_core.shell[0m [1;30mLevel 1[0m create_environment_hook('main_controller_interfaces', 'ld_library_path_lib')
[2.034s] [34mcolcon.colcon_core.shell[0m [1;30mINFO[0m Creating environment descriptor '/home/lawnbot/ROS2/lawnbot/install/main_controller_interfaces/share/main_controller_interfaces/hook/ld_library_path_lib.dsv'
[2.035s] [34mcolcon.colcon_core.shell[0m [1;30mINFO[0m Creating environment hook '/home/lawnbot/ROS2/lawnbot/install/main_controller_interfaces/share/main_controller_interfaces/hook/ld_library_path_lib.sh'
[2.038s] [34mcolcon.colcon_core.environment[0m [1;30mLevel 1[0m checking '/home/lawnbot/ROS2/lawnbot/install/main_controller_interfaces/bin'
[2.038s] [34mcolcon.colcon_core.environment[0m [1;30mLevel 1[0m checking '/home/lawnbot/ROS2/lawnbot/install/main_controller_interfaces/lib/pkgconfig/main_controller_interfaces.pc'
[2.039s] [34mcolcon.colcon_core.environment[0m [1;30mLevel 1[0m checking '/home/lawnbot/ROS2/lawnbot/install/main_controller_interfaces/lib/python3.12/site-packages'
[2.039s] [34mcolcon.colcon_core.shell[0m [1;30mLevel 1[0m create_environment_hook('main_controller_interfaces', 'pythonpath')
[2.040s] [34mcolcon.colcon_core.shell[0m [1;30mINFO[0m Creating environment descriptor '/home/lawnbot/ROS2/lawnbot/install/main_controller_interfaces/share/main_controller_interfaces/hook/pythonpath.dsv'
[2.044s] [34mcolcon.colcon_core.shell[0m [1;30mINFO[0m Creating environment hook '/home/lawnbot/ROS2/lawnbot/install/main_controller_interfaces/share/main_controller_interfaces/hook/pythonpath.sh'
[2.046s] [34mcolcon.colcon_core.environment[0m [1;30mLevel 1[0m checking '/home/lawnbot/ROS2/lawnbot/install/main_controller_interfaces/bin'
[2.047s] [34mcolcon.colcon_core.shell[0m [1;30mINFO[0m Creating package descriptor '/home/lawnbot/ROS2/lawnbot/install/main_controller_interfaces/share/main_controller_interfaces/package.dsv'
[2.049s] [34mcolcon.colcon_core.shell[0m [1;30mINFO[0m Creating package script '/home/lawnbot/ROS2/lawnbot/install/main_controller_interfaces/share/main_controller_interfaces/package.sh'
[2.051s] [34mcolcon.colcon_core.shell[0m [1;30mINFO[0m Creating package script '/home/lawnbot/ROS2/lawnbot/install/main_controller_interfaces/share/main_controller_interfaces/package.bash'
[2.052s] [34mcolcon.colcon_core.shell[0m [1;30mINFO[0m Creating package script '/home/lawnbot/ROS2/lawnbot/install/main_controller_interfaces/share/main_controller_interfaces/package.zsh'
[2.053s] [34mcolcon.colcon_core.environment[0m [1;30mLevel 1[0m create_file_with_runtime_dependencies(/home/lawnbot/ROS2/lawnbot/install/main_controller_interfaces/share/colcon-core/packages/main_controller_interfaces)
[2.072s] [34mcolcon.colcon_core.event_handler.log_command[0m [1;30mDEBUG[0m [32mInvoking command in '/home/lawnbot/ROS2/lawnbot/src/Autonomous-Explorer-and-Mapper-ros2-nav2': DEBUGINFOD_URLS=https://debuginfod.ubuntu.com PYTHONPATH=/home/lawnbot/ROS2/lawnbot/build/custom_explorer/prefix_override:/usr/lib/python3/dist-packages/colcon_core/task/python/colcon_distutils_commands:/home/lawnbot/ROS2/lawnbot/install/custom_explorer/lib/python3.12/site-packages:${PYTHONPATH} /usr/bin/python3 -W ignore:setup.py install is deprecated -W ignore:easy_install command is deprecated setup.py egg_info --egg-base ../../build/custom_explorer build --build-base /home/lawnbot/ROS2/lawnbot/build/custom_explorer/build install --record /home/lawnbot/ROS2/lawnbot/build/custom_explorer/install.log --single-version-externally-managed install_data[0m
[3.388s] [34mcolcon.colcon_core.environment[0m [1;30mLevel 1[0m checking '/home/lawnbot/ROS2/lawnbot/install/custom_explorer' for CMake module files
[3.389s] [34mcolcon.colcon_core.event_handler.log_command[0m [1;30mDEBUG[0m [32mInvoked command in '/home/lawnbot/ROS2/lawnbot/src/Autonomous-Explorer-and-Mapper-ros2-nav2' returned '0': DEBUGINFOD_URLS=https://debuginfod.ubuntu.com PYTHONPATH=/home/lawnbot/ROS2/lawnbot/build/custom_explorer/prefix_override:/usr/lib/python3/dist-packages/colcon_core/task/python/colcon_distutils_commands:/home/lawnbot/ROS2/lawnbot/install/custom_explorer/lib/python3.12/site-packages:${PYTHONPATH} /usr/bin/python3 -W ignore:setup.py install is deprecated -W ignore:easy_install command is deprecated setup.py egg_info --egg-base ../../build/custom_explorer build --build-base /home/lawnbot/ROS2/lawnbot/build/custom_explorer/build install --record /home/lawnbot/ROS2/lawnbot/build/custom_explorer/install.log --single-version-externally-managed install_data[0m
[3.390s] [34mcolcon.colcon_core.environment[0m [1;30mLevel 1[0m checking '/home/lawnbot/ROS2/lawnbot/install/custom_explorer' for CMake config files
[3.393s] [34mcolcon.colcon_core.environment[0m [1;30mLevel 1[0m checking '/home/lawnbot/ROS2/lawnbot/install/custom_explorer/lib'
[3.394s] [34mcolcon.colcon_core.environment[0m [1;30mLevel 1[0m checking '/home/lawnbot/ROS2/lawnbot/install/custom_explorer/bin'
[3.394s] [34mcolcon.colcon_core.environment[0m [1;30mLevel 1[0m checking '/home/lawnbot/ROS2/lawnbot/install/custom_explorer/lib/pkgconfig/custom_explorer.pc'
[3.394s] [34mcolcon.colcon_core.environment[0m [1;30mLevel 1[0m checking '/home/lawnbot/ROS2/lawnbot/install/custom_explorer/lib/python3.12/site-packages'
[3.394s] [34mcolcon.colcon_core.shell[0m [1;30mLevel 1[0m create_environment_hook('custom_explorer', 'pythonpath')
[3.395s] [34mcolcon.colcon_core.shell[0m [1;30mINFO[0m Creating environment descriptor '/home/lawnbot/ROS2/lawnbot/install/custom_explorer/share/custom_explorer/hook/pythonpath.dsv'
[3.396s] [34mcolcon.colcon_core.shell[0m [1;30mINFO[0m Creating environment hook '/home/lawnbot/ROS2/lawnbot/install/custom_explorer/share/custom_explorer/hook/pythonpath.sh'
[3.398s] [34mcolcon.colcon_core.environment[0m [1;30mLevel 1[0m checking '/home/lawnbot/ROS2/lawnbot/install/custom_explorer/bin'
[3.398s] [34mcolcon.colcon_core.environment[0m [1;30mLevel 1[0m create_environment_scripts_only(custom_explorer)
[3.401s] [34mcolcon.colcon_core.shell[0m [1;30mINFO[0m Creating package descriptor '/home/lawnbot/ROS2/lawnbot/install/custom_explorer/share/custom_explorer/package.dsv'
[3.403s] [34mcolcon.colcon_core.shell[0m [1;30mINFO[0m Creating package script '/home/lawnbot/ROS2/lawnbot/install/custom_explorer/share/custom_explorer/package.sh'
[3.404s] [34mcolcon.colcon_core.shell[0m [1;30mINFO[0m Creating package script '/home/lawnbot/ROS2/lawnbot/install/custom_explorer/share/custom_explorer/package.bash'
[3.405s] [34mcolcon.colcon_core.shell[0m [1;30mINFO[0m Creating package script '/home/lawnbot/ROS2/lawnbot/install/custom_explorer/share/custom_explorer/package.zsh'
[3.406s] [34mcolcon.colcon_core.environment[0m [1;30mLevel 1[0m create_file_with_runtime_dependencies(/home/lawnbot/ROS2/lawnbot/install/custom_explorer/share/colcon-core/packages/custom_explorer)
[3.409s] [34mcolcon.colcon_ros.task.ament_python.build[0m [1;30mINFO[0m Building ROS package in '/home/lawnbot/ROS2/lawnbot/src/main_logic_controller' with build type 'ament_python'
[3.409s] [34mcolcon.colcon_core.shell[0m [1;30mLevel 1[0m create_environment_hook('main_logic_controller', 'ament_prefix_path')
[3.410s] [34mcolcon.colcon_core.shell[0m [1;30mINFO[0m Creating environment descriptor '/home/lawnbot/ROS2/lawnbot/install/main_logic_controller/share/main_logic_controller/hook/ament_prefix_path.dsv'
[3.414s] [34mcolcon.colcon_core.shell[0m [1;30mINFO[0m Creating environment hook '/home/lawnbot/ROS2/lawnbot/install/main_logic_controller/share/main_logic_controller/hook/ament_prefix_path.sh'
[3.418s] [34mcolcon.colcon_core.shell[0m [1;30mDEBUG[0m [32mSkip shell extension 'dsv' for command environment[0m
[4.039s] [34mcolcon.colcon_core.task.python.build[0m [1;30mINFO[0m Building Python package in '/home/lawnbot/ROS2/lawnbot/src/main_logic_controller'
[4.039s] [34mcolcon.colcon_core.shell[0m [1;30mDEBUG[0m [32mSkip shell extension 'dsv' for command environment[0m
[5.408s] [34mcolcon.colcon_core.event_handler.log_command[0m [1;30mDEBUG[0m [32mInvoking command in '/home/lawnbot/ROS2/lawnbot/src/main_logic_controller': AMENT_PREFIX_PATH=/home/lawnbot/ROS2/lawnbot/install/custom_explorer:/home/lawnbot/ROS2/lawnbot/install/main_logic_controller:/home/lawnbot/ROS2/lawnbot/install/main_controller_interfaces:/home/lawnbot/ROS2/install/sllidar_ros2:/home/lawnbot/ROS2/install/lawnbot_ros2:/home/lawnbot/ROS2/install/custom_message:/opt/ros/jazzy DEBUGINFOD_URLS=https://debuginfod.ubuntu.com PYTHONPATH=/home/lawnbot/ROS2/lawnbot/build/main_logic_controller/prefix_override:/usr/lib/python3/dist-packages/colcon_core/task/python/colcon_distutils_commands:/home/lawnbot/ROS2/lawnbot/install/main_logic_controller/lib/python3.12/site-packages:/home/lawnbot/ROS2/lawnbot/install/custom_explorer/lib/python3.12/site-packages:/home/lawnbot/ROS2/lawnbot/install/main_logic_controller/lib/python3.12/site-packages:/home/lawnbot/ROS2/lawnbot/install/main_controller_interfaces/lib/python3.12/site-packages:/home/lawnbot/ROS2/install/lawnbot_ros2/lib/python3.12/site-packages:/home/lawnbot/ROS2/install/custom_message/lib/python3.12/site-packages:/opt/ros/jazzy/lib/python3.12/site-packages:/home/lawnbot/Downloads/my_venv/lib/python3.12/site-packages /usr/bin/python3 -W ignore:setup.py install is deprecated -W ignore:easy_install command is deprecated setup.py egg_info --egg-base ../../build/main_logic_controller build --build-base /home/lawnbot/ROS2/lawnbot/build/main_logic_controller/build install --record /home/lawnbot/ROS2/lawnbot/build/main_logic_controller/install.log --single-version-externally-managed install_data[0m
[6.778s] [34mcolcon.colcon_core.environment[0m [1;30mLevel 1[0m checking '/home/lawnbot/ROS2/lawnbot/install/main_logic_controller' for CMake module files
[6.779s] [34mcolcon.colcon_core.event_handler.log_command[0m [1;30mDEBUG[0m [32mInvoked command in '/home/lawnbot/ROS2/lawnbot/src/main_logic_controller' returned '0': AMENT_PREFIX_PATH=/home/lawnbot/ROS2/lawnbot/install/custom_explorer:/home/lawnbot/ROS2/lawnbot/install/main_logic_controller:/home/lawnbot/ROS2/lawnbot/install/main_controller_interfaces:/home/lawnbot/ROS2/install/sllidar_ros2:/home/lawnbot/ROS2/install/lawnbot_ros2:/home/lawnbot/ROS2/install/custom_message:/opt/ros/jazzy DEBUGINFOD_URLS=https://debuginfod.ubuntu.com PYTHONPATH=/home/lawnbot/ROS2/lawnbot/build/main_logic_controller/prefix_override:/usr/lib/python3/dist-packages/colcon_core/task/python/colcon_distutils_commands:/home/lawnbot/ROS2/lawnbot/install/main_logic_controller/lib/python3.12/site-packages:/home/lawnbot/ROS2/lawnbot/install/custom_explorer/lib/python3.12/site-packages:/home/lawnbot/ROS2/lawnbot/install/main_logic_controller/lib/python3.12/site-packages:/home/lawnbot/ROS2/lawnbot/install/main_controller_interfaces/lib/python3.12/site-packages:/home/lawnbot/ROS2/install/lawnbot_ros2/lib/python3.12/site-packages:/home/lawnbot/ROS2/install/custom_message/lib/python3.12/site-packages:/opt/ros/jazzy/lib/python3.12/site-packages:/home/lawnbot/Downloads/my_venv/lib/python3.12/site-packages /usr/bin/python3 -W ignore:setup.py install is deprecated -W ignore:easy_install command is deprecated setup.py egg_info --egg-base ../../build/main_logic_controller build --build-base /home/lawnbot/ROS2/lawnbot/build/main_logic_controller/build install --record /home/lawnbot/ROS2/lawnbot/build/main_logic_controller/install.log --single-version-externally-managed install_data[0m
[6.780s] [34mcolcon.colcon_core.environment[0m [1;30mLevel 1[0m checking '/home/lawnbot/ROS2/lawnbot/install/main_logic_controller' for CMake config files
[6.781s] [34mcolcon.colcon_core.environment[0m [1;30mLevel 1[0m checking '/home/lawnbot/ROS2/lawnbot/install/main_logic_controller/lib'
[6.781s] [34mcolcon.colcon_core.environment[0m [1;30mLevel 1[0m checking '/home/lawnbot/ROS2/lawnbot/install/main_logic_controller/bin'
[6.781s] [34mcolcon.colcon_core.environment[0m [1;30mLevel 1[0m checking '/home/lawnbot/ROS2/lawnbot/install/main_logic_controller/lib/pkgconfig/main_logic_controller.pc'
[6.782s] [34mcolcon.colcon_core.environment[0m [1;30mLevel 1[0m checking '/home/lawnbot/ROS2/lawnbot/install/main_logic_controller/lib/python3.12/site-packages'
[6.782s] [34mcolcon.colcon_core.shell[0m [1;30mLevel 1[0m create_environment_hook('main_logic_controller', 'pythonpath')
[6.782s] [34mcolcon.colcon_core.shell[0m [1;30mINFO[0m Creating environment descriptor '/home/lawnbot/ROS2/lawnbot/install/main_logic_controller/share/main_logic_controller/hook/pythonpath.dsv'
[6.783s] [34mcolcon.colcon_core.shell[0m [1;30mINFO[0m Creating environment hook '/home/lawnbot/ROS2/lawnbot/install/main_logic_controller/share/main_logic_controller/hook/pythonpath.sh'
[6.784s] [34mcolcon.colcon_core.environment[0m [1;30mLevel 1[0m checking '/home/lawnbot/ROS2/lawnbot/install/main_logic_controller/bin'
[6.784s] [34mcolcon.colcon_core.environment[0m [1;30mLevel 1[0m create_environment_scripts_only(main_logic_controller)
[6.785s] [34mcolcon.colcon_core.shell[0m [1;30mINFO[0m Creating package descriptor '/home/lawnbot/ROS2/lawnbot/install/main_logic_controller/share/main_logic_controller/package.dsv'
[6.786s] [34mcolcon.colcon_core.shell[0m [1;30mINFO[0m Creating package script '/home/lawnbot/ROS2/lawnbot/install/main_logic_controller/share/main_logic_controller/package.sh'
[6.787s] [34mcolcon.colcon_core.shell[0m [1;30mINFO[0m Creating package script '/home/lawnbot/ROS2/lawnbot/install/main_logic_controller/share/main_logic_controller/package.bash'
[6.787s] [34mcolcon.colcon_core.shell[0m [1;30mINFO[0m Creating package script '/home/lawnbot/ROS2/lawnbot/install/main_logic_controller/share/main_logic_controller/package.zsh'
[6.788s] [34mcolcon.colcon_core.environment[0m [1;30mLevel 1[0m create_file_with_runtime_dependencies(/home/lawnbot/ROS2/lawnbot/install/main_logic_controller/share/colcon-core/packages/main_logic_controller)
[6.789s] [34mcolcon.colcon_parallel_executor.executor.parallel[0m [1;30mDEBUG[0m [32mclosing loop[0m
[6.790s] [34mcolcon.colcon_parallel_executor.executor.parallel[0m [1;30mDEBUG[0m [32mloop closed[0m
[6.790s] [34mcolcon.colcon_parallel_executor.executor.parallel[0m [1;30mDEBUG[0m [32mrun_until_complete finished with '0'[0m
[6.790s] [34mcolcon.colcon_core.event_reactor[0m [1;30mDEBUG[0m [32mjoining thread[0m
[6.801s] [34mcolcon.colcon_core.plugin_system[0m [1;30mINFO[0m Skipping extension 'colcon_notification.desktop_notification.terminal_notifier': Not used on non-Darwin systems
[6.801s] [34mcolcon.colcon_core.plugin_system[0m [1;30mINFO[0m Skipping extension 'colcon_notification.desktop_notification.win32': Not used on non-Windows systems
[6.801s] [34mcolcon.colcon_notification.desktop_notification[0m [1;30mINFO[0m Sending desktop notification using 'notify2'
[6.830s] [34mcolcon.colcon_core.event_reactor[0m [1;30mDEBUG[0m [32mjoined thread[0m
[6.831s] [34mcolcon.colcon_core.shell[0m [1;30mINFO[0m Creating prefix script '/home/lawnbot/ROS2/lawnbot/install/local_setup.sh'
[6.832s] [34mcolcon.colcon_core.shell[0m [1;30mINFO[0m Creating prefix util module '/home/lawnbot/ROS2/lawnbot/install/_local_setup_util_sh.py'
[6.835s] [34mcolcon.colcon_core.shell[0m [1;30mINFO[0m Creating prefix chain script '/home/lawnbot/ROS2/lawnbot/install/setup.sh'
[6.837s] [34mcolcon.colcon_core.shell[0m [1;30mINFO[0m Creating prefix script '/home/lawnbot/ROS2/lawnbot/install/local_setup.bash'
[6.838s] [34mcolcon.colcon_core.shell[0m [1;30mINFO[0m Creating prefix chain script '/home/lawnbot/ROS2/lawnbot/install/setup.bash'
[6.841s] [34mcolcon.colcon_core.shell[0m [1;30mINFO[0m Creating prefix script '/home/lawnbot/ROS2/lawnbot/install/local_setup.zsh'
[6.842s] [34mcolcon.colcon_core.shell[0m [1;30mINFO[0m Creating prefix chain script '/home/lawnbot/ROS2/lawnbot/install/setup.zsh'
