[2.133s] Invoking command in '/home/ramy_abdulwahed/41xx/build/main_logic_controller': AMENT_PREFIX_PATH=/home/ramy_abdulwahed/41xx/install/custom_explorer:/home/ramy_abdulwahed/41xx/install/main_logic_controller:/home/ramy_abdulwahed/41xx/install/main_controller_interfaces:/home/ramy_abdulwahed/best_roswc/install/my_robot_controller:/home/ramy_abdulwahed/best_roswc/install/my_robot_bringup_demo:/opt/ros/humble PYTHONPATH=/home/ramy_abdulwahed/41xx/build/main_logic_controller/prefix_override:/usr/lib/python3/dist-packages/colcon_core/task/python/colcon_distutils_commands:/home/ramy_abdulwahed/41xx/install/main_logic_controller/lib/python3.10/site-packages:/home/ramy_abdulwahed/41xx/build/custom_explorer:/home/ramy_abdulwahed/41xx/install/custom_explorer/lib/python3.10/site-packages:/home/ramy_abdulwahed/41xx/build/main_logic_controller:/home/ramy_abdulwahed/41xx/install/main_logic_controller/lib/python3.10/site-packages:/home/ramy_abdulwahed/41xx/install/main_controller_interfaces/local/lib/python3.10/dist-packages:/home/ramy_abdulwahed/best_roswc/install/my_robot_controller/lib/python3.10/site-packages:/opt/ros/humble/lib/python3.10/site-packages:/opt/ros/humble/local/lib/python3.10/dist-packages /usr/bin/python3 -W ignore:setup.py install is deprecated -W ignore:easy_install command is deprecated setup.py develop --editable --build-directory /home/ramy_abdulwahed/41xx/build/main_logic_controller/build --no-deps symlink_data
[2.745s] running develop
[3.109s] running egg_info
[3.110s] writing main_logic_controller.egg-info/PKG-INFO
[3.111s] writing dependency_links to main_logic_controller.egg-info/dependency_links.txt
[3.112s] writing entry points to main_logic_controller.egg-info/entry_points.txt
[3.113s] writing requirements to main_logic_controller.egg-info/requires.txt
[3.113s] writing top-level names to main_logic_controller.egg-info/top_level.txt
[3.117s] reading manifest file 'main_logic_controller.egg-info/SOURCES.txt'
[3.122s] writing manifest file 'main_logic_controller.egg-info/SOURCES.txt'
[3.129s] running build_ext
[3.129s] Creating /home/ramy_abdulwahed/41xx/install/main_logic_controller/lib/python3.10/site-packages/main-logic-controller.egg-link (link to .)
[3.131s] Installing cmd_vel_bridge script to /home/ramy_abdulwahed/41xx/install/main_logic_controller/lib/main_logic_controller
[3.133s] Installing cmd_vel_emulator script to /home/ramy_abdulwahed/41xx/install/main_logic_controller/lib/main_logic_controller
[3.133s] Installing exploration_monitor script to /home/ramy_abdulwahed/41xx/install/main_logic_controller/lib/main_logic_controller
[3.133s] Installing light script to /home/ramy_abdulwahed/41xx/install/main_logic_controller/lib/main_logic_controller
[3.134s] Installing main script to /home/ramy_abdulwahed/41xx/install/main_logic_controller/lib/main_logic_controller
[3.134s] Installing motor script to /home/ramy_abdulwahed/41xx/install/main_logic_controller/lib/main_logic_controller
[3.134s] Installing object_detector script to /home/ramy_abdulwahed/41xx/install/main_logic_controller/lib/main_logic_controller
[3.134s] Installing odom_bridge script to /home/ramy_abdulwahed/41xx/install/main_logic_controller/lib/main_logic_controller
[3.135s] Installing odom_controller_testing script to /home/ramy_abdulwahed/41xx/install/main_logic_controller/lib/main_logic_controller
[3.135s] Installing path script to /home/ramy_abdulwahed/41xx/install/main_logic_controller/lib/main_logic_controller
[3.135s] Installing picamera script to /home/ramy_abdulwahed/41xx/install/main_logic_controller/lib/main_logic_controller
[3.135s] Installing pump script to /home/ramy_abdulwahed/41xx/install/main_logic_controller/lib/main_logic_controller
[3.136s] Installing sim_motor script to /home/ramy_abdulwahed/41xx/install/main_logic_controller/lib/main_logic_controller
[3.136s] Installing start_stop_wrapper script to /home/ramy_abdulwahed/41xx/install/main_logic_controller/lib/main_logic_controller
[3.136s] Installing vid_streamer script to /home/ramy_abdulwahed/41xx/install/main_logic_controller/lib/main_logic_controller
[3.136s] 
[3.136s] Installed /home/ramy_abdulwahed/41xx/build/main_logic_controller
[3.136s] running symlink_data
[3.199s] Invoked command in '/home/ramy_abdulwahed/41xx/build/main_logic_controller' returned '0': AMENT_PREFIX_PATH=/home/ramy_abdulwahed/41xx/install/custom_explorer:/home/ramy_abdulwahed/41xx/install/main_logic_controller:/home/ramy_abdulwahed/41xx/install/main_controller_interfaces:/home/ramy_abdulwahed/best_roswc/install/my_robot_controller:/home/ramy_abdulwahed/best_roswc/install/my_robot_bringup_demo:/opt/ros/humble PYTHONPATH=/home/ramy_abdulwahed/41xx/build/main_logic_controller/prefix_override:/usr/lib/python3/dist-packages/colcon_core/task/python/colcon_distutils_commands:/home/ramy_abdulwahed/41xx/install/main_logic_controller/lib/python3.10/site-packages:/home/ramy_abdulwahed/41xx/build/custom_explorer:/home/ramy_abdulwahed/41xx/install/custom_explorer/lib/python3.10/site-packages:/home/ramy_abdulwahed/41xx/build/main_logic_controller:/home/ramy_abdulwahed/41xx/install/main_logic_controller/lib/python3.10/site-packages:/home/ramy_abdulwahed/41xx/install/main_controller_interfaces/local/lib/python3.10/dist-packages:/home/ramy_abdulwahed/best_roswc/install/my_robot_controller/lib/python3.10/site-packages:/opt/ros/humble/lib/python3.10/site-packages:/opt/ros/humble/local/lib/python3.10/dist-packages /usr/bin/python3 -W ignore:setup.py install is deprecated -W ignore:easy_install command is deprecated setup.py develop --editable --build-directory /home/ramy_abdulwahed/41xx/build/main_logic_controller/build --no-deps symlink_data
