[0.050s] Invoking command in '/home/ramy_abdulwahed/41xx/build/main_controller_interfaces': CMAKE_PREFIX_PATH=${CMAKE_PREFIX_PATH}:/home/ramy_abdulwahed/best_roswc/install/my_robot_controller:/opt/ros/humble /usr/bin/cmake --build /home/ramy_abdulwahed/41xx/build/main_controller_interfaces -- -j16 -l16
[0.314s] [  3%] Built target main_controller_interfaces__cpp
[0.321s] [ 12%] Built target main_controller_interfaces__rosidl_generator_c
[0.325s] [ 12%] Built target ament_cmake_python_symlink_main_controller_interfaces
[0.348s] [ 25%] Built target main_controller_interfaces__rosidl_typesupport_fastrtps_cpp
[0.348s] [ 32%] Built target main_controller_interfaces__rosidl_typesupport_introspection_cpp
[0.348s] [ 41%] Built target main_controller_interfaces__rosidl_typesupport_cpp
[0.354s] [ 51%] Built target main_controller_interfaces__rosidl_typesupport_introspection_c
[0.355s] [ 61%] Built target main_controller_interfaces__rosidl_typesupport_fastrtps_c
[0.355s] [ 70%] Built target main_controller_interfaces__rosidl_typesupport_c
[0.375s] [ 70%] Built target main_controller_interfaces
[0.399s] [ 74%] Built target main_controller_interfaces__py
[0.427s] [ 80%] Built target main_controller_interfaces__rosidl_generator_py
[0.452s] [ 87%] Built target main_controller_interfaces__rosidl_typesupport_introspection_c__pyext
[0.452s] [ 96%] Built target main_controller_interfaces__rosidl_typesupport_fastrtps_c__pyext
[0.452s] [100%] Built target main_controller_interfaces__rosidl_typesupport_c__pyext
[0.548s] running egg_info
[0.548s] writing main_controller_interfaces.egg-info/PKG-INFO
[0.549s] writing dependency_links to main_controller_interfaces.egg-info/dependency_links.txt
[0.550s] writing top-level names to main_controller_interfaces.egg-info/top_level.txt
[0.554s] reading manifest file 'main_controller_interfaces.egg-info/SOURCES.txt'
[0.556s] writing manifest file 'main_controller_interfaces.egg-info/SOURCES.txt'
[0.579s] [100%] Built target ament_cmake_python_build_main_controller_interfaces_egg
[0.590s] Invoked command in '/home/ramy_abdulwahed/41xx/build/main_controller_interfaces' returned '0': CMAKE_PREFIX_PATH=${CMAKE_PREFIX_PATH}:/home/ramy_abdulwahed/best_roswc/install/my_robot_controller:/opt/ros/humble /usr/bin/cmake --build /home/ramy_abdulwahed/41xx/build/main_controller_interfaces -- -j16 -l16
[0.602s] Invoking command in '/home/ramy_abdulwahed/41xx/build/main_controller_interfaces': CMAKE_PREFIX_PATH=${CMAKE_PREFIX_PATH}:/home/ramy_abdulwahed/best_roswc/install/my_robot_controller:/opt/ros/humble /usr/bin/cmake --install /home/ramy_abdulwahed/41xx/build/main_controller_interfaces
[0.611s] -- Install configuration: ""
[0.613s] -- Execute custom install script
[0.616s] -- Up-to-date symlink: /home/ramy_abdulwahed/41xx/install/main_controller_interfaces/share/ament_index/resource_index/rosidl_interfaces/main_controller_interfaces
[0.619s] -- Up-to-date symlink: /home/ramy_abdulwahed/41xx/install/main_controller_interfaces/include/main_controller_interfaces/main_controller_interfaces/msg/detail/motor_data__functions.h
[0.620s] -- Up-to-date symlink: /home/ramy_abdulwahed/41xx/install/main_controller_interfaces/include/main_controller_interfaces/main_controller_interfaces/msg/detail/motor_data__struct.h
[0.620s] -- Up-to-date symlink: /home/ramy_abdulwahed/41xx/install/main_controller_interfaces/include/main_controller_interfaces/main_controller_interfaces/msg/detail/motor_data__type_support.h
[0.621s] -- Up-to-date symlink: /home/ramy_abdulwahed/41xx/install/main_controller_interfaces/include/main_controller_interfaces/main_controller_interfaces/msg/motor_data.h
[0.622s] -- Up-to-date symlink: /home/ramy_abdulwahed/41xx/install/main_controller_interfaces/include/main_controller_interfaces/main_controller_interfaces/msg/rosidl_generator_c__visibility_control.h
[0.623s] -- Up-to-date symlink: /home/ramy_abdulwahed/41xx/install/main_controller_interfaces/share/main_controller_interfaces/environment/library_path.sh
[0.624s] -- Up-to-date symlink: /home/ramy_abdulwahed/41xx/install/main_controller_interfaces/share/main_controller_interfaces/environment/library_path.dsv
[0.626s] -- Up-to-date symlink: /home/ramy_abdulwahed/41xx/install/main_controller_interfaces/include/main_controller_interfaces/main_controller_interfaces/msg/detail/motor_data__rosidl_typesupport_fastrtps_c.h
[0.627s] -- Up-to-date symlink: /home/ramy_abdulwahed/41xx/install/main_controller_interfaces/include/main_controller_interfaces/main_controller_interfaces/msg/rosidl_typesupport_fastrtps_c__visibility_control.h
[0.628s] -- Up-to-date symlink: /home/ramy_abdulwahed/41xx/install/main_controller_interfaces/include/main_controller_interfaces/main_controller_interfaces/msg/detail/motor_data__rosidl_typesupport_introspection_c.h
[0.629s] -- Up-to-date symlink: /home/ramy_abdulwahed/41xx/install/main_controller_interfaces/include/main_controller_interfaces/main_controller_interfaces/msg/rosidl_typesupport_introspection_c__visibility_control.h
[0.631s] -- Up-to-date symlink: /home/ramy_abdulwahed/41xx/install/main_controller_interfaces/include/main_controller_interfaces/main_controller_interfaces/msg/detail/motor_data__builder.hpp
[0.632s] -- Up-to-date symlink: /home/ramy_abdulwahed/41xx/install/main_controller_interfaces/include/main_controller_interfaces/main_controller_interfaces/msg/detail/motor_data__struct.hpp
[0.633s] -- Up-to-date symlink: /home/ramy_abdulwahed/41xx/install/main_controller_interfaces/include/main_controller_interfaces/main_controller_interfaces/msg/detail/motor_data__traits.hpp
[0.633s] -- Up-to-date symlink: /home/ramy_abdulwahed/41xx/install/main_controller_interfaces/include/main_controller_interfaces/main_controller_interfaces/msg/detail/motor_data__type_support.hpp
[0.634s] -- Up-to-date symlink: /home/ramy_abdulwahed/41xx/install/main_controller_interfaces/include/main_controller_interfaces/main_controller_interfaces/msg/motor_data.hpp
[0.635s] -- Up-to-date symlink: /home/ramy_abdulwahed/41xx/install/main_controller_interfaces/include/main_controller_interfaces/main_controller_interfaces/msg/rosidl_generator_cpp__visibility_control.hpp
[0.637s] -- Up-to-date symlink: /home/ramy_abdulwahed/41xx/install/main_controller_interfaces/include/main_controller_interfaces/main_controller_interfaces/msg/detail/motor_data__rosidl_typesupport_fastrtps_cpp.hpp
[0.637s] -- Up-to-date symlink: /home/ramy_abdulwahed/41xx/install/main_controller_interfaces/include/main_controller_interfaces/main_controller_interfaces/msg/rosidl_typesupport_fastrtps_cpp__visibility_control.h
[0.639s] -- Up-to-date symlink: /home/ramy_abdulwahed/41xx/install/main_controller_interfaces/include/main_controller_interfaces/main_controller_interfaces/msg/detail/motor_data__rosidl_typesupport_introspection_cpp.hpp
[0.640s] -- Up-to-date symlink: /home/ramy_abdulwahed/41xx/install/main_controller_interfaces/share/main_controller_interfaces/environment/pythonpath.sh
[0.640s] -- Up-to-date symlink: /home/ramy_abdulwahed/41xx/install/main_controller_interfaces/share/main_controller_interfaces/environment/pythonpath.dsv
[0.641s] -- Up-to-date symlink: /home/ramy_abdulwahed/41xx/install/main_controller_interfaces/local/lib/python3.10/dist-packages/main_controller_interfaces-0.0.0-py3.10.egg-info/PKG-INFO
[0.642s] -- Up-to-date symlink: /home/ramy_abdulwahed/41xx/install/main_controller_interfaces/local/lib/python3.10/dist-packages/main_controller_interfaces-0.0.0-py3.10.egg-info/SOURCES.txt
[0.642s] -- Up-to-date symlink: /home/ramy_abdulwahed/41xx/install/main_controller_interfaces/local/lib/python3.10/dist-packages/main_controller_interfaces-0.0.0-py3.10.egg-info/dependency_links.txt
[0.643s] -- Up-to-date symlink: /home/ramy_abdulwahed/41xx/install/main_controller_interfaces/local/lib/python3.10/dist-packages/main_controller_interfaces-0.0.0-py3.10.egg-info/top_level.txt
[0.644s] -- Up-to-date symlink: /home/ramy_abdulwahed/41xx/install/main_controller_interfaces/local/lib/python3.10/dist-packages/main_controller_interfaces/__init__.py
[0.645s] -- Up-to-date symlink: /home/ramy_abdulwahed/41xx/install/main_controller_interfaces/local/lib/python3.10/dist-packages/main_controller_interfaces/_main_controller_interfaces_s.ep.rosidl_typesupport_c.c
[0.645s] -- Up-to-date symlink: /home/ramy_abdulwahed/41xx/install/main_controller_interfaces/local/lib/python3.10/dist-packages/main_controller_interfaces/_main_controller_interfaces_s.ep.rosidl_typesupport_fastrtps_c.c
[0.646s] -- Up-to-date symlink: /home/ramy_abdulwahed/41xx/install/main_controller_interfaces/local/lib/python3.10/dist-packages/main_controller_interfaces/_main_controller_interfaces_s.ep.rosidl_typesupport_introspection_c.c
[0.646s] -- Up-to-date symlink: /home/ramy_abdulwahed/41xx/install/main_controller_interfaces/local/lib/python3.10/dist-packages/main_controller_interfaces/libmain_controller_interfaces__rosidl_generator_py.so
[0.647s] -- Up-to-date symlink: /home/ramy_abdulwahed/41xx/install/main_controller_interfaces/local/lib/python3.10/dist-packages/main_controller_interfaces/main_controller_interfaces_s__rosidl_typesupport_c.cpython-310-x86_64-linux-gnu.so
[0.647s] -- Up-to-date symlink: /home/ramy_abdulwahed/41xx/install/main_controller_interfaces/local/lib/python3.10/dist-packages/main_controller_interfaces/main_controller_interfaces_s__rosidl_typesupport_fastrtps_c.cpython-310-x86_64-linux-gnu.so
[0.648s] -- Up-to-date symlink: /home/ramy_abdulwahed/41xx/install/main_controller_interfaces/local/lib/python3.10/dist-packages/main_controller_interfaces/main_controller_interfaces_s__rosidl_typesupport_introspection_c.cpython-310-x86_64-linux-gnu.so
[0.648s] -- Up-to-date symlink: /home/ramy_abdulwahed/41xx/install/main_controller_interfaces/local/lib/python3.10/dist-packages/main_controller_interfaces/msg/__init__.py
[0.649s] -- Up-to-date symlink: /home/ramy_abdulwahed/41xx/install/main_controller_interfaces/local/lib/python3.10/dist-packages/main_controller_interfaces/msg/_motor_data.py
[0.649s] -- Up-to-date symlink: /home/ramy_abdulwahed/41xx/install/main_controller_interfaces/local/lib/python3.10/dist-packages/main_controller_interfaces/msg/_motor_data_s.c
[0.650s] -- Up-to-date symlink: /home/ramy_abdulwahed/41xx/install/main_controller_interfaces/local/lib/python3.10/dist-packages/main_controller_interfaces/main_controller_interfaces_s__rosidl_typesupport_fastrtps_c.cpython-310-x86_64-linux-gnu.so
[0.651s] -- Up-to-date symlink: /home/ramy_abdulwahed/41xx/install/main_controller_interfaces/local/lib/python3.10/dist-packages/main_controller_interfaces/main_controller_interfaces_s__rosidl_typesupport_introspection_c.cpython-310-x86_64-linux-gnu.so
[0.652s] -- Up-to-date symlink: /home/ramy_abdulwahed/41xx/install/main_controller_interfaces/local/lib/python3.10/dist-packages/main_controller_interfaces/main_controller_interfaces_s__rosidl_typesupport_c.cpython-310-x86_64-linux-gnu.so
[0.653s] -- Up-to-date symlink: /home/ramy_abdulwahed/41xx/install/main_controller_interfaces/share/main_controller_interfaces/msg/MotorData.idl
[0.653s] -- Up-to-date symlink: /home/ramy_abdulwahed/41xx/install/main_controller_interfaces/share/main_controller_interfaces/msg/MotorData.msg
[0.654s] -- Up-to-date symlink: /home/ramy_abdulwahed/41xx/install/main_controller_interfaces/share/ament_index/resource_index/package_run_dependencies/main_controller_interfaces
[0.655s] -- Up-to-date symlink: /home/ramy_abdulwahed/41xx/install/main_controller_interfaces/share/ament_index/resource_index/parent_prefix_path/main_controller_interfaces
[0.656s] -- Up-to-date symlink: /home/ramy_abdulwahed/41xx/install/main_controller_interfaces/share/main_controller_interfaces/environment/ament_prefix_path.sh
[0.657s] -- Up-to-date symlink: /home/ramy_abdulwahed/41xx/install/main_controller_interfaces/share/main_controller_interfaces/environment/ament_prefix_path.dsv
[0.657s] -- Up-to-date symlink: /home/ramy_abdulwahed/41xx/install/main_controller_interfaces/share/main_controller_interfaces/environment/path.sh
[0.658s] -- Up-to-date symlink: /home/ramy_abdulwahed/41xx/install/main_controller_interfaces/share/main_controller_interfaces/environment/path.dsv
[0.658s] -- Up-to-date symlink: /home/ramy_abdulwahed/41xx/install/main_controller_interfaces/share/main_controller_interfaces/local_setup.bash
[0.659s] -- Up-to-date symlink: /home/ramy_abdulwahed/41xx/install/main_controller_interfaces/share/main_controller_interfaces/local_setup.sh
[0.659s] -- Up-to-date symlink: /home/ramy_abdulwahed/41xx/install/main_controller_interfaces/share/main_controller_interfaces/local_setup.zsh
[0.660s] -- Up-to-date symlink: /home/ramy_abdulwahed/41xx/install/main_controller_interfaces/share/main_controller_interfaces/local_setup.dsv
[0.660s] -- Symlinking: /home/ramy_abdulwahed/41xx/install/main_controller_interfaces/share/main_controller_interfaces/package.dsv
[0.669s] -- Up-to-date symlink: /home/ramy_abdulwahed/41xx/install/main_controller_interfaces/share/ament_index/resource_index/packages/main_controller_interfaces
[0.670s] -- Up-to-date symlink: /home/ramy_abdulwahed/41xx/install/main_controller_interfaces/share/main_controller_interfaces/cmake/rosidl_cmake-extras.cmake
[0.671s] -- Up-to-date symlink: /home/ramy_abdulwahed/41xx/install/main_controller_interfaces/share/main_controller_interfaces/cmake/ament_cmake_export_include_directories-extras.cmake
[0.672s] -- Up-to-date symlink: /home/ramy_abdulwahed/41xx/install/main_controller_interfaces/share/main_controller_interfaces/cmake/ament_cmake_export_libraries-extras.cmake
[0.673s] -- Up-to-date symlink: /home/ramy_abdulwahed/41xx/install/main_controller_interfaces/share/main_controller_interfaces/cmake/ament_cmake_export_targets-extras.cmake
[0.673s] -- Up-to-date symlink: /home/ramy_abdulwahed/41xx/install/main_controller_interfaces/share/main_controller_interfaces/cmake/rosidl_cmake_export_typesupport_targets-extras.cmake
[0.674s] -- Up-to-date symlink: /home/ramy_abdulwahed/41xx/install/main_controller_interfaces/share/main_controller_interfaces/cmake/ament_cmake_export_dependencies-extras.cmake
[0.675s] -- Up-to-date symlink: /home/ramy_abdulwahed/41xx/install/main_controller_interfaces/share/main_controller_interfaces/cmake/rosidl_cmake_export_typesupport_libraries-extras.cmake
[0.676s] -- Up-to-date symlink: /home/ramy_abdulwahed/41xx/install/main_controller_interfaces/share/main_controller_interfaces/cmake/main_controller_interfacesConfig.cmake
[0.676s] -- Up-to-date symlink: /home/ramy_abdulwahed/41xx/install/main_controller_interfaces/share/main_controller_interfaces/cmake/main_controller_interfacesConfig-version.cmake
[0.677s] -- Up-to-date symlink: /home/ramy_abdulwahed/41xx/install/main_controller_interfaces/share/main_controller_interfaces/package.xml
[0.679s] -- Up-to-date: /home/ramy_abdulwahed/41xx/install/main_controller_interfaces/lib/libmain_controller_interfaces__rosidl_generator_c.so
[0.682s] -- Up-to-date: /home/ramy_abdulwahed/41xx/install/main_controller_interfaces/lib/libmain_controller_interfaces__rosidl_typesupport_fastrtps_c.so
[0.683s] -- Up-to-date: /home/ramy_abdulwahed/41xx/install/main_controller_interfaces/lib/libmain_controller_interfaces__rosidl_typesupport_introspection_c.so
[0.684s] -- Up-to-date: /home/ramy_abdulwahed/41xx/install/main_controller_interfaces/lib/libmain_controller_interfaces__rosidl_typesupport_c.so
[0.687s] -- Up-to-date: /home/ramy_abdulwahed/41xx/install/main_controller_interfaces/lib/libmain_controller_interfaces__rosidl_typesupport_fastrtps_cpp.so
[0.688s] -- Up-to-date: /home/ramy_abdulwahed/41xx/install/main_controller_interfaces/lib/libmain_controller_interfaces__rosidl_typesupport_introspection_cpp.so
[0.690s] -- Up-to-date: /home/ramy_abdulwahed/41xx/install/main_controller_interfaces/lib/libmain_controller_interfaces__rosidl_typesupport_cpp.so
[0.722s] Listing '/home/ramy_abdulwahed/41xx/install/main_controller_interfaces/local/lib/python3.10/dist-packages/main_controller_interfaces'...
[0.722s] Listing '/home/ramy_abdulwahed/41xx/install/main_controller_interfaces/local/lib/python3.10/dist-packages/main_controller_interfaces/msg'...
[0.727s] -- Up-to-date: /home/ramy_abdulwahed/41xx/install/main_controller_interfaces/lib/libmain_controller_interfaces__rosidl_generator_py.so
[0.729s] -- Up-to-date: /home/ramy_abdulwahed/41xx/install/main_controller_interfaces/share/main_controller_interfaces/cmake/export_main_controller_interfaces__rosidl_generator_cExport.cmake
[0.729s] -- Up-to-date: /home/ramy_abdulwahed/41xx/install/main_controller_interfaces/share/main_controller_interfaces/cmake/export_main_controller_interfaces__rosidl_generator_cExport-noconfig.cmake
[0.729s] -- Up-to-date: /home/ramy_abdulwahed/41xx/install/main_controller_interfaces/share/main_controller_interfaces/cmake/export_main_controller_interfaces__rosidl_typesupport_fastrtps_cExport.cmake
[0.729s] -- Up-to-date: /home/ramy_abdulwahed/41xx/install/main_controller_interfaces/share/main_controller_interfaces/cmake/export_main_controller_interfaces__rosidl_typesupport_fastrtps_cExport-noconfig.cmake
[0.730s] -- Up-to-date: /home/ramy_abdulwahed/41xx/install/main_controller_interfaces/share/main_controller_interfaces/cmake/main_controller_interfaces__rosidl_typesupport_introspection_cExport.cmake
[0.730s] -- Up-to-date: /home/ramy_abdulwahed/41xx/install/main_controller_interfaces/share/main_controller_interfaces/cmake/main_controller_interfaces__rosidl_typesupport_introspection_cExport-noconfig.cmake
[0.731s] -- Up-to-date: /home/ramy_abdulwahed/41xx/install/main_controller_interfaces/share/main_controller_interfaces/cmake/main_controller_interfaces__rosidl_typesupport_cExport.cmake
[0.731s] -- Up-to-date: /home/ramy_abdulwahed/41xx/install/main_controller_interfaces/share/main_controller_interfaces/cmake/main_controller_interfaces__rosidl_typesupport_cExport-noconfig.cmake
[0.732s] -- Up-to-date: /home/ramy_abdulwahed/41xx/install/main_controller_interfaces/share/main_controller_interfaces/cmake/export_main_controller_interfaces__rosidl_generator_cppExport.cmake
[0.733s] -- Up-to-date: /home/ramy_abdulwahed/41xx/install/main_controller_interfaces/share/main_controller_interfaces/cmake/export_main_controller_interfaces__rosidl_typesupport_fastrtps_cppExport.cmake
[0.733s] -- Up-to-date: /home/ramy_abdulwahed/41xx/install/main_controller_interfaces/share/main_controller_interfaces/cmake/export_main_controller_interfaces__rosidl_typesupport_fastrtps_cppExport-noconfig.cmake
[0.733s] -- Up-to-date: /home/ramy_abdulwahed/41xx/install/main_controller_interfaces/share/main_controller_interfaces/cmake/main_controller_interfaces__rosidl_typesupport_introspection_cppExport.cmake
[0.733s] -- Up-to-date: /home/ramy_abdulwahed/41xx/install/main_controller_interfaces/share/main_controller_interfaces/cmake/main_controller_interfaces__rosidl_typesupport_introspection_cppExport-noconfig.cmake
[0.734s] -- Up-to-date: /home/ramy_abdulwahed/41xx/install/main_controller_interfaces/share/main_controller_interfaces/cmake/main_controller_interfaces__rosidl_typesupport_cppExport.cmake
[0.734s] -- Up-to-date: /home/ramy_abdulwahed/41xx/install/main_controller_interfaces/share/main_controller_interfaces/cmake/main_controller_interfaces__rosidl_typesupport_cppExport-noconfig.cmake
[0.734s] -- Up-to-date: /home/ramy_abdulwahed/41xx/install/main_controller_interfaces/share/main_controller_interfaces/cmake/export_main_controller_interfaces__rosidl_generator_pyExport.cmake
[0.735s] -- Up-to-date: /home/ramy_abdulwahed/41xx/install/main_controller_interfaces/share/main_controller_interfaces/cmake/export_main_controller_interfaces__rosidl_generator_pyExport-noconfig.cmake
[0.737s] Invoked command in '/home/ramy_abdulwahed/41xx/build/main_controller_interfaces' returned '0': CMAKE_PREFIX_PATH=${CMAKE_PREFIX_PATH}:/home/ramy_abdulwahed/best_roswc/install/my_robot_controller:/opt/ros/humble /usr/bin/cmake --install /home/ramy_abdulwahed/41xx/build/main_controller_interfaces
