[1.366s] Invoking command in '/home/lawnbot/ROS2/lawnbot/src/main_logic_controller': AMENT_PREFIX_PATH=/home/lawnbot/ROS2/lawnbot/install/custom_explorer:/home/lawnbot/ROS2/lawnbot/install/main_logic_controller:/home/lawnbot/ROS2/lawnbot/install/main_controller_interfaces:/opt/ros/jazzy DEBUGINFOD_URLS=https://debuginfod.ubuntu.com PYTHONPATH=/home/lawnbot/ROS2/lawnbot/build/main_logic_controller/prefix_override:/usr/lib/python3/dist-packages/colcon_core/task/python/colcon_distutils_commands:/home/lawnbot/ROS2/lawnbot/install/main_logic_controller/lib/python3.12/site-packages:/home/lawnbot/ROS2/lawnbot/install/custom_explorer/lib/python3.12/site-packages:/home/lawnbot/ROS2/lawnbot/install/main_logic_controller/lib/python3.12/site-packages:/home/lawnbot/ROS2/lawnbot/install/main_controller_interfaces/lib/python3.12/site-packages:/opt/ros/jazzy/lib/python3.12/site-packages:/home/lawnbot/Downloads/my_venv/lib/python3.12/site-packages /usr/bin/python3 -W ignore:setup.py install is deprecated -W ignore:easy_install command is deprecated setup.py egg_info --egg-base ../../build/main_logic_controller build --build-base /home/lawnbot/ROS2/lawnbot/build/main_logic_controller/build install --record /home/lawnbot/ROS2/lawnbot/build/main_logic_controller/install.log --single-version-externally-managed install_data
[1.782s] running egg_info
[1.813s] writing ../../build/main_logic_controller/main_logic_controller.egg-info/PKG-INFO
[1.814s] writing dependency_links to ../../build/main_logic_controller/main_logic_controller.egg-info/dependency_links.txt
[1.815s] writing entry points to ../../build/main_logic_controller/main_logic_controller.egg-info/entry_points.txt
[1.815s] writing requirements to ../../build/main_logic_controller/main_logic_controller.egg-info/requires.txt
[1.816s] writing top-level names to ../../build/main_logic_controller/main_logic_controller.egg-info/top_level.txt
[1.881s] reading manifest file '../../build/main_logic_controller/main_logic_controller.egg-info/SOURCES.txt'
[1.883s] writing manifest file '../../build/main_logic_controller/main_logic_controller.egg-info/SOURCES.txt'
[1.884s] running build
[1.884s] running build_py
[1.885s] running install
[1.894s] running install_lib
[1.928s] running install_data
[1.928s] copying launch/launch_robot.launch.py -> /home/lawnbot/ROS2/lawnbot/install/main_logic_controller/share/main_logic_controller/launch
[1.929s] running install_egg_info
[1.962s] removing '/home/lawnbot/ROS2/lawnbot/install/main_logic_controller/lib/python3.12/site-packages/main_logic_controller-0.0.0-py3.12.egg-info' (and everything under it)
[1.963s] Copying ../../build/main_logic_controller/main_logic_controller.egg-info to /home/lawnbot/ROS2/lawnbot/install/main_logic_controller/lib/python3.12/site-packages/main_logic_controller-0.0.0-py3.12.egg-info
[1.964s] running install_scripts
[2.201s] Installing cmd_vel_emulator script to /home/lawnbot/ROS2/lawnbot/install/main_logic_controller/lib/main_logic_controller
[2.201s] Installing light script to /home/lawnbot/ROS2/lawnbot/install/main_logic_controller/lib/main_logic_controller
[2.202s] Installing main script to /home/lawnbot/ROS2/lawnbot/install/main_logic_controller/lib/main_logic_controller
[2.203s] Installing motor script to /home/lawnbot/ROS2/lawnbot/install/main_logic_controller/lib/main_logic_controller
[2.205s] Installing object_detector script to /home/lawnbot/ROS2/lawnbot/install/main_logic_controller/lib/main_logic_controller
[2.207s] Installing path script to /home/lawnbot/ROS2/lawnbot/install/main_logic_controller/lib/main_logic_controller
[2.208s] Installing picamera script to /home/lawnbot/ROS2/lawnbot/install/main_logic_controller/lib/main_logic_controller
[2.210s] Installing pump script to /home/lawnbot/ROS2/lawnbot/install/main_logic_controller/lib/main_logic_controller
[2.211s] Installing start_stop_wrapper script to /home/lawnbot/ROS2/lawnbot/install/main_logic_controller/lib/main_logic_controller
[2.213s] Installing vid_streamer script to /home/lawnbot/ROS2/lawnbot/install/main_logic_controller/lib/main_logic_controller
[2.215s] writing list of installed files to '/home/lawnbot/ROS2/lawnbot/build/main_logic_controller/install.log'
[2.296s] Invoked command in '/home/lawnbot/ROS2/lawnbot/src/main_logic_controller' returned '0': AMENT_PREFIX_PATH=/home/lawnbot/ROS2/lawnbot/install/custom_explorer:/home/lawnbot/ROS2/lawnbot/install/main_logic_controller:/home/lawnbot/ROS2/lawnbot/install/main_controller_interfaces:/opt/ros/jazzy DEBUGINFOD_URLS=https://debuginfod.ubuntu.com PYTHONPATH=/home/lawnbot/ROS2/lawnbot/build/main_logic_controller/prefix_override:/usr/lib/python3/dist-packages/colcon_core/task/python/colcon_distutils_commands:/home/lawnbot/ROS2/lawnbot/install/main_logic_controller/lib/python3.12/site-packages:/home/lawnbot/ROS2/lawnbot/install/custom_explorer/lib/python3.12/site-packages:/home/lawnbot/ROS2/lawnbot/install/main_logic_controller/lib/python3.12/site-packages:/home/lawnbot/ROS2/lawnbot/install/main_controller_interfaces/lib/python3.12/site-packages:/opt/ros/jazzy/lib/python3.12/site-packages:/home/lawnbot/Downloads/my_venv/lib/python3.12/site-packages /usr/bin/python3 -W ignore:setup.py install is deprecated -W ignore:easy_install command is deprecated setup.py egg_info --egg-base ../../build/main_logic_controller build --build-base /home/lawnbot/ROS2/lawnbot/build/main_logic_controller/build install --record /home/lawnbot/ROS2/lawnbot/build/main_logic_controller/install.log --single-version-externally-managed install_data
