[0.709s] DEBUG:colcon:Command line arguments: ['/usr/bin/colcon', 'build', '--symlink-install']
[0.709s] DEBUG:colcon:Parsed command line arguments: Namespace(log_base=None, log_level=None, verb_name='build', build_base='build', install_base='install', merge_install=False, symlink_install=True, test_result_base=None, continue_on_error=False, executor='parallel', parallel_workers=16, event_handlers=None, ignore_user_meta=False, metas=['./colcon.meta'], base_paths=['.'], packages_ignore=None, packages_ignore_regex=None, paths=None, packages_up_to=None, packages_up_to_regex=None, packages_above=None, packages_above_and_dependencies=None, packages_above_depth=None, packages_select_by_dep=None, packages_skip_by_dep=None, packages_skip_up_to=None, packages_select_build_failed=False, packages_skip_build_finished=False, packages_select_test_failures=False, packages_skip_test_passed=False, packages_select=None, packages_skip=None, packages_select_regex=None, packages_skip_regex=None, packages_start=None, packages_end=None, allow_overriding=[], cmake_args=None, cmake_target=None, cmake_target_skip_unavailable=False, cmake_clean_cache=False, cmake_clean_first=False, cmake_force_configure=False, ament_cmake_args=None, catkin_cmake_args=None, catkin_skip_building_tests=False, verb_parser=<colcon_defaults.argument_parser.defaults.DefaultArgumentsDecorator object at 0x7f47390992a0>, verb_extension=<colcon_core.verb.build.BuildVerb object at 0x7f473921e6e0>, main=<bound method BuildVerb.main of <colcon_core.verb.build.BuildVerb object at 0x7f473921e6e0>>)
[1.427s] Level 1:colcon.colcon_core.package_discovery:discover_packages(colcon_meta) check parameters
[1.427s] Level 1:colcon.colcon_core.package_discovery:discover_packages(recursive) check parameters
[1.427s] Level 1:colcon.colcon_core.package_discovery:discover_packages(ignore) check parameters
[1.427s] Level 1:colcon.colcon_core.package_discovery:discover_packages(path) check parameters
[1.427s] Level 1:colcon.colcon_core.package_discovery:discover_packages(colcon_meta) discover
[1.428s] Level 1:colcon.colcon_core.package_discovery:discover_packages(recursive) discover
[1.428s] INFO:colcon.colcon_core.package_discovery:Crawling recursively for packages in '/home/ramy_abdulwahed/41xx'
[1.429s] Level 1:colcon.colcon_core.package_identification:_identify(.) by extensions ['ignore', 'ignore_ament_install']
[1.430s] Level 1:colcon.colcon_core.package_identification:_identify(.) by extension 'ignore'
[1.433s] Level 1:colcon.colcon_core.package_identification:_identify(.) by extension 'ignore_ament_install'
[1.434s] Level 1:colcon.colcon_core.package_identification:_identify(.) by extensions ['colcon_pkg']
[1.434s] Level 1:colcon.colcon_core.package_identification:_identify(.) by extension 'colcon_pkg'
[1.434s] Level 1:colcon.colcon_core.package_identification:_identify(.) by extensions ['colcon_meta']
[1.434s] Level 1:colcon.colcon_core.package_identification:_identify(.) by extension 'colcon_meta'
[1.434s] Level 1:colcon.colcon_core.package_identification:_identify(.) by extensions ['ros']
[1.434s] Level 1:colcon.colcon_core.package_identification:_identify(.) by extension 'ros'
[1.489s] Level 1:colcon.colcon_core.package_identification:_identify(.) by extensions ['cmake', 'python']
[1.490s] Level 1:colcon.colcon_core.package_identification:_identify(.) by extension 'cmake'
[1.490s] Level 1:colcon.colcon_core.package_identification:_identify(.) by extension 'python'
[1.490s] Level 1:colcon.colcon_core.package_identification:_identify(.) by extensions ['python_setup_py']
[1.490s] Level 1:colcon.colcon_core.package_identification:_identify(.) by extension 'python_setup_py'
[1.491s] Level 1:colcon.colcon_core.package_identification:_identify(build) by extensions ['ignore', 'ignore_ament_install']
[1.491s] Level 1:colcon.colcon_core.package_identification:_identify(build) by extension 'ignore'
[1.491s] Level 1:colcon.colcon_core.package_identification:_identify(build) ignored
[1.492s] Level 1:colcon.colcon_core.package_identification:_identify(install) by extensions ['ignore', 'ignore_ament_install']
[1.493s] Level 1:colcon.colcon_core.package_identification:_identify(install) by extension 'ignore'
[1.493s] Level 1:colcon.colcon_core.package_identification:_identify(install) ignored
[1.494s] Level 1:colcon.colcon_core.package_identification:_identify(log) by extensions ['ignore', 'ignore_ament_install']
[1.494s] Level 1:colcon.colcon_core.package_identification:_identify(log) by extension 'ignore'
[1.494s] Level 1:colcon.colcon_core.package_identification:_identify(log) ignored
[1.494s] Level 1:colcon.colcon_core.package_identification:_identify(src) by extensions ['ignore', 'ignore_ament_install']
[1.495s] Level 1:colcon.colcon_core.package_identification:_identify(src) by extension 'ignore'
[1.495s] Level 1:colcon.colcon_core.package_identification:_identify(src) by extension 'ignore_ament_install'
[1.495s] Level 1:colcon.colcon_core.package_identification:_identify(src) by extensions ['colcon_pkg']
[1.495s] Level 1:colcon.colcon_core.package_identification:_identify(src) by extension 'colcon_pkg'
[1.495s] Level 1:colcon.colcon_core.package_identification:_identify(src) by extensions ['colcon_meta']
[1.495s] Level 1:colcon.colcon_core.package_identification:_identify(src) by extension 'colcon_meta'
[1.495s] Level 1:colcon.colcon_core.package_identification:_identify(src) by extensions ['ros']
[1.495s] Level 1:colcon.colcon_core.package_identification:_identify(src) by extension 'ros'
[1.495s] Level 1:colcon.colcon_core.package_identification:_identify(src) by extensions ['cmake', 'python']
[1.495s] Level 1:colcon.colcon_core.package_identification:_identify(src) by extension 'cmake'
[1.495s] Level 1:colcon.colcon_core.package_identification:_identify(src) by extension 'python'
[1.495s] Level 1:colcon.colcon_core.package_identification:_identify(src) by extensions ['python_setup_py']
[1.495s] Level 1:colcon.colcon_core.package_identification:_identify(src) by extension 'python_setup_py'
[1.496s] Level 1:colcon.colcon_core.package_identification:_identify(src/build) by extensions ['ignore', 'ignore_ament_install']
[1.496s] Level 1:colcon.colcon_core.package_identification:_identify(src/build) by extension 'ignore'
[1.497s] Level 1:colcon.colcon_core.package_identification:_identify(src/build) ignored
[1.497s] Level 1:colcon.colcon_core.package_identification:_identify(src/install) by extensions ['ignore', 'ignore_ament_install']
[1.497s] Level 1:colcon.colcon_core.package_identification:_identify(src/install) by extension 'ignore'
[1.498s] Level 1:colcon.colcon_core.package_identification:_identify(src/install) ignored
[1.498s] Level 1:colcon.colcon_core.package_identification:_identify(src/log) by extensions ['ignore', 'ignore_ament_install']
[1.499s] Level 1:colcon.colcon_core.package_identification:_identify(src/log) by extension 'ignore'
[1.499s] Level 1:colcon.colcon_core.package_identification:_identify(src/log) ignored
[1.500s] Level 1:colcon.colcon_core.package_identification:_identify(src/main_controller_interfaces) by extensions ['ignore', 'ignore_ament_install']
[1.500s] Level 1:colcon.colcon_core.package_identification:_identify(src/main_controller_interfaces) by extension 'ignore'
[1.501s] Level 1:colcon.colcon_core.package_identification:_identify(src/main_controller_interfaces) by extension 'ignore_ament_install'
[1.501s] Level 1:colcon.colcon_core.package_identification:_identify(src/main_controller_interfaces) by extensions ['colcon_pkg']
[1.501s] Level 1:colcon.colcon_core.package_identification:_identify(src/main_controller_interfaces) by extension 'colcon_pkg'
[1.501s] Level 1:colcon.colcon_core.package_identification:_identify(src/main_controller_interfaces) by extensions ['colcon_meta']
[1.501s] Level 1:colcon.colcon_core.package_identification:_identify(src/main_controller_interfaces) by extension 'colcon_meta'
[1.501s] Level 1:colcon.colcon_core.package_identification:_identify(src/main_controller_interfaces) by extensions ['ros']
[1.501s] Level 1:colcon.colcon_core.package_identification:_identify(src/main_controller_interfaces) by extension 'ros'
[1.518s] DEBUG:colcon.colcon_core.package_identification:Package 'src/main_controller_interfaces' with type 'ros.ament_cmake' and name 'main_controller_interfaces'
[1.519s] Level 1:colcon.colcon_core.package_identification:_identify(src/main_logic_controller) by extensions ['ignore', 'ignore_ament_install']
[1.520s] Level 1:colcon.colcon_core.package_identification:_identify(src/main_logic_controller) by extension 'ignore'
[1.520s] Level 1:colcon.colcon_core.package_identification:_identify(src/main_logic_controller) by extension 'ignore_ament_install'
[1.520s] Level 1:colcon.colcon_core.package_identification:_identify(src/main_logic_controller) by extensions ['colcon_pkg']
[1.520s] Level 1:colcon.colcon_core.package_identification:_identify(src/main_logic_controller) by extension 'colcon_pkg'
[1.521s] Level 1:colcon.colcon_core.package_identification:_identify(src/main_logic_controller) by extensions ['colcon_meta']
[1.521s] Level 1:colcon.colcon_core.package_identification:_identify(src/main_logic_controller) by extension 'colcon_meta'
[1.521s] Level 1:colcon.colcon_core.package_identification:_identify(src/main_logic_controller) by extensions ['ros']
[1.521s] Level 1:colcon.colcon_core.package_identification:_identify(src/main_logic_controller) by extension 'ros'
[1.524s] DEBUG:colcon.colcon_core.package_identification:Package 'src/main_logic_controller' with type 'ros.ament_python' and name 'main_logic_controller'
[1.525s] Level 1:colcon.colcon_core.package_identification:_identify(src/main_logic_controller_interfaces) by extensions ['ignore', 'ignore_ament_install']
[1.525s] Level 1:colcon.colcon_core.package_identification:_identify(src/main_logic_controller_interfaces) by extension 'ignore'
[1.525s] Level 1:colcon.colcon_core.package_identification:_identify(src/main_logic_controller_interfaces) by extension 'ignore_ament_install'
[1.526s] Level 1:colcon.colcon_core.package_identification:_identify(src/main_logic_controller_interfaces) by extensions ['colcon_pkg']
[1.526s] Level 1:colcon.colcon_core.package_identification:_identify(src/main_logic_controller_interfaces) by extension 'colcon_pkg'
[1.526s] Level 1:colcon.colcon_core.package_identification:_identify(src/main_logic_controller_interfaces) by extensions ['colcon_meta']
[1.526s] Level 1:colcon.colcon_core.package_identification:_identify(src/main_logic_controller_interfaces) by extension 'colcon_meta'
[1.526s] Level 1:colcon.colcon_core.package_identification:_identify(src/main_logic_controller_interfaces) by extensions ['ros']
[1.526s] Level 1:colcon.colcon_core.package_identification:_identify(src/main_logic_controller_interfaces) by extension 'ros'
[1.527s] Level 1:colcon.colcon_core.package_identification:_identify(src/main_logic_controller_interfaces) by extensions ['cmake', 'python']
[1.528s] Level 1:colcon.colcon_core.package_identification:_identify(src/main_logic_controller_interfaces) by extension 'cmake'
[1.528s] Level 1:colcon.colcon_core.package_identification:_identify(src/main_logic_controller_interfaces) by extension 'python'
[1.528s] Level 1:colcon.colcon_core.package_identification:_identify(src/main_logic_controller_interfaces) by extensions ['python_setup_py']
[1.528s] Level 1:colcon.colcon_core.package_identification:_identify(src/main_logic_controller_interfaces) by extension 'python_setup_py'
[1.529s] Level 1:colcon.colcon_core.package_discovery:discover_packages(recursive) using defaults
[1.533s] Level 1:colcon.colcon_core.package_discovery:discover_packages(ignore) discover
[1.537s] Level 1:colcon.colcon_core.package_discovery:discover_packages(ignore) using defaults
[1.537s] Level 1:colcon.colcon_core.package_discovery:discover_packages(path) discover
[1.537s] Level 1:colcon.colcon_core.package_discovery:discover_packages(path) using defaults
[1.937s] Level 1:colcon.colcon_core.package_discovery:discover_packages(prefix_path) check parameters
[1.937s] Level 1:colcon.colcon_core.package_discovery:discover_packages(prefix_path) discover
[1.961s] WARNING:colcon.colcon_ros.prefix_path.ament:The path '/home/ramy_abdulwahed/41xx/install/main_logic_controller' in the environment variable AMENT_PREFIX_PATH doesn't exist
[1.962s] WARNING:colcon.colcon_ros.prefix_path.ament:The path '/home/ramy_abdulwahed/41xx/install/main_controller_interfaces' in the environment variable AMENT_PREFIX_PATH doesn't exist
[1.970s] WARNING:colcon.colcon_ros.prefix_path.catkin:The path '/home/ramy_abdulwahed/41xx/install/main_controller_interfaces' in the environment variable CMAKE_PREFIX_PATH doesn't exist
[1.975s] DEBUG:colcon.colcon_installed_package_information.package_discovery:Found 0 installed packages in /home/ramy_abdulwahed/41xx/install
[1.984s] DEBUG:colcon.colcon_installed_package_information.package_discovery:Found 2 installed packages in /home/ramy_abdulwahed/best_roswc/install
[1.985s] DEBUG:colcon.colcon_installed_package_information.package_discovery:Found 0 installed packages in /home/ramy_abdulwahed/best_roswc/src/install
[1.989s] DEBUG:colcon.colcon_installed_package_information.package_discovery:Found 400 installed packages in /opt/ros/humble
[1.994s] Level 1:colcon.colcon_core.package_discovery:discover_packages(prefix_path) using defaults
[2.201s] Level 5:colcon.colcon_core.verb:set package 'main_controller_interfaces' build argument 'cmake_args' from command line to 'None'
[2.201s] Level 5:colcon.colcon_core.verb:set package 'main_controller_interfaces' build argument 'cmake_target' from command line to 'None'
[2.201s] Level 5:colcon.colcon_core.verb:set package 'main_controller_interfaces' build argument 'cmake_target_skip_unavailable' from command line to 'False'
[2.201s] Level 5:colcon.colcon_core.verb:set package 'main_controller_interfaces' build argument 'cmake_clean_cache' from command line to 'False'
[2.201s] Level 5:colcon.colcon_core.verb:set package 'main_controller_interfaces' build argument 'cmake_clean_first' from command line to 'False'
[2.201s] Level 5:colcon.colcon_core.verb:set package 'main_controller_interfaces' build argument 'cmake_force_configure' from command line to 'False'
[2.201s] Level 5:colcon.colcon_core.verb:set package 'main_controller_interfaces' build argument 'ament_cmake_args' from command line to 'None'
[2.201s] Level 5:colcon.colcon_core.verb:set package 'main_controller_interfaces' build argument 'catkin_cmake_args' from command line to 'None'
[2.201s] Level 5:colcon.colcon_core.verb:set package 'main_controller_interfaces' build argument 'catkin_skip_building_tests' from command line to 'False'
[2.201s] DEBUG:colcon.colcon_core.verb:Building package 'main_controller_interfaces' with the following arguments: {'ament_cmake_args': None, 'build_base': '/home/ramy_abdulwahed/41xx/build/main_controller_interfaces', 'catkin_cmake_args': None, 'catkin_skip_building_tests': False, 'cmake_args': None, 'cmake_clean_cache': False, 'cmake_clean_first': False, 'cmake_force_configure': False, 'cmake_target': None, 'cmake_target_skip_unavailable': False, 'install_base': '/home/ramy_abdulwahed/41xx/install/main_controller_interfaces', 'merge_install': False, 'path': '/home/ramy_abdulwahed/41xx/src/main_controller_interfaces', 'symlink_install': True, 'test_result_base': None}
[2.202s] Level 5:colcon.colcon_core.verb:set package 'main_logic_controller' build argument 'cmake_args' from command line to 'None'
[2.202s] Level 5:colcon.colcon_core.verb:set package 'main_logic_controller' build argument 'cmake_target' from command line to 'None'
[2.202s] Level 5:colcon.colcon_core.verb:set package 'main_logic_controller' build argument 'cmake_target_skip_unavailable' from command line to 'False'
[2.202s] Level 5:colcon.colcon_core.verb:set package 'main_logic_controller' build argument 'cmake_clean_cache' from command line to 'False'
[2.202s] Level 5:colcon.colcon_core.verb:set package 'main_logic_controller' build argument 'cmake_clean_first' from command line to 'False'
[2.202s] Level 5:colcon.colcon_core.verb:set package 'main_logic_controller' build argument 'cmake_force_configure' from command line to 'False'
[2.202s] Level 5:colcon.colcon_core.verb:set package 'main_logic_controller' build argument 'ament_cmake_args' from command line to 'None'
[2.202s] Level 5:colcon.colcon_core.verb:set package 'main_logic_controller' build argument 'catkin_cmake_args' from command line to 'None'
[2.203s] Level 5:colcon.colcon_core.verb:set package 'main_logic_controller' build argument 'catkin_skip_building_tests' from command line to 'False'
[2.203s] DEBUG:colcon.colcon_core.verb:Building package 'main_logic_controller' with the following arguments: {'ament_cmake_args': None, 'build_base': '/home/ramy_abdulwahed/41xx/build/main_logic_controller', 'catkin_cmake_args': None, 'catkin_skip_building_tests': False, 'cmake_args': None, 'cmake_clean_cache': False, 'cmake_clean_first': False, 'cmake_force_configure': False, 'cmake_target': None, 'cmake_target_skip_unavailable': False, 'install_base': '/home/ramy_abdulwahed/41xx/install/main_logic_controller', 'merge_install': False, 'path': '/home/ramy_abdulwahed/41xx/src/main_logic_controller', 'symlink_install': True, 'test_result_base': None}
[2.203s] INFO:colcon.colcon_core.executor:Executing jobs using 'parallel' executor
[2.206s] DEBUG:colcon.colcon_parallel_executor.executor.parallel:run_until_complete
[2.208s] INFO:colcon.colcon_ros.task.ament_cmake.build:Building ROS package in '/home/ramy_abdulwahed/41xx/src/main_controller_interfaces' with build type 'ament_cmake'
[2.209s] INFO:colcon.colcon_cmake.task.cmake.build:Building CMake package in '/home/ramy_abdulwahed/41xx/src/main_controller_interfaces'
[2.226s] INFO:colcon.colcon_core.plugin_system:Skipping extension 'colcon_core.shell.bat': Not used on non-Windows systems
[2.226s] INFO:colcon.colcon_core.shell:Skip shell extension 'powershell' for command environment: Not usable outside of PowerShell
[2.226s] DEBUG:colcon.colcon_core.shell:Skip shell extension 'dsv' for command environment
[2.240s] INFO:colcon.colcon_ros.task.ament_python.build:Building ROS package in '/home/ramy_abdulwahed/41xx/src/main_logic_controller' with build type 'ament_python'
[2.241s] Level 1:colcon.colcon_core.shell:create_environment_hook('main_logic_controller', 'ament_prefix_path')
[2.242s] INFO:colcon.colcon_core.shell:Creating environment hook '/home/ramy_abdulwahed/41xx/install/main_logic_controller/share/main_logic_controller/hook/ament_prefix_path.ps1'
[2.247s] INFO:colcon.colcon_core.shell:Creating environment descriptor '/home/ramy_abdulwahed/41xx/install/main_logic_controller/share/main_logic_controller/hook/ament_prefix_path.dsv'
[2.249s] INFO:colcon.colcon_core.shell:Creating environment hook '/home/ramy_abdulwahed/41xx/install/main_logic_controller/share/main_logic_controller/hook/ament_prefix_path.sh'
[2.251s] INFO:colcon.colcon_core.shell:Skip shell extension 'powershell' for command environment: Not usable outside of PowerShell
[2.252s] DEBUG:colcon.colcon_core.shell:Skip shell extension 'dsv' for command environment
[2.294s] DEBUG:colcon.colcon_core.event_handler.log_command:Invoking command in '/home/ramy_abdulwahed/41xx/build/main_controller_interfaces': CMAKE_PREFIX_PATH=${CMAKE_PREFIX_PATH}:/home/ramy_abdulwahed/41xx/install/main_logic_controller:/home/ramy_abdulwahed/best_roswc/install/my_robot_controller:/opt/ros/humble /usr/bin/cmake /home/ramy_abdulwahed/41xx/src/main_controller_interfaces -DAMENT_CMAKE_SYMLINK_INSTALL=1 -DCMAKE_INSTALL_PREFIX=/home/ramy_abdulwahed/41xx/install/main_controller_interfaces
[3.109s] INFO:colcon.colcon_core.task.python.build:Building Python package in '/home/ramy_abdulwahed/41xx/src/main_logic_controller'
[3.110s] INFO:colcon.colcon_core.shell:Skip shell extension 'powershell' for command environment: Not usable outside of PowerShell
[3.110s] DEBUG:colcon.colcon_core.shell:Skip shell extension 'dsv' for command environment
[6.920s] DEBUG:colcon.colcon_core.event_handler.log_command:Invoking command in '/home/ramy_abdulwahed/41xx/build/main_logic_controller': PYTHONPATH=/home/ramy_abdulwahed/41xx/build/main_logic_controller/prefix_override:/usr/lib/python3/dist-packages/colcon_core/task/python/colcon_distutils_commands:/home/ramy_abdulwahed/41xx/install/main_logic_controller/lib/python3.10/site-packages:${PYTHONPATH} /usr/bin/python3 -W ignore:setup.py install is deprecated -W ignore:easy_install command is deprecated setup.py develop --editable --build-directory /home/ramy_abdulwahed/41xx/build/main_logic_controller/build --no-deps symlink_data
[8.416s] Level 1:colcon.colcon_core.shell:create_environment_hook('main_logic_controller', 'pythonpath_develop')
[8.418s] INFO:colcon.colcon_core.shell:Creating environment hook '/home/ramy_abdulwahed/41xx/build/main_logic_controller/share/main_logic_controller/hook/pythonpath_develop.ps1'
[8.420s] DEBUG:colcon.colcon_core.event_handler.log_command:Invoked command in '/home/ramy_abdulwahed/41xx/build/main_logic_controller' returned '0': PYTHONPATH=/home/ramy_abdulwahed/41xx/build/main_logic_controller/prefix_override:/usr/lib/python3/dist-packages/colcon_core/task/python/colcon_distutils_commands:/home/ramy_abdulwahed/41xx/install/main_logic_controller/lib/python3.10/site-packages:${PYTHONPATH} /usr/bin/python3 -W ignore:setup.py install is deprecated -W ignore:easy_install command is deprecated setup.py develop --editable --build-directory /home/ramy_abdulwahed/41xx/build/main_logic_controller/build --no-deps symlink_data
[8.423s] INFO:colcon.colcon_core.shell:Creating environment descriptor '/home/ramy_abdulwahed/41xx/build/main_logic_controller/share/main_logic_controller/hook/pythonpath_develop.dsv'
[8.426s] INFO:colcon.colcon_core.shell:Creating environment hook '/home/ramy_abdulwahed/41xx/build/main_logic_controller/share/main_logic_controller/hook/pythonpath_develop.sh'
[8.453s] Level 1:colcon.colcon_core.environment:checking '/home/ramy_abdulwahed/41xx/install/main_logic_controller' for CMake module files
[8.454s] Level 1:colcon.colcon_core.environment:checking '/home/ramy_abdulwahed/41xx/install/main_logic_controller' for CMake config files
[8.456s] Level 1:colcon.colcon_core.environment:checking '/home/ramy_abdulwahed/41xx/install/main_logic_controller/lib'
[8.457s] Level 1:colcon.colcon_core.environment:checking '/home/ramy_abdulwahed/41xx/install/main_logic_controller/bin'
[8.458s] Level 1:colcon.colcon_core.environment:checking '/home/ramy_abdulwahed/41xx/install/main_logic_controller/lib/pkgconfig/main_logic_controller.pc'
[8.458s] Level 1:colcon.colcon_core.environment:checking '/home/ramy_abdulwahed/41xx/install/main_logic_controller/lib/python3.10/site-packages'
[8.459s] Level 1:colcon.colcon_core.shell:create_environment_hook('main_logic_controller', 'pythonpath')
[8.460s] INFO:colcon.colcon_core.shell:Creating environment hook '/home/ramy_abdulwahed/41xx/install/main_logic_controller/share/main_logic_controller/hook/pythonpath.ps1'
[8.461s] INFO:colcon.colcon_core.shell:Creating environment descriptor '/home/ramy_abdulwahed/41xx/install/main_logic_controller/share/main_logic_controller/hook/pythonpath.dsv'
[8.462s] INFO:colcon.colcon_core.shell:Creating environment hook '/home/ramy_abdulwahed/41xx/install/main_logic_controller/share/main_logic_controller/hook/pythonpath.sh'
[8.463s] Level 1:colcon.colcon_core.environment:checking '/home/ramy_abdulwahed/41xx/install/main_logic_controller/bin'
[8.464s] Level 1:colcon.colcon_core.environment:create_environment_scripts_only(main_logic_controller)
[8.465s] INFO:colcon.colcon_core.shell:Creating package script '/home/ramy_abdulwahed/41xx/install/main_logic_controller/share/main_logic_controller/package.ps1'
[8.470s] INFO:colcon.colcon_core.shell:Creating package descriptor '/home/ramy_abdulwahed/41xx/install/main_logic_controller/share/main_logic_controller/package.dsv'
[8.474s] INFO:colcon.colcon_core.shell:Creating package script '/home/ramy_abdulwahed/41xx/install/main_logic_controller/share/main_logic_controller/package.sh'
[8.477s] INFO:colcon.colcon_core.shell:Creating package script '/home/ramy_abdulwahed/41xx/install/main_logic_controller/share/main_logic_controller/package.bash'
[8.482s] INFO:colcon.colcon_core.shell:Creating package script '/home/ramy_abdulwahed/41xx/install/main_logic_controller/share/main_logic_controller/package.zsh'
[8.485s] Level 1:colcon.colcon_core.environment:create_file_with_runtime_dependencies(/home/ramy_abdulwahed/41xx/install/main_logic_controller/share/colcon-core/packages/main_logic_controller)
[15.056s] DEBUG:colcon.colcon_core.event_handler.log_command:Invoked command in '/home/ramy_abdulwahed/41xx/build/main_controller_interfaces' returned '0': CMAKE_PREFIX_PATH=${CMAKE_PREFIX_PATH}:/home/ramy_abdulwahed/41xx/install/main_logic_controller:/home/ramy_abdulwahed/best_roswc/install/my_robot_controller:/opt/ros/humble /usr/bin/cmake /home/ramy_abdulwahed/41xx/src/main_controller_interfaces -DAMENT_CMAKE_SYMLINK_INSTALL=1 -DCMAKE_INSTALL_PREFIX=/home/ramy_abdulwahed/41xx/install/main_controller_interfaces
[15.061s] DEBUG:colcon.colcon_core.event_handler.log_command:Invoking command in '/home/ramy_abdulwahed/41xx/build/main_controller_interfaces': CMAKE_PREFIX_PATH=${CMAKE_PREFIX_PATH}:/home/ramy_abdulwahed/41xx/install/main_logic_controller:/home/ramy_abdulwahed/best_roswc/install/my_robot_controller:/opt/ros/humble /usr/bin/cmake --build /home/ramy_abdulwahed/41xx/build/main_controller_interfaces -- -j16 -l16
[20.494s] DEBUG:colcon.colcon_core.event_handler.log_command:Invoked command in '/home/ramy_abdulwahed/41xx/build/main_controller_interfaces' returned '0': CMAKE_PREFIX_PATH=${CMAKE_PREFIX_PATH}:/home/ramy_abdulwahed/41xx/install/main_logic_controller:/home/ramy_abdulwahed/best_roswc/install/my_robot_controller:/opt/ros/humble /usr/bin/cmake --build /home/ramy_abdulwahed/41xx/build/main_controller_interfaces -- -j16 -l16
[20.519s] DEBUG:colcon.colcon_core.event_handler.log_command:Invoking command in '/home/ramy_abdulwahed/41xx/build/main_controller_interfaces': CMAKE_PREFIX_PATH=${CMAKE_PREFIX_PATH}:/home/ramy_abdulwahed/41xx/install/main_logic_controller:/home/ramy_abdulwahed/best_roswc/install/my_robot_controller:/opt/ros/humble /usr/bin/cmake --install /home/ramy_abdulwahed/41xx/build/main_controller_interfaces
[22.124s] Level 1:colcon.colcon_core.environment:create_environment_scripts_only(main_controller_interfaces)
[22.125s] Level 1:colcon.colcon_core.environment:checking '/home/ramy_abdulwahed/41xx/install/main_controller_interfaces' for CMake module files
[22.127s] DEBUG:colcon.colcon_core.event_handler.log_command:Invoked command in '/home/ramy_abdulwahed/41xx/build/main_controller_interfaces' returned '0': CMAKE_PREFIX_PATH=${CMAKE_PREFIX_PATH}:/home/ramy_abdulwahed/41xx/install/main_logic_controller:/home/ramy_abdulwahed/best_roswc/install/my_robot_controller:/opt/ros/humble /usr/bin/cmake --install /home/ramy_abdulwahed/41xx/build/main_controller_interfaces
[22.129s] Level 1:colcon.colcon_core.environment:checking '/home/ramy_abdulwahed/41xx/install/main_controller_interfaces' for CMake config files
[22.132s] Level 1:colcon.colcon_core.shell:create_environment_hook('main_controller_interfaces', 'cmake_prefix_path')
[22.133s] INFO:colcon.colcon_core.shell:Creating environment hook '/home/ramy_abdulwahed/41xx/install/main_controller_interfaces/share/main_controller_interfaces/hook/cmake_prefix_path.ps1'
[22.137s] INFO:colcon.colcon_core.shell:Creating environment descriptor '/home/ramy_abdulwahed/41xx/install/main_controller_interfaces/share/main_controller_interfaces/hook/cmake_prefix_path.dsv'
[22.138s] INFO:colcon.colcon_core.shell:Creating environment hook '/home/ramy_abdulwahed/41xx/install/main_controller_interfaces/share/main_controller_interfaces/hook/cmake_prefix_path.sh'
[22.139s] Level 1:colcon.colcon_core.environment:checking '/home/ramy_abdulwahed/41xx/install/main_controller_interfaces/lib'
[22.139s] Level 1:colcon.colcon_core.shell:create_environment_hook('main_controller_interfaces', 'ld_library_path_lib')
[22.140s] INFO:colcon.colcon_core.shell:Creating environment hook '/home/ramy_abdulwahed/41xx/install/main_controller_interfaces/share/main_controller_interfaces/hook/ld_library_path_lib.ps1'
[22.140s] INFO:colcon.colcon_core.shell:Creating environment descriptor '/home/ramy_abdulwahed/41xx/install/main_controller_interfaces/share/main_controller_interfaces/hook/ld_library_path_lib.dsv'
[22.141s] INFO:colcon.colcon_core.shell:Creating environment hook '/home/ramy_abdulwahed/41xx/install/main_controller_interfaces/share/main_controller_interfaces/hook/ld_library_path_lib.sh'
[22.142s] Level 1:colcon.colcon_core.environment:checking '/home/ramy_abdulwahed/41xx/install/main_controller_interfaces/bin'
[22.142s] Level 1:colcon.colcon_core.environment:checking '/home/ramy_abdulwahed/41xx/install/main_controller_interfaces/lib/pkgconfig/main_controller_interfaces.pc'
[22.142s] Level 1:colcon.colcon_core.environment:checking '/home/ramy_abdulwahed/41xx/install/main_controller_interfaces/lib/python3.10/site-packages'
[22.143s] Level 1:colcon.colcon_core.environment:checking '/home/ramy_abdulwahed/41xx/install/main_controller_interfaces/bin'
[22.144s] INFO:colcon.colcon_core.shell:Creating package script '/home/ramy_abdulwahed/41xx/install/main_controller_interfaces/share/main_controller_interfaces/package.ps1'
[22.145s] INFO:colcon.colcon_core.shell:Creating package descriptor '/home/ramy_abdulwahed/41xx/install/main_controller_interfaces/share/main_controller_interfaces/package.dsv'
[22.146s] INFO:colcon.colcon_core.shell:Creating package script '/home/ramy_abdulwahed/41xx/install/main_controller_interfaces/share/main_controller_interfaces/package.sh'
[22.148s] INFO:colcon.colcon_core.shell:Creating package script '/home/ramy_abdulwahed/41xx/install/main_controller_interfaces/share/main_controller_interfaces/package.bash'
[22.150s] INFO:colcon.colcon_core.shell:Creating package script '/home/ramy_abdulwahed/41xx/install/main_controller_interfaces/share/main_controller_interfaces/package.zsh'
[22.151s] Level 1:colcon.colcon_core.environment:create_file_with_runtime_dependencies(/home/ramy_abdulwahed/41xx/install/main_controller_interfaces/share/colcon-core/packages/main_controller_interfaces)
[22.154s] Level 1:colcon.colcon_core.environment:create_environment_scripts_only(main_controller_interfaces)
[22.155s] Level 1:colcon.colcon_core.environment:checking '/home/ramy_abdulwahed/41xx/install/main_controller_interfaces' for CMake module files
[22.159s] Level 1:colcon.colcon_core.environment:checking '/home/ramy_abdulwahed/41xx/install/main_controller_interfaces' for CMake config files
[22.162s] Level 1:colcon.colcon_core.shell:create_environment_hook('main_controller_interfaces', 'cmake_prefix_path')
[22.163s] INFO:colcon.colcon_core.shell:Creating environment hook '/home/ramy_abdulwahed/41xx/install/main_controller_interfaces/share/main_controller_interfaces/hook/cmake_prefix_path.ps1'
[22.164s] INFO:colcon.colcon_core.shell:Creating environment descriptor '/home/ramy_abdulwahed/41xx/install/main_controller_interfaces/share/main_controller_interfaces/hook/cmake_prefix_path.dsv'
[22.166s] INFO:colcon.colcon_core.shell:Creating environment hook '/home/ramy_abdulwahed/41xx/install/main_controller_interfaces/share/main_controller_interfaces/hook/cmake_prefix_path.sh'
[22.168s] Level 1:colcon.colcon_core.environment:checking '/home/ramy_abdulwahed/41xx/install/main_controller_interfaces/lib'
[22.168s] Level 1:colcon.colcon_core.shell:create_environment_hook('main_controller_interfaces', 'ld_library_path_lib')
[22.169s] INFO:colcon.colcon_core.shell:Creating environment hook '/home/ramy_abdulwahed/41xx/install/main_controller_interfaces/share/main_controller_interfaces/hook/ld_library_path_lib.ps1'
[22.171s] INFO:colcon.colcon_core.shell:Creating environment descriptor '/home/ramy_abdulwahed/41xx/install/main_controller_interfaces/share/main_controller_interfaces/hook/ld_library_path_lib.dsv'
[22.172s] INFO:colcon.colcon_core.shell:Creating environment hook '/home/ramy_abdulwahed/41xx/install/main_controller_interfaces/share/main_controller_interfaces/hook/ld_library_path_lib.sh'
[22.173s] Level 1:colcon.colcon_core.environment:checking '/home/ramy_abdulwahed/41xx/install/main_controller_interfaces/bin'
[22.173s] Level 1:colcon.colcon_core.environment:checking '/home/ramy_abdulwahed/41xx/install/main_controller_interfaces/lib/pkgconfig/main_controller_interfaces.pc'
[22.174s] Level 1:colcon.colcon_core.environment:checking '/home/ramy_abdulwahed/41xx/install/main_controller_interfaces/lib/python3.10/site-packages'
[22.176s] Level 1:colcon.colcon_core.environment:checking '/home/ramy_abdulwahed/41xx/install/main_controller_interfaces/bin'
[22.179s] INFO:colcon.colcon_core.shell:Creating package script '/home/ramy_abdulwahed/41xx/install/main_controller_interfaces/share/main_controller_interfaces/package.ps1'
[22.183s] INFO:colcon.colcon_core.shell:Creating package descriptor '/home/ramy_abdulwahed/41xx/install/main_controller_interfaces/share/main_controller_interfaces/package.dsv'
[22.186s] INFO:colcon.colcon_core.shell:Creating package script '/home/ramy_abdulwahed/41xx/install/main_controller_interfaces/share/main_controller_interfaces/package.sh'
[22.187s] INFO:colcon.colcon_core.shell:Creating package script '/home/ramy_abdulwahed/41xx/install/main_controller_interfaces/share/main_controller_interfaces/package.bash'
[22.189s] INFO:colcon.colcon_core.shell:Creating package script '/home/ramy_abdulwahed/41xx/install/main_controller_interfaces/share/main_controller_interfaces/package.zsh'
[22.190s] Level 1:colcon.colcon_core.environment:create_file_with_runtime_dependencies(/home/ramy_abdulwahed/41xx/install/main_controller_interfaces/share/colcon-core/packages/main_controller_interfaces)
[22.192s] DEBUG:colcon.colcon_parallel_executor.executor.parallel:closing loop
[22.195s] DEBUG:colcon.colcon_parallel_executor.executor.parallel:loop closed
[22.196s] DEBUG:colcon.colcon_parallel_executor.executor.parallel:run_until_complete finished with '0'
[22.197s] DEBUG:colcon.colcon_core.event_reactor:joining thread
[22.399s] INFO:colcon.colcon_core.plugin_system:Skipping extension 'colcon_notification.desktop_notification.notify_send': Could not find 'notify-send'
[22.400s] INFO:colcon.colcon_core.plugin_system:Skipping extension 'colcon_notification.desktop_notification.terminal_notifier': Not used on non-Darwin systems
[22.401s] INFO:colcon.colcon_core.plugin_system:Skipping extension 'colcon_notification.desktop_notification.win32': Not used on non-Windows systems
[22.401s] INFO:colcon.colcon_notification.desktop_notification:Sending desktop notification using 'notify2'
[22.412s] DEBUG:colcon.colcon_notification.desktop_notification.notify2:Failed to initialize notify2: org.freedesktop.DBus.Error.ServiceUnknown: The name org.freedesktop.Notifications was not provided by any .service files
[22.412s] DEBUG:colcon.colcon_core.event_reactor:joined thread
[22.413s] INFO:colcon.colcon_core.shell:Creating prefix script '/home/ramy_abdulwahed/41xx/install/local_setup.ps1'
[22.417s] INFO:colcon.colcon_core.shell:Creating prefix util module '/home/ramy_abdulwahed/41xx/install/_local_setup_util_ps1.py'
[22.423s] INFO:colcon.colcon_core.shell:Creating prefix chain script '/home/ramy_abdulwahed/41xx/install/setup.ps1'
[22.427s] INFO:colcon.colcon_core.shell:Creating prefix script '/home/ramy_abdulwahed/41xx/install/local_setup.sh'
[22.432s] INFO:colcon.colcon_core.shell:Creating prefix util module '/home/ramy_abdulwahed/41xx/install/_local_setup_util_sh.py'
[22.436s] INFO:colcon.colcon_core.shell:Creating prefix chain script '/home/ramy_abdulwahed/41xx/install/setup.sh'
[22.442s] INFO:colcon.colcon_core.shell:Creating prefix script '/home/ramy_abdulwahed/41xx/install/local_setup.bash'
[22.445s] INFO:colcon.colcon_core.shell:Creating prefix chain script '/home/ramy_abdulwahed/41xx/install/setup.bash'
[22.450s] INFO:colcon.colcon_core.shell:Creating prefix script '/home/ramy_abdulwahed/41xx/install/local_setup.zsh'
[22.454s] INFO:colcon.colcon_core.shell:Creating prefix chain script '/home/ramy_abdulwahed/41xx/install/setup.zsh'
