[2.205s] Invoking command in '/home/lawnbot/ROS2/lawnbot/build/main_logic_controller': AMENT_PREFIX_PATH=/home/lawnbot/ROS2/lawnbot/install/custom_explorer:/home/lawnbot/ROS2/lawnbot/install/main_logic_controller:/home/lawnbot/ROS2/lawnbot/install/main_controller_interfaces:/opt/ros/jazzy DEBUGINFOD_URLS=https://debuginfod.ubuntu.com PYTHONPATH=/home/lawnbot/ROS2/lawnbot/build/main_logic_controller/prefix_override:/usr/lib/python3/dist-packages/colcon_core/task/python/colcon_distutils_commands:/home/lawnbot/ROS2/lawnbot/install/main_logic_controller/lib/python3.12/site-packages:/home/lawnbot/ROS2/lawnbot/install/custom_explorer/lib/python3.12/site-packages:/home/lawnbot/ROS2/lawnbot/build/main_logic_controller:/home/lawnbot/ROS2/lawnbot/install/main_logic_controller/lib/python3.12/site-packages:/home/lawnbot/ROS2/lawnbot/install/main_controller_interfaces/lib/python3.12/site-packages:/home/lawnbot/ROS2/lawnbot/build/custom_explorer:/opt/ros/jazzy/lib/python3.12/site-packages:/home/lawnbot/Downloads/my_venv/lib/python3.12/site-packages /usr/bin/python3 -W ignore:setup.py install is deprecated -W ignore:easy_install command is deprecated setup.py develop --uninstall --editable --build-directory /home/lawnbot/ROS2/lawnbot/build/main_logic_controller/build
[2.846s] running develop
[3.276s] Removing /home/lawnbot/ROS2/lawnbot/install/main_logic_controller/lib/python3.12/site-packages/main-logic-controller.egg-link (link to .)
[3.407s] Invoked command in '/home/lawnbot/ROS2/lawnbot/build/main_logic_controller' returned '0': AMENT_PREFIX_PATH=/home/lawnbot/ROS2/lawnbot/install/custom_explorer:/home/lawnbot/ROS2/lawnbot/install/main_logic_controller:/home/lawnbot/ROS2/lawnbot/install/main_controller_interfaces:/opt/ros/jazzy DEBUGINFOD_URLS=https://debuginfod.ubuntu.com PYTHONPATH=/home/lawnbot/ROS2/lawnbot/build/main_logic_controller/prefix_override:/usr/lib/python3/dist-packages/colcon_core/task/python/colcon_distutils_commands:/home/lawnbot/ROS2/lawnbot/install/main_logic_controller/lib/python3.12/site-packages:/home/lawnbot/ROS2/lawnbot/install/custom_explorer/lib/python3.12/site-packages:/home/lawnbot/ROS2/lawnbot/build/main_logic_controller:/home/lawnbot/ROS2/lawnbot/install/main_logic_controller/lib/python3.12/site-packages:/home/lawnbot/ROS2/lawnbot/install/main_controller_interfaces/lib/python3.12/site-packages:/home/lawnbot/ROS2/lawnbot/build/custom_explorer:/opt/ros/jazzy/lib/python3.12/site-packages:/home/lawnbot/Downloads/my_venv/lib/python3.12/site-packages /usr/bin/python3 -W ignore:setup.py install is deprecated -W ignore:easy_install command is deprecated setup.py develop --uninstall --editable --build-directory /home/lawnbot/ROS2/lawnbot/build/main_logic_controller/build
[3.410s] Invoking command in '/home/lawnbot/ROS2/lawnbot/src/main_logic_controller': AMENT_PREFIX_PATH=/home/lawnbot/ROS2/lawnbot/install/custom_explorer:/home/lawnbot/ROS2/lawnbot/install/main_logic_controller:/home/lawnbot/ROS2/lawnbot/install/main_controller_interfaces:/opt/ros/jazzy DEBUGINFOD_URLS=https://debuginfod.ubuntu.com PYTHONPATH=/home/lawnbot/ROS2/lawnbot/build/main_logic_controller/prefix_override:/usr/lib/python3/dist-packages/colcon_core/task/python/colcon_distutils_commands:/home/lawnbot/ROS2/lawnbot/install/main_logic_controller/lib/python3.12/site-packages:/home/lawnbot/ROS2/lawnbot/install/custom_explorer/lib/python3.12/site-packages:/home/lawnbot/ROS2/lawnbot/build/main_logic_controller:/home/lawnbot/ROS2/lawnbot/install/main_logic_controller/lib/python3.12/site-packages:/home/lawnbot/ROS2/lawnbot/install/main_controller_interfaces/lib/python3.12/site-packages:/home/lawnbot/ROS2/lawnbot/build/custom_explorer:/opt/ros/jazzy/lib/python3.12/site-packages:/home/lawnbot/Downloads/my_venv/lib/python3.12/site-packages /usr/bin/python3 -W ignore:setup.py install is deprecated -W ignore:easy_install command is deprecated setup.py egg_info --egg-base ../../build/main_logic_controller build --build-base /home/lawnbot/ROS2/lawnbot/build/main_logic_controller/build install --record /home/lawnbot/ROS2/lawnbot/build/main_logic_controller/install.log --single-version-externally-managed install_data --force
[3.971s] running egg_info
[4.008s] writing ../../build/main_logic_controller/main_logic_controller.egg-info/PKG-INFO
[4.009s] writing dependency_links to ../../build/main_logic_controller/main_logic_controller.egg-info/dependency_links.txt
[4.010s] writing entry points to ../../build/main_logic_controller/main_logic_controller.egg-info/entry_points.txt
[4.011s] writing requirements to ../../build/main_logic_controller/main_logic_controller.egg-info/requires.txt
[4.011s] writing top-level names to ../../build/main_logic_controller/main_logic_controller.egg-info/top_level.txt
[4.085s] reading manifest file '../../build/main_logic_controller/main_logic_controller.egg-info/SOURCES.txt'
[4.088s] writing manifest file '../../build/main_logic_controller/main_logic_controller.egg-info/SOURCES.txt'
[4.089s] running build
[4.089s] running build_py
[4.089s] copying main_logic_controller/motor_controller.py -> /home/lawnbot/ROS2/lawnbot/build/main_logic_controller/build/lib/main_logic_controller
[4.090s] copying main_logic_controller/start_stop_wrapper.py -> /home/lawnbot/ROS2/lawnbot/build/main_logic_controller/build/lib/main_logic_controller
[4.090s] copying main_logic_controller/cmd_vel_emulator.py -> /home/lawnbot/ROS2/lawnbot/build/main_logic_controller/build/lib/main_logic_controller
[4.091s] running install
[4.101s] running install_lib
[4.133s] creating /home/lawnbot/ROS2/lawnbot/install/main_logic_controller/lib/python3.12/site-packages/main_logic_controller
[4.133s] copying /home/lawnbot/ROS2/lawnbot/build/main_logic_controller/build/lib/main_logic_controller/motor_controller_testing.py -> /home/lawnbot/ROS2/lawnbot/install/main_logic_controller/lib/python3.12/site-packages/main_logic_controller
[4.134s] copying /home/lawnbot/ROS2/lawnbot/build/main_logic_controller/build/lib/main_logic_controller/cmd_vel_bridge.py -> /home/lawnbot/ROS2/lawnbot/install/main_logic_controller/lib/python3.12/site-packages/main_logic_controller
[4.134s] copying /home/lawnbot/ROS2/lawnbot/build/main_logic_controller/build/lib/main_logic_controller/__init__.py -> /home/lawnbot/ROS2/lawnbot/install/main_logic_controller/lib/python3.12/site-packages/main_logic_controller
[4.134s] copying /home/lawnbot/ROS2/lawnbot/build/main_logic_controller/build/lib/main_logic_controller/odom_bridge.py -> /home/lawnbot/ROS2/lawnbot/install/main_logic_controller/lib/python3.12/site-packages/main_logic_controller
[4.134s] copying /home/lawnbot/ROS2/lawnbot/build/main_logic_controller/build/lib/main_logic_controller/object_detector.py -> /home/lawnbot/ROS2/lawnbot/install/main_logic_controller/lib/python3.12/site-packages/main_logic_controller
[4.134s] copying /home/lawnbot/ROS2/lawnbot/build/main_logic_controller/build/lib/main_logic_controller/light_controller.py -> /home/lawnbot/ROS2/lawnbot/install/main_logic_controller/lib/python3.12/site-packages/main_logic_controller
[4.134s] copying /home/lawnbot/ROS2/lawnbot/build/main_logic_controller/build/lib/main_logic_controller/path_publisher.py -> /home/lawnbot/ROS2/lawnbot/install/main_logic_controller/lib/python3.12/site-packages/main_logic_controller
[4.135s] copying /home/lawnbot/ROS2/lawnbot/build/main_logic_controller/build/lib/main_logic_controller/odom_controller.py -> /home/lawnbot/ROS2/lawnbot/install/main_logic_controller/lib/python3.12/site-packages/main_logic_controller
[4.135s] copying /home/lawnbot/ROS2/lawnbot/build/main_logic_controller/build/lib/main_logic_controller/pump_controller.py -> /home/lawnbot/ROS2/lawnbot/install/main_logic_controller/lib/python3.12/site-packages/main_logic_controller
[4.135s] copying /home/lawnbot/ROS2/lawnbot/build/main_logic_controller/build/lib/main_logic_controller/main_logic_controller.py -> /home/lawnbot/ROS2/lawnbot/install/main_logic_controller/lib/python3.12/site-packages/main_logic_controller
[4.135s] copying /home/lawnbot/ROS2/lawnbot/build/main_logic_controller/build/lib/main_logic_controller/exploration_monitor.py -> /home/lawnbot/ROS2/lawnbot/install/main_logic_controller/lib/python3.12/site-packages/main_logic_controller
[4.135s] copying /home/lawnbot/ROS2/lawnbot/build/main_logic_controller/build/lib/main_logic_controller/motor_controller.py -> /home/lawnbot/ROS2/lawnbot/install/main_logic_controller/lib/python3.12/site-packages/main_logic_controller
[4.136s] copying /home/lawnbot/ROS2/lawnbot/build/main_logic_controller/build/lib/main_logic_controller/start_stop_wrapper.py -> /home/lawnbot/ROS2/lawnbot/install/main_logic_controller/lib/python3.12/site-packages/main_logic_controller
[4.136s] copying /home/lawnbot/ROS2/lawnbot/build/main_logic_controller/build/lib/main_logic_controller/twist_relay.py -> /home/lawnbot/ROS2/lawnbot/install/main_logic_controller/lib/python3.12/site-packages/main_logic_controller
[4.136s] copying /home/lawnbot/ROS2/lawnbot/build/main_logic_controller/build/lib/main_logic_controller/picamera_controller.py -> /home/lawnbot/ROS2/lawnbot/install/main_logic_controller/lib/python3.12/site-packages/main_logic_controller
[4.136s] copying /home/lawnbot/ROS2/lawnbot/build/main_logic_controller/build/lib/main_logic_controller/cmd_vel_emulator.py -> /home/lawnbot/ROS2/lawnbot/install/main_logic_controller/lib/python3.12/site-packages/main_logic_controller
[4.136s] copying /home/lawnbot/ROS2/lawnbot/build/main_logic_controller/build/lib/main_logic_controller/odom_controller_testing.py -> /home/lawnbot/ROS2/lawnbot/install/main_logic_controller/lib/python3.12/site-packages/main_logic_controller
[4.136s] copying /home/lawnbot/ROS2/lawnbot/build/main_logic_controller/build/lib/main_logic_controller/SimMotorController.py -> /home/lawnbot/ROS2/lawnbot/install/main_logic_controller/lib/python3.12/site-packages/main_logic_controller
[4.137s] copying /home/lawnbot/ROS2/lawnbot/build/main_logic_controller/build/lib/main_logic_controller/41xx_main_logic_controller.py -> /home/lawnbot/ROS2/lawnbot/install/main_logic_controller/lib/python3.12/site-packages/main_logic_controller
[4.137s] copying /home/lawnbot/ROS2/lawnbot/build/main_logic_controller/build/lib/main_logic_controller/kangaroo_test.py -> /home/lawnbot/ROS2/lawnbot/install/main_logic_controller/lib/python3.12/site-packages/main_logic_controller
[4.138s] byte-compiling /home/lawnbot/ROS2/lawnbot/install/main_logic_controller/lib/python3.12/site-packages/main_logic_controller/motor_controller_testing.py to motor_controller_testing.cpython-312.pyc
[4.141s] byte-compiling /home/lawnbot/ROS2/lawnbot/install/main_logic_controller/lib/python3.12/site-packages/main_logic_controller/cmd_vel_bridge.py to cmd_vel_bridge.cpython-312.pyc
[4.141s] byte-compiling /home/lawnbot/ROS2/lawnbot/install/main_logic_controller/lib/python3.12/site-packages/main_logic_controller/__init__.py to __init__.cpython-312.pyc
[4.142s] byte-compiling /home/lawnbot/ROS2/lawnbot/install/main_logic_controller/lib/python3.12/site-packages/main_logic_controller/odom_bridge.py to odom_bridge.cpython-312.pyc
[4.142s] byte-compiling /home/lawnbot/ROS2/lawnbot/install/main_logic_controller/lib/python3.12/site-packages/main_logic_controller/object_detector.py to object_detector.cpython-312.pyc
[4.143s] byte-compiling /home/lawnbot/ROS2/lawnbot/install/main_logic_controller/lib/python3.12/site-packages/main_logic_controller/light_controller.py to light_controller.cpython-312.pyc
[4.144s] byte-compiling /home/lawnbot/ROS2/lawnbot/install/main_logic_controller/lib/python3.12/site-packages/main_logic_controller/path_publisher.py to path_publisher.cpython-312.pyc
[4.145s] byte-compiling /home/lawnbot/ROS2/lawnbot/install/main_logic_controller/lib/python3.12/site-packages/main_logic_controller/odom_controller.py to odom_controller.cpython-312.pyc
[4.145s] byte-compiling /home/lawnbot/ROS2/lawnbot/install/main_logic_controller/lib/python3.12/site-packages/main_logic_controller/pump_controller.py to pump_controller.cpython-312.pyc
[4.146s] byte-compiling /home/lawnbot/ROS2/lawnbot/install/main_logic_controller/lib/python3.12/site-packages/main_logic_controller/main_logic_controller.py to main_logic_controller.cpython-312.pyc
[4.147s] byte-compiling /home/lawnbot/ROS2/lawnbot/install/main_logic_controller/lib/python3.12/site-packages/main_logic_controller/exploration_monitor.py to exploration_monitor.cpython-312.pyc
[4.148s] byte-compiling /home/lawnbot/ROS2/lawnbot/install/main_logic_controller/lib/python3.12/site-packages/main_logic_controller/motor_controller.py to motor_controller.cpython-312.pyc
[4.150s] byte-compiling /home/lawnbot/ROS2/lawnbot/install/main_logic_controller/lib/python3.12/site-packages/main_logic_controller/start_stop_wrapper.py to start_stop_wrapper.cpython-312.pyc
[4.151s] byte-compiling /home/lawnbot/ROS2/lawnbot/install/main_logic_controller/lib/python3.12/site-packages/main_logic_controller/twist_relay.py to twist_relay.cpython-312.pyc
[4.151s] byte-compiling /home/lawnbot/ROS2/lawnbot/install/main_logic_controller/lib/python3.12/site-packages/main_logic_controller/picamera_controller.py to picamera_controller.cpython-312.pyc
[4.152s] byte-compiling /home/lawnbot/ROS2/lawnbot/install/main_logic_controller/lib/python3.12/site-packages/main_logic_controller/cmd_vel_emulator.py to cmd_vel_emulator.cpython-312.pyc
[4.154s] byte-compiling /home/lawnbot/ROS2/lawnbot/install/main_logic_controller/lib/python3.12/site-packages/main_logic_controller/odom_controller_testing.py to odom_controller_testing.cpython-312.pyc
[4.155s] byte-compiling /home/lawnbot/ROS2/lawnbot/install/main_logic_controller/lib/python3.12/site-packages/main_logic_controller/SimMotorController.py to SimMotorController.cpython-312.pyc
[4.155s] byte-compiling /home/lawnbot/ROS2/lawnbot/install/main_logic_controller/lib/python3.12/site-packages/main_logic_controller/41xx_main_logic_controller.py to 41xx_main_logic_controller.cpython-312.pyc
[4.157s] byte-compiling /home/lawnbot/ROS2/lawnbot/install/main_logic_controller/lib/python3.12/site-packages/main_logic_controller/kangaroo_test.py to kangaroo_test.cpython-312.pyc
[4.157s] running install_data
[4.157s] copying resource/main_logic_controller -> /home/lawnbot/ROS2/lawnbot/install/main_logic_controller/share/ament_index/resource_index/packages
[4.157s] copying package.xml -> /home/lawnbot/ROS2/lawnbot/install/main_logic_controller/share/main_logic_controller
[4.158s] copying launch/nav.launch.py -> /home/lawnbot/ROS2/lawnbot/install/main_logic_controller/share/main_logic_controller/launch
[4.158s] copying launch/sim_gazebo.launch.py -> /home/lawnbot/ROS2/lawnbot/install/main_logic_controller/share/main_logic_controller/launch
[4.158s] copying launch/launch_file_demo.py -> /home/lawnbot/ROS2/lawnbot/install/main_logic_controller/share/main_logic_controller/launch
[4.158s] copying launch/explorer.launch.py -> /home/lawnbot/ROS2/lawnbot/install/main_logic_controller/share/main_logic_controller/launch
[4.158s] copying launch/display.launch.py -> /home/lawnbot/ROS2/lawnbot/install/main_logic_controller/share/main_logic_controller/launch
[4.159s] copying launch/launch_robot.launch.py -> /home/lawnbot/ROS2/lawnbot/install/main_logic_controller/share/main_logic_controller/launch
[4.159s] copying urdf/robot.urdf.xacro -> /home/lawnbot/ROS2/lawnbot/install/main_logic_controller/share/main_logic_controller/urdf
[4.159s] copying urdf/inertial_macros.xacro -> /home/lawnbot/ROS2/lawnbot/install/main_logic_controller/share/main_logic_controller/urdf
[4.159s] copying urdf/my_robot copy 2.urdf -> /home/lawnbot/ROS2/lawnbot/install/main_logic_controller/share/main_logic_controller/urdf
[4.159s] copying urdf/my_robotOld.urdf -> /home/lawnbot/ROS2/lawnbot/install/main_logic_controller/share/main_logic_controller/urdf
[4.160s] copying urdf/my_robot copy.urdf -> /home/lawnbot/ROS2/lawnbot/install/main_logic_controller/share/main_logic_controller/urdf
[4.160s] copying urdf/test.xacro -> /home/lawnbot/ROS2/lawnbot/install/main_logic_controller/share/main_logic_controller/urdf
[4.160s] copying urdf/my_robot.urdf -> /home/lawnbot/ROS2/lawnbot/install/main_logic_controller/share/main_logic_controller/urdf
[4.160s] copying config/mymap1.posegraph -> /home/lawnbot/ROS2/lawnbot/install/main_logic_controller/share/main_logic_controller/config
[4.189s] copying config/bestsofar1240.posegraph -> /home/lawnbot/ROS2/lawnbot/install/main_logic_controller/share/main_logic_controller/config
[4.216s] copying config/bestmap1000.pgm -> /home/lawnbot/ROS2/lawnbot/install/main_logic_controller/share/main_logic_controller/config
[4.216s] copying config/mymap1.yaml -> /home/lawnbot/ROS2/lawnbot/install/main_logic_controller/share/main_logic_controller/config
[4.216s] copying config/mymap11.yaml -> /home/lawnbot/ROS2/lawnbot/install/main_logic_controller/share/main_logic_controller/config
[4.216s] copying config/mymap11.data -> /home/lawnbot/ROS2/lawnbot/install/main_logic_controller/share/main_logic_controller/config
[4.219s] copying config/mymap1.data -> /home/lawnbot/ROS2/lawnbot/install/main_logic_controller/share/main_logic_controller/config
[4.224s] copying config/my_controllers.yaml -> /home/lawnbot/ROS2/lawnbot/install/main_logic_controller/share/main_logic_controller/config
[4.225s] copying config/twist_mux_topics.yaml -> /home/lawnbot/ROS2/lawnbot/install/main_logic_controller/share/main_logic_controller/config
[4.225s] copying config/mymap1.pgm -> /home/lawnbot/ROS2/lawnbot/install/main_logic_controller/share/main_logic_controller/config
[4.225s] copying config/bestsofar1240.yaml -> /home/lawnbot/ROS2/lawnbot/install/main_logic_controller/share/main_logic_controller/config
[4.225s] copying config/bestsofar1240.pgm -> /home/lawnbot/ROS2/lawnbot/install/main_logic_controller/share/main_logic_controller/config
[4.225s] copying config/mapper_params_online_async.yaml -> /home/lawnbot/ROS2/lawnbot/install/main_logic_controller/share/main_logic_controller/config
[4.226s] copying config/bestsofar1240.data -> /home/lawnbot/ROS2/lawnbot/install/main_logic_controller/share/main_logic_controller/config
[4.229s] copying config/mymap11.pgm -> /home/lawnbot/ROS2/lawnbot/install/main_logic_controller/share/main_logic_controller/config
[4.229s] copying config/nav2_params.yaml -> /home/lawnbot/ROS2/lawnbot/install/main_logic_controller/share/main_logic_controller/config
[4.229s] copying config/41xxRobotRviz.rviz -> /home/lawnbot/ROS2/lawnbot/install/main_logic_controller/share/main_logic_controller/config
[4.230s] copying config/bestmap1000.yaml -> /home/lawnbot/ROS2/lawnbot/install/main_logic_controller/share/main_logic_controller/config
[4.230s] copying config/bestsofar.pgm -> /home/lawnbot/ROS2/lawnbot/install/main_logic_controller/share/main_logic_controller/config
[4.230s] copying config/twist_mux_joy.yaml -> /home/lawnbot/ROS2/lawnbot/install/main_logic_controller/share/main_logic_controller/config
[4.230s] copying config/bestsofar.yaml -> /home/lawnbot/ROS2/lawnbot/install/main_logic_controller/share/main_logic_controller/config
[4.230s] copying config/mymap11.posegraph -> /home/lawnbot/ROS2/lawnbot/install/main_logic_controller/share/main_logic_controller/config
[4.257s] copying config/twist_mux_locks.yaml -> /home/lawnbot/ROS2/lawnbot/install/main_logic_controller/share/main_logic_controller/config
[4.257s] running install_egg_info
[4.291s] Copying ../../build/main_logic_controller/main_logic_controller.egg-info to /home/lawnbot/ROS2/lawnbot/install/main_logic_controller/lib/python3.12/site-packages/main_logic_controller-0.0.0-py3.12.egg-info
[4.292s] running install_scripts
[4.562s] Installing cmd_vel_emulator script to /home/lawnbot/ROS2/lawnbot/install/main_logic_controller/lib/main_logic_controller
[4.563s] Installing explorer script to /home/lawnbot/ROS2/lawnbot/install/main_logic_controller/lib/main_logic_controller
[4.563s] Installing light script to /home/lawnbot/ROS2/lawnbot/install/main_logic_controller/lib/main_logic_controller
[4.564s] Installing main script to /home/lawnbot/ROS2/lawnbot/install/main_logic_controller/lib/main_logic_controller
[4.566s] Installing motor script to /home/lawnbot/ROS2/lawnbot/install/main_logic_controller/lib/main_logic_controller
[4.567s] Installing object_detector script to /home/lawnbot/ROS2/lawnbot/install/main_logic_controller/lib/main_logic_controller
[4.569s] Installing path script to /home/lawnbot/ROS2/lawnbot/install/main_logic_controller/lib/main_logic_controller
[4.571s] Installing picamera script to /home/lawnbot/ROS2/lawnbot/install/main_logic_controller/lib/main_logic_controller
[4.572s] Installing pump script to /home/lawnbot/ROS2/lawnbot/install/main_logic_controller/lib/main_logic_controller
[4.574s] Installing start_stop_wrapper script to /home/lawnbot/ROS2/lawnbot/install/main_logic_controller/lib/main_logic_controller
[4.575s] Installing vid_streamer script to /home/lawnbot/ROS2/lawnbot/install/main_logic_controller/lib/main_logic_controller
[4.578s] writing list of installed files to '/home/lawnbot/ROS2/lawnbot/build/main_logic_controller/install.log'
[4.709s] Invoked command in '/home/lawnbot/ROS2/lawnbot/src/main_logic_controller' returned '0': AMENT_PREFIX_PATH=/home/lawnbot/ROS2/lawnbot/install/custom_explorer:/home/lawnbot/ROS2/lawnbot/install/main_logic_controller:/home/lawnbot/ROS2/lawnbot/install/main_controller_interfaces:/opt/ros/jazzy DEBUGINFOD_URLS=https://debuginfod.ubuntu.com PYTHONPATH=/home/lawnbot/ROS2/lawnbot/build/main_logic_controller/prefix_override:/usr/lib/python3/dist-packages/colcon_core/task/python/colcon_distutils_commands:/home/lawnbot/ROS2/lawnbot/install/main_logic_controller/lib/python3.12/site-packages:/home/lawnbot/ROS2/lawnbot/install/custom_explorer/lib/python3.12/site-packages:/home/lawnbot/ROS2/lawnbot/build/main_logic_controller:/home/lawnbot/ROS2/lawnbot/install/main_logic_controller/lib/python3.12/site-packages:/home/lawnbot/ROS2/lawnbot/install/main_controller_interfaces/lib/python3.12/site-packages:/home/lawnbot/ROS2/lawnbot/build/custom_explorer:/opt/ros/jazzy/lib/python3.12/site-packages:/home/lawnbot/Downloads/my_venv/lib/python3.12/site-packages /usr/bin/python3 -W ignore:setup.py install is deprecated -W ignore:easy_install command is deprecated setup.py egg_info --egg-base ../../build/main_logic_controller build --build-base /home/lawnbot/ROS2/lawnbot/build/main_logic_controller/build install --record /home/lawnbot/ROS2/lawnbot/build/main_logic_controller/install.log --single-version-externally-managed install_data --force
